name of display: :0
display: :0  screen: 0
direct rendering: Yes
server glx vendor string: NVIDIA Corporation
server glx version string: 1.4
server glx extensions:
    GLX_ARB_context_flush_control
    GLX_ARB_create_context
    GLX_ARB_create_context_profile
    GLX_ARB_create_context_robustness
    GLX_ARB_fbconfig_float
    GLX_ARB_multisample
    GLX_EXT_buffer_age
    GLX_EXT_create_context_es2_profile
    GLX_EXT_create_context_es_profile
    GLX_EXT_framebuffer_sRGB
    GLX_EXT_stereo_tree
    GLX_EXT_swap_control
    GLX_EXT_swap_control_tear
    GLX_EXT_texture_from_pixmap
    GLX_EXT_visual_info
    GLX_EXT_visual_rating
    GLX_NV_copy_image
    GLX_NV_delay_before_swap
    GLX_NV_float_buffer
    GLX_SGIX_fbconfig
    GLX_SGIX_pbuffer
    GLX_SGI_swap_control
    GLX_SGI_video_sync
    
client glx vendor string: NVIDIA Corporation
client glx version string: 1.4
client glx extensions:
    GLX_ARB_context_flush_control
    GLX_ARB_create_context
    GLX_ARB_create_context_profile
    GLX_ARB_create_context_robustness
    GLX_ARB_fbconfig_float
    GLX_ARB_get_proc_address
    GLX_ARB_multisample
    GLX_EXT_buffer_age
    GLX_EXT_create_context_es2_profile
    GLX_EXT_create_context_es_profile
    GLX_EXT_fbconfig_packed_float
    GLX_EXT_framebuffer_sRGB
    GLX_EXT_import_context
    GLX_EXT_stereo_tree
    GLX_EXT_swap_control
    GLX_EXT_swap_control_tear
    GLX_EXT_texture_from_pixmap
    GLX_EXT_visual_info
    GLX_EXT_visual_rating
    GLX_NV_copy_buffer
    GLX_NV_copy_image
    GLX_NV_delay_before_swap
    GLX_NV_float_buffer
    GLX_NV_multisample_coverage
    GLX_NV_present_video
    GLX_NV_swap_group
    GLX_NV_video_capture
    GLX_NV_video_out
    GLX_SGIX_fbconfig
    GLX_SGIX_pbuffer
    GLX_SGI_swap_control
    GLX_SGI_video_sync
    
GLX version: 1.4
GLX extensions:
    GLX_ARB_context_flush_control
    GLX_ARB_create_context
    GLX_ARB_create_context_profile
    GLX_ARB_create_context_robustness
    GLX_ARB_fbconfig_float
    GLX_ARB_get_proc_address
    GLX_ARB_multisample
    GLX_EXT_buffer_age
    GLX_EXT_create_context_es2_profile
    GLX_EXT_create_context_es_profile
    GLX_EXT_framebuffer_sRGB
    GLX_EXT_stereo_tree
    GLX_EXT_swap_control
    GLX_EXT_swap_control_tear
    GLX_EXT_texture_from_pixmap
    GLX_EXT_visual_info
    GLX_EXT_visual_rating
    GLX_NV_copy_image
    GLX_NV_delay_before_swap
    GLX_NV_float_buffer
    GLX_SGIX_fbconfig
    GLX_SGIX_pbuffer
    GLX_SGI_swap_control
    GLX_SGI_video_sync
    
OpenGL vendor string: NVIDIA Corporation
OpenGL renderer string: GeForce GTX 750/PCIe/SSE2
OpenGL core profile version string: 4.3.0 NVIDIA 352.63
OpenGL core profile shading language version string: 4.30 NVIDIA via Cg compiler
OpenGL core profile context flags: (none)
OpenGL core profile profile mask: core profile
OpenGL core profile extensions:
    GL_AMD_multi_draw_indirect
    GL_AMD_seamless_cubemap_per_texture
    GL_ARB_ES2_compatibility
    GL_ARB_ES3_1_compatibility
    GL_ARB_ES3_compatibility
    GL_ARB_arrays_of_arrays
    GL_ARB_base_instance
    GL_ARB_bindless_texture
    GL_ARB_blend_func_extended
    GL_ARB_buffer_storage
    GL_ARB_clear_buffer_object
    GL_ARB_clear_texture
    GL_ARB_clip_control
    GL_ARB_color_buffer_float
    GL_ARB_compressed_texture_pixel_storage
    GL_ARB_compute_shader
    GL_ARB_compute_variable_group_size
    GL_ARB_conditional_render_inverted
    GL_ARB_conservative_depth
    GL_ARB_copy_buffer
    GL_ARB_copy_image
    GL_ARB_cull_distance
    GL_ARB_debug_output
    GL_ARB_depth_buffer_float
    GL_ARB_depth_clamp
    GL_ARB_depth_texture
    GL_ARB_derivative_control
    GL_ARB_direct_state_access
    GL_ARB_draw_buffers
    GL_ARB_draw_buffers_blend
    GL_ARB_draw_elements_base_vertex
    GL_ARB_draw_indirect
    GL_ARB_draw_instanced
    GL_ARB_enhanced_layouts
    GL_ARB_explicit_attrib_location
    GL_ARB_explicit_uniform_location
    GL_ARB_fragment_coord_conventions
    GL_ARB_fragment_layer_viewport
    GL_ARB_fragment_program
    GL_ARB_fragment_program_shadow
    GL_ARB_fragment_shader
    GL_ARB_framebuffer_no_attachments
    GL_ARB_framebuffer_object
    GL_ARB_framebuffer_sRGB
    GL_ARB_geometry_shader4
    GL_ARB_get_program_binary
    GL_ARB_get_texture_sub_image
    GL_ARB_gpu_shader5
    GL_ARB_gpu_shader_fp64
    GL_ARB_half_float_pixel
    GL_ARB_half_float_vertex
    GL_ARB_imaging
    GL_ARB_indirect_parameters
    GL_ARB_instanced_arrays
    GL_ARB_internalformat_query
    GL_ARB_internalformat_query2
    GL_ARB_invalidate_subdata
    GL_ARB_map_buffer_alignment
    GL_ARB_map_buffer_range
    GL_ARB_multi_bind
    GL_ARB_multi_draw_indirect
    GL_ARB_multisample
    GL_ARB_multitexture
    GL_ARB_occlusion_query
    GL_ARB_occlusion_query2
    GL_ARB_pipeline_statistics_query
    GL_ARB_pixel_buffer_object
    GL_ARB_point_parameters
    GL_ARB_point_sprite
    GL_ARB_program_interface_query
    GL_ARB_provoking_vertex
    GL_ARB_query_buffer_object
    GL_ARB_robust_buffer_access_behavior
    GL_ARB_robustness
    GL_ARB_sample_shading
    GL_ARB_sampler_objects
    GL_ARB_seamless_cube_map
    GL_ARB_seamless_cubemap_per_texture
    GL_ARB_separate_shader_objects
    GL_ARB_shader_atomic_counters
    GL_ARB_shader_bit_encoding
    GL_ARB_shader_draw_parameters
    GL_ARB_shader_group_vote
    GL_ARB_shader_image_load_store
    GL_ARB_shader_image_size
    GL_ARB_shader_objects
    GL_ARB_shader_precision
    GL_ARB_shader_storage_buffer_object
    GL_ARB_shader_subroutine
    GL_ARB_shader_texture_image_samples
    GL_ARB_shader_texture_lod
    GL_ARB_shading_language_100
    GL_ARB_shading_language_420pack
    GL_ARB_shading_language_include
    GL_ARB_shading_language_packing
    GL_ARB_shadow
    GL_ARB_sparse_buffer
    GL_ARB_sparse_texture
    GL_ARB_stencil_texturing
    GL_ARB_sync
    GL_ARB_tessellation_shader
    GL_ARB_texture_barrier
    GL_ARB_texture_border_clamp
    GL_ARB_texture_buffer_object
    GL_ARB_texture_buffer_object_rgb32
    GL_ARB_texture_buffer_range
    GL_ARB_texture_compression
    GL_ARB_texture_compression_bptc
    GL_ARB_texture_compression_rgtc
    GL_ARB_texture_cube_map
    GL_ARB_texture_cube_map_array
    GL_ARB_texture_env_add
    GL_ARB_texture_env_combine
    GL_ARB_texture_env_crossbar
    GL_ARB_texture_env_dot3
    GL_ARB_texture_float
    GL_ARB_texture_gather
    GL_ARB_texture_mirror_clamp_to_edge
    GL_ARB_texture_mirrored_repeat
    GL_ARB_texture_multisample
    GL_ARB_texture_non_power_of_two
    GL_ARB_texture_query_levels
    GL_ARB_texture_query_lod
    GL_ARB_texture_rectangle
    GL_ARB_texture_rg
    GL_ARB_texture_rgb10_a2ui
    GL_ARB_texture_stencil8
    GL_ARB_texture_storage
    GL_ARB_texture_storage_multisample
    GL_ARB_texture_swizzle
    GL_ARB_texture_view
    GL_ARB_timer_query
    GL_ARB_transform_feedback2
    GL_ARB_transform_feedback3
    GL_ARB_transform_feedback_instanced
    GL_ARB_transform_feedback_overflow_query
    GL_ARB_transpose_matrix
    GL_ARB_uniform_buffer_object
    GL_ARB_vertex_array_bgra
    GL_ARB_vertex_array_object
    GL_ARB_vertex_attrib_64bit
    GL_ARB_vertex_attrib_binding
    GL_ARB_vertex_buffer_object
    GL_ARB_vertex_program
    GL_ARB_vertex_shader
    GL_ARB_vertex_type_10f_11f_11f_rev
    GL_ARB_vertex_type_2_10_10_10_rev
    GL_ARB_viewport_array
    GL_ARB_window_pos
    GL_ATI_draw_buffers
    GL_ATI_texture_float
    GL_ATI_texture_mirror_once
    GL_EXTX_framebuffer_mixed_formats
    GL_EXT_Cg_shader
    GL_EXT_abgr
    GL_EXT_bgra
    GL_EXT_bindable_uniform
    GL_EXT_blend_color
    GL_EXT_blend_equation_separate
    GL_EXT_blend_func_separate
    GL_EXT_blend_minmax
    GL_EXT_blend_subtract
    GL_EXT_compiled_vertex_array
    GL_EXT_depth_bounds_test
    GL_EXT_direct_state_access
    GL_EXT_draw_buffers2
    GL_EXT_draw_instanced
    GL_EXT_draw_range_elements
    GL_EXT_fog_coord
    GL_EXT_framebuffer_blit
    GL_EXT_framebuffer_multisample
    GL_EXT_framebuffer_multisample_blit_scaled
    GL_EXT_framebuffer_object
    GL_EXT_framebuffer_sRGB
    GL_EXT_geometry_shader4
    GL_EXT_gpu_program_parameters
    GL_EXT_gpu_shader4
    GL_EXT_import_sync_object
    GL_EXT_multi_draw_arrays
    GL_EXT_packed_depth_stencil
    GL_EXT_packed_float
    GL_EXT_packed_pixels
    GL_EXT_pixel_buffer_object
    GL_EXT_point_parameters
    GL_EXT_polygon_offset_clamp
    GL_EXT_provoking_vertex
    GL_EXT_rescale_normal
    GL_EXT_secondary_color
    GL_EXT_separate_shader_objects
    GL_EXT_separate_specular_color
    GL_EXT_shader_image_load_formatted
    GL_EXT_shader_image_load_store
    GL_EXT_shader_integer_mix
    GL_EXT_shadow_funcs
    GL_EXT_stencil_two_side
    GL_EXT_stencil_wrap
    GL_EXT_texture3D
    GL_EXT_texture_array
    GL_EXT_texture_buffer_object
    GL_EXT_texture_compression_dxt1
    GL_EXT_texture_compression_latc
    GL_EXT_texture_compression_rgtc
    GL_EXT_texture_compression_s3tc
    GL_EXT_texture_cube_map
    GL_EXT_texture_edge_clamp
    GL_EXT_texture_env_add
    GL_EXT_texture_env_combine
    GL_EXT_texture_env_dot3
    GL_EXT_texture_filter_anisotropic
    GL_EXT_texture_integer
    GL_EXT_texture_lod
    GL_EXT_texture_lod_bias
    GL_EXT_texture_mirror_clamp
    GL_EXT_texture_object
    GL_EXT_texture_sRGB
    GL_EXT_texture_sRGB_decode
    GL_EXT_texture_shared_exponent
    GL_EXT_texture_storage
    GL_EXT_texture_swizzle
    GL_EXT_timer_query
    GL_EXT_transform_feedback2
    GL_EXT_vertex_array
    GL_EXT_vertex_array_bgra
    GL_EXT_vertex_attrib_64bit
    GL_EXT_x11_sync_object
    GL_IBM_rasterpos_clip
    GL_IBM_texture_mirrored_repeat
    GL_KHR_blend_equation_advanced
    GL_KHR_blend_equation_advanced_coherent
    GL_KHR_context_flush_control
    GL_KHR_debug
    GL_KHR_robust_buffer_access_behavior
    GL_KHR_robustness
    GL_KTX_buffer_region
    GL_NVX_conditional_render
    GL_NVX_gpu_memory_info
    GL_NVX_nvenc_interop
    GL_NV_ES1_1_compatibility
    GL_NV_ES3_1_compatibility
    GL_NV_bindless_multi_draw_indirect
    GL_NV_bindless_multi_draw_indirect_count
    GL_NV_bindless_texture
    GL_NV_blend_equation_advanced
    GL_NV_blend_equation_advanced_coherent
    GL_NV_blend_square
    GL_NV_command_list
    GL_NV_compute_program5
    GL_NV_conditional_render
    GL_NV_copy_depth_to_color
    GL_NV_copy_image
    GL_NV_depth_buffer_float
    GL_NV_depth_clamp
    GL_NV_draw_texture
    GL_NV_explicit_multisample
    GL_NV_fence
    GL_NV_float_buffer
    GL_NV_fog_distance
    GL_NV_fragment_program
    GL_NV_fragment_program2
    GL_NV_fragment_program_option
    GL_NV_framebuffer_multisample_coverage
    GL_NV_geometry_shader4
    GL_NV_gpu_program4
    GL_NV_gpu_program4_1
    GL_NV_gpu_program5
    GL_NV_gpu_program5_mem_extended
    GL_NV_gpu_program_fp64
    GL_NV_gpu_shader5
    GL_NV_half_float
    GL_NV_internalformat_sample_query
    GL_NV_light_max_exponent
    GL_NV_multisample_coverage
    GL_NV_multisample_filter_hint
    GL_NV_occlusion_query
    GL_NV_packed_depth_stencil
    GL_NV_parameter_buffer_object
    GL_NV_parameter_buffer_object2
    GL_NV_path_rendering
    GL_NV_pixel_data_range
    GL_NV_point_sprite
    GL_NV_primitive_restart
    GL_NV_register_combiners
    GL_NV_register_combiners2
    GL_NV_shader_atomic_counters
    GL_NV_shader_atomic_float
    GL_NV_shader_atomic_int64
    GL_NV_shader_buffer_load
    GL_NV_shader_storage_buffer_object
    GL_NV_shader_thread_group
    GL_NV_shader_thread_shuffle
    GL_NV_texgen_reflection
    GL_NV_texture_barrier
    GL_NV_texture_compression_vtc
    GL_NV_texture_env_combine4
    GL_NV_texture_multisample
    GL_NV_texture_rectangle
    GL_NV_texture_shader
    GL_NV_texture_shader2
    GL_NV_texture_shader3
    GL_NV_transform_feedback
    GL_NV_transform_feedback2
    GL_NV_uniform_buffer_unified_memory
    GL_NV_vdpau_interop
    GL_NV_vertex_array_range
    GL_NV_vertex_array_range2
    GL_NV_vertex_attrib_integer_64bit
    GL_NV_vertex_buffer_unified_memory
    GL_NV_vertex_program
    GL_NV_vertex_program1_1
    GL_NV_vertex_program2
    GL_NV_vertex_program2_option
    GL_NV_vertex_program3
    GL_S3_s3tc
    GL_SGIS_generate_mipmap
    GL_SGIS_texture_lod
    GL_SGIX_depth_texture
    GL_SGIX_shadow
    GL_SUN_slice_accum
    
OpenGL core profile limits:
    GL_MAX_CLIP_PLANES = 8
    GL_MAX_ELEMENTS_VERTICES = 1048576
    GL_MAX_ELEMENTS_INDICES = 1048576
    GL_MAX_EVAL_ORDER = 8
    GL_MAX_LIGHTS = 8
    GL_MAX_LIST_NESTING = 64
    GL_MAX_MODELVIEW_STACK_DEPTH = 32
    GL_MAX_NAME_STACK_DEPTH = 128
    GL_MAX_PIXEL_MAP_TABLE = 65536
    GL_MAX_PROJECTION_STACK_DEPTH = 4
    GL_MAX_TEXTURE_STACK_DEPTH = 10
    GL_MAX_TEXTURE_SIZE = 16384
    GL_MAX_3D_TEXTURE_SIZE = 2048
    GL_MAX_VIEWPORT_DIMS = 16384, 16384
    GL_ALIASED_LINE_WIDTH_RANGE = 1, 10
    GL_SMOOTH_LINE_WIDTH_RANGE = 1, 10
    GL_ALIASED_POINT_SIZE_RANGE = 1, 2047
    GL_SMOOTH_POINT_SIZE_RANGE = 1, 190
    GL_MAX_CUBE_MAP_TEXTURE_SIZE_ARB = 16384
    GL_MAX_RECTANGLE_TEXTURE_SIZE_NV = 16384
    GL_NUM_COMPRESSED_TEXTURE_FORMATS_ARB = 51
    GL_MAX_TEXTURE_UNITS_ARB = 4
    GL_MAX_TEXTURE_LOD_BIAS_EXT = 15
    GL_MAX_TEXTURE_MAX_ANISOTROPY_EXT = 16
    GL_MAX_DRAW_BUFFERS_ARB = 8
    GL_MAX_DUAL_SOURCE_DRAW_BUFFERS = 1
    GL_MAX_RENDERBUFFER_SIZE = 16384
    GL_MAX_COLOR_ATTACHMENTS = 8
    GL_MAX_SAMPLES = 32
    GL_MAX_CONVOLUTION_WIDTH/HEIGHT = 11, 11
    GL_VERTEX_PROGRAM_ARB:
        GL_MAX_PROGRAM_INSTRUCTIONS_ARB = 16384
        GL_MAX_PROGRAM_NATIVE_INSTRUCTIONS_ARB = 16384
        GL_MAX_PROGRAM_TEMPORARIES_ARB = 4096
        GL_MAX_PROGRAM_NATIVE_TEMPORARIES_ARB = 4096
        GL_MAX_PROGRAM_PARAMETERS_ARB = 1024
        GL_MAX_PROGRAM_NATIVE_PARAMETERS_ARB = 1024
        GL_MAX_PROGRAM_ATTRIBS_ARB = 16
        GL_MAX_PROGRAM_NATIVE_ATTRIBS_ARB = 16
        GL_MAX_PROGRAM_ADDRESS_REGISTERS_ARB = 2
        GL_MAX_PROGRAM_NATIVE_ADDRESS_REGISTERS_ARB = 2
        GL_MAX_PROGRAM_LOCAL_PARAMETERS_ARB = 1024
        GL_MAX_PROGRAM_ENV_PARAMETERS_ARB = 256
    GL_FRAGMENT_PROGRAM_ARB:
        GL_MAX_PROGRAM_INSTRUCTIONS_ARB = 16384
        GL_MAX_PROGRAM_NATIVE_INSTRUCTIONS_ARB = 16384
        GL_MAX_PROGRAM_TEMPORARIES_ARB = 4096
        GL_MAX_PROGRAM_NATIVE_TEMPORARIES_ARB = 4096
        GL_MAX_PROGRAM_PARAMETERS_ARB = 1024
        GL_MAX_PROGRAM_NATIVE_PARAMETERS_ARB = 1024
        GL_MAX_PROGRAM_ATTRIBS_ARB = 16
        GL_MAX_PROGRAM_NATIVE_ATTRIBS_ARB = 16
        GL_MAX_PROGRAM_ADDRESS_REGISTERS_ARB = 1
        GL_MAX_PROGRAM_NATIVE_ADDRESS_REGISTERS_ARB = 1
        GL_MAX_PROGRAM_LOCAL_PARAMETERS_ARB = 512
        GL_MAX_PROGRAM_ENV_PARAMETERS_ARB = 256
        GL_MAX_PROGRAM_ALU_INSTRUCTIONS_ARB = 16384
        GL_MAX_PROGRAM_TEX_INSTRUCTIONS_ARB = 16384
        GL_MAX_PROGRAM_TEX_INDIRECTIONS_ARB = 16384
        GL_MAX_PROGRAM_NATIVE_ALU_INSTRUCTIONS_ARB = 16384
        GL_MAX_PROGRAM_NATIVE_TEX_INSTRUCTIONS_ARB = 16384
        GL_MAX_PROGRAM_NATIVE_TEX_INDIRECTIONS_ARB = 16384
    GL_VERTEX_SHADER_ARB:
        GL_MAX_VERTEX_UNIFORM_COMPONENTS_ARB = 4096
        GL_MAX_VARYING_FLOATS_ARB = 124
        GL_MAX_VERTEX_ATTRIBS_ARB = 16
        GL_MAX_TEXTURE_IMAGE_UNITS_ARB = 32
        GL_MAX_VERTEX_TEXTURE_IMAGE_UNITS_ARB = 32
        GL_MAX_COMBINED_TEXTURE_IMAGE_UNITS_ARB = 192
        GL_MAX_TEXTURE_COORDS_ARB = 8
    GL_FRAGMENT_SHADER_ARB:
        GL_MAX_FRAGMENT_UNIFORM_COMPONENTS_ARB = 2048
        GL_MAX_TEXTURE_COORDS_ARB = 8
        GL_MAX_TEXTURE_IMAGE_UNITS_ARB = 32

OpenGL version string: 4.5.0 NVIDIA 352.63
OpenGL shading language version string: 4.50 NVIDIA
OpenGL context flags: (none)
OpenGL profile mask: (none)
OpenGL extensions:
    GL_AMD_multi_draw_indirect
    GL_AMD_seamless_cubemap_per_texture
    GL_ARB_ES2_compatibility
    GL_ARB_ES3_1_compatibility
    GL_ARB_ES3_compatibility
    GL_ARB_arrays_of_arrays
    GL_ARB_base_instance
    GL_ARB_bindless_texture
    GL_ARB_blend_func_extended
    GL_ARB_buffer_storage
    GL_ARB_clear_buffer_object
    GL_ARB_clear_texture
    GL_ARB_clip_control
    GL_ARB_color_buffer_float
    GL_ARB_compatibility
    GL_ARB_compressed_texture_pixel_storage
    GL_ARB_compute_shader
    GL_ARB_compute_variable_group_size
    GL_ARB_conditional_render_inverted
    GL_ARB_conservative_depth
    GL_ARB_copy_buffer
    GL_ARB_copy_image
    GL_ARB_cull_distance
    GL_ARB_debug_output
    GL_ARB_depth_buffer_float
    GL_ARB_depth_clamp
    GL_ARB_depth_texture
    GL_ARB_derivative_control
    GL_ARB_direct_state_access
    GL_ARB_draw_buffers
    GL_ARB_draw_buffers_blend
    GL_ARB_draw_elements_base_vertex
    GL_ARB_draw_indirect
    GL_ARB_draw_instanced
    GL_ARB_enhanced_layouts
    GL_ARB_explicit_attrib_location
    GL_ARB_explicit_uniform_location
    GL_ARB_fragment_coord_conventions
    GL_ARB_fragment_layer_viewport
    GL_ARB_fragment_program
    GL_ARB_fragment_program_shadow
    GL_ARB_fragment_shader
    GL_ARB_framebuffer_no_attachments
    GL_ARB_framebuffer_object
    GL_ARB_framebuffer_sRGB
    GL_ARB_geometry_shader4
    GL_ARB_get_program_binary
    GL_ARB_get_texture_sub_image
    GL_ARB_gpu_shader5
    GL_ARB_gpu_shader_fp64
    GL_ARB_half_float_pixel
    GL_ARB_half_float_vertex
    GL_ARB_imaging
    GL_ARB_indirect_parameters
    GL_ARB_instanced_arrays
    GL_ARB_internalformat_query
    GL_ARB_internalformat_query2
    GL_ARB_invalidate_subdata
    GL_ARB_map_buffer_alignment
    GL_ARB_map_buffer_range
    GL_ARB_multi_bind
    GL_ARB_multi_draw_indirect
    GL_ARB_multisample
    GL_ARB_multitexture
    GL_ARB_occlusion_query
    GL_ARB_occlusion_query2
    GL_ARB_pipeline_statistics_query
    GL_ARB_pixel_buffer_object
    GL_ARB_point_parameters
    GL_ARB_point_sprite
    GL_ARB_program_interface_query
    GL_ARB_provoking_vertex
    GL_ARB_query_buffer_object
    GL_ARB_robust_buffer_access_behavior
    GL_ARB_robustness
    GL_ARB_sample_shading
    GL_ARB_sampler_objects
    GL_ARB_seamless_cube_map
    GL_ARB_seamless_cubemap_per_texture
    GL_ARB_separate_shader_objects
    GL_ARB_shader_atomic_counters
    GL_ARB_shader_bit_encoding
    GL_ARB_shader_draw_parameters
    GL_ARB_shader_group_vote
    GL_ARB_shader_image_load_store
    GL_ARB_shader_image_size
    GL_ARB_shader_objects
    GL_ARB_shader_precision
    GL_ARB_shader_storage_buffer_object
    GL_ARB_shader_subroutine
    GL_ARB_shader_texture_image_samples
    GL_ARB_shader_texture_lod
    GL_ARB_shading_language_100
    GL_ARB_shading_language_420pack
    GL_ARB_shading_language_include
    GL_ARB_shading_language_packing
    GL_ARB_shadow
    GL_ARB_sparse_buffer
    GL_ARB_sparse_texture
    GL_ARB_stencil_texturing
    GL_ARB_sync
    GL_ARB_tessellation_shader
    GL_ARB_texture_barrier
    GL_ARB_texture_border_clamp
    GL_ARB_texture_buffer_object
    GL_ARB_texture_buffer_object_rgb32
    GL_ARB_texture_buffer_range
    GL_ARB_texture_compression
    GL_ARB_texture_compression_bptc
    GL_ARB_texture_compression_rgtc
    GL_ARB_texture_cube_map
    GL_ARB_texture_cube_map_array
    GL_ARB_texture_env_add
    GL_ARB_texture_env_combine
    GL_ARB_texture_env_crossbar
    GL_ARB_texture_env_dot3
    GL_ARB_texture_float
    GL_ARB_texture_gather
    GL_ARB_texture_mirror_clamp_to_edge
    GL_ARB_texture_mirrored_repeat
    GL_ARB_texture_multisample
    GL_ARB_texture_non_power_of_two
    GL_ARB_texture_query_levels
    GL_ARB_texture_query_lod
    GL_ARB_texture_rectangle
    GL_ARB_texture_rg
    GL_ARB_texture_rgb10_a2ui
    GL_ARB_texture_stencil8
    GL_ARB_texture_storage
    GL_ARB_texture_storage_multisample
    GL_ARB_texture_swizzle
    GL_ARB_texture_view
    GL_ARB_timer_query
    GL_ARB_transform_feedback2
    GL_ARB_transform_feedback3
    GL_ARB_transform_feedback_instanced
    GL_ARB_transform_feedback_overflow_query
    GL_ARB_transpose_matrix
    GL_ARB_uniform_buffer_object
    GL_ARB_vertex_array_bgra
    GL_ARB_vertex_array_object
    GL_ARB_vertex_attrib_64bit
    GL_ARB_vertex_attrib_binding
    GL_ARB_vertex_buffer_object
    GL_ARB_vertex_program
    GL_ARB_vertex_shader
    GL_ARB_vertex_type_10f_11f_11f_rev
    GL_ARB_vertex_type_2_10_10_10_rev
    GL_ARB_viewport_array
    GL_ARB_window_pos
    GL_ATI_draw_buffers
    GL_ATI_texture_float
    GL_ATI_texture_mirror_once
    GL_EXTX_framebuffer_mixed_formats
    GL_EXT_Cg_shader
    GL_EXT_abgr
    GL_EXT_bgra
    GL_EXT_bindable_uniform
    GL_EXT_blend_color
    GL_EXT_blend_equation_separate
    GL_EXT_blend_func_separate
    GL_EXT_blend_minmax
    GL_EXT_blend_subtract
    GL_EXT_compiled_vertex_array
    GL_EXT_depth_bounds_test
    GL_EXT_direct_state_access
    GL_EXT_draw_buffers2
    GL_EXT_draw_instanced
    GL_EXT_draw_range_elements
    GL_EXT_fog_coord
    GL_EXT_framebuffer_blit
    GL_EXT_framebuffer_multisample
    GL_EXT_framebuffer_multisample_blit_scaled
    GL_EXT_framebuffer_object
    GL_EXT_framebuffer_sRGB
    GL_EXT_geometry_shader4
    GL_EXT_gpu_program_parameters
    GL_EXT_gpu_shader4
    GL_EXT_import_sync_object
    GL_EXT_multi_draw_arrays
    GL_EXT_packed_depth_stencil
    GL_EXT_packed_float
    GL_EXT_packed_pixels
    GL_EXT_pixel_buffer_object
    GL_EXT_point_parameters
    GL_EXT_polygon_offset_clamp
    GL_EXT_provoking_vertex
    GL_EXT_rescale_normal
    GL_EXT_secondary_color
    GL_EXT_separate_shader_objects
    GL_EXT_separate_specular_color
    GL_EXT_shader_image_load_formatted
    GL_EXT_shader_image_load_store
    GL_EXT_shader_integer_mix
    GL_EXT_shadow_funcs
    GL_EXT_stencil_two_side
    GL_EXT_stencil_wrap
    GL_EXT_texture3D
    GL_EXT_texture_array
    GL_EXT_texture_buffer_object
    GL_EXT_texture_compression_dxt1
    GL_EXT_texture_compression_latc
    GL_EXT_texture_compression_rgtc
    GL_EXT_texture_compression_s3tc
    GL_EXT_texture_cube_map
    GL_EXT_texture_edge_clamp
    GL_EXT_texture_env_add
    GL_EXT_texture_env_combine
    GL_EXT_texture_env_dot3
    GL_EXT_texture_filter_anisotropic
    GL_EXT_texture_integer
    GL_EXT_texture_lod
    GL_EXT_texture_lod_bias
    GL_EXT_texture_mirror_clamp
    GL_EXT_texture_object
    GL_EXT_texture_sRGB
    GL_EXT_texture_sRGB_decode
    GL_EXT_texture_shared_exponent
    GL_EXT_texture_storage
    GL_EXT_texture_swizzle
    GL_EXT_timer_query
    GL_EXT_transform_feedback2
    GL_EXT_vertex_array
    GL_EXT_vertex_array_bgra
    GL_EXT_vertex_attrib_64bit
    GL_EXT_x11_sync_object
    GL_IBM_rasterpos_clip
    GL_IBM_texture_mirrored_repeat
    GL_KHR_blend_equation_advanced
    GL_KHR_blend_equation_advanced_coherent
    GL_KHR_context_flush_control
    GL_KHR_debug
    GL_KHR_robust_buffer_access_behavior
    GL_KHR_robustness
    GL_KTX_buffer_region
    GL_NVX_conditional_render
    GL_NVX_gpu_memory_info
    GL_NVX_nvenc_interop
    GL_NV_ES1_1_compatibility
    GL_NV_ES3_1_compatibility
    GL_NV_bindless_multi_draw_indirect
    GL_NV_bindless_multi_draw_indirect_count
    GL_NV_bindless_texture
    GL_NV_blend_equation_advanced
    GL_NV_blend_equation_advanced_coherent
    GL_NV_blend_square
    GL_NV_command_list
    GL_NV_compute_program5
    GL_NV_conditional_render
    GL_NV_copy_depth_to_color
    GL_NV_copy_image
    GL_NV_depth_buffer_float
    GL_NV_depth_clamp
    GL_NV_draw_texture
    GL_NV_explicit_multisample
    GL_NV_fence
    GL_NV_float_buffer
    GL_NV_fog_distance
    GL_NV_fragment_program
    GL_NV_fragment_program2
    GL_NV_fragment_program_option
    GL_NV_framebuffer_multisample_coverage
    GL_NV_geometry_shader4
    GL_NV_gpu_program4
    GL_NV_gpu_program4_1
    GL_NV_gpu_program5
    GL_NV_gpu_program5_mem_extended
    GL_NV_gpu_program_fp64
    GL_NV_gpu_shader5
    GL_NV_half_float
    GL_NV_internalformat_sample_query
    GL_NV_light_max_exponent
    GL_NV_multisample_coverage
    GL_NV_multisample_filter_hint
    GL_NV_occlusion_query
    GL_NV_packed_depth_stencil
    GL_NV_parameter_buffer_object
    GL_NV_parameter_buffer_object2
    GL_NV_path_rendering
    GL_NV_pixel_data_range
    GL_NV_point_sprite
    GL_NV_primitive_restart
    GL_NV_register_combiners
    GL_NV_register_combiners2
    GL_NV_shader_atomic_counters
    GL_NV_shader_atomic_float
    GL_NV_shader_atomic_int64
    GL_NV_shader_buffer_load
    GL_NV_shader_storage_buffer_object
    GL_NV_shader_thread_group
    GL_NV_shader_thread_shuffle
    GL_NV_texgen_reflection
    GL_NV_texture_barrier
    GL_NV_texture_compression_vtc
    GL_NV_texture_env_combine4
    GL_NV_texture_multisample
    GL_NV_texture_rectangle
    GL_NV_texture_shader
    GL_NV_texture_shader2
    GL_NV_texture_shader3
    GL_NV_transform_feedback
    GL_NV_transform_feedback2
    GL_NV_uniform_buffer_unified_memory
    GL_NV_vdpau_interop
    GL_NV_vertex_array_range
    GL_NV_vertex_array_range2
    GL_NV_vertex_attrib_integer_64bit
    GL_NV_vertex_buffer_unified_memory
    GL_NV_vertex_program
    GL_NV_vertex_program1_1
    GL_NV_vertex_program2
    GL_NV_vertex_program2_option
    GL_NV_vertex_program3
    GL_S3_s3tc
    GL_SGIS_generate_mipmap
    GL_SGIS_texture_lod
    GL_SGIX_depth_texture
    GL_SGIX_shadow
    GL_SUN_slice_accum
    
OpenGL limits:
    GL_MAX_ATTRIB_STACK_DEPTH = 16
    GL_MAX_CLIENT_ATTRIB_STACK_DEPTH = 16
    GL_MAX_CLIP_PLANES = 8
    GL_MAX_COLOR_MATRIX_STACK_DEPTH = 2
    GL_MAX_ELEMENTS_VERTICES = 1048576
    GL_MAX_ELEMENTS_INDICES = 1048576
    GL_MAX_EVAL_ORDER = 8
    GL_MAX_LIGHTS = 8
    GL_MAX_LIST_NESTING = 64
    GL_MAX_MODELVIEW_STACK_DEPTH = 32
    GL_MAX_NAME_STACK_DEPTH = 128
    GL_MAX_PIXEL_MAP_TABLE = 65536
    GL_MAX_PROJECTION_STACK_DEPTH = 4
    GL_MAX_TEXTURE_STACK_DEPTH = 10
    GL_MAX_TEXTURE_SIZE = 16384
    GL_MAX_3D_TEXTURE_SIZE = 2048
    GL_MAX_VIEWPORT_DIMS = 16384, 16384
    GL_ALIASED_LINE_WIDTH_RANGE = 1, 10
    GL_SMOOTH_LINE_WIDTH_RANGE = 1, 10
    GL_ALIASED_POINT_SIZE_RANGE = 1, 2047
    GL_SMOOTH_POINT_SIZE_RANGE = 1, 190
    GL_MAX_CUBE_MAP_TEXTURE_SIZE_ARB = 16384
    GL_MAX_RECTANGLE_TEXTURE_SIZE_NV = 16384
    GL_NUM_COMPRESSED_TEXTURE_FORMATS_ARB = 51
    GL_MAX_TEXTURE_UNITS_ARB = 4
    GL_MAX_TEXTURE_LOD_BIAS_EXT = 15
    GL_MAX_TEXTURE_MAX_ANISOTROPY_EXT = 16
    GL_MAX_DRAW_BUFFERS_ARB = 8
    GL_MAX_DUAL_SOURCE_DRAW_BUFFERS = 1
    GL_MAX_RENDERBUFFER_SIZE = 16384
    GL_MAX_COLOR_ATTACHMENTS = 8
    GL_MAX_SAMPLES = 32
    GL_MAX_CONVOLUTION_WIDTH/HEIGHT = 11, 11
    GL_VERTEX_PROGRAM_ARB:
        GL_MAX_PROGRAM_INSTRUCTIONS_ARB = 16384
        GL_MAX_PROGRAM_NATIVE_INSTRUCTIONS_ARB = 16384
        GL_MAX_PROGRAM_TEMPORARIES_ARB = 4096
        GL_MAX_PROGRAM_NATIVE_TEMPORARIES_ARB = 4096
        GL_MAX_PROGRAM_PARAMETERS_ARB = 1024
        GL_MAX_PROGRAM_NATIVE_PARAMETERS_ARB = 1024
        GL_MAX_PROGRAM_ATTRIBS_ARB = 16
        GL_MAX_PROGRAM_NATIVE_ATTRIBS_ARB = 16
        GL_MAX_PROGRAM_ADDRESS_REGISTERS_ARB = 2
        GL_MAX_PROGRAM_NATIVE_ADDRESS_REGISTERS_ARB = 2
        GL_MAX_PROGRAM_LOCAL_PARAMETERS_ARB = 1024
        GL_MAX_PROGRAM_ENV_PARAMETERS_ARB = 256
    GL_FRAGMENT_PROGRAM_ARB:
        GL_MAX_PROGRAM_INSTRUCTIONS_ARB = 16384
        GL_MAX_PROGRAM_NATIVE_INSTRUCTIONS_ARB = 16384
        GL_MAX_PROGRAM_TEMPORARIES_ARB = 4096
        GL_MAX_PROGRAM_NATIVE_TEMPORARIES_ARB = 4096
        GL_MAX_PROGRAM_PARAMETERS_ARB = 1024
        GL_MAX_PROGRAM_NATIVE_PARAMETERS_ARB = 1024
        GL_MAX_PROGRAM_ATTRIBS_ARB = 16
        GL_MAX_PROGRAM_NATIVE_ATTRIBS_ARB = 16
        GL_MAX_PROGRAM_ADDRESS_REGISTERS_ARB = 1
        GL_MAX_PROGRAM_NATIVE_ADDRESS_REGISTERS_ARB = 1
        GL_MAX_PROGRAM_LOCAL_PARAMETERS_ARB = 512
        GL_MAX_PROGRAM_ENV_PARAMETERS_ARB = 256
        GL_MAX_PROGRAM_ALU_INSTRUCTIONS_ARB = 16384
        GL_MAX_PROGRAM_TEX_INSTRUCTIONS_ARB = 16384
        GL_MAX_PROGRAM_TEX_INDIRECTIONS_ARB = 16384
        GL_MAX_PROGRAM_NATIVE_ALU_INSTRUCTIONS_ARB = 16384
        GL_MAX_PROGRAM_NATIVE_TEX_INSTRUCTIONS_ARB = 16384
        GL_MAX_PROGRAM_NATIVE_TEX_INDIRECTIONS_ARB = 16384
    GL_VERTEX_SHADER_ARB:
        GL_MAX_VERTEX_UNIFORM_COMPONENTS_ARB = 4096
        GL_MAX_VARYING_FLOATS_ARB = 124
        GL_MAX_VERTEX_ATTRIBS_ARB = 16
        GL_MAX_TEXTURE_IMAGE_UNITS_ARB = 32
        GL_MAX_VERTEX_TEXTURE_IMAGE_UNITS_ARB = 32
        GL_MAX_COMBINED_TEXTURE_IMAGE_UNITS_ARB = 192
        GL_MAX_TEXTURE_COORDS_ARB = 8
    GL_FRAGMENT_SHADER_ARB:
        GL_MAX_FRAGMENT_UNIFORM_COMPONENTS_ARB = 2048
        GL_MAX_TEXTURE_COORDS_ARB = 8
        GL_MAX_TEXTURE_IMAGE_UNITS_ARB = 32

132 GLX Visuals
Vis   Vis   Visual Trans  buff lev render DB ste  r   g   b   a      s  aux dep ste  accum buffer   MS   MS         
 ID  Depth   Type  parent size el   type     reo sz  sz  sz  sz flt rgb buf th  ncl  r   g   b   a  num bufs caveats
--------------------------------------------------------------------------------------------------------------------
0x 21 24 TrueColor    0     24  0  rgba   1   0   8   8   8   0  .   s   4   24  8  16  16  16  16   0   0   None
0x 22 24 DirectColor  0     24  0  rgba   1   0   8   8   8   0  .   s   4   24  8  16  16  16  16   0   0   None
0x 24 24 TrueColor    0     32  0  rgba   1   0   8   8   8   8  .   s   4   24  8  16  16  16  16   0   0   None
0x 25 24 TrueColor    0     24  0  rgba   0   0   8   8   8   0  .   s   4   24  8  16  16  16  16   0   0   None
0x 26 24 TrueColor    0     32  0  rgba   0   0   8   8   8   8  .   s   4   24  8  16  16  16  16   0   0   None
0x 27 24 TrueColor    0     24  0  rgba   1   0   8   8   8   0  .   s   4   24  0  16  16  16  16   0   0   None
0x 28 24 TrueColor    0     32  0  rgba   1   0   8   8   8   8  .   s   4   24  0  16  16  16  16   0   0   None
0x 29 24 TrueColor    0     24  0  rgba   0   0   8   8   8   0  .   s   4   24  0  16  16  16  16   0   0   None
0x 2a 24 TrueColor    0     32  0  rgba   0   0   8   8   8   8  .   s   4   24  0  16  16  16  16   0   0   None
0x 2b 24 TrueColor    0     24  0  rgba   1   0   8   8   8   0  .   s   4    0  0  16  16  16  16   0   0   None
0x 2c 24 TrueColor    0     32  0  rgba   1   0   8   8   8   8  .   s   4    0  0  16  16  16  16   0   0   None
0x 2d 24 TrueColor    0     24  0  rgba   0   0   8   8   8   0  .   s   4    0  0  16  16  16  16   0   0   None
0x 2e 24 TrueColor    0     32  0  rgba   0   0   8   8   8   8  .   s   4    0  0  16  16  16  16   0   0   None
0x 2f 24 TrueColor    0     24  0  rgba   1   0   8   8   8   0  .   s   4   24  0  16  16  16  16   2   1   Ncon
0x 30 24 TrueColor    0     32  0  rgba   1   0   8   8   8   8  .   s   4   24  0  16  16  16  16   2   1   Ncon
0x 31 24 TrueColor    0     24  0  rgba   1   0   8   8   8   0  .   s   4   24  0  16  16  16  16   4   1   Ncon
0x 32 24 TrueColor    0     32  0  rgba   1   0   8   8   8   8  .   s   4   24  0  16  16  16  16   4   1   Ncon
0x 33 24 TrueColor    0     24  0  rgba   0   0   8   8   8   0  .   s   4   24  0  16  16  16  16   2   1   Ncon
0x 34 24 TrueColor    0     32  0  rgba   0   0   8   8   8   8  .   s   4   24  0  16  16  16  16   2   1   Ncon
0x 35 24 TrueColor    0     24  0  rgba   0   0   8   8   8   0  .   s   4   24  0  16  16  16  16   4   1   Ncon
0x 36 24 TrueColor    0     32  0  rgba   0   0   8   8   8   8  .   s   4   24  0  16  16  16  16   4   1   Ncon
0x 37 24 TrueColor    0     24  0  rgba   1   0   8   8   8   0  .   s   4   24  8  16  16  16  16   2   1   Ncon
0x 38 24 TrueColor    0     32  0  rgba   1   0   8   8   8   8  .   s   4   24  8  16  16  16  16   2   1   Ncon
0x 39 24 TrueColor    0     24  0  rgba   1   0   8   8   8   0  .   s   4   24  8  16  16  16  16   4   1   Ncon
0x 3a 24 TrueColor    0     32  0  rgba   1   0   8   8   8   8  .   s   4   24  8  16  16  16  16   4   1   Ncon
0x 3b 24 TrueColor    0     24  0  rgba   0   0   8   8   8   0  .   s   4   24  8  16  16  16  16   2   1   Ncon
0x 3c 24 TrueColor    0     32  0  rgba   0   0   8   8   8   8  .   s   4   24  8  16  16  16  16   2   1   Ncon
0x 3d 24 TrueColor    0     24  0  rgba   0   0   8   8   8   0  .   s   4   24  8  16  16  16  16   4   1   Ncon
0x 3e 24 TrueColor    0     32  0  rgba   0   0   8   8   8   8  .   s   4   24  8  16  16  16  16   4   1   Ncon
0x 3f 24 TrueColor    0     24  0  rgba   1   0   8   8   8   0  .   s   4   24  0  16  16  16  16   8   1   Ncon
0x 40 24 TrueColor    0     32  0  rgba   1   0   8   8   8   8  .   s   4   24  0  16  16  16  16   8   1   Ncon
0x 41 24 TrueColor    0     24  0  rgba   0   0   8   8   8   0  .   s   4   24  0  16  16  16  16   8   1   Ncon
0x 42 24 TrueColor    0     32  0  rgba   0   0   8   8   8   8  .   s   4   24  0  16  16  16  16   8   1   Ncon
0x 43 24 TrueColor    0     24  0  rgba   1   0   8   8   8   0  .   s   4   24  8  16  16  16  16   8   1   Ncon
0x 44 24 TrueColor    0     32  0  rgba   1   0   8   8   8   8  .   s   4   24  8  16  16  16  16   8   1   Ncon
0x 45 24 TrueColor    0     24  0  rgba   0   0   8   8   8   0  .   s   4   24  8  16  16  16  16   8   1   Ncon
0x 46 24 TrueColor    0     32  0  rgba   0   0   8   8   8   8  .   s   4   24  8  16  16  16  16   8   1   Ncon
0x 47 24 TrueColor    0     24  0  rgba   1   0   8   8   8   0  .   s   4   24  0  16  16  16  16  16   1   Ncon
0x 48 24 TrueColor    0     32  0  rgba   1   0   8   8   8   8  .   s   4   24  0  16  16  16  16  16   1   Ncon
0x 49 24 TrueColor    0     24  0  rgba   0   0   8   8   8   0  .   s   4   24  0  16  16  16  16  16   1   Ncon
0x 4a 24 TrueColor    0     32  0  rgba   0   0   8   8   8   8  .   s   4   24  0  16  16  16  16  16   1   Ncon
0x 4b 24 TrueColor    0     24  0  rgba   1   0   8   8   8   0  .   s   4   24  8  16  16  16  16  16   1   Ncon
0x 4c 24 TrueColor    0     32  0  rgba   1   0   8   8   8   8  .   s   4   24  8  16  16  16  16  16   1   Ncon
0x 4d 24 TrueColor    0     24  0  rgba   0   0   8   8   8   0  .   s   4   24  8  16  16  16  16  16   1   Ncon
0x 4e 24 TrueColor    0     32  0  rgba   0   0   8   8   8   8  .   s   4   24  8  16  16  16  16  16   1   Ncon
0x 4f 24 DirectColor  0     32  0  rgba   1   0   8   8   8   8  .   s   4   24  8  16  16  16  16   0   0   None
0x 50 24 DirectColor  0     24  0  rgba   0   0   8   8   8   0  .   s   4   24  8  16  16  16  16   0   0   None
0x 51 24 DirectColor  0     32  0  rgba   0   0   8   8   8   8  .   s   4   24  8  16  16  16  16   0   0   None
0x 52 24 DirectColor  0     24  0  rgba   1   0   8   8   8   0  .   s   4   24  0  16  16  16  16   0   0   None
0x 53 24 DirectColor  0     32  0  rgba   1   0   8   8   8   8  .   s   4   24  0  16  16  16  16   0   0   None
0x 54 24 DirectColor  0     24  0  rgba   0   0   8   8   8   0  .   s   4   24  0  16  16  16  16   0   0   None
0x 55 24 DirectColor  0     32  0  rgba   0   0   8   8   8   8  .   s   4   24  0  16  16  16  16   0   0   None
0x 56 24 DirectColor  0     24  0  rgba   1   0   8   8   8   0  .   s   4    0  0  16  16  16  16   0   0   None
0x 57 24 DirectColor  0     32  0  rgba   1   0   8   8   8   8  .   s   4    0  0  16  16  16  16   0   0   None
0x 58 24 DirectColor  0     24  0  rgba   0   0   8   8   8   0  .   s   4    0  0  16  16  16  16   0   0   None
0x 59 24 DirectColor  0     32  0  rgba   0   0   8   8   8   8  .   s   4    0  0  16  16  16  16   0   0   None
0x 5a 24 DirectColor  0     24  0  rgba   1   0   8   8   8   0  .   s   4   24  0  16  16  16  16   2   1   Ncon
0x 5b 24 DirectColor  0     32  0  rgba   1   0   8   8   8   8  .   s   4   24  0  16  16  16  16   2   1   Ncon
0x 5c 24 DirectColor  0     24  0  rgba   1   0   8   8   8   0  .   s   4   24  0  16  16  16  16   4   1   Ncon
0x 5d 24 DirectColor  0     32  0  rgba   1   0   8   8   8   8  .   s   4   24  0  16  16  16  16   4   1   Ncon
0x 5e 24 DirectColor  0     24  0  rgba   0   0   8   8   8   0  .   s   4   24  0  16  16  16  16   2   1   Ncon
0x 5f 24 DirectColor  0     32  0  rgba   0   0   8   8   8   8  .   s   4   24  0  16  16  16  16   2   1   Ncon
0x 60 24 DirectColor  0     24  0  rgba   0   0   8   8   8   0  .   s   4   24  0  16  16  16  16   4   1   Ncon
0x 61 24 DirectColor  0     32  0  rgba   0   0   8   8   8   8  .   s   4   24  0  16  16  16  16   4   1   Ncon
0x 62 24 DirectColor  0     24  0  rgba   1   0   8   8   8   0  .   s   4   24  8  16  16  16  16   2   1   Ncon
0x 63 24 DirectColor  0     32  0  rgba   1   0   8   8   8   8  .   s   4   24  8  16  16  16  16   2   1   Ncon
0x 64 24 DirectColor  0     24  0  rgba   1   0   8   8   8   0  .   s   4   24  8  16  16  16  16   4   1   Ncon
0x 65 24 DirectColor  0     32  0  rgba   1   0   8   8   8   8  .   s   4   24  8  16  16  16  16   4   1   Ncon
0x 66 24 DirectColor  0     24  0  rgba   0   0   8   8   8   0  .   s   4   24  8  16  16  16  16   2   1   Ncon
0x 67 24 DirectColor  0     32  0  rgba   0   0   8   8   8   8  .   s   4   24  8  16  16  16  16   2   1   Ncon
0x 68 24 DirectColor  0     24  0  rgba   0   0   8   8   8   0  .   s   4   24  8  16  16  16  16   4   1   Ncon
0x 69 24 DirectColor  0     32  0  rgba   0   0   8   8   8   8  .   s   4   24  8  16  16  16  16   4   1   Ncon
0x 6a 24 DirectColor  0     24  0  rgba   1   0   8   8   8   0  .   s   4   24  0  16  16  16  16   8   1   Ncon
0x 6b 24 DirectColor  0     32  0  rgba   1   0   8   8   8   8  .   s   4   24  0  16  16  16  16   8   1   Ncon
0x 6c 24 DirectColor  0     24  0  rgba   0   0   8   8   8   0  .   s   4   24  0  16  16  16  16   8   1   Ncon
0x 6d 24 DirectColor  0     32  0  rgba   0   0   8   8   8   8  .   s   4   24  0  16  16  16  16   8   1   Ncon
0x 6e 24 DirectColor  0     24  0  rgba   1   0   8   8   8   0  .   s   4   24  8  16  16  16  16   8   1   Ncon
0x 6f 24 DirectColor  0     32  0  rgba   1   0   8   8   8   8  .   s   4   24  8  16  16  16  16   8   1   Ncon
0x 70 24 DirectColor  0     24  0  rgba   0   0   8   8   8   0  .   s   4   24  8  16  16  16  16   8   1   Ncon
0x 71 24 DirectColor  0     32  0  rgba   0   0   8   8   8   8  .   s   4   24  8  16  16  16  16   8   1   Ncon
0x 72 24 DirectColor  0     24  0  rgba   1   0   8   8   8   0  .   s   4   24  0  16  16  16  16  16   1   Ncon
0x 73 24 DirectColor  0     32  0  rgba   1   0   8   8   8   8  .   s   4   24  0  16  16  16  16  16   1   Ncon
0x 74 24 DirectColor  0     24  0  rgba   0   0   8   8   8   0  .   s   4   24  0  16  16  16  16  16   1   Ncon
0x 75 24 DirectColor  0     32  0  rgba   0   0   8   8   8   8  .   s   4   24  0  16  16  16  16  16   1   Ncon
0x 76 24 DirectColor  0     24  0  rgba   1   0   8   8   8   0  .   s   4   24  8  16  16  16  16  16   1   Ncon
0x 77 24 DirectColor  0     32  0  rgba   1   0   8   8   8   8  .   s   4   24  8  16  16  16  16  16   1   Ncon
0x 78 24 DirectColor  0     24  0  rgba   0   0   8   8   8   0  .   s   4   24  8  16  16  16  16  16   1   Ncon
0x 79 24 DirectColor  0     32  0  rgba   0   0   8   8   8   8  .   s   4   24  8  16  16  16  16  16   1   Ncon
0x 23 32 TrueColor    0     24  0  rgba   1   0   8   8   8   0  .   s   4   24  8  16  16  16  16   0   0   None
0x 7a 32 TrueColor    0     32  0  rgba   1   0   8   8   8   8  .   s   4   24  8  16  16  16  16   0   0   None
0x 7b 32 TrueColor    0     24  0  rgba   0   0   8   8   8   0  .   s   4   24  8  16  16  16  16   0   0   None
0x 7c 32 TrueColor    0     32  0  rgba   0   0   8   8   8   8  .   s   4   24  8  16  16  16  16   0   0   None
0x 7d 32 TrueColor    0     24  0  rgba   1   0   8   8   8   0  .   s   4   24  0  16  16  16  16   0   0   None
0x 7e 32 TrueColor    0     32  0  rgba   1   0   8   8   8   8  .   s   4   24  0  16  16  16  16   0   0   None
0x 7f 32 TrueColor    0     24  0  rgba   0   0   8   8   8   0  .   s   4   24  0  16  16  16  16   0   0   None
0x 80 32 TrueColor    0     32  0  rgba   0   0   8   8   8   8  .   s   4   24  0  16  16  16  16   0   0   None
0x 81 32 TrueColor    0     24  0  rgba   1   0   8   8   8   0  .   s   4    0  0  16  16  16  16   0   0   None
0x 82 32 TrueColor    0     32  0  rgba   1   0   8   8   8   8  .   s   4    0  0  16  16  16  16   0   0   None
0x 83 32 TrueColor    0     24  0  rgba   0   0   8   8   8   0  .   s   4    0  0  16  16  16  16   0   0   None
0x 84 32 TrueColor    0     32  0  rgba   0   0   8   8   8   8  .   s   4    0  0  16  16  16  16   0   0   None
0x 85 32 TrueColor    0     24  0  rgba   1   0   8   8   8   0  .   s   4   24  0  16  16  16  16   2   1   Ncon
0x 86 32 TrueColor    0     32  0  rgba   1   0   8   8   8   8  .   s   4   24  0  16  16  16  16   2   1   Ncon
0x 87 32 TrueColor    0     24  0  rgba   1   0   8   8   8   0  .   s   4   24  0  16  16  16  16   4   1   Ncon
0x 88 32 TrueColor    0     32  0  rgba   1   0   8   8   8   8  .   s   4   24  0  16  16  16  16   4   1   Ncon
0x 89 32 TrueColor    0     24  0  rgba   0   0   8   8   8   0  .   s   4   24  0  16  16  16  16   2   1   Ncon
0x 8a 32 TrueColor    0     32  0  rgba   0   0   8   8   8   8  .   s   4   24  0  16  16  16  16   2   1   Ncon
0x 8b 32 TrueColor    0     24  0  rgba   0   0   8   8   8   0  .   s   4   24  0  16  16  16  16   4   1   Ncon
0x 8c 32 TrueColor    0     32  0  rgba   0   0   8   8   8   8  .   s   4   24  0  16  16  16  16   4   1   Ncon
0x 8d 32 TrueColor    0     24  0  rgba   1   0   8   8   8   0  .   s   4   24  8  16  16  16  16   2   1   Ncon
0x 8e 32 TrueColor    0     32  0  rgba   1   0   8   8   8   8  .   s   4   24  8  16  16  16  16   2   1   Ncon
0x 8f 32 TrueColor    0     24  0  rgba   1   0   8   8   8   0  .   s   4   24  8  16  16  16  16   4   1   Ncon
0x 90 32 TrueColor    0     32  0  rgba   1   0   8   8   8   8  .   s   4   24  8  16  16  16  16   4   1   Ncon
0x 91 32 TrueColor    0     24  0  rgba   0   0   8   8   8   0  .   s   4   24  8  16  16  16  16   2   1   Ncon
0x 92 32 TrueColor    0     32  0  rgba   0   0   8   8   8   8  .   s   4   24  8  16  16  16  16   2   1   Ncon
0x 93 32 TrueColor    0     24  0  rgba   0   0   8   8   8   0  .   s   4   24  8  16  16  16  16   4   1   Ncon
0x 94 32 TrueColor    0     32  0  rgba   0   0   8   8   8   8  .   s   4   24  8  16  16  16  16   4   1   Ncon
0x 95 32 TrueColor    0     24  0  rgba   1   0   8   8   8   0  .   s   4   24  0  16  16  16  16   8   1   Ncon
0x 96 32 TrueColor    0     32  0  rgba   1   0   8   8   8   8  .   s   4   24  0  16  16  16  16   8   1   Ncon
0x 97 32 TrueColor    0     24  0  rgba   0   0   8   8   8   0  .   s   4   24  0  16  16  16  16   8   1   Ncon
0x 98 32 TrueColor    0     32  0  rgba   0   0   8   8   8   8  .   s   4   24  0  16  16  16  16   8   1   Ncon
0x 99 32 TrueColor    0     24  0  rgba   1   0   8   8   8   0  .   s   4   24  8  16  16  16  16   8   1   Ncon
0x 9a 32 TrueColor    0     32  0  rgba   1   0   8   8   8   8  .   s   4   24  8  16  16  16  16   8   1   Ncon
0x 9b 32 TrueColor    0     24  0  rgba   0   0   8   8   8   0  .   s   4   24  8  16  16  16  16   8   1   Ncon
0x 9c 32 TrueColor    0     32  0  rgba   0   0   8   8   8   8  .   s   4   24  8  16  16  16  16   8   1   Ncon
0x 9d 32 TrueColor    0     24  0  rgba   1   0   8   8   8   0  .   s   4   24  0  16  16  16  16  16   1   Ncon
0x 9e 32 TrueColor    0     32  0  rgba   1   0   8   8   8   8  .   s   4   24  0  16  16  16  16  16   1   Ncon
0x 9f 32 TrueColor    0     24  0  rgba   0   0   8   8   8   0  .   s   4   24  0  16  16  16  16  16   1   Ncon
0x a0 32 TrueColor    0     32  0  rgba   0   0   8   8   8   8  .   s   4   24  0  16  16  16  16  16   1   Ncon
0x a1 32 TrueColor    0     24  0  rgba   1   0   8   8   8   0  .   s   4   24  8  16  16  16  16  16   1   Ncon
0x a2 32 TrueColor    0     32  0  rgba   1   0   8   8   8   8  .   s   4   24  8  16  16  16  16  16   1   Ncon
0x a3 32 TrueColor    0     24  0  rgba   0   0   8   8   8   0  .   s   4   24  8  16  16  16  16  16   1   Ncon
0x a4 32 TrueColor    0     32  0  rgba   0   0   8   8   8   8  .   s   4   24  8  16  16  16  16  16   1   Ncon

215 GLXFBConfigs:
Vis   Vis   Visual Trans  buff lev render DB ste  r   g   b   a      s  aux dep ste  accum buffer   MS   MS         
 ID  Depth   Type  parent size el   type     reo sz  sz  sz  sz flt rgb buf th  ncl  r   g   b   a  num bufs caveats
--------------------------------------------------------------------------------------------------------------------
0x a5 24 TrueColor    0     24  0  rgba   1   0   8   8   8   0  .   s   4   24  8  16  16  16  16   0   0   None
0x a6 24 DirectColor  0     24  0  rgba   1   0   8   8   8   0  .   s   4   24  8  16  16  16  16   0   0   None
0x a7 24 TrueColor    0     32  0  rgba   1   0   8   8   8   8  .   s   4   24  8  16  16  16  16   0   0   None
0x a8 24 DirectColor  0     32  0  rgba   1   0   8   8   8   8  .   s   4   24  8  16  16  16  16   0   0   None
0x a9 24 TrueColor    0     24  0  rgba   0   0   8   8   8   0  .   s   4   24  8  16  16  16  16   0   0   None
0x aa 24 DirectColor  0     24  0  rgba   0   0   8   8   8   0  .   s   4   24  8  16  16  16  16   0   0   None
0x ab 24 TrueColor    0     32  0  rgba   0   0   8   8   8   8  .   s   4   24  8  16  16  16  16   0   0   None
0x ac 24 DirectColor  0     32  0  rgba   0   0   8   8   8   8  .   s   4   24  8  16  16  16  16   0   0   None
0x ad 24 TrueColor    0     24  0  rgba   1   0   8   8   8   0  .   s   4   24  0  16  16  16  16   0   0   None
0x ae 24 DirectColor  0     24  0  rgba   1   0   8   8   8   0  .   s   4   24  0  16  16  16  16   0   0   None
0x af 24 TrueColor    0     32  0  rgba   1   0   8   8   8   8  .   s   4   24  0  16  16  16  16   0   0   None
0x b0 24 DirectColor  0     32  0  rgba   1   0   8   8   8   8  .   s   4   24  0  16  16  16  16   0   0   None
0x b1 24 TrueColor    0     24  0  rgba   0   0   8   8   8   0  .   s   4   24  0  16  16  16  16   0   0   None
0x b2 24 DirectColor  0     24  0  rgba   0   0   8   8   8   0  .   s   4   24  0  16  16  16  16   0   0   None
0x b3 24 TrueColor    0     32  0  rgba   0   0   8   8   8   8  .   s   4   24  0  16  16  16  16   0   0   None
0x b4 24 DirectColor  0     32  0  rgba   0   0   8   8   8   8  .   s   4   24  0  16  16  16  16   0   0   None
0x b5 24 TrueColor    0     24  0  rgba   1   0   8   8   8   0  .   s   4    0  0  16  16  16  16   0   0   None
0x b6 24 DirectColor  0     24  0  rgba   1   0   8   8   8   0  .   s   4    0  0  16  16  16  16   0   0   None
0x b7 24 TrueColor    0     32  0  rgba   1   0   8   8   8   8  .   s   4    0  0  16  16  16  16   0   0   None
0x b8 24 DirectColor  0     32  0  rgba   1   0   8   8   8   8  .   s   4    0  0  16  16  16  16   0   0   None
0x b9 24 TrueColor    0     24  0  rgba   0   0   8   8   8   0  .   s   4    0  0  16  16  16  16   0   0   None
0x ba 24 DirectColor  0     24  0  rgba   0   0   8   8   8   0  .   s   4    0  0  16  16  16  16   0   0   None
0x bb 24 TrueColor    0     32  0  rgba   0   0   8   8   8   8  .   s   4    0  0  16  16  16  16   0   0   None
0x bc 24 DirectColor  0     32  0  rgba   0   0   8   8   8   8  .   s   4    0  0  16  16  16  16   0   0   None
0x bd 24 TrueColor    0     24  0  rgba   1   0   8   8   8   0  .   s   4   24  0  16  16  16  16   2   1   Ncon
0x be 24 DirectColor  0     24  0  rgba   1   0   8   8   8   0  .   s   4   24  0  16  16  16  16   2   1   Ncon
0x bf 24 TrueColor    0     32  0  rgba   1   0   8   8   8   8  .   s   4   24  0  16  16  16  16   2   1   Ncon
0x c0 24 DirectColor  0     32  0  rgba   1   0   8   8   8   8  .   s   4   24  0  16  16  16  16   2   1   Ncon
0x c1 24 TrueColor    0     24  0  rgba   1   0   8   8   8   0  .   s   4   24  0  16  16  16  16   4   1   Ncon
0x c2 24 DirectColor  0     24  0  rgba   1   0   8   8   8   0  .   s   4   24  0  16  16  16  16   4   1   Ncon
0x c3 24 TrueColor    0     32  0  rgba   1   0   8   8   8   8  .   s   4   24  0  16  16  16  16   4   1   Ncon
0x c4 24 DirectColor  0     32  0  rgba   1   0   8   8   8   8  .   s   4   24  0  16  16  16  16   4   1   Ncon
0x c5 24 TrueColor    0     24  0  rgba   0   0   8   8   8   0  .   s   4   24  0  16  16  16  16   2   1   Ncon
0x c6 24 DirectColor  0     24  0  rgba   0   0   8   8   8   0  .   s   4   24  0  16  16  16  16   2   1   Ncon
0x c7 24 TrueColor    0     32  0  rgba   0   0   8   8   8   8  .   s   4   24  0  16  16  16  16   2   1   Ncon
0x c8 24 DirectColor  0     32  0  rgba   0   0   8   8   8   8  .   s   4   24  0  16  16  16  16   2   1   Ncon
0x c9 24 TrueColor    0     24  0  rgba   0   0   8   8   8   0  .   s   4   24  0  16  16  16  16   4   1   Ncon
0x ca 24 DirectColor  0     24  0  rgba   0   0   8   8   8   0  .   s   4   24  0  16  16  16  16   4   1   Ncon
0x cb 24 TrueColor    0     32  0  rgba   0   0   8   8   8   8  .   s   4   24  0  16  16  16  16   4   1   Ncon
0x cc 24 DirectColor  0     32  0  rgba   0   0   8   8   8   8  .   s   4   24  0  16  16  16  16   4   1   Ncon
0x cd 24 TrueColor    0     24  0  rgba   1   0   8   8   8   0  .   s   4   24  8  16  16  16  16   2   1   Ncon
0x ce 24 DirectColor  0     24  0  rgba   1   0   8   8   8   0  .   s   4   24  8  16  16  16  16   2   1   Ncon
0x cf 24 TrueColor    0     32  0  rgba   1   0   8   8   8   8  .   s   4   24  8  16  16  16  16   2   1   Ncon
0x d0 24 DirectColor  0     32  0  rgba   1   0   8   8   8   8  .   s   4   24  8  16  16  16  16   2   1   Ncon
0x d1 24 TrueColor    0     24  0  rgba   1   0   8   8   8   0  .   s   4   24  8  16  16  16  16   4   1   Ncon
0x d2 24 DirectColor  0     24  0  rgba   1   0   8   8   8   0  .   s   4   24  8  16  16  16  16   4   1   Ncon
0x d3 24 TrueColor    0     32  0  rgba   1   0   8   8   8   8  .   s   4   24  8  16  16  16  16   4   1   Ncon
0x d4 24 DirectColor  0     32  0  rgba   1   0   8   8   8   8  .   s   4   24  8  16  16  16  16   4   1   Ncon
0x d5 24 TrueColor    0     24  0  rgba   0   0   8   8   8   0  .   s   4   24  8  16  16  16  16   2   1   Ncon
0x d6 24 DirectColor  0     24  0  rgba   0   0   8   8   8   0  .   s   4   24  8  16  16  16  16   2   1   Ncon
0x d7 24 TrueColor    0     32  0  rgba   0   0   8   8   8   8  .   s   4   24  8  16  16  16  16   2   1   Ncon
0x d8 24 DirectColor  0     32  0  rgba   0   0   8   8   8   8  .   s   4   24  8  16  16  16  16   2   1   Ncon
0x d9 24 TrueColor    0     24  0  rgba   0   0   8   8   8   0  .   s   4   24  8  16  16  16  16   4   1   Ncon
0x da 24 DirectColor  0     24  0  rgba   0   0   8   8   8   0  .   s   4   24  8  16  16  16  16   4   1   Ncon
0x db 24 TrueColor    0     32  0  rgba   0   0   8   8   8   8  .   s   4   24  8  16  16  16  16   4   1   Ncon
0x dc 24 DirectColor  0     32  0  rgba   0   0   8   8   8   8  .   s   4   24  8  16  16  16  16   4   1   Ncon
0x dd 24 TrueColor    0     24  0  rgba   1   0   8   8   8   0  .   s   4   24  0  16  16  16  16   8   1   Ncon
0x de 24 DirectColor  0     24  0  rgba   1   0   8   8   8   0  .   s   4   24  0  16  16  16  16   8   1   Ncon
0x df 24 TrueColor    0     32  0  rgba   1   0   8   8   8   8  .   s   4   24  0  16  16  16  16   8   1   Ncon
0x e0 24 DirectColor  0     32  0  rgba   1   0   8   8   8   8  .   s   4   24  0  16  16  16  16   8   1   Ncon
0x e1 24 TrueColor    0     24  0  rgba   0   0   8   8   8   0  .   s   4   24  0  16  16  16  16   8   1   Ncon
0x e2 24 DirectColor  0     24  0  rgba   0   0   8   8   8   0  .   s   4   24  0  16  16  16  16   8   1   Ncon
0x e3 24 TrueColor    0     32  0  rgba   0   0   8   8   8   8  .   s   4   24  0  16  16  16  16   8   1   Ncon
0x e4 24 DirectColor  0     32  0  rgba   0   0   8   8   8   8  .   s   4   24  0  16  16  16  16   8   1   Ncon
0x e5 24 TrueColor    0     24  0  rgba   1   0   8   8   8   0  .   s   4   24  8  16  16  16  16   8   1   Ncon
0x e6 24 DirectColor  0     24  0  rgba   1   0   8   8   8   0  .   s   4   24  8  16  16  16  16   8   1   Ncon
0x e7 24 TrueColor    0     32  0  rgba   1   0   8   8   8   8  .   s   4   24  8  16  16  16  16   8   1   Ncon
0x e8 24 DirectColor  0     32  0  rgba   1   0   8   8   8   8  .   s   4   24  8  16  16  16  16   8   1   Ncon
0x e9 24 TrueColor    0     24  0  rgba   0   0   8   8   8   0  .   s   4   24  8  16  16  16  16   8   1   Ncon
0x ea 24 DirectColor  0     24  0  rgba   0   0   8   8   8   0  .   s   4   24  8  16  16  16  16   8   1   Ncon
0x eb 24 TrueColor    0     32  0  rgba   0   0   8   8   8   8  .   s   4   24  8  16  16  16  16   8   1   Ncon
0x ec 24 DirectColor  0     32  0  rgba   0   0   8   8   8   8  .   s   4   24  8  16  16  16  16   8   1   Ncon
0x ed 24 TrueColor    0     24  0  rgba   1   0   8   8   8   0  .   s   4   24  0  16  16  16  16  16   1   Ncon
0x ee 24 DirectColor  0     24  0  rgba   1   0   8   8   8   0  .   s   4   24  0  16  16  16  16  16   1   Ncon
0x ef 24 TrueColor    0     32  0  rgba   1   0   8   8   8   8  .   s   4   24  0  16  16  16  16  16   1   Ncon
0x f0 24 DirectColor  0     32  0  rgba   1   0   8   8   8   8  .   s   4   24  0  16  16  16  16  16   1   Ncon
0x f1 24 TrueColor    0     24  0  rgba   0   0   8   8   8   0  .   s   4   24  0  16  16  16  16  16   1   Ncon
0x f2 24 DirectColor  0     24  0  rgba   0   0   8   8   8   0  .   s   4   24  0  16  16  16  16  16   1   Ncon
0x f3 24 TrueColor    0     32  0  rgba   0   0   8   8   8   8  .   s   4   24  0  16  16  16  16  16   1   Ncon
0x f4 24 DirectColor  0     32  0  rgba   0   0   8   8   8   8  .   s   4   24  0  16  16  16  16  16   1   Ncon
0x f5 24 TrueColor    0     24  0  rgba   1   0   8   8   8   0  .   s   4   24  8  16  16  16  16  16   1   Ncon
0x f6 24 DirectColor  0     24  0  rgba   1   0   8   8   8   0  .   s   4   24  8  16  16  16  16  16   1   Ncon
0x f7 24 TrueColor    0     32  0  rgba   1   0   8   8   8   8  .   s   4   24  8  16  16  16  16  16   1   Ncon
0x f8 24 DirectColor  0     32  0  rgba   1   0   8   8   8   8  .   s   4   24  8  16  16  16  16  16   1   Ncon
0x f9 24 TrueColor    0     24  0  rgba   0   0   8   8   8   0  .   s   4   24  8  16  16  16  16  16   1   Ncon
0x fa 24 DirectColor  0     24  0  rgba   0   0   8   8   8   0  .   s   4   24  8  16  16  16  16  16   1   Ncon
0x fb 24 TrueColor    0     32  0  rgba   0   0   8   8   8   8  .   s   4   24  8  16  16  16  16  16   1   Ncon
0x fc 24 DirectColor  0     32  0  rgba   0   0   8   8   8   8  .   s   4   24  8  16  16  16  16  16   1   Ncon
0x fd 32 TrueColor    0     24  0  rgba   1   0   8   8   8   0  .   s   4   24  8  16  16  16  16   0   0   None
0x fe 32 TrueColor    0     32  0  rgba   1   0   8   8   8   8  .   s   4   24  8  16  16  16  16   0   0   None
0x ff 32 TrueColor    0     24  0  rgba   0   0   8   8   8   0  .   s   4   24  8  16  16  16  16   0   0   None
0x100 32 TrueColor    0     32  0  rgba   0   0   8   8   8   8  .   s   4   24  8  16  16  16  16   0   0   None
0x101 32 TrueColor    0     24  0  rgba   1   0   8   8   8   0  .   s   4   24  0  16  16  16  16   0   0   None
0x102 32 TrueColor    0     32  0  rgba   1   0   8   8   8   8  .   s   4   24  0  16  16  16  16   0   0   None
0x103 32 TrueColor    0     24  0  rgba   0   0   8   8   8   0  .   s   4   24  0  16  16  16  16   0   0   None
0x104 32 TrueColor    0     32  0  rgba   0   0   8   8   8   8  .   s   4   24  0  16  16  16  16   0   0   None
0x105 32 TrueColor    0     24  0  rgba   1   0   8   8   8   0  .   s   4    0  0  16  16  16  16   0   0   None
0x106 32 TrueColor    0     32  0  rgba   1   0   8   8   8   8  .   s   4    0  0  16  16  16  16   0   0   None
0x107 32 TrueColor    0     24  0  rgba   0   0   8   8   8   0  .   s   4    0  0  16  16  16  16   0   0   None
0x108 32 TrueColor    0     32  0  rgba   0   0   8   8   8   8  .   s   4    0  0  16  16  16  16   0   0   None
0x109 32 TrueColor    0     24  0  rgba   1   0   8   8   8   0  .   s   4   24  0  16  16  16  16   2   1   Ncon
0x10a 32 TrueColor    0     32  0  rgba   1   0   8   8   8   8  .   s   4   24  0  16  16  16  16   2   1   Ncon
0x10b 32 TrueColor    0     24  0  rgba   1   0   8   8   8   0  .   s   4   24  0  16  16  16  16   4   1   Ncon
0x10c 32 TrueColor    0     32  0  rgba   1   0   8   8   8   8  .   s   4   24  0  16  16  16  16   4   1   Ncon
0x10d 32 TrueColor    0     24  0  rgba   0   0   8   8   8   0  .   s   4   24  0  16  16  16  16   2   1   Ncon
0x10e 32 TrueColor    0     32  0  rgba   0   0   8   8   8   8  .   s   4   24  0  16  16  16  16   2   1   Ncon
0x10f 32 TrueColor    0     24  0  rgba   0   0   8   8   8   0  .   s   4   24  0  16  16  16  16   4   1   Ncon
0x110 32 TrueColor    0     32  0  rgba   0   0   8   8   8   8  .   s   4   24  0  16  16  16  16   4   1   Ncon
0x111 32 TrueColor    0     24  0  rgba   1   0   8   8   8   0  .   s   4   24  8  16  16  16  16   2   1   Ncon
0x112 32 TrueColor    0     32  0  rgba   1   0   8   8   8   8  .   s   4   24  8  16  16  16  16   2   1   Ncon
0x113 32 TrueColor    0     24  0  rgba   1   0   8   8   8   0  .   s   4   24  8  16  16  16  16   4   1   Ncon
0x114 32 TrueColor    0     32  0  rgba   1   0   8   8   8   8  .   s   4   24  8  16  16  16  16   4   1   Ncon
0x115 32 TrueColor    0     24  0  rgba   0   0   8   8   8   0  .   s   4   24  8  16  16  16  16   2   1   Ncon
0x116 32 TrueColor    0     32  0  rgba   0   0   8   8   8   8  .   s   4   24  8  16  16  16  16   2   1   Ncon
0x117 32 TrueColor    0     24  0  rgba   0   0   8   8   8   0  .   s   4   24  8  16  16  16  16   4   1   Ncon
0x118 32 TrueColor    0     32  0  rgba   0   0   8   8   8   8  .   s   4   24  8  16  16  16  16   4   1   Ncon
0x119 32 TrueColor    0     24  0  rgba   1   0   8   8   8   0  .   s   4   24  0  16  16  16  16   8   1   Ncon
0x11a 32 TrueColor    0     32  0  rgba   1   0   8   8   8   8  .   s   4   24  0  16  16  16  16   8   1   Ncon
0x11b 32 TrueColor    0     24  0  rgba   0   0   8   8   8   0  .   s   4   24  0  16  16  16  16   8   1   Ncon
0x11c 32 TrueColor    0     32  0  rgba   0   0   8   8   8   8  .   s   4   24  0  16  16  16  16   8   1   Ncon
0x11d 32 TrueColor    0     24  0  rgba   1   0   8   8   8   0  .   s   4   24  8  16  16  16  16   8   1   Ncon
0x11e 32 TrueColor    0     32  0  rgba   1   0   8   8   8   8  .   s   4   24  8  16  16  16  16   8   1   Ncon
0x11f 32 TrueColor    0     24  0  rgba   0   0   8   8   8   0  .   s   4   24  8  16  16  16  16   8   1   Ncon
0x120 32 TrueColor    0     32  0  rgba   0   0   8   8   8   8  .   s   4   24  8  16  16  16  16   8   1   Ncon
0x121 32 TrueColor    0     24  0  rgba   1   0   8   8   8   0  .   s   4   24  0  16  16  16  16  16   1   Ncon
0x122 32 TrueColor    0     32  0  rgba   1   0   8   8   8   8  .   s   4   24  0  16  16  16  16  16   1   Ncon
0x123 32 TrueColor    0     24  0  rgba   0   0   8   8   8   0  .   s   4   24  0  16  16  16  16  16   1   Ncon
0x124 32 TrueColor    0     32  0  rgba   0   0   8   8   8   8  .   s   4   24  0  16  16  16  16  16   1   Ncon
0x125 32 TrueColor    0     24  0  rgba   1   0   8   8   8   0  .   s   4   24  8  16  16  16  16  16   1   Ncon
0x126 32 TrueColor    0     32  0  rgba   1   0   8   8   8   8  .   s   4   24  8  16  16  16  16  16   1   Ncon
0x127 32 TrueColor    0     24  0  rgba   0   0   8   8   8   0  .   s   4   24  8  16  16  16  16  16   1   Ncon
0x128 32 TrueColor    0     32  0  rgba   0   0   8   8   8   8  .   s   4   24  8  16  16  16  16  16   1   Ncon
0x129  0 StaticGray   0     16  0  rgba   1   0   5   6   5   0  .   .   4   16  0  16  16  16  16   0   0   None
0x12a  0 StaticGray   0     16  0  rgba   0   0   5   6   5   0  .   .   4   16  0  16  16  16  16   0   0   None
0x12b  0 StaticGray   0     16  0  rgba   1   0   5   6   5   0  .   .   4   24  0  16  16  16  16   0   0   None
0x12c  0 StaticGray   0     16  0  rgba   0   0   5   6   5   0  .   .   4   24  0  16  16  16  16   0   0   None
0x12d  0 StaticGray   0     16  0  rgba   1   0   5   6   5   0  .   .   4   24  8  16  16  16  16   0   0   None
0x12e  0 StaticGray   0     16  0  rgba   0   0   5   6   5   0  .   .   4   24  8  16  16  16  16   0   0   None
0x12f  0 StaticGray   0     16  0  rgba   1   0   5   6   5   0  .   .   4    0  0  16  16  16  16   0   0   None
0x130  0 StaticGray   0     16  0  rgba   0   0   5   6   5   0  .   .   4    0  0  16  16  16  16   0   0   None
0x131  0 StaticGray   0      0  0  rgba   0   0   0   0   0   0  .   .   4   16  0  16  16  16  16   0   0   None
0x132  0 StaticGray   0      0  0  rgba   0   0   0   0   0   0  .   .   4   24  0  16  16  16  16   0   0   None
0x133  0 StaticGray   0      0  0  rgba   0   0   0   0   0   0  .   .   4   24  8  16  16  16  16   0   0   None
0x134  0 StaticGray   0     32  0  rgba   0   0  16  16   0   0  f   .   4    0  0  16  16  16  16   0   0   None
0x135  0 StaticGray   0     32  0  float   0   0  16  16   0   0  f   .   4    0  0  16  16  16  16   0   0   None
0x136  0 StaticGray   0     32  0  rgba   1   0  16  16   0   0  f   .   4    0  0  16  16  16  16   0   0   None
0x137  0 StaticGray   0     32  0  float   1   0  16  16   0   0  f   .   4    0  0  16  16  16  16   0   0   None
0x138  0 StaticGray   0     32  0  rgba   0   0  32   0   0   0  f   .   4    0  0  16  16  16  16   0   0   None
0x139  0 StaticGray   0     32  0  float   0   0  32   0   0   0  f   .   4    0  0  16  16  16  16   0   0   None
0x13a  0 StaticGray   0     32  0  rgba   1   0  32   0   0   0  f   .   4    0  0  16  16  16  16   0   0   None
0x13b  0 StaticGray   0     32  0  float   1   0  32   0   0   0  f   .   4    0  0  16  16  16  16   0   0   None
0x13c  0 StaticGray   0     64  0  rgba   0   0  16  16  16  16  f   .   4    0  0  16  16  16  16   0   0   None
0x13d  0 StaticGray   0     64  0  float   0   0  16  16  16  16  f   .   4    0  0  16  16  16  16   0   0   None
0x13e  0 StaticGray   0     64  0  rgba   1   0  16  16  16  16  f   .   4    0  0  16  16  16  16   0   0   None
0x13f  0 StaticGray   0     64  0  float   1   0  16  16  16  16  f   .   4    0  0  16  16  16  16   0   0   None
0x140  0 StaticGray   0    128  0  rgba   0   0  32  32  32  32  f   .   4    0  0  16  16  16  16   0   0   None
0x141  0 StaticGray   0    128  0  float   0   0  32  32  32  32  f   .   4    0  0  16  16  16  16   0   0   None
0x142  0 StaticGray   0    128  0  rgba   1   0  32  32  32  32  f   .   4    0  0  16  16  16  16   0   0   None
0x143  0 StaticGray   0    128  0  float   1   0  32  32  32  32  f   .   4    0  0  16  16  16  16   0   0   None
0x144  0 StaticGray   0     32  0  rgba   0   0  16  16   0   0  f   .   4   24  0  16  16  16  16   0   0   None
0x145  0 StaticGray   0     32  0  float   0   0  16  16   0   0  f   .   4   24  0  16  16  16  16   0   0   None
0x146  0 StaticGray   0     32  0  rgba   1   0  16  16   0   0  f   .   4   24  0  16  16  16  16   0   0   None
0x147  0 StaticGray   0     32  0  float   1   0  16  16   0   0  f   .   4   24  0  16  16  16  16   0   0   None
0x148  0 StaticGray   0     32  0  rgba   0   0  16  16   0   0  f   .   4   24  8  16  16  16  16   0   0   None
0x149  0 StaticGray   0     32  0  float   0   0  16  16   0   0  f   .   4   24  8  16  16  16  16   0   0   None
0x14a  0 StaticGray   0     32  0  rgba   1   0  16  16   0   0  f   .   4   24  8  16  16  16  16   0   0   None
0x14b  0 StaticGray   0     32  0  float   1   0  16  16   0   0  f   .   4   24  8  16  16  16  16   0   0   None
0x14c  0 StaticGray   0     32  0  rgba   0   0  32   0   0   0  f   .   4   24  0  16  16  16  16   0   0   None
0x14d  0 StaticGray   0     32  0  float   0   0  32   0   0   0  f   .   4   24  0  16  16  16  16   0   0   None
0x14e  0 StaticGray   0     32  0  rgba   1   0  32   0   0   0  f   .   4   24  0  16  16  16  16   0   0   None
0x14f  0 StaticGray   0     32  0  float   1   0  32   0   0   0  f   .   4   24  0  16  16  16  16   0   0   None
0x150  0 StaticGray   0     32  0  rgba   0   0  32   0   0   0  f   .   4   24  8  16  16  16  16   0   0   None
0x151  0 StaticGray   0     32  0  float   0   0  32   0   0   0  f   .   4   24  8  16  16  16  16   0   0   None
0x152  0 StaticGray   0     32  0  rgba   1   0  32   0   0   0  f   .   4   24  8  16  16  16  16   0   0   None
0x153  0 StaticGray   0     32  0  float   1   0  32   0   0   0  f   .   4   24  8  16  16  16  16   0   0   None
0x154  0 StaticGray   0     64  0  rgba   0   0  16  16  16  16  f   .   4   24  0  16  16  16  16   0   0   None
0x155  0 StaticGray   0     64  0  float   0   0  16  16  16  16  f   .   4   24  0  16  16  16  16   0   0   None
0x156  0 StaticGray   0     64  0  rgba   1   0  16  16  16  16  f   .   4   24  0  16  16  16  16   0   0   None
0x157  0 StaticGray   0     64  0  float   1   0  16  16  16  16  f   .   4   24  0  16  16  16  16   0   0   None
0x158  0 StaticGray   0     64  0  rgba   0   0  16  16  16  16  f   .   4   24  8  16  16  16  16   0   0   None
0x159  0 StaticGray   0     64  0  float   0   0  16  16  16  16  f   .   4   24  8  16  16  16  16   0   0   None
0x15a  0 StaticGray   0     64  0  rgba   1   0  16  16  16  16  f   .   4   24  8  16  16  16  16   0   0   None
0x15b  0 StaticGray   0     64  0  float   1   0  16  16  16  16  f   .   4   24  8  16  16  16  16   0   0   None
0x15c  0 StaticGray   0    128  0  rgba   0   0  32  32  32  32  f   .   4   24  0  16  16  16  16   0   0   None
0x15d  0 StaticGray   0    128  0  float   0   0  32  32  32  32  f   .   4   24  0  16  16  16  16   0   0   None
0x15e  0 StaticGray   0    128  0  rgba   1   0  32  32  32  32  f   .   4   24  0  16  16  16  16   0   0   None
0x15f  0 StaticGray   0    128  0  float   1   0  32  32  32  32  f   .   4   24  0  16  16  16  16   0   0   None
0x160  0 StaticGray   0    128  0  rgba   0   0  32  32  32  32  f   .   4   24  8  16  16  16  16   0   0   None
0x161  0 StaticGray   0    128  0  float   0   0  32  32  32  32  f   .   4   24  8  16  16  16  16   0   0   None
0x162  0 StaticGray   0    128  0  rgba   1   0  32  32  32  32  f   .   4   24  8  16  16  16  16   0   0   None
0x163  0 StaticGray   0    128  0  float   1   0  32  32  32  32  f   .   4   24  8  16  16  16  16   0   0   None
0x164  0 StaticGray   0     16  0  rgba   0   0  16   0   0   0  f   .   4    0  0  16  16  16  16   0   0   None
0x165  0 StaticGray   0     16  0  float   0   0  16   0   0   0  f   .   4    0  0  16  16  16  16   0   0   None
0x166  0 StaticGray   0     16  0  rgba   1   0  16   0   0   0  f   .   4    0  0  16  16  16  16   0   0   None
0x167  0 StaticGray   0     16  0  float   1   0  16   0   0   0  f   .   4    0  0  16  16  16  16   0   0   None
0x168  0 StaticGray   0     64  0  rgba   0   0  32  32   0   0  f   .   4    0  0  16  16  16  16   0   0   None
0x169  0 StaticGray   0     64  0  float   0   0  32  32   0   0  f   .   4    0  0  16  16  16  16   0   0   None
0x16a  0 StaticGray   0     64  0  rgba   1   0  32  32   0   0  f   .   4    0  0  16  16  16  16   0   0   None
0x16b  0 StaticGray   0     64  0  float   1   0  32  32   0   0  f   .   4    0  0  16  16  16  16   0   0   None
0x16c  0 StaticGray   0     16  0  rgba   0   0  16   0   0   0  f   .   4   24  0  16  16  16  16   0   0   None
0x16d  0 StaticGray   0     16  0  float   0   0  16   0   0   0  f   .   4   24  0  16  16  16  16   0   0   None
0x16e  0 StaticGray   0     16  0  rgba   1   0  16   0   0   0  f   .   4   24  0  16  16  16  16   0   0   None
0x16f  0 StaticGray   0     16  0  float   1   0  16   0   0   0  f   .   4   24  0  16  16  16  16   0   0   None
0x170  0 StaticGray   0     16  0  rgba   0   0  16   0   0   0  f   .   4   24  8  16  16  16  16   0   0   None
0x171  0 StaticGray   0     16  0  float   0   0  16   0   0   0  f   .   4   24  8  16  16  16  16   0   0   None
0x172  0 StaticGray   0     16  0  rgba   1   0  16   0   0   0  f   .   4   24  8  16  16  16  16   0   0   None
0x173  0 StaticGray   0     16  0  float   1   0  16   0   0   0  f   .   4   24  8  16  16  16  16   0   0   None
0x174  0 StaticGray   0     64  0  rgba   0   0  32  32   0   0  f   .   4   24  0  16  16  16  16   0   0   None
0x175  0 StaticGray   0     64  0  float   0   0  32  32   0   0  f   .   4   24  0  16  16  16  16   0   0   None
0x176  0 StaticGray   0     64  0  rgba   1   0  32  32   0   0  f   .   4   24  0  16  16  16  16   0   0   None
0x177  0 StaticGray   0     64  0  float   1   0  32  32   0   0  f   .   4   24  0  16  16  16  16   0   0   None
0x178  0 StaticGray   0     64  0  rgba   0   0  32  32   0   0  f   .   4   24  8  16  16  16  16   0   0   None
0x179  0 StaticGray   0     64  0  float   0   0  32  32   0   0  f   .   4   24  8  16  16  16  16   0   0   None
0x17a  0 StaticGray   0     64  0  rgba   1   0  32  32   0   0  f   .   4   24  8  16  16  16  16   0   0   None
0x17b  0 StaticGray   0     64  0  float   1   0  32  32   0   0  f   .   4   24  8  16  16  16  16   0   0   None

