name of display: :0.0
display: :0  screen: 0
direct rendering: Yes
server glx vendor string: SGI
server glx version string: 1.4
server glx extensions:
    GLX_ARB_multisample
    GLX_EXT_import_context
    GLX_EXT_texture_from_pixmap
    GLX_EXT_visual_info
    GLX_EXT_visual_rating
    GLX_MESA_copy_sub_buffer
    GLX_OML_swap_method
    GLX_SGIS_multisample
    GLX_SGIX_fbconfig
    GLX_SGIX_pbuffer
    GLX_SGI_make_current_read
    
client glx vendor string: Mesa Project and SGI
client glx version string: 1.4
client glx extensions:
    GLX_ARB_create_context
    GLX_ARB_create_context_profile
    GLX_ARB_create_context_robustness
    GLX_ARB_fbconfig_float
    GLX_ARB_framebuffer_sRGB
    GLX_ARB_get_proc_address
    GLX_ARB_multisample
    GLX_EXT_buffer_age
    GLX_EXT_create_context_es2_profile
    GLX_EXT_fbconfig_packed_float
    GLX_EXT_framebuffer_sRGB
    GLX_EXT_import_context
    GLX_EXT_texture_from_pixmap
    GLX_EXT_visual_info
    GLX_EXT_visual_rating
    GLX_INTEL_swap_event
    GLX_MESA_copy_sub_buffer
    GLX_MESA_multithread_makecurrent
    GLX_MESA_query_renderer
    GLX_MESA_swap_control
    GLX_OML_swap_method
    GLX_OML_sync_control
    GLX_SGIS_multisample
    GLX_SGIX_fbconfig
    GLX_SGIX_pbuffer
    GLX_SGIX_visual_select_group
    GLX_SGI_make_current_read
    GLX_SGI_swap_control
    GLX_SGI_video_sync
    
GLX version: 1.4
GLX extensions:
    GLX_ARB_get_proc_address
    GLX_ARB_multisample
    GLX_EXT_buffer_age
    GLX_EXT_import_context
    GLX_EXT_texture_from_pixmap
    GLX_EXT_visual_info
    GLX_EXT_visual_rating
    GLX_MESA_copy_sub_buffer
    GLX_MESA_multithread_makecurrent
    GLX_MESA_query_renderer
    GLX_MESA_swap_control
    GLX_OML_swap_method
    GLX_OML_sync_control
    GLX_SGIS_multisample
    GLX_SGIX_fbconfig
    GLX_SGIX_pbuffer
    GLX_SGI_make_current_read
    GLX_SGI_video_sync
    
OpenGL vendor string: nouveau
OpenGL renderer string: Gallium 0.4 on NV117
OpenGL version string: 3.0 Mesa 11.0.2
OpenGL shading language version string: 1.30
OpenGL context flags: (none)
OpenGL extensions:
    GL_AMD_conservative_depth
    GL_AMD_draw_buffers_blend
    GL_AMD_seamless_cubemap_per_texture
    GL_AMD_shader_trinary_minmax
    GL_ANGLE_texture_compression_dxt3
    GL_ANGLE_texture_compression_dxt5
    GL_APPLE_packed_pixels
    GL_APPLE_vertex_array_object
    GL_ARB_ES2_compatibility
    GL_ARB_ES3_compatibility
    GL_ARB_base_instance
    GL_ARB_blend_func_extended
    GL_ARB_buffer_storage
    GL_ARB_clear_buffer_object
    GL_ARB_clip_control
    GL_ARB_color_buffer_float
    GL_ARB_compressed_texture_pixel_storage
    GL_ARB_conditional_render_inverted
    GL_ARB_conservative_depth
    GL_ARB_copy_buffer
    GL_ARB_debug_output
    GL_ARB_depth_buffer_float
    GL_ARB_depth_clamp
    GL_ARB_depth_texture
    GL_ARB_derivative_control
    GL_ARB_draw_buffers
    GL_ARB_draw_buffers_blend
    GL_ARB_draw_elements_base_vertex
    GL_ARB_draw_instanced
    GL_ARB_explicit_attrib_location
    GL_ARB_explicit_uniform_location
    GL_ARB_fragment_coord_conventions
    GL_ARB_fragment_program
    GL_ARB_fragment_program_shadow
    GL_ARB_fragment_shader
    GL_ARB_framebuffer_object
    GL_ARB_framebuffer_sRGB
    GL_ARB_get_program_binary
    GL_ARB_get_texture_sub_image
    GL_ARB_half_float_pixel
    GL_ARB_half_float_vertex
    GL_ARB_instanced_arrays
    GL_ARB_internalformat_query
    GL_ARB_invalidate_subdata
    GL_ARB_map_buffer_alignment
    GL_ARB_map_buffer_range
    GL_ARB_multi_bind
    GL_ARB_multisample
    GL_ARB_multitexture
    GL_ARB_occlusion_query
    GL_ARB_occlusion_query2
    GL_ARB_pipeline_statistics_query
    GL_ARB_pixel_buffer_object
    GL_ARB_point_parameters
    GL_ARB_point_sprite
    GL_ARB_program_interface_query
    GL_ARB_provoking_vertex
    GL_ARB_robustness
    GL_ARB_sample_shading
    GL_ARB_sampler_objects
    GL_ARB_seamless_cube_map
    GL_ARB_seamless_cubemap_per_texture
    GL_ARB_separate_shader_objects
    GL_ARB_shader_bit_encoding
    GL_ARB_shader_objects
    GL_ARB_shader_precision
    GL_ARB_shader_texture_lod
    GL_ARB_shading_language_100
    GL_ARB_shading_language_420pack
    GL_ARB_shading_language_packing
    GL_ARB_shadow
    GL_ARB_stencil_texturing
    GL_ARB_sync
    GL_ARB_texture_barrier
    GL_ARB_texture_border_clamp
    GL_ARB_texture_compression
    GL_ARB_texture_compression_bptc
    GL_ARB_texture_compression_rgtc
    GL_ARB_texture_cube_map
    GL_ARB_texture_cube_map_array
    GL_ARB_texture_env_add
    GL_ARB_texture_env_combine
    GL_ARB_texture_env_crossbar
    GL_ARB_texture_env_dot3
    GL_ARB_texture_float
    GL_ARB_texture_gather
    GL_ARB_texture_mirror_clamp_to_edge
    GL_ARB_texture_mirrored_repeat
    GL_ARB_texture_multisample
    GL_ARB_texture_non_power_of_two
    GL_ARB_texture_query_levels
    GL_ARB_texture_query_lod
    GL_ARB_texture_rectangle
    GL_ARB_texture_rg
    GL_ARB_texture_rgb10_a2ui
    GL_ARB_texture_stencil8
    GL_ARB_texture_storage
    GL_ARB_texture_storage_multisample
    GL_ARB_texture_swizzle
    GL_ARB_texture_view
    GL_ARB_timer_query
    GL_ARB_transform_feedback2
    GL_ARB_transform_feedback3
    GL_ARB_transform_feedback_instanced
    GL_ARB_transpose_matrix
    GL_ARB_uniform_buffer_object
    GL_ARB_vertex_array_bgra
    GL_ARB_vertex_array_object
    GL_ARB_vertex_attrib_binding
    GL_ARB_vertex_buffer_object
    GL_ARB_vertex_program
    GL_ARB_vertex_shader
    GL_ARB_vertex_type_10f_11f_11f_rev
    GL_ARB_vertex_type_2_10_10_10_rev
    GL_ARB_window_pos
    GL_ATI_blend_equation_separate
    GL_ATI_draw_buffers
    GL_ATI_separate_stencil
    GL_ATI_texture_compression_3dc
    GL_ATI_texture_env_combine3
    GL_ATI_texture_float
    GL_ATI_texture_mirror_once
    GL_EXT_abgr
    GL_EXT_bgra
    GL_EXT_blend_color
    GL_EXT_blend_equation_separate
    GL_EXT_blend_func_separate
    GL_EXT_blend_minmax
    GL_EXT_blend_subtract
    GL_EXT_compiled_vertex_array
    GL_EXT_copy_texture
    GL_EXT_depth_bounds_test
    GL_EXT_draw_buffers2
    GL_EXT_draw_instanced
    GL_EXT_draw_range_elements
    GL_EXT_fog_coord
    GL_EXT_framebuffer_blit
    GL_EXT_framebuffer_multisample
    GL_EXT_framebuffer_multisample_blit_scaled
    GL_EXT_framebuffer_object
    GL_EXT_framebuffer_sRGB
    GL_EXT_gpu_program_parameters
    GL_EXT_multi_draw_arrays
    GL_EXT_packed_depth_stencil
    GL_EXT_packed_float
    GL_EXT_packed_pixels
    GL_EXT_pixel_buffer_object
    GL_EXT_point_parameters
    GL_EXT_polygon_offset
    GL_EXT_polygon_offset_clamp
    GL_EXT_provoking_vertex
    GL_EXT_rescale_normal
    GL_EXT_secondary_color
    GL_EXT_separate_specular_color
    GL_EXT_shader_integer_mix
    GL_EXT_shadow_funcs
    GL_EXT_stencil_two_side
    GL_EXT_stencil_wrap
    GL_EXT_subtexture
    GL_EXT_texture
    GL_EXT_texture3D
    GL_EXT_texture_array
    GL_EXT_texture_compression_dxt1
    GL_EXT_texture_compression_latc
    GL_EXT_texture_compression_rgtc
    GL_EXT_texture_compression_s3tc
    GL_EXT_texture_cube_map
    GL_EXT_texture_edge_clamp
    GL_EXT_texture_env_add
    GL_EXT_texture_env_combine
    GL_EXT_texture_env_dot3
    GL_EXT_texture_filter_anisotropic
    GL_EXT_texture_integer
    GL_EXT_texture_lod_bias
    GL_EXT_texture_mirror_clamp
    GL_EXT_texture_object
    GL_EXT_texture_rectangle
    GL_EXT_texture_sRGB
    GL_EXT_texture_sRGB_decode
    GL_EXT_texture_shared_exponent
    GL_EXT_texture_snorm
    GL_EXT_texture_swizzle
    GL_EXT_timer_query
    GL_EXT_transform_feedback
    GL_EXT_vertex_array
    GL_EXT_vertex_array_bgra
    GL_IBM_multimode_draw_arrays
    GL_IBM_rasterpos_clip
    GL_IBM_texture_mirrored_repeat
    GL_INGR_blend_func_separate
    GL_KHR_context_flush_control
    GL_KHR_debug
    GL_MESA_pack_invert
    GL_MESA_texture_signed_rgba
    GL_MESA_window_pos
    GL_NV_blend_square
    GL_NV_conditional_render
    GL_NV_depth_clamp
    GL_NV_fog_distance
    GL_NV_light_max_exponent
    GL_NV_packed_depth_stencil
    GL_NV_primitive_restart
    GL_NV_texgen_reflection
    GL_NV_texture_barrier
    GL_NV_texture_env_combine4
    GL_NV_texture_rectangle
    GL_NV_vdpau_interop
    GL_OES_EGL_image
    GL_OES_read_format
    GL_S3_s3tc
    GL_SGIS_generate_mipmap
    GL_SGIS_texture_border_clamp
    GL_SGIS_texture_edge_clamp
    GL_SGIS_texture_lod
    GL_SUN_multi_draw_arrays
    
OpenGL limits:
    GL_MAX_ATTRIB_STACK_DEPTH = 16
    GL_MAX_CLIENT_ATTRIB_STACK_DEPTH = 16
    GL_MAX_CLIP_PLANES = 8
    GL_MAX_ELEMENTS_VERTICES = 3000
    GL_MAX_ELEMENTS_INDICES = 3000
    GL_MAX_EVAL_ORDER = 30
    GL_MAX_LIGHTS = 8
    GL_MAX_LIST_NESTING = 64
    GL_MAX_MODELVIEW_STACK_DEPTH = 32
    GL_MAX_NAME_STACK_DEPTH = 64
    GL_MAX_PIXEL_MAP_TABLE = 256
    GL_MAX_PROJECTION_STACK_DEPTH = 32
    GL_MAX_TEXTURE_STACK_DEPTH = 10
    GL_MAX_TEXTURE_SIZE = 16384
    GL_MAX_3D_TEXTURE_SIZE = 4096
    GL_MAX_VIEWPORT_DIMS = 16384, 16384
    GL_ALIASED_LINE_WIDTH_RANGE = 1, 10
    GL_SMOOTH_LINE_WIDTH_RANGE = 1, 10
    GL_ALIASED_POINT_SIZE_RANGE = 1, 63
    GL_SMOOTH_POINT_SIZE_RANGE = 0, 63
    GL_MAX_CUBE_MAP_TEXTURE_SIZE_ARB = 16384
    GL_MAX_RECTANGLE_TEXTURE_SIZE_NV = 16384
    GL_NUM_COMPRESSED_TEXTURE_FORMATS_ARB = 3
    GL_MAX_TEXTURE_UNITS_ARB = 8
    GL_MAX_TEXTURE_LOD_BIAS_EXT = 15
    GL_MAX_TEXTURE_MAX_ANISOTROPY_EXT = 16
    GL_MAX_DRAW_BUFFERS_ARB = 8
    GL_MAX_DUAL_SOURCE_DRAW_BUFFERS = 1
    GL_MAX_RENDERBUFFER_SIZE = 16384
    GL_MAX_COLOR_ATTACHMENTS = 8
    GL_MAX_SAMPLES = 8
    GL_VERTEX_PROGRAM_ARB:
        GL_MAX_PROGRAM_INSTRUCTIONS_ARB = 16384
        GL_MAX_PROGRAM_NATIVE_INSTRUCTIONS_ARB = 16384
        GL_MAX_PROGRAM_TEMPORARIES_ARB = 128
        GL_MAX_PROGRAM_NATIVE_TEMPORARIES_ARB = 128
        GL_MAX_PROGRAM_PARAMETERS_ARB = 4096
        GL_MAX_PROGRAM_NATIVE_PARAMETERS_ARB = 4096
        GL_MAX_PROGRAM_ATTRIBS_ARB = 16
        GL_MAX_PROGRAM_NATIVE_ATTRIBS_ARB = 32
        GL_MAX_PROGRAM_ADDRESS_REGISTERS_ARB = 1
        GL_MAX_PROGRAM_NATIVE_ADDRESS_REGISTERS_ARB = 1
        GL_MAX_PROGRAM_LOCAL_PARAMETERS_ARB = 4096
        GL_MAX_PROGRAM_ENV_PARAMETERS_ARB = 256
    GL_FRAGMENT_PROGRAM_ARB:
        GL_MAX_PROGRAM_INSTRUCTIONS_ARB = 16384
        GL_MAX_PROGRAM_NATIVE_INSTRUCTIONS_ARB = 16384
        GL_MAX_PROGRAM_TEMPORARIES_ARB = 128
        GL_MAX_PROGRAM_NATIVE_TEMPORARIES_ARB = 128
        GL_MAX_PROGRAM_PARAMETERS_ARB = 4096
        GL_MAX_PROGRAM_NATIVE_PARAMETERS_ARB = 4096
        GL_MAX_PROGRAM_ATTRIBS_ARB = 31
        GL_MAX_PROGRAM_NATIVE_ATTRIBS_ARB = 31
        GL_MAX_PROGRAM_ADDRESS_REGISTERS_ARB = 0
        GL_MAX_PROGRAM_NATIVE_ADDRESS_REGISTERS_ARB = 0
        GL_MAX_PROGRAM_LOCAL_PARAMETERS_ARB = 4096
        GL_MAX_PROGRAM_ENV_PARAMETERS_ARB = 256
        GL_MAX_PROGRAM_ALU_INSTRUCTIONS_ARB = 16384
        GL_MAX_PROGRAM_TEX_INSTRUCTIONS_ARB = 16384
        GL_MAX_PROGRAM_TEX_INDIRECTIONS_ARB = 16384
        GL_MAX_PROGRAM_NATIVE_ALU_INSTRUCTIONS_ARB = 16384
        GL_MAX_PROGRAM_NATIVE_TEX_INSTRUCTIONS_ARB = 16384
        GL_MAX_PROGRAM_NATIVE_TEX_INDIRECTIONS_ARB = 16384
    GL_VERTEX_SHADER_ARB:
        GL_MAX_VERTEX_UNIFORM_COMPONENTS_ARB = 16384
        GL_MAX_VARYING_FLOATS_ARB = 124
        GL_MAX_VERTEX_ATTRIBS_ARB = 16
        GL_MAX_TEXTURE_IMAGE_UNITS_ARB = 16
        GL_MAX_VERTEX_TEXTURE_IMAGE_UNITS_ARB = 16
        GL_MAX_COMBINED_TEXTURE_IMAGE_UNITS_ARB = 48
        GL_MAX_TEXTURE_COORDS_ARB = 8
    GL_FRAGMENT_SHADER_ARB:
        GL_MAX_FRAGMENT_UNIFORM_COMPONENTS_ARB = 16384
        GL_MAX_TEXTURE_COORDS_ARB = 8
        GL_MAX_TEXTURE_IMAGE_UNITS_ARB = 16

192 GLX Visuals
Vis   Vis   Visual Trans  buff lev render DB ste  r   g   b   a      s  aux dep ste  accum buffer   MS   MS         
 ID  Depth   Type  parent size el   type     reo sz  sz  sz  sz flt rgb buf th  ncl  r   g   b   a  num bufs caveats
--------------------------------------------------------------------------------------------------------------------
0x 21 24 TrueColor    0     32  0  rgba   1   0   8   8   8   8  .   .   0   24  8   0   0   0   0   0   0   None
0x 22 24 DirectColor  0     32  0  rgba   1   0   8   8   8   8  .   .   0   24  8   0   0   0   0   0   0   None
0x1a3 24 TrueColor    0     32  0  rgba   0   0   8   8   8   8  .   .   0    0  0   0   0   0   0   0   0   None
0x1a4 24 TrueColor    0     32  0  rgba   0   0   8   8   8   8  .   .   0    0  0  16  16  16  16   0   0   Slow
0x1a5 24 TrueColor    0     32  0  rgba   1   0   8   8   8   8  .   .   0    0  0   0   0   0   0   0   0   None
0x1a6 24 TrueColor    0     32  0  rgba   1   0   8   8   8   8  .   .   0    0  0  16  16  16  16   0   0   Slow
0x1a7 24 TrueColor    0     32  0  rgba   1   0   8   8   8   8  .   .   0    0  0   0   0   0   0   0   0   None
0x1a8 24 TrueColor    0     32  0  rgba   1   0   8   8   8   8  .   .   0    0  0  16  16  16  16   0   0   Slow
0x1a9 24 TrueColor    0     32  0  rgba   0   0   8   8   8   8  .   .   0   16  0   0   0   0   0   0   0   None
0x1aa 24 TrueColor    0     32  0  rgba   0   0   8   8   8   8  .   .   0   16  0  16  16  16  16   0   0   Slow
0x1ab 24 TrueColor    0     32  0  rgba   1   0   8   8   8   8  .   .   0   16  0   0   0   0   0   0   0   None
0x1ac 24 TrueColor    0     32  0  rgba   1   0   8   8   8   8  .   .   0   16  0  16  16  16  16   0   0   Slow
0x1ad 24 TrueColor    0     32  0  rgba   1   0   8   8   8   8  .   .   0   16  0   0   0   0   0   0   0   None
0x1ae 24 TrueColor    0     32  0  rgba   1   0   8   8   8   8  .   .   0   16  0  16  16  16  16   0   0   Slow
0x1af 24 TrueColor    0     32  0  rgba   0   0   8   8   8   8  .   .   0   24  0   0   0   0   0   0   0   None
0x1b0 24 TrueColor    0     32  0  rgba   0   0   8   8   8   8  .   .   0   24  0  16  16  16  16   0   0   Slow
0x1b1 24 TrueColor    0     32  0  rgba   1   0   8   8   8   8  .   .   0   24  0   0   0   0   0   0   0   None
0x1b2 24 TrueColor    0     32  0  rgba   1   0   8   8   8   8  .   .   0   24  0  16  16  16  16   0   0   Slow
0x1b3 24 TrueColor    0     32  0  rgba   1   0   8   8   8   8  .   .   0   24  0   0   0   0   0   0   0   None
0x1b4 24 TrueColor    0     32  0  rgba   1   0   8   8   8   8  .   .   0   24  0  16  16  16  16   0   0   Slow
0x1b5 24 TrueColor    0     32  0  rgba   0   0   8   8   8   8  .   .   0   24  8   0   0   0   0   0   0   None
0x1b6 24 TrueColor    0     32  0  rgba   0   0   8   8   8   8  .   .   0   24  8  16  16  16  16   0   0   Slow
0x1b7 24 TrueColor    0     32  0  rgba   1   0   8   8   8   8  .   .   0   24  8  16  16  16  16   0   0   Slow
0x1b8 24 TrueColor    0     32  0  rgba   1   0   8   8   8   8  .   .   0   24  8  16  16  16  16   0   0   Slow
0x1bf 24 TrueColor    0     24  0  rgba   0   0   8   8   8   0  .   .   0    0  0   0   0   0   0   0   0   None
0x1c0 24 TrueColor    0     24  0  rgba   0   0   8   8   8   0  .   .   0    0  0  16  16  16   0   0   0   Slow
0x1c1 24 TrueColor    0     24  0  rgba   1   0   8   8   8   0  .   .   0    0  0   0   0   0   0   0   0   None
0x1c2 24 TrueColor    0     24  0  rgba   1   0   8   8   8   0  .   .   0    0  0  16  16  16   0   0   0   Slow
0x1c3 24 TrueColor    0     24  0  rgba   1   0   8   8   8   0  .   .   0    0  0   0   0   0   0   0   0   None
0x1c4 24 TrueColor    0     24  0  rgba   1   0   8   8   8   0  .   .   0    0  0  16  16  16   0   0   0   Slow
0x1c5 24 TrueColor    0     24  0  rgba   0   0   8   8   8   0  .   .   0   16  0   0   0   0   0   0   0   None
0x1c6 24 TrueColor    0     24  0  rgba   0   0   8   8   8   0  .   .   0   16  0  16  16  16   0   0   0   Slow
0x1c7 24 TrueColor    0     24  0  rgba   1   0   8   8   8   0  .   .   0   16  0   0   0   0   0   0   0   None
0x1c8 24 TrueColor    0     24  0  rgba   1   0   8   8   8   0  .   .   0   16  0  16  16  16   0   0   0   Slow
0x1c9 24 TrueColor    0     24  0  rgba   1   0   8   8   8   0  .   .   0   16  0   0   0   0   0   0   0   None
0x1ca 24 TrueColor    0     24  0  rgba   1   0   8   8   8   0  .   .   0   16  0  16  16  16   0   0   0   Slow
0x1cb 24 TrueColor    0     24  0  rgba   0   0   8   8   8   0  .   .   0   24  0   0   0   0   0   0   0   None
0x1cc 24 TrueColor    0     24  0  rgba   0   0   8   8   8   0  .   .   0   24  0  16  16  16   0   0   0   Slow
0x1cd 24 TrueColor    0     24  0  rgba   1   0   8   8   8   0  .   .   0   24  0   0   0   0   0   0   0   None
0x1ce 24 TrueColor    0     24  0  rgba   1   0   8   8   8   0  .   .   0   24  0  16  16  16   0   0   0   Slow
0x1cf 24 TrueColor    0     24  0  rgba   1   0   8   8   8   0  .   .   0   24  0   0   0   0   0   0   0   None
0x1d0 24 TrueColor    0     24  0  rgba   1   0   8   8   8   0  .   .   0   24  0  16  16  16   0   0   0   Slow
0x1d1 24 TrueColor    0     24  0  rgba   0   0   8   8   8   0  .   .   0   24  8   0   0   0   0   0   0   None
0x1d2 24 TrueColor    0     24  0  rgba   0   0   8   8   8   0  .   .   0   24  8  16  16  16   0   0   0   Slow
0x1d3 24 TrueColor    0     24  0  rgba   1   0   8   8   8   0  .   .   0   24  8   0   0   0   0   0   0   None
0x1d4 24 TrueColor    0     24  0  rgba   1   0   8   8   8   0  .   .   0   24  8  16  16  16   0   0   0   Slow
0x1d5 24 TrueColor    0     24  0  rgba   1   0   8   8   8   0  .   .   0   24  8   0   0   0   0   0   0   None
0x1d6 24 TrueColor    0     24  0  rgba   1   0   8   8   8   0  .   .   0   24  8  16  16  16   0   0   0   Slow
0x1dd 24 TrueColor    0     32  0  rgba   0   0   8   8   8   8  .   .   0    0  0   0   0   0   0   0   0   None
0x1de 24 TrueColor    0     32  0  rgba   0   0   8   8   8   8  .   .   0    0  0  16  16  16  16   0   0   Slow
0x1df 24 TrueColor    0     32  0  rgba   1   0   8   8   8   8  .   .   0    0  0   0   0   0   0   0   0   None
0x1e0 24 TrueColor    0     32  0  rgba   1   0   8   8   8   8  .   .   0    0  0  16  16  16  16   0   0   Slow
0x1e1 24 TrueColor    0     32  0  rgba   1   0   8   8   8   8  .   .   0    0  0   0   0   0   0   0   0   None
0x1e2 24 TrueColor    0     32  0  rgba   1   0   8   8   8   8  .   .   0    0  0  16  16  16  16   0   0   Slow
0x1e3 24 TrueColor    0     32  0  rgba   0   0   8   8   8   8  .   .   0   16  0   0   0   0   0   0   0   None
0x1e4 24 TrueColor    0     32  0  rgba   0   0   8   8   8   8  .   .   0   16  0  16  16  16  16   0   0   Slow
0x1e5 24 TrueColor    0     32  0  rgba   1   0   8   8   8   8  .   .   0   16  0   0   0   0   0   0   0   None
0x1e6 24 TrueColor    0     32  0  rgba   1   0   8   8   8   8  .   .   0   16  0  16  16  16  16   0   0   Slow
0x1e7 24 TrueColor    0     32  0  rgba   1   0   8   8   8   8  .   .   0   16  0   0   0   0   0   0   0   None
0x1e8 24 TrueColor    0     32  0  rgba   1   0   8   8   8   8  .   .   0   16  0  16  16  16  16   0   0   Slow
0x1e9 24 TrueColor    0     32  0  rgba   0   0   8   8   8   8  .   .   0   24  0   0   0   0   0   0   0   None
0x1ea 24 TrueColor    0     32  0  rgba   0   0   8   8   8   8  .   .   0   24  0  16  16  16  16   0   0   Slow
0x1eb 24 TrueColor    0     32  0  rgba   1   0   8   8   8   8  .   .   0   24  0   0   0   0   0   0   0   None
0x1ec 24 TrueColor    0     32  0  rgba   1   0   8   8   8   8  .   .   0   24  0  16  16  16  16   0   0   Slow
0x1ed 24 TrueColor    0     32  0  rgba   1   0   8   8   8   8  .   .   0   24  0   0   0   0   0   0   0   None
0x1ee 24 TrueColor    0     32  0  rgba   1   0   8   8   8   8  .   .   0   24  0  16  16  16  16   0   0   Slow
0x1ef 24 TrueColor    0     32  0  rgba   0   0   8   8   8   8  .   .   0   24  8   0   0   0   0   0   0   None
0x1f0 24 TrueColor    0     32  0  rgba   0   0   8   8   8   8  .   .   0   24  8  16  16  16  16   0   0   Slow
0x1f1 24 TrueColor    0     32  0  rgba   1   0   8   8   8   8  .   .   0   24  8   0   0   0   0   0   0   None
0x1f2 24 TrueColor    0     32  0  rgba   1   0   8   8   8   8  .   .   0   24  8  16  16  16  16   0   0   Slow
0x1f3 24 TrueColor    0     32  0  rgba   1   0   8   8   8   8  .   .   0   24  8   0   0   0   0   0   0   None
0x1f4 24 TrueColor    0     32  0  rgba   1   0   8   8   8   8  .   .   0   24  8  16  16  16  16   0   0   Slow
0x1fb 24 TrueColor    0     24  0  rgba   0   0   8   8   8   0  .   .   0    0  0   0   0   0   0   0   0   None
0x1fc 24 TrueColor    0     24  0  rgba   0   0   8   8   8   0  .   .   0    0  0  16  16  16   0   0   0   Slow
0x1fd 24 TrueColor    0     24  0  rgba   1   0   8   8   8   0  .   .   0    0  0   0   0   0   0   0   0   None
0x1fe 24 TrueColor    0     24  0  rgba   1   0   8   8   8   0  .   .   0    0  0  16  16  16   0   0   0   Slow
0x1ff 24 TrueColor    0     24  0  rgba   1   0   8   8   8   0  .   .   0    0  0   0   0   0   0   0   0   None
0x200 24 TrueColor    0     24  0  rgba   1   0   8   8   8   0  .   .   0    0  0  16  16  16   0   0   0   Slow
0x201 24 TrueColor    0     24  0  rgba   0   0   8   8   8   0  .   .   0   16  0   0   0   0   0   0   0   None
0x202 24 TrueColor    0     24  0  rgba   0   0   8   8   8   0  .   .   0   16  0  16  16  16   0   0   0   Slow
0x203 24 TrueColor    0     24  0  rgba   1   0   8   8   8   0  .   .   0   16  0   0   0   0   0   0   0   None
0x204 24 TrueColor    0     24  0  rgba   1   0   8   8   8   0  .   .   0   16  0  16  16  16   0   0   0   Slow
0x205 24 TrueColor    0     24  0  rgba   1   0   8   8   8   0  .   .   0   16  0   0   0   0   0   0   0   None
0x206 24 TrueColor    0     24  0  rgba   1   0   8   8   8   0  .   .   0   16  0  16  16  16   0   0   0   Slow
0x207 24 TrueColor    0     24  0  rgba   0   0   8   8   8   0  .   .   0   24  0   0   0   0   0   0   0   None
0x208 24 TrueColor    0     24  0  rgba   0   0   8   8   8   0  .   .   0   24  0  16  16  16   0   0   0   Slow
0x209 24 TrueColor    0     24  0  rgba   1   0   8   8   8   0  .   .   0   24  0   0   0   0   0   0   0   None
0x20a 24 TrueColor    0     24  0  rgba   1   0   8   8   8   0  .   .   0   24  0  16  16  16   0   0   0   Slow
0x20b 24 TrueColor    0     24  0  rgba   1   0   8   8   8   0  .   .   0   24  0   0   0   0   0   0   0   None
0x20c 24 TrueColor    0     24  0  rgba   1   0   8   8   8   0  .   .   0   24  0  16  16  16   0   0   0   Slow
0x20d 24 TrueColor    0     24  0  rgba   0   0   8   8   8   0  .   .   0   24  8   0   0   0   0   0   0   None
0x20e 24 TrueColor    0     24  0  rgba   0   0   8   8   8   0  .   .   0   24  8  16  16  16   0   0   0   Slow
0x20f 24 TrueColor    0     24  0  rgba   1   0   8   8   8   0  .   .   0   24  8   0   0   0   0   0   0   None
0x210 24 TrueColor    0     24  0  rgba   1   0   8   8   8   0  .   .   0   24  8  16  16  16   0   0   0   Slow
0x211 24 TrueColor    0     24  0  rgba   1   0   8   8   8   0  .   .   0   24  8   0   0   0   0   0   0   None
0x212 24 TrueColor    0     24  0  rgba   1   0   8   8   8   0  .   .   0   24  8  16  16  16   0   0   0   Slow
0x219 24 DirectColor  0     32  0  rgba   0   0   8   8   8   8  .   .   0    0  0   0   0   0   0   0   0   None
0x21a 24 DirectColor  0     32  0  rgba   0   0   8   8   8   8  .   .   0    0  0  16  16  16  16   0   0   Slow
0x21b 24 DirectColor  0     32  0  rgba   1   0   8   8   8   8  .   .   0    0  0   0   0   0   0   0   0   None
0x21c 24 DirectColor  0     32  0  rgba   1   0   8   8   8   8  .   .   0    0  0  16  16  16  16   0   0   Slow
0x21d 24 DirectColor  0     32  0  rgba   1   0   8   8   8   8  .   .   0    0  0   0   0   0   0   0   0   None
0x21e 24 DirectColor  0     32  0  rgba   1   0   8   8   8   8  .   .   0    0  0  16  16  16  16   0   0   Slow
0x21f 24 DirectColor  0     32  0  rgba   0   0   8   8   8   8  .   .   0   16  0   0   0   0   0   0   0   None
0x220 24 DirectColor  0     32  0  rgba   0   0   8   8   8   8  .   .   0   16  0  16  16  16  16   0   0   Slow
0x221 24 DirectColor  0     32  0  rgba   1   0   8   8   8   8  .   .   0   16  0   0   0   0   0   0   0   None
0x222 24 DirectColor  0     32  0  rgba   1   0   8   8   8   8  .   .   0   16  0  16  16  16  16   0   0   Slow
0x223 24 DirectColor  0     32  0  rgba   1   0   8   8   8   8  .   .   0   16  0   0   0   0   0   0   0   None
0x224 24 DirectColor  0     32  0  rgba   1   0   8   8   8   8  .   .   0   16  0  16  16  16  16   0   0   Slow
0x225 24 DirectColor  0     32  0  rgba   0   0   8   8   8   8  .   .   0   24  0   0   0   0   0   0   0   None
0x226 24 DirectColor  0     32  0  rgba   0   0   8   8   8   8  .   .   0   24  0  16  16  16  16   0   0   Slow
0x227 24 DirectColor  0     32  0  rgba   1   0   8   8   8   8  .   .   0   24  0   0   0   0   0   0   0   None
0x228 24 DirectColor  0     32  0  rgba   1   0   8   8   8   8  .   .   0   24  0  16  16  16  16   0   0   Slow
0x229 24 DirectColor  0     32  0  rgba   1   0   8   8   8   8  .   .   0   24  0   0   0   0   0   0   0   None
0x22a 24 DirectColor  0     32  0  rgba   1   0   8   8   8   8  .   .   0   24  0  16  16  16  16   0   0   Slow
0x22b 24 DirectColor  0     32  0  rgba   0   0   8   8   8   8  .   .   0   24  8   0   0   0   0   0   0   None
0x22c 24 DirectColor  0     32  0  rgba   0   0   8   8   8   8  .   .   0   24  8  16  16  16  16   0   0   Slow
0x22d 24 DirectColor  0     32  0  rgba   1   0   8   8   8   8  .   .   0   24  8  16  16  16  16   0   0   Slow
0x22e 24 DirectColor  0     32  0  rgba   1   0   8   8   8   8  .   .   0   24  8   0   0   0   0   0   0   None
0x22f 24 DirectColor  0     32  0  rgba   1   0   8   8   8   8  .   .   0   24  8  16  16  16  16   0   0   Slow
0x236 24 DirectColor  0     24  0  rgba   0   0   8   8   8   0  .   .   0    0  0   0   0   0   0   0   0   None
0x237 24 DirectColor  0     24  0  rgba   0   0   8   8   8   0  .   .   0    0  0  16  16  16   0   0   0   Slow
0x238 24 DirectColor  0     24  0  rgba   1   0   8   8   8   0  .   .   0    0  0   0   0   0   0   0   0   None
0x239 24 DirectColor  0     24  0  rgba   1   0   8   8   8   0  .   .   0    0  0  16  16  16   0   0   0   Slow
0x23a 24 DirectColor  0     24  0  rgba   1   0   8   8   8   0  .   .   0    0  0   0   0   0   0   0   0   None
0x23b 24 DirectColor  0     24  0  rgba   1   0   8   8   8   0  .   .   0    0  0  16  16  16   0   0   0   Slow
0x23c 24 DirectColor  0     24  0  rgba   0   0   8   8   8   0  .   .   0   16  0   0   0   0   0   0   0   None
0x23d 24 DirectColor  0     24  0  rgba   0   0   8   8   8   0  .   .   0   16  0  16  16  16   0   0   0   Slow
0x23e 24 DirectColor  0     24  0  rgba   1   0   8   8   8   0  .   .   0   16  0   0   0   0   0   0   0   None
0x23f 24 DirectColor  0     24  0  rgba   1   0   8   8   8   0  .   .   0   16  0  16  16  16   0   0   0   Slow
0x240 24 DirectColor  0     24  0  rgba   1   0   8   8   8   0  .   .   0   16  0   0   0   0   0   0   0   None
0x241 24 DirectColor  0     24  0  rgba   1   0   8   8   8   0  .   .   0   16  0  16  16  16   0   0   0   Slow
0x242 24 DirectColor  0     24  0  rgba   0   0   8   8   8   0  .   .   0   24  0   0   0   0   0   0   0   None
0x243 24 DirectColor  0     24  0  rgba   0   0   8   8   8   0  .   .   0   24  0  16  16  16   0   0   0   Slow
0x244 24 DirectColor  0     24  0  rgba   1   0   8   8   8   0  .   .   0   24  0   0   0   0   0   0   0   None
0x245 24 DirectColor  0     24  0  rgba   1   0   8   8   8   0  .   .   0   24  0  16  16  16   0   0   0   Slow
0x246 24 DirectColor  0     24  0  rgba   1   0   8   8   8   0  .   .   0   24  0   0   0   0   0   0   0   None
0x247 24 DirectColor  0     24  0  rgba   1   0   8   8   8   0  .   .   0   24  0  16  16  16   0   0   0   Slow
0x248 24 DirectColor  0     24  0  rgba   0   0   8   8   8   0  .   .   0   24  8   0   0   0   0   0   0   None
0x249 24 DirectColor  0     24  0  rgba   0   0   8   8   8   0  .   .   0   24  8  16  16  16   0   0   0   Slow
0x24a 24 DirectColor  0     24  0  rgba   1   0   8   8   8   0  .   .   0   24  8   0   0   0   0   0   0   None
0x24b 24 DirectColor  0     24  0  rgba   1   0   8   8   8   0  .   .   0   24  8  16  16  16   0   0   0   Slow
0x24c 24 DirectColor  0     24  0  rgba   1   0   8   8   8   0  .   .   0   24  8   0   0   0   0   0   0   None
0x24d 24 DirectColor  0     24  0  rgba   1   0   8   8   8   0  .   .   0   24  8  16  16  16   0   0   0   Slow
0x254 24 DirectColor  0     32  0  rgba   0   0   8   8   8   8  .   .   0    0  0   0   0   0   0   0   0   None
0x255 24 DirectColor  0     32  0  rgba   0   0   8   8   8   8  .   .   0    0  0  16  16  16  16   0   0   Slow
0x256 24 DirectColor  0     32  0  rgba   1   0   8   8   8   8  .   .   0    0  0   0   0   0   0   0   0   None
0x257 24 DirectColor  0     32  0  rgba   1   0   8   8   8   8  .   .   0    0  0  16  16  16  16   0   0   Slow
0x258 24 DirectColor  0     32  0  rgba   1   0   8   8   8   8  .   .   0    0  0   0   0   0   0   0   0   None
0x259 24 DirectColor  0     32  0  rgba   1   0   8   8   8   8  .   .   0    0  0  16  16  16  16   0   0   Slow
0x25a 24 DirectColor  0     32  0  rgba   0   0   8   8   8   8  .   .   0   16  0   0   0   0   0   0   0   None
0x25b 24 DirectColor  0     32  0  rgba   0   0   8   8   8   8  .   .   0   16  0  16  16  16  16   0   0   Slow
0x25c 24 DirectColor  0     32  0  rgba   1   0   8   8   8   8  .   .   0   16  0   0   0   0   0   0   0   None
0x25d 24 DirectColor  0     32  0  rgba   1   0   8   8   8   8  .   .   0   16  0  16  16  16  16   0   0   Slow
0x25e 24 DirectColor  0     32  0  rgba   1   0   8   8   8   8  .   .   0   16  0   0   0   0   0   0   0   None
0x25f 24 DirectColor  0     32  0  rgba   1   0   8   8   8   8  .   .   0   16  0  16  16  16  16   0   0   Slow
0x260 24 DirectColor  0     32  0  rgba   0   0   8   8   8   8  .   .   0   24  0   0   0   0   0   0   0   None
0x261 24 DirectColor  0     32  0  rgba   0   0   8   8   8   8  .   .   0   24  0  16  16  16  16   0   0   Slow
0x262 24 DirectColor  0     32  0  rgba   1   0   8   8   8   8  .   .   0   24  0   0   0   0   0   0   0   None
0x263 24 DirectColor  0     32  0  rgba   1   0   8   8   8   8  .   .   0   24  0  16  16  16  16   0   0   Slow
0x264 24 DirectColor  0     32  0  rgba   1   0   8   8   8   8  .   .   0   24  0   0   0   0   0   0   0   None
0x265 24 DirectColor  0     32  0  rgba   1   0   8   8   8   8  .   .   0   24  0  16  16  16  16   0   0   Slow
0x266 24 DirectColor  0     32  0  rgba   0   0   8   8   8   8  .   .   0   24  8   0   0   0   0   0   0   None
0x267 24 DirectColor  0     32  0  rgba   0   0   8   8   8   8  .   .   0   24  8  16  16  16  16   0   0   Slow
0x268 24 DirectColor  0     32  0  rgba   1   0   8   8   8   8  .   .   0   24  8   0   0   0   0   0   0   None
0x269 24 DirectColor  0     32  0  rgba   1   0   8   8   8   8  .   .   0   24  8  16  16  16  16   0   0   Slow
0x26a 24 DirectColor  0     32  0  rgba   1   0   8   8   8   8  .   .   0   24  8   0   0   0   0   0   0   None
0x26b 24 DirectColor  0     32  0  rgba   1   0   8   8   8   8  .   .   0   24  8  16  16  16  16   0   0   Slow
0x272 24 DirectColor  0     24  0  rgba   0   0   8   8   8   0  .   .   0    0  0   0   0   0   0   0   0   None
0x273 24 DirectColor  0     24  0  rgba   0   0   8   8   8   0  .   .   0    0  0  16  16  16   0   0   0   Slow
0x274 24 DirectColor  0     24  0  rgba   1   0   8   8   8   0  .   .   0    0  0   0   0   0   0   0   0   None
0x275 24 DirectColor  0     24  0  rgba   1   0   8   8   8   0  .   .   0    0  0  16  16  16   0   0   0   Slow
0x276 24 DirectColor  0     24  0  rgba   1   0   8   8   8   0  .   .   0    0  0   0   0   0   0   0   0   None
0x277 24 DirectColor  0     24  0  rgba   1   0   8   8   8   0  .   .   0    0  0  16  16  16   0   0   0   Slow
0x278 24 DirectColor  0     24  0  rgba   0   0   8   8   8   0  .   .   0   16  0   0   0   0   0   0   0   None
0x279 24 DirectColor  0     24  0  rgba   0   0   8   8   8   0  .   .   0   16  0  16  16  16   0   0   0   Slow
0x27a 24 DirectColor  0     24  0  rgba   1   0   8   8   8   0  .   .   0   16  0   0   0   0   0   0   0   None
0x27b 24 DirectColor  0     24  0  rgba   1   0   8   8   8   0  .   .   0   16  0  16  16  16   0   0   0   Slow
0x27c 24 DirectColor  0     24  0  rgba   1   0   8   8   8   0  .   .   0   16  0   0   0   0   0   0   0   None
0x27d 24 DirectColor  0     24  0  rgba   1   0   8   8   8   0  .   .   0   16  0  16  16  16   0   0   0   Slow
0x27e 24 DirectColor  0     24  0  rgba   0   0   8   8   8   0  .   .   0   24  0   0   0   0   0   0   0   None
0x27f 24 DirectColor  0     24  0  rgba   0   0   8   8   8   0  .   .   0   24  0  16  16  16   0   0   0   Slow
0x280 24 DirectColor  0     24  0  rgba   1   0   8   8   8   0  .   .   0   24  0   0   0   0   0   0   0   None
0x281 24 DirectColor  0     24  0  rgba   1   0   8   8   8   0  .   .   0   24  0  16  16  16   0   0   0   Slow
0x282 24 DirectColor  0     24  0  rgba   1   0   8   8   8   0  .   .   0   24  0   0   0   0   0   0   0   None
0x283 24 DirectColor  0     24  0  rgba   1   0   8   8   8   0  .   .   0   24  0  16  16  16   0   0   0   Slow
0x284 24 DirectColor  0     24  0  rgba   0   0   8   8   8   0  .   .   0   24  8   0   0   0   0   0   0   None
0x285 24 DirectColor  0     24  0  rgba   0   0   8   8   8   0  .   .   0   24  8  16  16  16   0   0   0   Slow
0x286 24 DirectColor  0     24  0  rgba   1   0   8   8   8   0  .   .   0   24  8   0   0   0   0   0   0   None
0x287 24 DirectColor  0     24  0  rgba   1   0   8   8   8   0  .   .   0   24  8  16  16  16   0   0   0   Slow
0x288 24 DirectColor  0     24  0  rgba   1   0   8   8   8   0  .   .   0   24  8   0   0   0   0   0   0   None
0x289 24 DirectColor  0     24  0  rgba   1   0   8   8   8   0  .   .   0   24  8  16  16  16   0   0   0   Slow
0x 76 32 TrueColor    0     32  0  rgba   1   0   8   8   8   8  .   .   0   24  8   0   0   0   0   0   0   None

240 GLXFBConfigs:
Vis   Vis   Visual Trans  buff lev render DB ste  r   g   b   a      s  aux dep ste  accum buffer   MS   MS         
 ID  Depth   Type  parent size el   type     reo sz  sz  sz  sz flt rgb buf th  ncl  r   g   b   a  num bufs caveats
--------------------------------------------------------------------------------------------------------------------
0x 77 24 TrueColor    0     32  0  rgba   0   0   8   8   8   8  .   .   0    0  0   0   0   0   0   0   0   None
0x 78 24 TrueColor    0     32  0  rgba   0   0   8   8   8   8  .   .   0    0  0  16  16  16  16   0   0   Slow
0x 79 24 TrueColor    0     32  0  rgba   1   0   8   8   8   8  .   .   0    0  0   0   0   0   0   0   0   None
0x 7a 24 TrueColor    0     32  0  rgba   1   0   8   8   8   8  .   .   0    0  0  16  16  16  16   0   0   Slow
0x 7b 24 TrueColor    0     32  0  rgba   1   0   8   8   8   8  .   .   0    0  0   0   0   0   0   0   0   None
0x 7c 24 TrueColor    0     32  0  rgba   1   0   8   8   8   8  .   .   0    0  0  16  16  16  16   0   0   Slow
0x 7d 24 TrueColor    0     32  0  rgba   0   0   8   8   8   8  .   .   0   16  0   0   0   0   0   0   0   None
0x 7e 24 TrueColor    0     32  0  rgba   0   0   8   8   8   8  .   .   0   16  0  16  16  16  16   0   0   Slow
0x 7f 24 TrueColor    0     32  0  rgba   1   0   8   8   8   8  .   .   0   16  0   0   0   0   0   0   0   None
0x 80 24 TrueColor    0     32  0  rgba   1   0   8   8   8   8  .   .   0   16  0  16  16  16  16   0   0   Slow
0x 81 24 TrueColor    0     32  0  rgba   1   0   8   8   8   8  .   .   0   16  0   0   0   0   0   0   0   None
0x 82 24 TrueColor    0     32  0  rgba   1   0   8   8   8   8  .   .   0   16  0  16  16  16  16   0   0   Slow
0x 83 24 TrueColor    0     32  0  rgba   0   0   8   8   8   8  .   .   0   24  0   0   0   0   0   0   0   None
0x 84 24 TrueColor    0     32  0  rgba   0   0   8   8   8   8  .   .   0   24  0  16  16  16  16   0   0   Slow
0x 85 24 TrueColor    0     32  0  rgba   1   0   8   8   8   8  .   .   0   24  0   0   0   0   0   0   0   None
0x 86 24 TrueColor    0     32  0  rgba   1   0   8   8   8   8  .   .   0   24  0  16  16  16  16   0   0   Slow
0x 87 24 TrueColor    0     32  0  rgba   1   0   8   8   8   8  .   .   0   24  0   0   0   0   0   0   0   None
0x 88 24 TrueColor    0     32  0  rgba   1   0   8   8   8   8  .   .   0   24  0  16  16  16  16   0   0   Slow
0x 89 24 TrueColor    0     32  0  rgba   0   0   8   8   8   8  .   .   0   24  8   0   0   0   0   0   0   None
0x 8a 24 TrueColor    0     32  0  rgba   0   0   8   8   8   8  .   .   0   24  8  16  16  16  16   0   0   Slow
0x 8b 24 TrueColor    0     32  0  rgba   1   0   8   8   8   8  .   .   0   24  8   0   0   0   0   0   0   None
0x 8c 24 TrueColor    0     32  0  rgba   1   0   8   8   8   8  .   .   0   24  8  16  16  16  16   0   0   Slow
0x 8d 32 TrueColor    0     32  0  rgba   1   0   8   8   8   8  .   .   0   24  8   0   0   0   0   0   0   None
0x 8e 24 TrueColor    0     32  0  rgba   1   0   8   8   8   8  .   .   0   24  8  16  16  16  16   0   0   Slow
0x 95 24 TrueColor    0     24  0  rgba   0   0   8   8   8   0  .   .   0    0  0   0   0   0   0   0   0   None
0x 96 24 TrueColor    0     24  0  rgba   0   0   8   8   8   0  .   .   0    0  0  16  16  16   0   0   0   Slow
0x 97 24 TrueColor    0     24  0  rgba   1   0   8   8   8   0  .   .   0    0  0   0   0   0   0   0   0   None
0x 98 24 TrueColor    0     24  0  rgba   1   0   8   8   8   0  .   .   0    0  0  16  16  16   0   0   0   Slow
0x 99 24 TrueColor    0     24  0  rgba   1   0   8   8   8   0  .   .   0    0  0   0   0   0   0   0   0   None
0x 9a 24 TrueColor    0     24  0  rgba   1   0   8   8   8   0  .   .   0    0  0  16  16  16   0   0   0   Slow
0x 9b 24 TrueColor    0     24  0  rgba   0   0   8   8   8   0  .   .   0   16  0   0   0   0   0   0   0   None
0x 9c 24 TrueColor    0     24  0  rgba   0   0   8   8   8   0  .   .   0   16  0  16  16  16   0   0   0   Slow
0x 9d 24 TrueColor    0     24  0  rgba   1   0   8   8   8   0  .   .   0   16  0   0   0   0   0   0   0   None
0x 9e 24 TrueColor    0     24  0  rgba   1   0   8   8   8   0  .   .   0   16  0  16  16  16   0   0   0   Slow
0x 9f 24 TrueColor    0     24  0  rgba   1   0   8   8   8   0  .   .   0   16  0   0   0   0   0   0   0   None
0x a0 24 TrueColor    0     24  0  rgba   1   0   8   8   8   0  .   .   0   16  0  16  16  16   0   0   0   Slow
0x a1 24 TrueColor    0     24  0  rgba   0   0   8   8   8   0  .   .   0   24  0   0   0   0   0   0   0   None
0x a2 24 TrueColor    0     24  0  rgba   0   0   8   8   8   0  .   .   0   24  0  16  16  16   0   0   0   Slow
0x a3 24 TrueColor    0     24  0  rgba   1   0   8   8   8   0  .   .   0   24  0   0   0   0   0   0   0   None
0x a4 24 TrueColor    0     24  0  rgba   1   0   8   8   8   0  .   .   0   24  0  16  16  16   0   0   0   Slow
0x a5 24 TrueColor    0     24  0  rgba   1   0   8   8   8   0  .   .   0   24  0   0   0   0   0   0   0   None
0x a6 24 TrueColor    0     24  0  rgba   1   0   8   8   8   0  .   .   0   24  0  16  16  16   0   0   0   Slow
0x a7 24 TrueColor    0     24  0  rgba   0   0   8   8   8   0  .   .   0   24  8   0   0   0   0   0   0   None
0x a8 24 TrueColor    0     24  0  rgba   0   0   8   8   8   0  .   .   0   24  8  16  16  16   0   0   0   Slow
0x a9 24 TrueColor    0     24  0  rgba   1   0   8   8   8   0  .   .   0   24  8   0   0   0   0   0   0   None
0x aa 24 TrueColor    0     24  0  rgba   1   0   8   8   8   0  .   .   0   24  8  16  16  16   0   0   0   Slow
0x ab 24 TrueColor    0     24  0  rgba   1   0   8   8   8   0  .   .   0   24  8   0   0   0   0   0   0   None
0x ac 24 TrueColor    0     24  0  rgba   1   0   8   8   8   0  .   .   0   24  8  16  16  16   0   0   0   Slow
0x b3 24 TrueColor    0     32  0  rgba   0   0   8   8   8   8  .   .   0    0  0   0   0   0   0   0   0   None
0x b4 24 TrueColor    0     32  0  rgba   0   0   8   8   8   8  .   .   0    0  0  16  16  16  16   0   0   Slow
0x b5 24 TrueColor    0     32  0  rgba   1   0   8   8   8   8  .   .   0    0  0   0   0   0   0   0   0   None
0x b6 24 TrueColor    0     32  0  rgba   1   0   8   8   8   8  .   .   0    0  0  16  16  16  16   0   0   Slow
0x b7 24 TrueColor    0     32  0  rgba   1   0   8   8   8   8  .   .   0    0  0   0   0   0   0   0   0   None
0x b8 24 TrueColor    0     32  0  rgba   1   0   8   8   8   8  .   .   0    0  0  16  16  16  16   0   0   Slow
0x b9 24 TrueColor    0     32  0  rgba   0   0   8   8   8   8  .   .   0   16  0   0   0   0   0   0   0   None
0x ba 24 TrueColor    0     32  0  rgba   0   0   8   8   8   8  .   .   0   16  0  16  16  16  16   0   0   Slow
0x bb 24 TrueColor    0     32  0  rgba   1   0   8   8   8   8  .   .   0   16  0   0   0   0   0   0   0   None
0x bc 24 TrueColor    0     32  0  rgba   1   0   8   8   8   8  .   .   0   16  0  16  16  16  16   0   0   Slow
0x bd 24 TrueColor    0     32  0  rgba   1   0   8   8   8   8  .   .   0   16  0   0   0   0   0   0   0   None
0x be 24 TrueColor    0     32  0  rgba   1   0   8   8   8   8  .   .   0   16  0  16  16  16  16   0   0   Slow
0x bf 24 TrueColor    0     32  0  rgba   0   0   8   8   8   8  .   .   0   24  0   0   0   0   0   0   0   None
0x c0 24 TrueColor    0     32  0  rgba   0   0   8   8   8   8  .   .   0   24  0  16  16  16  16   0   0   Slow
0x c1 24 TrueColor    0     32  0  rgba   1   0   8   8   8   8  .   .   0   24  0   0   0   0   0   0   0   None
0x c2 24 TrueColor    0     32  0  rgba   1   0   8   8   8   8  .   .   0   24  0  16  16  16  16   0   0   Slow
0x c3 24 TrueColor    0     32  0  rgba   1   0   8   8   8   8  .   .   0   24  0   0   0   0   0   0   0   None
0x c4 24 TrueColor    0     32  0  rgba   1   0   8   8   8   8  .   .   0   24  0  16  16  16  16   0   0   Slow
0x c5 24 TrueColor    0     32  0  rgba   0   0   8   8   8   8  .   .   0   24  8   0   0   0   0   0   0   None
0x c6 24 TrueColor    0     32  0  rgba   0   0   8   8   8   8  .   .   0   24  8  16  16  16  16   0   0   Slow
0x c7 24 TrueColor    0     32  0  rgba   1   0   8   8   8   8  .   .   0   24  8   0   0   0   0   0   0   None
0x c8 24 TrueColor    0     32  0  rgba   1   0   8   8   8   8  .   .   0   24  8  16  16  16  16   0   0   Slow
0x c9 24 TrueColor    0     32  0  rgba   1   0   8   8   8   8  .   .   0   24  8   0   0   0   0   0   0   None
0x ca 24 TrueColor    0     32  0  rgba   1   0   8   8   8   8  .   .   0   24  8  16  16  16  16   0   0   Slow
0x d1 24 TrueColor    0     24  0  rgba   0   0   8   8   8   0  .   .   0    0  0   0   0   0   0   0   0   None
0x d2 24 TrueColor    0     24  0  rgba   0   0   8   8   8   0  .   .   0    0  0  16  16  16   0   0   0   Slow
0x d3 24 TrueColor    0     24  0  rgba   1   0   8   8   8   0  .   .   0    0  0   0   0   0   0   0   0   None
0x d4 24 TrueColor    0     24  0  rgba   1   0   8   8   8   0  .   .   0    0  0  16  16  16   0   0   0   Slow
0x d5 24 TrueColor    0     24  0  rgba   1   0   8   8   8   0  .   .   0    0  0   0   0   0   0   0   0   None
0x d6 24 TrueColor    0     24  0  rgba   1   0   8   8   8   0  .   .   0    0  0  16  16  16   0   0   0   Slow
0x d7 24 TrueColor    0     24  0  rgba   0   0   8   8   8   0  .   .   0   16  0   0   0   0   0   0   0   None
0x d8 24 TrueColor    0     24  0  rgba   0   0   8   8   8   0  .   .   0   16  0  16  16  16   0   0   0   Slow
0x d9 24 TrueColor    0     24  0  rgba   1   0   8   8   8   0  .   .   0   16  0   0   0   0   0   0   0   None
0x da 24 TrueColor    0     24  0  rgba   1   0   8   8   8   0  .   .   0   16  0  16  16  16   0   0   0   Slow
0x db 24 TrueColor    0     24  0  rgba   1   0   8   8   8   0  .   .   0   16  0   0   0   0   0   0   0   None
0x dc 24 TrueColor    0     24  0  rgba   1   0   8   8   8   0  .   .   0   16  0  16  16  16   0   0   0   Slow
0x dd 24 TrueColor    0     24  0  rgba   0   0   8   8   8   0  .   .   0   24  0   0   0   0   0   0   0   None
0x de 24 TrueColor    0     24  0  rgba   0   0   8   8   8   0  .   .   0   24  0  16  16  16   0   0   0   Slow
0x df 24 TrueColor    0     24  0  rgba   1   0   8   8   8   0  .   .   0   24  0   0   0   0   0   0   0   None
0x e0 24 TrueColor    0     24  0  rgba   1   0   8   8   8   0  .   .   0   24  0  16  16  16   0   0   0   Slow
0x e1 24 TrueColor    0     24  0  rgba   1   0   8   8   8   0  .   .   0   24  0   0   0   0   0   0   0   None
0x e2 24 TrueColor    0     24  0  rgba   1   0   8   8   8   0  .   .   0   24  0  16  16  16   0   0   0   Slow
0x e3 24 TrueColor    0     24  0  rgba   0   0   8   8   8   0  .   .   0   24  8   0   0   0   0   0   0   None
0x e4 24 TrueColor    0     24  0  rgba   0   0   8   8   8   0  .   .   0   24  8  16  16  16   0   0   0   Slow
0x e5 24 TrueColor    0     24  0  rgba   1   0   8   8   8   0  .   .   0   24  8   0   0   0   0   0   0   None
0x e6 24 TrueColor    0     24  0  rgba   1   0   8   8   8   0  .   .   0   24  8  16  16  16   0   0   0   Slow
0x e7 24 TrueColor    0     24  0  rgba   1   0   8   8   8   0  .   .   0   24  8   0   0   0   0   0   0   None
0x e8 24 TrueColor    0     24  0  rgba   1   0   8   8   8   0  .   .   0   24  8  16  16  16   0   0   0   Slow
0x ef  0 TrueColor    0     16  0  rgba   0   0   5   6   5   0  .   .   0    0  0   0   0   0   0   0   0   None
0x f0  0 TrueColor    0     16  0  rgba   0   0   5   6   5   0  .   .   0    0  0  16  16  16   0   0   0   Slow
0x f1  0 TrueColor    0     16  0  rgba   1   0   5   6   5   0  .   .   0    0  0   0   0   0   0   0   0   None
0x f2  0 TrueColor    0     16  0  rgba   1   0   5   6   5   0  .   .   0    0  0  16  16  16   0   0   0   Slow
0x f3  0 TrueColor    0     16  0  rgba   1   0   5   6   5   0  .   .   0    0  0   0   0   0   0   0   0   None
0x f4  0 TrueColor    0     16  0  rgba   1   0   5   6   5   0  .   .   0    0  0  16  16  16   0   0   0   Slow
0x f5  0 TrueColor    0     16  0  rgba   0   0   5   6   5   0  .   .   0   16  0   0   0   0   0   0   0   None
0x f6  0 TrueColor    0     16  0  rgba   0   0   5   6   5   0  .   .   0   16  0  16  16  16   0   0   0   Slow
0x f7  0 TrueColor    0     16  0  rgba   1   0   5   6   5   0  .   .   0   16  0   0   0   0   0   0   0   None
0x f8  0 TrueColor    0     16  0  rgba   1   0   5   6   5   0  .   .   0   16  0  16  16  16   0   0   0   Slow
0x f9  0 TrueColor    0     16  0  rgba   1   0   5   6   5   0  .   .   0   16  0   0   0   0   0   0   0   None
0x fa  0 TrueColor    0     16  0  rgba   1   0   5   6   5   0  .   .   0   16  0  16  16  16   0   0   0   Slow
0x fb  0 TrueColor    0     16  0  rgba   0   0   5   6   5   0  .   .   0   24  0   0   0   0   0   0   0   None
0x fc  0 TrueColor    0     16  0  rgba   0   0   5   6   5   0  .   .   0   24  0  16  16  16   0   0   0   Slow
0x fd  0 TrueColor    0     16  0  rgba   1   0   5   6   5   0  .   .   0   24  0   0   0   0   0   0   0   None
0x fe  0 TrueColor    0     16  0  rgba   1   0   5   6   5   0  .   .   0   24  0  16  16  16   0   0   0   Slow
0x ff  0 TrueColor    0     16  0  rgba   1   0   5   6   5   0  .   .   0   24  0   0   0   0   0   0   0   None
0x100  0 TrueColor    0     16  0  rgba   1   0   5   6   5   0  .   .   0   24  0  16  16  16   0   0   0   Slow
0x101  0 TrueColor    0     16  0  rgba   0   0   5   6   5   0  .   .   0   24  8   0   0   0   0   0   0   None
0x102  0 TrueColor    0     16  0  rgba   0   0   5   6   5   0  .   .   0   24  8  16  16  16   0   0   0   Slow
0x103  0 TrueColor    0     16  0  rgba   1   0   5   6   5   0  .   .   0   24  8   0   0   0   0   0   0   None
0x104  0 TrueColor    0     16  0  rgba   1   0   5   6   5   0  .   .   0   24  8  16  16  16   0   0   0   Slow
0x105  0 TrueColor    0     16  0  rgba   1   0   5   6   5   0  .   .   0   24  8   0   0   0   0   0   0   None
0x106  0 TrueColor    0     16  0  rgba   1   0   5   6   5   0  .   .   0   24  8  16  16  16   0   0   0   Slow
0x10d 24 DirectColor  0     32  0  rgba   0   0   8   8   8   8  .   .   0    0  0   0   0   0   0   0   0   None
0x10e 24 DirectColor  0     32  0  rgba   0   0   8   8   8   8  .   .   0    0  0  16  16  16  16   0   0   Slow
0x10f 24 DirectColor  0     32  0  rgba   1   0   8   8   8   8  .   .   0    0  0   0   0   0   0   0   0   None
0x110 24 DirectColor  0     32  0  rgba   1   0   8   8   8   8  .   .   0    0  0  16  16  16  16   0   0   Slow
0x111 24 DirectColor  0     32  0  rgba   1   0   8   8   8   8  .   .   0    0  0   0   0   0   0   0   0   None
0x112 24 DirectColor  0     32  0  rgba   1   0   8   8   8   8  .   .   0    0  0  16  16  16  16   0   0   Slow
0x113 24 DirectColor  0     32  0  rgba   0   0   8   8   8   8  .   .   0   16  0   0   0   0   0   0   0   None
0x114 24 DirectColor  0     32  0  rgba   0   0   8   8   8   8  .   .   0   16  0  16  16  16  16   0   0   Slow
0x115 24 DirectColor  0     32  0  rgba   1   0   8   8   8   8  .   .   0   16  0   0   0   0   0   0   0   None
0x116 24 DirectColor  0     32  0  rgba   1   0   8   8   8   8  .   .   0   16  0  16  16  16  16   0   0   Slow
0x117 24 DirectColor  0     32  0  rgba   1   0   8   8   8   8  .   .   0   16  0   0   0   0   0   0   0   None
0x118 24 DirectColor  0     32  0  rgba   1   0   8   8   8   8  .   .   0   16  0  16  16  16  16   0   0   Slow
0x119 24 DirectColor  0     32  0  rgba   0   0   8   8   8   8  .   .   0   24  0   0   0   0   0   0   0   None
0x11a 24 DirectColor  0     32  0  rgba   0   0   8   8   8   8  .   .   0   24  0  16  16  16  16   0   0   Slow
0x11b 24 DirectColor  0     32  0  rgba   1   0   8   8   8   8  .   .   0   24  0   0   0   0   0   0   0   None
0x11c 24 DirectColor  0     32  0  rgba   1   0   8   8   8   8  .   .   0   24  0  16  16  16  16   0   0   Slow
0x11d 24 DirectColor  0     32  0  rgba   1   0   8   8   8   8  .   .   0   24  0   0   0   0   0   0   0   None
0x11e 24 DirectColor  0     32  0  rgba   1   0   8   8   8   8  .   .   0   24  0  16  16  16  16   0   0   Slow
0x11f 24 DirectColor  0     32  0  rgba   0   0   8   8   8   8  .   .   0   24  8   0   0   0   0   0   0   None
0x120 24 DirectColor  0     32  0  rgba   0   0   8   8   8   8  .   .   0   24  8  16  16  16  16   0   0   Slow
0x121 24 DirectColor  0     32  0  rgba   1   0   8   8   8   8  .   .   0   24  8   0   0   0   0   0   0   None
0x122 24 DirectColor  0     32  0  rgba   1   0   8   8   8   8  .   .   0   24  8  16  16  16  16   0   0   Slow
0x123 24 DirectColor  0     32  0  rgba   1   0   8   8   8   8  .   .   0   24  8   0   0   0   0   0   0   None
0x124 24 DirectColor  0     32  0  rgba   1   0   8   8   8   8  .   .   0   24  8  16  16  16  16   0   0   Slow
0x12b 24 DirectColor  0     24  0  rgba   0   0   8   8   8   0  .   .   0    0  0   0   0   0   0   0   0   None
0x12c 24 DirectColor  0     24  0  rgba   0   0   8   8   8   0  .   .   0    0  0  16  16  16   0   0   0   Slow
0x12d 24 DirectColor  0     24  0  rgba   1   0   8   8   8   0  .   .   0    0  0   0   0   0   0   0   0   None
0x12e 24 DirectColor  0     24  0  rgba   1   0   8   8   8   0  .   .   0    0  0  16  16  16   0   0   0   Slow
0x12f 24 DirectColor  0     24  0  rgba   1   0   8   8   8   0  .   .   0    0  0   0   0   0   0   0   0   None
0x130 24 DirectColor  0     24  0  rgba   1   0   8   8   8   0  .   .   0    0  0  16  16  16   0   0   0   Slow
0x131 24 DirectColor  0     24  0  rgba   0   0   8   8   8   0  .   .   0   16  0   0   0   0   0   0   0   None
0x132 24 DirectColor  0     24  0  rgba   0   0   8   8   8   0  .   .   0   16  0  16  16  16   0   0   0   Slow
0x133 24 DirectColor  0     24  0  rgba   1   0   8   8   8   0  .   .   0   16  0   0   0   0   0   0   0   None
0x134 24 DirectColor  0     24  0  rgba   1   0   8   8   8   0  .   .   0   16  0  16  16  16   0   0   0   Slow
0x135 24 DirectColor  0     24  0  rgba   1   0   8   8   8   0  .   .   0   16  0   0   0   0   0   0   0   None
0x136 24 DirectColor  0     24  0  rgba   1   0   8   8   8   0  .   .   0   16  0  16  16  16   0   0   0   Slow
0x137 24 DirectColor  0     24  0  rgba   0   0   8   8   8   0  .   .   0   24  0   0   0   0   0   0   0   None
0x138 24 DirectColor  0     24  0  rgba   0   0   8   8   8   0  .   .   0   24  0  16  16  16   0   0   0   Slow
0x139 24 DirectColor  0     24  0  rgba   1   0   8   8   8   0  .   .   0   24  0   0   0   0   0   0   0   None
0x13a 24 DirectColor  0     24  0  rgba   1   0   8   8   8   0  .   .   0   24  0  16  16  16   0   0   0   Slow
0x13b 24 DirectColor  0     24  0  rgba   1   0   8   8   8   0  .   .   0   24  0   0   0   0   0   0   0   None
0x13c 24 DirectColor  0     24  0  rgba   1   0   8   8   8   0  .   .   0   24  0  16  16  16   0   0   0   Slow
0x13d 24 DirectColor  0     24  0  rgba   0   0   8   8   8   0  .   .   0   24  8   0   0   0   0   0   0   None
0x13e 24 DirectColor  0     24  0  rgba   0   0   8   8   8   0  .   .   0   24  8  16  16  16   0   0   0   Slow
0x13f 24 DirectColor  0     24  0  rgba   1   0   8   8   8   0  .   .   0   24  8   0   0   0   0   0   0   None
0x140 24 DirectColor  0     24  0  rgba   1   0   8   8   8   0  .   .   0   24  8  16  16  16   0   0   0   Slow
0x141 24 DirectColor  0     24  0  rgba   1   0   8   8   8   0  .   .   0   24  8   0   0   0   0   0   0   None
0x142 24 DirectColor  0     24  0  rgba   1   0   8   8   8   0  .   .   0   24  8  16  16  16   0   0   0   Slow
0x149 24 DirectColor  0     32  0  rgba   0   0   8   8   8   8  .   .   0    0  0   0   0   0   0   0   0   None
0x14a 24 DirectColor  0     32  0  rgba   0   0   8   8   8   8  .   .   0    0  0  16  16  16  16   0   0   Slow
0x14b 24 DirectColor  0     32  0  rgba   1   0   8   8   8   8  .   .   0    0  0   0   0   0   0   0   0   None
0x14c 24 DirectColor  0     32  0  rgba   1   0   8   8   8   8  .   .   0    0  0  16  16  16  16   0   0   Slow
0x14d 24 DirectColor  0     32  0  rgba   1   0   8   8   8   8  .   .   0    0  0   0   0   0   0   0   0   None
0x14e 24 DirectColor  0     32  0  rgba   1   0   8   8   8   8  .   .   0    0  0  16  16  16  16   0   0   Slow
0x14f 24 DirectColor  0     32  0  rgba   0   0   8   8   8   8  .   .   0   16  0   0   0   0   0   0   0   None
0x150 24 DirectColor  0     32  0  rgba   0   0   8   8   8   8  .   .   0   16  0  16  16  16  16   0   0   Slow
0x151 24 DirectColor  0     32  0  rgba   1   0   8   8   8   8  .   .   0   16  0   0   0   0   0   0   0   None
0x152 24 DirectColor  0     32  0  rgba   1   0   8   8   8   8  .   .   0   16  0  16  16  16  16   0   0   Slow
0x153 24 DirectColor  0     32  0  rgba   1   0   8   8   8   8  .   .   0   16  0   0   0   0   0   0   0   None
0x154 24 DirectColor  0     32  0  rgba   1   0   8   8   8   8  .   .   0   16  0  16  16  16  16   0   0   Slow
0x155 24 DirectColor  0     32  0  rgba   0   0   8   8   8   8  .   .   0   24  0   0   0   0   0   0   0   None
0x156 24 DirectColor  0     32  0  rgba   0   0   8   8   8   8  .   .   0   24  0  16  16  16  16   0   0   Slow
0x157 24 DirectColor  0     32  0  rgba   1   0   8   8   8   8  .   .   0   24  0   0   0   0   0   0   0   None
0x158 24 DirectColor  0     32  0  rgba   1   0   8   8   8   8  .   .   0   24  0  16  16  16  16   0   0   Slow
0x159 24 DirectColor  0     32  0  rgba   1   0   8   8   8   8  .   .   0   24  0   0   0   0   0   0   0   None
0x15a 24 DirectColor  0     32  0  rgba   1   0   8   8   8   8  .   .   0   24  0  16  16  16  16   0   0   Slow
0x15b 24 DirectColor  0     32  0  rgba   0   0   8   8   8   8  .   .   0   24  8   0   0   0   0   0   0   None
0x15c 24 DirectColor  0     32  0  rgba   0   0   8   8   8   8  .   .   0   24  8  16  16  16  16   0   0   Slow
0x15d 24 DirectColor  0     32  0  rgba   1   0   8   8   8   8  .   .   0   24  8   0   0   0   0   0   0   None
0x15e 24 DirectColor  0     32  0  rgba   1   0   8   8   8   8  .   .   0   24  8  16  16  16  16   0   0   Slow
0x15f 24 DirectColor  0     32  0  rgba   1   0   8   8   8   8  .   .   0   24  8   0   0   0   0   0   0   None
0x160 24 DirectColor  0     32  0  rgba   1   0   8   8   8   8  .   .   0   24  8  16  16  16  16   0   0   Slow
0x167 24 DirectColor  0     24  0  rgba   0   0   8   8   8   0  .   .   0    0  0   0   0   0   0   0   0   None
0x168 24 DirectColor  0     24  0  rgba   0   0   8   8   8   0  .   .   0    0  0  16  16  16   0   0   0   Slow
0x169 24 DirectColor  0     24  0  rgba   1   0   8   8   8   0  .   .   0    0  0   0   0   0   0   0   0   None
0x16a 24 DirectColor  0     24  0  rgba   1   0   8   8   8   0  .   .   0    0  0  16  16  16   0   0   0   Slow
0x16b 24 DirectColor  0     24  0  rgba   1   0   8   8   8   0  .   .   0    0  0   0   0   0   0   0   0   None
0x16c 24 DirectColor  0     24  0  rgba   1   0   8   8   8   0  .   .   0    0  0  16  16  16   0   0   0   Slow
0x16d 24 DirectColor  0     24  0  rgba   0   0   8   8   8   0  .   .   0   16  0   0   0   0   0   0   0   None
0x16e 24 DirectColor  0     24  0  rgba   0   0   8   8   8   0  .   .   0   16  0  16  16  16   0   0   0   Slow
0x16f 24 DirectColor  0     24  0  rgba   1   0   8   8   8   0  .   .   0   16  0   0   0   0   0   0   0   None
0x170 24 DirectColor  0     24  0  rgba   1   0   8   8   8   0  .   .   0   16  0  16  16  16   0   0   0   Slow
0x171 24 DirectColor  0     24  0  rgba   1   0   8   8   8   0  .   .   0   16  0   0   0   0   0   0   0   None
0x172 24 DirectColor  0     24  0  rgba   1   0   8   8   8   0  .   .   0   16  0  16  16  16   0   0   0   Slow
0x173 24 DirectColor  0     24  0  rgba   0   0   8   8   8   0  .   .   0   24  0   0   0   0   0   0   0   None
0x174 24 DirectColor  0     24  0  rgba   0   0   8   8   8   0  .   .   0   24  0  16  16  16   0   0   0   Slow
0x175 24 DirectColor  0     24  0  rgba   1   0   8   8   8   0  .   .   0   24  0   0   0   0   0   0   0   None
0x176 24 DirectColor  0     24  0  rgba   1   0   8   8   8   0  .   .   0   24  0  16  16  16   0   0   0   Slow
0x177 24 DirectColor  0     24  0  rgba   1   0   8   8   8   0  .   .   0   24  0   0   0   0   0   0   0   None
0x178 24 DirectColor  0     24  0  rgba   1   0   8   8   8   0  .   .   0   24  0  16  16  16   0   0   0   Slow
0x179 24 DirectColor  0     24  0  rgba   0   0   8   8   8   0  .   .   0   24  8   0   0   0   0   0   0   None
0x17a 24 DirectColor  0     24  0  rgba   0   0   8   8   8   0  .   .   0   24  8  16  16  16   0   0   0   Slow
0x17b 24 DirectColor  0     24  0  rgba   1   0   8   8   8   0  .   .   0   24  8   0   0   0   0   0   0   None
0x17c 24 DirectColor  0     24  0  rgba   1   0   8   8   8   0  .   .   0   24  8  16  16  16   0   0   0   Slow
0x17d 24 DirectColor  0     24  0  rgba   1   0   8   8   8   0  .   .   0   24  8   0   0   0   0   0   0   None
0x17e 24 DirectColor  0     24  0  rgba   1   0   8   8   8   0  .   .   0   24  8  16  16  16   0   0   0   Slow
0x185  0 DirectColor  0     16  0  rgba   0   0   5   6   5   0  .   .   0    0  0   0   0   0   0   0   0   None
0x186  0 DirectColor  0     16  0  rgba   0   0   5   6   5   0  .   .   0    0  0  16  16  16   0   0   0   Slow
0x187  0 DirectColor  0     16  0  rgba   1   0   5   6   5   0  .   .   0    0  0   0   0   0   0   0   0   None
0x188  0 DirectColor  0     16  0  rgba   1   0   5   6   5   0  .   .   0    0  0  16  16  16   0   0   0   Slow
0x189  0 DirectColor  0     16  0  rgba   1   0   5   6   5   0  .   .   0    0  0   0   0   0   0   0   0   None
0x18a  0 DirectColor  0     16  0  rgba   1   0   5   6   5   0  .   .   0    0  0  16  16  16   0   0   0   Slow
0x18b  0 DirectColor  0     16  0  rgba   0   0   5   6   5   0  .   .   0   16  0   0   0   0   0   0   0   None
0x18c  0 DirectColor  0     16  0  rgba   0   0   5   6   5   0  .   .   0   16  0  16  16  16   0   0   0   Slow
0x18d  0 DirectColor  0     16  0  rgba   1   0   5   6   5   0  .   .   0   16  0   0   0   0   0   0   0   None
0x18e  0 DirectColor  0     16  0  rgba   1   0   5   6   5   0  .   .   0   16  0  16  16  16   0   0   0   Slow
0x18f  0 DirectColor  0     16  0  rgba   1   0   5   6   5   0  .   .   0   16  0   0   0   0   0   0   0   None
0x190  0 DirectColor  0     16  0  rgba   1   0   5   6   5   0  .   .   0   16  0  16  16  16   0   0   0   Slow
0x191  0 DirectColor  0     16  0  rgba   0   0   5   6   5   0  .   .   0   24  0   0   0   0   0   0   0   None
0x192  0 DirectColor  0     16  0  rgba   0   0   5   6   5   0  .   .   0   24  0  16  16  16   0   0   0   Slow
0x193  0 DirectColor  0     16  0  rgba   1   0   5   6   5   0  .   .   0   24  0   0   0   0   0   0   0   None
0x194  0 DirectColor  0     16  0  rgba   1   0   5   6   5   0  .   .   0   24  0  16  16  16   0   0   0   Slow
0x195  0 DirectColor  0     16  0  rgba   1   0   5   6   5   0  .   .   0   24  0   0   0   0   0   0   0   None
0x196  0 DirectColor  0     16  0  rgba   1   0   5   6   5   0  .   .   0   24  0  16  16  16   0   0   0   Slow
0x197  0 DirectColor  0     16  0  rgba   0   0   5   6   5   0  .   .   0   24  8   0   0   0   0   0   0   None
0x198  0 DirectColor  0     16  0  rgba   0   0   5   6   5   0  .   .   0   24  8  16  16  16   0   0   0   Slow
0x199  0 DirectColor  0     16  0  rgba   1   0   5   6   5   0  .   .   0   24  8   0   0   0   0   0   0   None
0x19a  0 DirectColor  0     16  0  rgba   1   0   5   6   5   0  .   .   0   24  8  16  16  16   0   0   0   Slow
0x19b  0 DirectColor  0     16  0  rgba   1   0   5   6   5   0  .   .   0   24  8   0   0   0   0   0   0   None
0x19c  0 DirectColor  0     16  0  rgba   1   0   5   6   5   0  .   .   0   24  8  16  16  16   0   0   0   Slow

