name of display: :0
display: :0  screen: 0
direct rendering: Yes
server glx vendor string: SGI
server glx version string: 1.4
server glx extensions:
    GLX_ARB_create_context
    GLX_ARB_create_context_profile
    GLX_ARB_fbconfig_float
    GLX_ARB_framebuffer_sRGB
    GLX_ARB_multisample
    GLX_EXT_create_context_es2_profile
    GLX_EXT_framebuffer_sRGB
    GLX_EXT_import_context
    GLX_EXT_texture_from_pixmap
    GLX_EXT_visual_info
    GLX_EXT_visual_rating
    GLX_INTEL_swap_event
    GLX_MESA_copy_sub_buffer
    GLX_OML_swap_method
    GLX_SGIS_multisample
    GLX_SGIX_fbconfig
    GLX_SGIX_pbuffer
    GLX_SGIX_visual_select_group
    GLX_SGI_swap_control
    
client glx vendor string: Mesa Project and SGI
client glx version string: 1.4
client glx extensions:
    GLX_ARB_create_context
    GLX_ARB_create_context_profile
    GLX_ARB_create_context_robustness
    GLX_ARB_fbconfig_float
    GLX_ARB_framebuffer_sRGB
    GLX_ARB_get_proc_address
    GLX_ARB_multisample
    GLX_EXT_create_context_es2_profile
    GLX_EXT_fbconfig_packed_float
    GLX_EXT_framebuffer_sRGB
    GLX_EXT_import_context
    GLX_EXT_texture_from_pixmap
    GLX_EXT_visual_info
    GLX_EXT_visual_rating
    GLX_INTEL_swap_event
    GLX_MESA_copy_sub_buffer
    GLX_MESA_multithread_makecurrent
    GLX_MESA_query_renderer
    GLX_MESA_swap_control
    GLX_OML_swap_method
    GLX_OML_sync_control
    GLX_SGIS_multisample
    GLX_SGIX_fbconfig
    GLX_SGIX_pbuffer
    GLX_SGIX_visual_select_group
    GLX_SGI_make_current_read
    GLX_SGI_swap_control
    GLX_SGI_video_sync
    
GLX version: 1.4
GLX extensions:
    GLX_ARB_create_context
    GLX_ARB_create_context_profile
    GLX_ARB_fbconfig_float
    GLX_ARB_framebuffer_sRGB
    GLX_ARB_get_proc_address
    GLX_ARB_multisample
    GLX_EXT_create_context_es2_profile
    GLX_EXT_framebuffer_sRGB
    GLX_EXT_import_context
    GLX_EXT_texture_from_pixmap
    GLX_EXT_visual_info
    GLX_EXT_visual_rating
    GLX_INTEL_swap_event
    GLX_MESA_copy_sub_buffer
    GLX_MESA_multithread_makecurrent
    GLX_MESA_query_renderer
    GLX_MESA_swap_control
    GLX_OML_swap_method
    GLX_OML_sync_control
    GLX_SGIS_multisample
    GLX_SGIX_fbconfig
    GLX_SGIX_pbuffer
    GLX_SGIX_visual_select_group
    GLX_SGI_make_current_read
    GLX_SGI_swap_control
    GLX_SGI_video_sync
    
OpenGL vendor string: Mesa Project
OpenGL renderer string: Gallium 0.4 on i915 (chipset: 945G)
OpenGL version string: 2.1 Mesa 10.5.0-rc1
OpenGL shading language version string: 1.20
OpenGL extensions:
    GL_AMD_shader_trinary_minmax
    GL_ANGLE_texture_compression_dxt3
    GL_ANGLE_texture_compression_dxt5
    GL_APPLE_packed_pixels
    GL_APPLE_vertex_array_object
    GL_ARB_ES2_compatibility
    GL_ARB_clear_buffer_object
    GL_ARB_compressed_texture_pixel_storage
    GL_ARB_copy_buffer
    GL_ARB_debug_output
    GL_ARB_depth_texture
    GL_ARB_draw_buffers
    GL_ARB_draw_elements_base_vertex
    GL_ARB_draw_instanced
    GL_ARB_explicit_attrib_location
    GL_ARB_explicit_uniform_location
    GL_ARB_fragment_coord_conventions
    GL_ARB_fragment_program
    GL_ARB_fragment_program_shadow
    GL_ARB_fragment_shader
    GL_ARB_framebuffer_object
    GL_ARB_get_program_binary
    GL_ARB_half_float_pixel
    GL_ARB_half_float_vertex
    GL_ARB_instanced_arrays
    GL_ARB_internalformat_query
    GL_ARB_invalidate_subdata
    GL_ARB_map_buffer_alignment
    GL_ARB_map_buffer_range
    GL_ARB_multi_bind
    GL_ARB_multisample
    GL_ARB_multitexture
    GL_ARB_occlusion_query
    GL_ARB_occlusion_query2
    GL_ARB_pixel_buffer_object
    GL_ARB_point_parameters
    GL_ARB_point_sprite
    GL_ARB_provoking_vertex
    GL_ARB_robustness
    GL_ARB_sampler_objects
    GL_ARB_separate_shader_objects
    GL_ARB_shader_objects
    GL_ARB_shading_language_100
    GL_ARB_shadow
    GL_ARB_sync
    GL_ARB_texture_border_clamp
    GL_ARB_texture_compression
    GL_ARB_texture_cube_map
    GL_ARB_texture_env_add
    GL_ARB_texture_env_combine
    GL_ARB_texture_env_crossbar
    GL_ARB_texture_env_dot3
    GL_ARB_texture_mirrored_repeat
    GL_ARB_texture_non_power_of_two
    GL_ARB_texture_rectangle
    GL_ARB_texture_storage
    GL_ARB_transpose_matrix
    GL_ARB_vertex_array_bgra
    GL_ARB_vertex_array_object
    GL_ARB_vertex_attrib_binding
    GL_ARB_vertex_buffer_object
    GL_ARB_vertex_program
    GL_ARB_vertex_shader
    GL_ARB_vertex_type_10f_11f_11f_rev
    GL_ARB_vertex_type_2_10_10_10_rev
    GL_ARB_window_pos
    GL_ATI_blend_equation_separate
    GL_ATI_draw_buffers
    GL_ATI_separate_stencil
    GL_ATI_texture_env_combine3
    GL_EXT_abgr
    GL_EXT_bgra
    GL_EXT_blend_color
    GL_EXT_blend_equation_separate
    GL_EXT_blend_func_separate
    GL_EXT_blend_minmax
    GL_EXT_blend_subtract
    GL_EXT_compiled_vertex_array
    GL_EXT_copy_texture
    GL_EXT_draw_instanced
    GL_EXT_draw_range_elements
    GL_EXT_fog_coord
    GL_EXT_framebuffer_blit
    GL_EXT_framebuffer_object
    GL_EXT_gpu_program_parameters
    GL_EXT_multi_draw_arrays
    GL_EXT_packed_depth_stencil
    GL_EXT_packed_pixels
    GL_EXT_pixel_buffer_object
    GL_EXT_point_parameters
    GL_EXT_polygon_offset
    GL_EXT_provoking_vertex
    GL_EXT_rescale_normal
    GL_EXT_secondary_color
    GL_EXT_separate_specular_color
    GL_EXT_shadow_funcs
    GL_EXT_stencil_two_side
    GL_EXT_stencil_wrap
    GL_EXT_subtexture
    GL_EXT_texture
    GL_EXT_texture3D
    GL_EXT_texture_compression_dxt1
    GL_EXT_texture_compression_s3tc
    GL_EXT_texture_cube_map
    GL_EXT_texture_edge_clamp
    GL_EXT_texture_env_add
    GL_EXT_texture_env_combine
    GL_EXT_texture_env_dot3
    GL_EXT_texture_filter_anisotropic
    GL_EXT_texture_lod_bias
    GL_EXT_texture_object
    GL_EXT_texture_rectangle
    GL_EXT_texture_sRGB
    GL_EXT_texture_sRGB_decode
    GL_EXT_vertex_array
    GL_EXT_vertex_array_bgra
    GL_IBM_multimode_draw_arrays
    GL_IBM_rasterpos_clip
    GL_IBM_texture_mirrored_repeat
    GL_INGR_blend_func_separate
    GL_KHR_context_flush_control
    GL_KHR_debug
    GL_MESA_pack_invert
    GL_MESA_window_pos
    GL_MESA_ycbcr_texture
    GL_NV_blend_square
    GL_NV_fog_distance
    GL_NV_light_max_exponent
    GL_NV_packed_depth_stencil
    GL_NV_primitive_restart
    GL_NV_texgen_reflection
    GL_NV_texture_env_combine4
    GL_NV_texture_rectangle
    GL_OES_EGL_image
    GL_OES_read_format
    GL_S3_s3tc
    GL_SGIS_generate_mipmap
    GL_SGIS_texture_border_clamp
    GL_SGIS_texture_edge_clamp
    GL_SGIS_texture_lod
    GL_SUN_multi_draw_arrays
    
OpenGL limits:
    GL_MAX_ATTRIB_STACK_DEPTH = 16
    GL_MAX_CLIENT_ATTRIB_STACK_DEPTH = 16
    GL_MAX_CLIP_PLANES = 6
    GL_MAX_ELEMENTS_VERTICES = 3000
    GL_MAX_ELEMENTS_INDICES = 3000
    GL_MAX_EVAL_ORDER = 30
    GL_MAX_LIGHTS = 8
    GL_MAX_LIST_NESTING = 64
    GL_MAX_MODELVIEW_STACK_DEPTH = 32
    GL_MAX_NAME_STACK_DEPTH = 64
    GL_MAX_PIXEL_MAP_TABLE = 256
    GL_MAX_PROJECTION_STACK_DEPTH = 32
    GL_MAX_TEXTURE_STACK_DEPTH = 10
    GL_MAX_TEXTURE_SIZE = 2048
    GL_MAX_3D_TEXTURE_SIZE = 256
    GL_MAX_VIEWPORT_DIMS = 2048, 2048
    GL_ALIASED_LINE_WIDTH_RANGE = 1, 8
    GL_SMOOTH_LINE_WIDTH_RANGE = 1, 8
    GL_ALIASED_POINT_SIZE_RANGE = 1, 255
    GL_SMOOTH_POINT_SIZE_RANGE = 0, 255
    GL_MAX_CUBE_MAP_TEXTURE_SIZE_ARB = 2048
    GL_MAX_RECTANGLE_TEXTURE_SIZE_NV = 2048
    GL_NUM_COMPRESSED_TEXTURE_FORMATS_ARB = 3
    GL_MAX_TEXTURE_UNITS_ARB = 8
    GL_MAX_TEXTURE_LOD_BIAS_EXT = 16
    GL_MAX_TEXTURE_MAX_ANISOTROPY_EXT = 4
    GL_MAX_DRAW_BUFFERS_ARB = 1
    GL_MAX_RENDERBUFFER_SIZE = 2048
    GL_MAX_COLOR_ATTACHMENTS = 1
    GL_MAX_SAMPLES = 0
    GL_VERTEX_PROGRAM_ARB:
        GL_MAX_PROGRAM_INSTRUCTIONS_ARB = 1048576
        GL_MAX_PROGRAM_NATIVE_INSTRUCTIONS_ARB = 1048576
        GL_MAX_PROGRAM_TEMPORARIES_ARB = 4096
        GL_MAX_PROGRAM_NATIVE_TEMPORARIES_ARB = 4096
        GL_MAX_PROGRAM_PARAMETERS_ARB = 4096
        GL_MAX_PROGRAM_NATIVE_PARAMETERS_ARB = 4096
        GL_MAX_PROGRAM_ATTRIBS_ARB = 16
        GL_MAX_PROGRAM_NATIVE_ATTRIBS_ARB = 32
        GL_MAX_PROGRAM_ADDRESS_REGISTERS_ARB = 1
        GL_MAX_PROGRAM_NATIVE_ADDRESS_REGISTERS_ARB = 1
        GL_MAX_PROGRAM_LOCAL_PARAMETERS_ARB = 4096
        GL_MAX_PROGRAM_ENV_PARAMETERS_ARB = 256
    GL_FRAGMENT_PROGRAM_ARB:
        GL_MAX_PROGRAM_INSTRUCTIONS_ARB = 96
        GL_MAX_PROGRAM_NATIVE_INSTRUCTIONS_ARB = 96
        GL_MAX_PROGRAM_TEMPORARIES_ARB = 12
        GL_MAX_PROGRAM_NATIVE_TEMPORARIES_ARB = 12
        GL_MAX_PROGRAM_PARAMETERS_ARB = 32
        GL_MAX_PROGRAM_NATIVE_PARAMETERS_ARB = 32
        GL_MAX_PROGRAM_ATTRIBS_ARB = 10
        GL_MAX_PROGRAM_NATIVE_ATTRIBS_ARB = 10
        GL_MAX_PROGRAM_ADDRESS_REGISTERS_ARB = 0
        GL_MAX_PROGRAM_NATIVE_ADDRESS_REGISTERS_ARB = 0
        GL_MAX_PROGRAM_LOCAL_PARAMETERS_ARB = 32
        GL_MAX_PROGRAM_ENV_PARAMETERS_ARB = 32
        GL_MAX_PROGRAM_ALU_INSTRUCTIONS_ARB = 64
        GL_MAX_PROGRAM_TEX_INSTRUCTIONS_ARB = 32
        GL_MAX_PROGRAM_TEX_INDIRECTIONS_ARB = 8
        GL_MAX_PROGRAM_NATIVE_ALU_INSTRUCTIONS_ARB = 64
        GL_MAX_PROGRAM_NATIVE_TEX_INSTRUCTIONS_ARB = 32
        GL_MAX_PROGRAM_NATIVE_TEX_INDIRECTIONS_ARB = 8
    GL_VERTEX_SHADER_ARB:
        GL_MAX_VERTEX_UNIFORM_COMPONENTS_ARB = 16384
        GL_MAX_VARYING_FLOATS_ARB = 40
        GL_MAX_VERTEX_ATTRIBS_ARB = 16
        GL_MAX_TEXTURE_IMAGE_UNITS_ARB = 8
        GL_MAX_VERTEX_TEXTURE_IMAGE_UNITS_ARB = 18
        GL_MAX_COMBINED_TEXTURE_IMAGE_UNITS_ARB = 26
        GL_MAX_TEXTURE_COORDS_ARB = 8
    GL_FRAGMENT_SHADER_ARB:
        GL_MAX_FRAGMENT_UNIFORM_COMPONENTS_ARB = 128
        GL_MAX_TEXTURE_COORDS_ARB = 8
        GL_MAX_TEXTURE_IMAGE_UNITS_ARB = 8

12 GLX Visuals
Vis   Vis   Visual Trans  buff lev render DB ste  r   g   b   a      s  aux dep ste  accum buffer   MS   MS         
 ID  Depth   Type  parent size el   type     reo sz  sz  sz  sz flt rgb buf th  ncl  r   g   b   a  num bufs caveats
--------------------------------------------------------------------------------------------------------------------
0x 20 24 TrueColor    0     32  0  rgba   1   0   8   8   8   8  .   .   0   24  8   0   0   0   0   0   0   None
0x 21 24 DirectColor  0     32  0  rgba   1   0   8   8   8   8  .   .   0   24  8   0   0   0   0   0   0   None
0x 73 24 TrueColor    0     32  0  rgba   1   0   8   8   8   8  .   .   0    0  0   0   0   0   0   0   0   None
0x 74 24 TrueColor    0     32  0  rgba   0   0   8   8   8   8  .   .   0    0  0   0   0   0   0   0   0   None
0x 75 24 TrueColor    0     32  0  rgba   0   0   8   8   8   8  .   .   0   24  8   0   0   0   0   0   0   None
0x 76 24 TrueColor    0     32  0  rgba   1   0   8   8   8   8  .   .   0   24  8  16  16  16  16   0   0   Slow
0x 77 24 DirectColor  0     32  0  rgba   1   0   8   8   8   8  .   .   0    0  0   0   0   0   0   0   0   None
0x 78 24 DirectColor  0     32  0  rgba   0   0   8   8   8   8  .   .   0    0  0   0   0   0   0   0   0   None
0x 79 24 DirectColor  0     32  0  rgba   0   0   8   8   8   8  .   .   0   24  8   0   0   0   0   0   0   None
0x 7a 24 DirectColor  0     32  0  rgba   1   0   8   8   8   8  .   .   0   24  8   0   0   0   0   0   0   None
0x 7b 24 DirectColor  0     32  0  rgba   1   0   8   8   8   8  .   .   0   24  8  16  16  16  16   0   0   Slow
0x 5a 32 TrueColor    0     32  0  rgba   1   0   8   8   8   8  .   .   0   24  8   0   0   0   0   0   0   None

16 GLXFBConfigs:
Vis   Vis   Visual Trans  buff lev render DB ste  r   g   b   a      s  aux dep ste  accum buffer   MS   MS         
 ID  Depth   Type  parent size el   type     reo sz  sz  sz  sz flt rgb buf th  ncl  r   g   b   a  num bufs caveats
--------------------------------------------------------------------------------------------------------------------
0x 5b  0 TrueColor    0     16  0  rgba   1   0   5   6   5   0  .   .   0    0  0   0   0   0   0   0   0   None
0x 5c  0 TrueColor    0     16  0  rgba   0   0   5   6   5   0  .   .   0    0  0   0   0   0   0   0   0   None
0x 5f 24 TrueColor    0     32  0  rgba   1   0   8   8   8   8  .   .   0    0  0   0   0   0   0   0   0   None
0x 60 24 TrueColor    0     32  0  rgba   0   0   8   8   8   8  .   .   0    0  0   0   0   0   0   0   0   None
0x 61 24 TrueColor    0     32  0  rgba   1   0   8   8   8   8  .   .   0   24  8   0   0   0   0   0   0   None
0x 62 24 TrueColor    0     32  0  rgba   0   0   8   8   8   8  .   .   0   24  8   0   0   0   0   0   0   None
0x 65 32 TrueColor    0     32  0  rgba   1   0   8   8   8   8  .   .   0   24  8   0   0   0   0   0   0   None
0x 66 24 TrueColor    0     32  0  rgba   1   0   8   8   8   8  .   .   0   24  8  16  16  16  16   0   0   Slow
0x 67  0 DirectColor  0     16  0  rgba   1   0   5   6   5   0  .   .   0    0  0   0   0   0   0   0   0   None
0x 68  0 DirectColor  0     16  0  rgba   0   0   5   6   5   0  .   .   0    0  0   0   0   0   0   0   0   None
0x 6b 24 DirectColor  0     32  0  rgba   1   0   8   8   8   8  .   .   0    0  0   0   0   0   0   0   0   None
0x 6c 24 DirectColor  0     32  0  rgba   0   0   8   8   8   8  .   .   0    0  0   0   0   0   0   0   0   None
0x 6d 24 DirectColor  0     32  0  rgba   1   0   8   8   8   8  .   .   0   24  8   0   0   0   0   0   0   None
0x 6e 24 DirectColor  0     32  0  rgba   0   0   8   8   8   8  .   .   0   24  8   0   0   0   0   0   0   None
0x 71 24 DirectColor  0     32  0  rgba   1   0   8   8   8   8  .   .   0   24  8   0   0   0   0   0   0   None
0x 72 24 DirectColor  0     32  0  rgba   1   0   8   8   8   8  .   .   0   24  8  16  16  16  16   0   0   Slow

