name of display: :0
display: :0  screen: 0
direct rendering: Yes
server glx vendor string: NVIDIA Corporation
server glx version string: 1.4
server glx extensions:
    GLX_ARB_create_context
    GLX_ARB_create_context_profile
    GLX_ARB_create_context_robustness
    GLX_ARB_fbconfig_float
    GLX_ARB_multisample
    GLX_EXT_buffer_age
    GLX_EXT_create_context_es2_profile
    GLX_EXT_create_context_es_profile
    GLX_EXT_framebuffer_sRGB
    GLX_EXT_swap_control
    GLX_EXT_swap_control_tear
    GLX_EXT_texture_from_pixmap
    GLX_EXT_visual_info
    GLX_EXT_visual_rating
    GLX_NV_float_buffer
    GLX_NV_multisample_coverage
    GLX_SGIX_fbconfig
    GLX_SGIX_pbuffer
    GLX_SGI_swap_control
    GLX_SGI_video_sync
    
client glx vendor string: NVIDIA Corporation
client glx version string: 1.4
client glx extensions:
    GLX_ARB_create_context
    GLX_ARB_create_context_profile
    GLX_ARB_create_context_robustness
    GLX_ARB_fbconfig_float
    GLX_ARB_get_proc_address
    GLX_ARB_multisample
    GLX_EXT_buffer_age
    GLX_EXT_create_context_es2_profile
    GLX_EXT_create_context_es_profile
    GLX_EXT_fbconfig_packed_float
    GLX_EXT_framebuffer_sRGB
    GLX_EXT_import_context
    GLX_EXT_swap_control
    GLX_EXT_swap_control_tear
    GLX_EXT_texture_from_pixmap
    GLX_EXT_visual_info
    GLX_EXT_visual_rating
    GLX_NV_copy_image
    GLX_NV_float_buffer
    GLX_NV_multisample_coverage
    GLX_NV_present_video
    GLX_NV_swap_group
    GLX_NV_video_capture
    GLX_NV_video_out
    GLX_SGIX_fbconfig
    GLX_SGIX_pbuffer
    GLX_SGI_swap_control
    GLX_SGI_video_sync
    
GLX version: 1.4
GLX extensions:
    GLX_ARB_create_context
    GLX_ARB_create_context_profile
    GLX_ARB_create_context_robustness
    GLX_ARB_fbconfig_float
    GLX_ARB_get_proc_address
    GLX_ARB_multisample
    GLX_EXT_buffer_age
    GLX_EXT_create_context_es2_profile
    GLX_EXT_create_context_es_profile
    GLX_EXT_framebuffer_sRGB
    GLX_EXT_swap_control
    GLX_EXT_swap_control_tear
    GLX_EXT_texture_from_pixmap
    GLX_EXT_visual_info
    GLX_EXT_visual_rating
    GLX_NV_float_buffer
    GLX_NV_multisample_coverage
    GLX_SGIX_fbconfig
    GLX_SGIX_pbuffer
    GLX_SGI_swap_control
    GLX_SGI_video_sync
    
OpenGL vendor string: NVIDIA Corporation
OpenGL renderer string: GeForce GT 750M/PCIe/SSE2
OpenGL core profile version string: 4.3.0 NVIDIA 331.113
OpenGL core profile shading language version string: 4.30 NVIDIA via Cg compiler
OpenGL core profile context flags: (none)
OpenGL core profile profile mask: core profile
OpenGL core profile extensions:
    GL_AMD_multi_draw_indirect
    GL_AMD_seamless_cubemap_per_texture
    GL_ARB_ES2_compatibility
    GL_ARB_ES3_compatibility
    GL_ARB_arrays_of_arrays
    GL_ARB_base_instance
    GL_ARB_bindless_texture
    GL_ARB_blend_func_extended
    GL_ARB_buffer_storage
    GL_ARB_clear_buffer_object
    GL_ARB_clear_texture
    GL_ARB_color_buffer_float
    GL_ARB_compressed_texture_pixel_storage
    GL_ARB_compute_shader
    GL_ARB_compute_variable_group_size
    GL_ARB_conservative_depth
    GL_ARB_copy_buffer
    GL_ARB_copy_image
    GL_ARB_debug_output
    GL_ARB_depth_buffer_float
    GL_ARB_depth_clamp
    GL_ARB_depth_texture
    GL_ARB_draw_buffers
    GL_ARB_draw_buffers_blend
    GL_ARB_draw_elements_base_vertex
    GL_ARB_draw_indirect
    GL_ARB_draw_instanced
    GL_ARB_enhanced_layouts
    GL_ARB_explicit_attrib_location
    GL_ARB_explicit_uniform_location
    GL_ARB_fragment_coord_conventions
    GL_ARB_fragment_layer_viewport
    GL_ARB_fragment_program
    GL_ARB_fragment_program_shadow
    GL_ARB_fragment_shader
    GL_ARB_framebuffer_no_attachments
    GL_ARB_framebuffer_object
    GL_ARB_framebuffer_sRGB
    GL_ARB_geometry_shader4
    GL_ARB_get_program_binary
    GL_ARB_gpu_shader5
    GL_ARB_gpu_shader_fp64
    GL_ARB_half_float_pixel
    GL_ARB_half_float_vertex
    GL_ARB_imaging
    GL_ARB_indirect_parameters
    GL_ARB_instanced_arrays
    GL_ARB_internalformat_query
    GL_ARB_internalformat_query2
    GL_ARB_invalidate_subdata
    GL_ARB_map_buffer_alignment
    GL_ARB_map_buffer_range
    GL_ARB_multi_bind
    GL_ARB_multi_draw_indirect
    GL_ARB_multisample
    GL_ARB_multitexture
    GL_ARB_occlusion_query
    GL_ARB_occlusion_query2
    GL_ARB_pixel_buffer_object
    GL_ARB_point_parameters
    GL_ARB_point_sprite
    GL_ARB_program_interface_query
    GL_ARB_provoking_vertex
    GL_ARB_query_buffer_object
    GL_ARB_robust_buffer_access_behavior
    GL_ARB_robustness
    GL_ARB_sample_shading
    GL_ARB_sampler_objects
    GL_ARB_seamless_cube_map
    GL_ARB_seamless_cubemap_per_texture
    GL_ARB_separate_shader_objects
    GL_ARB_shader_atomic_counters
    GL_ARB_shader_bit_encoding
    GL_ARB_shader_draw_parameters
    GL_ARB_shader_group_vote
    GL_ARB_shader_image_load_store
    GL_ARB_shader_image_size
    GL_ARB_shader_objects
    GL_ARB_shader_precision
    GL_ARB_shader_storage_buffer_object
    GL_ARB_shader_subroutine
    GL_ARB_shader_texture_lod
    GL_ARB_shading_language_100
    GL_ARB_shading_language_420pack
    GL_ARB_shading_language_include
    GL_ARB_shading_language_packing
    GL_ARB_shadow
    GL_ARB_sparse_texture
    GL_ARB_stencil_texturing
    GL_ARB_sync
    GL_ARB_tessellation_shader
    GL_ARB_texture_border_clamp
    GL_ARB_texture_buffer_object
    GL_ARB_texture_buffer_object_rgb32
    GL_ARB_texture_buffer_range
    GL_ARB_texture_compression
    GL_ARB_texture_compression_bptc
    GL_ARB_texture_compression_rgtc
    GL_ARB_texture_cube_map
    GL_ARB_texture_cube_map_array
    GL_ARB_texture_env_add
    GL_ARB_texture_env_combine
    GL_ARB_texture_env_crossbar
    GL_ARB_texture_env_dot3
    GL_ARB_texture_float
    GL_ARB_texture_gather
    GL_ARB_texture_mirror_clamp_to_edge
    GL_ARB_texture_mirrored_repeat
    GL_ARB_texture_multisample
    GL_ARB_texture_non_power_of_two
    GL_ARB_texture_query_levels
    GL_ARB_texture_query_lod
    GL_ARB_texture_rectangle
    GL_ARB_texture_rg
    GL_ARB_texture_rgb10_a2ui
    GL_ARB_texture_stencil8
    GL_ARB_texture_storage
    GL_ARB_texture_storage_multisample
    GL_ARB_texture_swizzle
    GL_ARB_texture_view
    GL_ARB_timer_query
    GL_ARB_transform_feedback2
    GL_ARB_transform_feedback3
    GL_ARB_transform_feedback_instanced
    GL_ARB_transpose_matrix
    GL_ARB_uniform_buffer_object
    GL_ARB_vertex_array_bgra
    GL_ARB_vertex_array_object
    GL_ARB_vertex_attrib_64bit
    GL_ARB_vertex_attrib_binding
    GL_ARB_vertex_buffer_object
    GL_ARB_vertex_program
    GL_ARB_vertex_shader
    GL_ARB_vertex_type_10f_11f_11f_rev
    GL_ARB_vertex_type_2_10_10_10_rev
    GL_ARB_viewport_array
    GL_ARB_window_pos
    GL_ATI_draw_buffers
    GL_ATI_texture_float
    GL_ATI_texture_mirror_once
    GL_EXTX_framebuffer_mixed_formats
    GL_EXT_Cg_shader
    GL_EXT_abgr
    GL_EXT_bgra
    GL_EXT_bindable_uniform
    GL_EXT_blend_color
    GL_EXT_blend_equation_separate
    GL_EXT_blend_func_separate
    GL_EXT_blend_minmax
    GL_EXT_blend_subtract
    GL_EXT_compiled_vertex_array
    GL_EXT_depth_bounds_test
    GL_EXT_direct_state_access
    GL_EXT_draw_buffers2
    GL_EXT_draw_instanced
    GL_EXT_draw_range_elements
    GL_EXT_fog_coord
    GL_EXT_framebuffer_blit
    GL_EXT_framebuffer_multisample
    GL_EXT_framebuffer_multisample_blit_scaled
    GL_EXT_framebuffer_object
    GL_EXT_framebuffer_sRGB
    GL_EXT_geometry_shader4
    GL_EXT_gpu_program_parameters
    GL_EXT_gpu_shader4
    GL_EXT_import_sync_object
    GL_EXT_multi_draw_arrays
    GL_EXT_packed_depth_stencil
    GL_EXT_packed_float
    GL_EXT_packed_pixels
    GL_EXT_pixel_buffer_object
    GL_EXT_point_parameters
    GL_EXT_provoking_vertex
    GL_EXT_rescale_normal
    GL_EXT_secondary_color
    GL_EXT_separate_shader_objects
    GL_EXT_separate_specular_color
    GL_EXT_shader_image_load_store
    GL_EXT_shadow_funcs
    GL_EXT_stencil_two_side
    GL_EXT_stencil_wrap
    GL_EXT_texture3D
    GL_EXT_texture_array
    GL_EXT_texture_buffer_object
    GL_EXT_texture_compression_dxt1
    GL_EXT_texture_compression_latc
    GL_EXT_texture_compression_rgtc
    GL_EXT_texture_compression_s3tc
    GL_EXT_texture_cube_map
    GL_EXT_texture_edge_clamp
    GL_EXT_texture_env_add
    GL_EXT_texture_env_combine
    GL_EXT_texture_env_dot3
    GL_EXT_texture_filter_anisotropic
    GL_EXT_texture_integer
    GL_EXT_texture_lod
    GL_EXT_texture_lod_bias
    GL_EXT_texture_mirror_clamp
    GL_EXT_texture_object
    GL_EXT_texture_sRGB
    GL_EXT_texture_sRGB_decode
    GL_EXT_texture_shared_exponent
    GL_EXT_texture_storage
    GL_EXT_texture_swizzle
    GL_EXT_timer_query
    GL_EXT_transform_feedback2
    GL_EXT_vertex_array
    GL_EXT_vertex_array_bgra
    GL_EXT_vertex_attrib_64bit
    GL_EXT_x11_sync_object
    GL_IBM_rasterpos_clip
    GL_IBM_texture_mirrored_repeat
    GL_KHR_debug
    GL_KTX_buffer_region
    GL_NVX_conditional_render
    GL_NVX_gpu_memory_info
    GL_NVX_nvenc_interop
    GL_NV_ES1_1_compatibility
    GL_NV_bindless_multi_draw_indirect
    GL_NV_bindless_texture
    GL_NV_blend_equation_advanced
    GL_NV_blend_square
    GL_NV_compute_program5
    GL_NV_conditional_render
    GL_NV_copy_depth_to_color
    GL_NV_copy_image
    GL_NV_depth_buffer_float
    GL_NV_depth_clamp
    GL_NV_draw_texture
    GL_NV_explicit_multisample
    GL_NV_fence
    GL_NV_float_buffer
    GL_NV_fog_distance
    GL_NV_fragment_program
    GL_NV_fragment_program2
    GL_NV_fragment_program_option
    GL_NV_framebuffer_multisample_coverage
    GL_NV_geometry_shader4
    GL_NV_gpu_program4
    GL_NV_gpu_program4_1
    GL_NV_gpu_program5
    GL_NV_gpu_program5_mem_extended
    GL_NV_gpu_program_fp64
    GL_NV_gpu_shader5
    GL_NV_half_float
    GL_NV_light_max_exponent
    GL_NV_multisample_coverage
    GL_NV_multisample_filter_hint
    GL_NV_occlusion_query
    GL_NV_packed_depth_stencil
    GL_NV_parameter_buffer_object
    GL_NV_parameter_buffer_object2
    GL_NV_path_rendering
    GL_NV_pixel_data_range
    GL_NV_point_sprite
    GL_NV_primitive_restart
    GL_NV_register_combiners
    GL_NV_register_combiners2
    GL_NV_shader_atomic_counters
    GL_NV_shader_atomic_float
    GL_NV_shader_buffer_load
    GL_NV_shader_storage_buffer_object
    GL_NV_texgen_reflection
    GL_NV_texture_barrier
    GL_NV_texture_compression_vtc
    GL_NV_texture_env_combine4
    GL_NV_texture_expand_normal
    GL_NV_texture_multisample
    GL_NV_texture_rectangle
    GL_NV_texture_shader
    GL_NV_texture_shader2
    GL_NV_texture_shader3
    GL_NV_transform_feedback
    GL_NV_transform_feedback2
    GL_NV_vdpau_interop
    GL_NV_vertex_array_range
    GL_NV_vertex_array_range2
    GL_NV_vertex_attrib_integer_64bit
    GL_NV_vertex_buffer_unified_memory
    GL_NV_vertex_program
    GL_NV_vertex_program1_1
    GL_NV_vertex_program2
    GL_NV_vertex_program2_option
    GL_NV_vertex_program3
    GL_S3_s3tc
    GL_SGIS_generate_mipmap
    GL_SGIS_texture_lod
    GL_SGIX_depth_texture
    GL_SGIX_shadow
    GL_SUN_slice_accum
    
OpenGL core profile limits:
    GL_MAX_CLIP_PLANES = 8
    GL_MAX_ELEMENTS_VERTICES = 1048576
    GL_MAX_ELEMENTS_INDICES = 1048576
    GL_MAX_EVAL_ORDER = 8
    GL_MAX_LIGHTS = 8
    GL_MAX_LIST_NESTING = 64
    GL_MAX_MODELVIEW_STACK_DEPTH = 32
    GL_MAX_NAME_STACK_DEPTH = 128
    GL_MAX_PIXEL_MAP_TABLE = 65536
    GL_MAX_PROJECTION_STACK_DEPTH = 4
    GL_MAX_TEXTURE_STACK_DEPTH = 10
    GL_MAX_TEXTURE_SIZE = 16384
    GL_MAX_3D_TEXTURE_SIZE = 2048
    GL_MAX_VIEWPORT_DIMS = 16384, 16384
    GL_ALIASED_LINE_WIDTH_RANGE = 1, 10
    GL_SMOOTH_LINE_WIDTH_RANGE = 1, 10
    GL_ALIASED_POINT_SIZE_RANGE = 1, 2047
    GL_SMOOTH_POINT_SIZE_RANGE = 1, 190
    GL_MAX_CUBE_MAP_TEXTURE_SIZE_ARB = 16384
    GL_MAX_RECTANGLE_TEXTURE_SIZE_NV = 16384
    GL_NUM_COMPRESSED_TEXTURE_FORMATS_ARB = 23
    GL_MAX_TEXTURE_UNITS_ARB = 4
    GL_MAX_TEXTURE_LOD_BIAS_EXT = 15
    GL_MAX_TEXTURE_MAX_ANISOTROPY_EXT = 16
    GL_MAX_DRAW_BUFFERS_ARB = 8
    GL_MAX_DUAL_SOURCE_DRAW_BUFFERS = 1
    GL_MAX_RENDERBUFFER_SIZE = 16384
    GL_MAX_COLOR_ATTACHMENTS = 8
    GL_MAX_SAMPLES = 32
    GL_MAX_CONVOLUTION_WIDTH/HEIGHT = 11, 11
    GL_VERTEX_PROGRAM_ARB:
        GL_MAX_PROGRAM_INSTRUCTIONS_ARB = 16384
        GL_MAX_PROGRAM_NATIVE_INSTRUCTIONS_ARB = 16384
        GL_MAX_PROGRAM_TEMPORARIES_ARB = 4096
        GL_MAX_PROGRAM_NATIVE_TEMPORARIES_ARB = 4096
        GL_MAX_PROGRAM_PARAMETERS_ARB = 1024
        GL_MAX_PROGRAM_NATIVE_PARAMETERS_ARB = 1024
        GL_MAX_PROGRAM_ATTRIBS_ARB = 16
        GL_MAX_PROGRAM_NATIVE_ATTRIBS_ARB = 16
        GL_MAX_PROGRAM_ADDRESS_REGISTERS_ARB = 2
        GL_MAX_PROGRAM_NATIVE_ADDRESS_REGISTERS_ARB = 2
        GL_MAX_PROGRAM_LOCAL_PARAMETERS_ARB = 1024
        GL_MAX_PROGRAM_ENV_PARAMETERS_ARB = 256
    GL_FRAGMENT_PROGRAM_ARB:
        GL_MAX_PROGRAM_INSTRUCTIONS_ARB = 16384
        GL_MAX_PROGRAM_NATIVE_INSTRUCTIONS_ARB = 16384
        GL_MAX_PROGRAM_TEMPORARIES_ARB = 4096
        GL_MAX_PROGRAM_NATIVE_TEMPORARIES_ARB = 4096
        GL_MAX_PROGRAM_PARAMETERS_ARB = 1024
        GL_MAX_PROGRAM_NATIVE_PARAMETERS_ARB = 1024
        GL_MAX_PROGRAM_ATTRIBS_ARB = 16
        GL_MAX_PROGRAM_NATIVE_ATTRIBS_ARB = 16
        GL_MAX_PROGRAM_ADDRESS_REGISTERS_ARB = 1
        GL_MAX_PROGRAM_NATIVE_ADDRESS_REGISTERS_ARB = 1
        GL_MAX_PROGRAM_LOCAL_PARAMETERS_ARB = 512
        GL_MAX_PROGRAM_ENV_PARAMETERS_ARB = 256
        GL_MAX_PROGRAM_ALU_INSTRUCTIONS_ARB = 16384
        GL_MAX_PROGRAM_TEX_INSTRUCTIONS_ARB = 16384
        GL_MAX_PROGRAM_TEX_INDIRECTIONS_ARB = 16384
        GL_MAX_PROGRAM_NATIVE_ALU_INSTRUCTIONS_ARB = 16384
        GL_MAX_PROGRAM_NATIVE_TEX_INSTRUCTIONS_ARB = 16384
        GL_MAX_PROGRAM_NATIVE_TEX_INDIRECTIONS_ARB = 16384
    GL_VERTEX_SHADER_ARB:
        GL_MAX_VERTEX_UNIFORM_COMPONENTS_ARB = 4096
        GL_MAX_VARYING_FLOATS_ARB = 124
        GL_MAX_VERTEX_ATTRIBS_ARB = 16
        GL_MAX_TEXTURE_IMAGE_UNITS_ARB = 32
        GL_MAX_VERTEX_TEXTURE_IMAGE_UNITS_ARB = 32
        GL_MAX_COMBINED_TEXTURE_IMAGE_UNITS_ARB = 192
        GL_MAX_TEXTURE_COORDS_ARB = 8
    GL_FRAGMENT_SHADER_ARB:
        GL_MAX_FRAGMENT_UNIFORM_COMPONENTS_ARB = 2048
        GL_MAX_TEXTURE_COORDS_ARB = 8
        GL_MAX_TEXTURE_IMAGE_UNITS_ARB = 32

OpenGL version string: 4.4.0 NVIDIA 331.113
OpenGL shading language version string: 4.40 NVIDIA via Cg compiler
OpenGL context flags: (none)
OpenGL profile mask: (none)
OpenGL extensions:
    GL_AMD_multi_draw_indirect
    GL_AMD_seamless_cubemap_per_texture
    GL_ARB_ES2_compatibility
    GL_ARB_ES3_compatibility
    GL_ARB_arrays_of_arrays
    GL_ARB_base_instance
    GL_ARB_bindless_texture
    GL_ARB_blend_func_extended
    GL_ARB_buffer_storage
    GL_ARB_clear_buffer_object
    GL_ARB_clear_texture
    GL_ARB_color_buffer_float
    GL_ARB_compatibility
    GL_ARB_compressed_texture_pixel_storage
    GL_ARB_compute_shader
    GL_ARB_compute_variable_group_size
    GL_ARB_conservative_depth
    GL_ARB_copy_buffer
    GL_ARB_copy_image
    GL_ARB_debug_output
    GL_ARB_depth_buffer_float
    GL_ARB_depth_clamp
    GL_ARB_depth_texture
    GL_ARB_draw_buffers
    GL_ARB_draw_buffers_blend
    GL_ARB_draw_elements_base_vertex
    GL_ARB_draw_indirect
    GL_ARB_draw_instanced
    GL_ARB_enhanced_layouts
    GL_ARB_explicit_attrib_location
    GL_ARB_explicit_uniform_location
    GL_ARB_fragment_coord_conventions
    GL_ARB_fragment_layer_viewport
    GL_ARB_fragment_program
    GL_ARB_fragment_program_shadow
    GL_ARB_fragment_shader
    GL_ARB_framebuffer_no_attachments
    GL_ARB_framebuffer_object
    GL_ARB_framebuffer_sRGB
    GL_ARB_geometry_shader4
    GL_ARB_get_program_binary
    GL_ARB_gpu_shader5
    GL_ARB_gpu_shader_fp64
    GL_ARB_half_float_pixel
    GL_ARB_half_float_vertex
    GL_ARB_imaging
    GL_ARB_indirect_parameters
    GL_ARB_instanced_arrays
    GL_ARB_internalformat_query
    GL_ARB_internalformat_query2
    GL_ARB_invalidate_subdata
    GL_ARB_map_buffer_alignment
    GL_ARB_map_buffer_range
    GL_ARB_multi_bind
    GL_ARB_multi_draw_indirect
    GL_ARB_multisample
    GL_ARB_multitexture
    GL_ARB_occlusion_query
    GL_ARB_occlusion_query2
    GL_ARB_pixel_buffer_object
    GL_ARB_point_parameters
    GL_ARB_point_sprite
    GL_ARB_program_interface_query
    GL_ARB_provoking_vertex
    GL_ARB_query_buffer_object
    GL_ARB_robust_buffer_access_behavior
    GL_ARB_robustness
    GL_ARB_sample_shading
    GL_ARB_sampler_objects
    GL_ARB_seamless_cube_map
    GL_ARB_seamless_cubemap_per_texture
    GL_ARB_separate_shader_objects
    GL_ARB_shader_atomic_counters
    GL_ARB_shader_bit_encoding
    GL_ARB_shader_draw_parameters
    GL_ARB_shader_group_vote
    GL_ARB_shader_image_load_store
    GL_ARB_shader_image_size
    GL_ARB_shader_objects
    GL_ARB_shader_precision
    GL_ARB_shader_storage_buffer_object
    GL_ARB_shader_subroutine
    GL_ARB_shader_texture_lod
    GL_ARB_shading_language_100
    GL_ARB_shading_language_420pack
    GL_ARB_shading_language_include
    GL_ARB_shading_language_packing
    GL_ARB_shadow
    GL_ARB_sparse_texture
    GL_ARB_stencil_texturing
    GL_ARB_sync
    GL_ARB_tessellation_shader
    GL_ARB_texture_border_clamp
    GL_ARB_texture_buffer_object
    GL_ARB_texture_buffer_object_rgb32
    GL_ARB_texture_buffer_range
    GL_ARB_texture_compression
    GL_ARB_texture_compression_bptc
    GL_ARB_texture_compression_rgtc
    GL_ARB_texture_cube_map
    GL_ARB_texture_cube_map_array
    GL_ARB_texture_env_add
    GL_ARB_texture_env_combine
    GL_ARB_texture_env_crossbar
    GL_ARB_texture_env_dot3
    GL_ARB_texture_float
    GL_ARB_texture_gather
    GL_ARB_texture_mirror_clamp_to_edge
    GL_ARB_texture_mirrored_repeat
    GL_ARB_texture_multisample
    GL_ARB_texture_non_power_of_two
    GL_ARB_texture_query_levels
    GL_ARB_texture_query_lod
    GL_ARB_texture_rectangle
    GL_ARB_texture_rg
    GL_ARB_texture_rgb10_a2ui
    GL_ARB_texture_stencil8
    GL_ARB_texture_storage
    GL_ARB_texture_storage_multisample
    GL_ARB_texture_swizzle
    GL_ARB_texture_view
    GL_ARB_timer_query
    GL_ARB_transform_feedback2
    GL_ARB_transform_feedback3
    GL_ARB_transform_feedback_instanced
    GL_ARB_transpose_matrix
    GL_ARB_uniform_buffer_object
    GL_ARB_vertex_array_bgra
    GL_ARB_vertex_array_object
    GL_ARB_vertex_attrib_64bit
    GL_ARB_vertex_attrib_binding
    GL_ARB_vertex_buffer_object
    GL_ARB_vertex_program
    GL_ARB_vertex_shader
    GL_ARB_vertex_type_10f_11f_11f_rev
    GL_ARB_vertex_type_2_10_10_10_rev
    GL_ARB_viewport_array
    GL_ARB_window_pos
    GL_ATI_draw_buffers
    GL_ATI_texture_float
    GL_ATI_texture_mirror_once
    GL_EXTX_framebuffer_mixed_formats
    GL_EXT_Cg_shader
    GL_EXT_abgr
    GL_EXT_bgra
    GL_EXT_bindable_uniform
    GL_EXT_blend_color
    GL_EXT_blend_equation_separate
    GL_EXT_blend_func_separate
    GL_EXT_blend_minmax
    GL_EXT_blend_subtract
    GL_EXT_compiled_vertex_array
    GL_EXT_depth_bounds_test
    GL_EXT_direct_state_access
    GL_EXT_draw_buffers2
    GL_EXT_draw_instanced
    GL_EXT_draw_range_elements
    GL_EXT_fog_coord
    GL_EXT_framebuffer_blit
    GL_EXT_framebuffer_multisample
    GL_EXT_framebuffer_multisample_blit_scaled
    GL_EXT_framebuffer_object
    GL_EXT_framebuffer_sRGB
    GL_EXT_geometry_shader4
    GL_EXT_gpu_program_parameters
    GL_EXT_gpu_shader4
    GL_EXT_import_sync_object
    GL_EXT_multi_draw_arrays
    GL_EXT_packed_depth_stencil
    GL_EXT_packed_float
    GL_EXT_packed_pixels
    GL_EXT_pixel_buffer_object
    GL_EXT_point_parameters
    GL_EXT_provoking_vertex
    GL_EXT_rescale_normal
    GL_EXT_secondary_color
    GL_EXT_separate_shader_objects
    GL_EXT_separate_specular_color
    GL_EXT_shader_image_load_store
    GL_EXT_shadow_funcs
    GL_EXT_stencil_two_side
    GL_EXT_stencil_wrap
    GL_EXT_texture3D
    GL_EXT_texture_array
    GL_EXT_texture_buffer_object
    GL_EXT_texture_compression_dxt1
    GL_EXT_texture_compression_latc
    GL_EXT_texture_compression_rgtc
    GL_EXT_texture_compression_s3tc
    GL_EXT_texture_cube_map
    GL_EXT_texture_edge_clamp
    GL_EXT_texture_env_add
    GL_EXT_texture_env_combine
    GL_EXT_texture_env_dot3
    GL_EXT_texture_filter_anisotropic
    GL_EXT_texture_integer
    GL_EXT_texture_lod
    GL_EXT_texture_lod_bias
    GL_EXT_texture_mirror_clamp
    GL_EXT_texture_object
    GL_EXT_texture_sRGB
    GL_EXT_texture_sRGB_decode
    GL_EXT_texture_shared_exponent
    GL_EXT_texture_storage
    GL_EXT_texture_swizzle
    GL_EXT_timer_query
    GL_EXT_transform_feedback2
    GL_EXT_vertex_array
    GL_EXT_vertex_array_bgra
    GL_EXT_vertex_attrib_64bit
    GL_EXT_x11_sync_object
    GL_IBM_rasterpos_clip
    GL_IBM_texture_mirrored_repeat
    GL_KHR_debug
    GL_KTX_buffer_region
    GL_NVX_conditional_render
    GL_NVX_gpu_memory_info
    GL_NVX_nvenc_interop
    GL_NV_ES1_1_compatibility
    GL_NV_bindless_multi_draw_indirect
    GL_NV_bindless_texture
    GL_NV_blend_equation_advanced
    GL_NV_blend_square
    GL_NV_compute_program5
    GL_NV_conditional_render
    GL_NV_copy_depth_to_color
    GL_NV_copy_image
    GL_NV_depth_buffer_float
    GL_NV_depth_clamp
    GL_NV_draw_texture
    GL_NV_explicit_multisample
    GL_NV_fence
    GL_NV_float_buffer
    GL_NV_fog_distance
    GL_NV_fragment_program
    GL_NV_fragment_program2
    GL_NV_fragment_program_option
    GL_NV_framebuffer_multisample_coverage
    GL_NV_geometry_shader4
    GL_NV_gpu_program4
    GL_NV_gpu_program4_1
    GL_NV_gpu_program5
    GL_NV_gpu_program5_mem_extended
    GL_NV_gpu_program_fp64
    GL_NV_gpu_shader5
    GL_NV_half_float
    GL_NV_light_max_exponent
    GL_NV_multisample_coverage
    GL_NV_multisample_filter_hint
    GL_NV_occlusion_query
    GL_NV_packed_depth_stencil
    GL_NV_parameter_buffer_object
    GL_NV_parameter_buffer_object2
    GL_NV_path_rendering
    GL_NV_pixel_data_range
    GL_NV_point_sprite
    GL_NV_primitive_restart
    GL_NV_register_combiners
    GL_NV_register_combiners2
    GL_NV_shader_atomic_counters
    GL_NV_shader_atomic_float
    GL_NV_shader_buffer_load
    GL_NV_shader_storage_buffer_object
    GL_NV_texgen_reflection
    GL_NV_texture_barrier
    GL_NV_texture_compression_vtc
    GL_NV_texture_env_combine4
    GL_NV_texture_expand_normal
    GL_NV_texture_multisample
    GL_NV_texture_rectangle
    GL_NV_texture_shader
    GL_NV_texture_shader2
    GL_NV_texture_shader3
    GL_NV_transform_feedback
    GL_NV_transform_feedback2
    GL_NV_vdpau_interop
    GL_NV_vertex_array_range
    GL_NV_vertex_array_range2
    GL_NV_vertex_attrib_integer_64bit
    GL_NV_vertex_buffer_unified_memory
    GL_NV_vertex_program
    GL_NV_vertex_program1_1
    GL_NV_vertex_program2
    GL_NV_vertex_program2_option
    GL_NV_vertex_program3
    GL_S3_s3tc
    GL_SGIS_generate_mipmap
    GL_SGIS_texture_lod
    GL_SGIX_depth_texture
    GL_SGIX_shadow
    GL_SUN_slice_accum
    
OpenGL limits:
    GL_MAX_ATTRIB_STACK_DEPTH = 16
    GL_MAX_CLIENT_ATTRIB_STACK_DEPTH = 16
    GL_MAX_CLIP_PLANES = 8
    GL_MAX_COLOR_MATRIX_STACK_DEPTH = 2
    GL_MAX_ELEMENTS_VERTICES = 1048576
    GL_MAX_ELEMENTS_INDICES = 1048576
    GL_MAX_EVAL_ORDER = 8
    GL_MAX_LIGHTS = 8
    GL_MAX_LIST_NESTING = 64
    GL_MAX_MODELVIEW_STACK_DEPTH = 32
    GL_MAX_NAME_STACK_DEPTH = 128
    GL_MAX_PIXEL_MAP_TABLE = 65536
    GL_MAX_PROJECTION_STACK_DEPTH = 4
    GL_MAX_TEXTURE_STACK_DEPTH = 10
    GL_MAX_TEXTURE_SIZE = 16384
    GL_MAX_3D_TEXTURE_SIZE = 2048
    GL_MAX_VIEWPORT_DIMS = 16384, 16384
    GL_ALIASED_LINE_WIDTH_RANGE = 1, 10
    GL_SMOOTH_LINE_WIDTH_RANGE = 1, 10
    GL_ALIASED_POINT_SIZE_RANGE = 1, 2047
    GL_SMOOTH_POINT_SIZE_RANGE = 1, 190
    GL_MAX_CUBE_MAP_TEXTURE_SIZE_ARB = 16384
    GL_MAX_RECTANGLE_TEXTURE_SIZE_NV = 16384
    GL_NUM_COMPRESSED_TEXTURE_FORMATS_ARB = 23
    GL_MAX_TEXTURE_UNITS_ARB = 4
    GL_MAX_TEXTURE_LOD_BIAS_EXT = 15
    GL_MAX_TEXTURE_MAX_ANISOTROPY_EXT = 16
    GL_MAX_DRAW_BUFFERS_ARB = 8
    GL_MAX_DUAL_SOURCE_DRAW_BUFFERS = 1
    GL_MAX_RENDERBUFFER_SIZE = 16384
    GL_MAX_COLOR_ATTACHMENTS = 8
    GL_MAX_SAMPLES = 32
    GL_MAX_CONVOLUTION_WIDTH/HEIGHT = 11, 11
    GL_VERTEX_PROGRAM_ARB:
        GL_MAX_PROGRAM_INSTRUCTIONS_ARB = 16384
        GL_MAX_PROGRAM_NATIVE_INSTRUCTIONS_ARB = 16384
        GL_MAX_PROGRAM_TEMPORARIES_ARB = 4096
        GL_MAX_PROGRAM_NATIVE_TEMPORARIES_ARB = 4096
        GL_MAX_PROGRAM_PARAMETERS_ARB = 1024
        GL_MAX_PROGRAM_NATIVE_PARAMETERS_ARB = 1024
        GL_MAX_PROGRAM_ATTRIBS_ARB = 16
        GL_MAX_PROGRAM_NATIVE_ATTRIBS_ARB = 16
        GL_MAX_PROGRAM_ADDRESS_REGISTERS_ARB = 2
        GL_MAX_PROGRAM_NATIVE_ADDRESS_REGISTERS_ARB = 2
        GL_MAX_PROGRAM_LOCAL_PARAMETERS_ARB = 1024
        GL_MAX_PROGRAM_ENV_PARAMETERS_ARB = 256
    GL_FRAGMENT_PROGRAM_ARB:
        GL_MAX_PROGRAM_INSTRUCTIONS_ARB = 16384
        GL_MAX_PROGRAM_NATIVE_INSTRUCTIONS_ARB = 16384
        GL_MAX_PROGRAM_TEMPORARIES_ARB = 4096
        GL_MAX_PROGRAM_NATIVE_TEMPORARIES_ARB = 4096
        GL_MAX_PROGRAM_PARAMETERS_ARB = 1024
        GL_MAX_PROGRAM_NATIVE_PARAMETERS_ARB = 1024
        GL_MAX_PROGRAM_ATTRIBS_ARB = 16
        GL_MAX_PROGRAM_NATIVE_ATTRIBS_ARB = 16
        GL_MAX_PROGRAM_ADDRESS_REGISTERS_ARB = 1
        GL_MAX_PROGRAM_NATIVE_ADDRESS_REGISTERS_ARB = 1
        GL_MAX_PROGRAM_LOCAL_PARAMETERS_ARB = 512
        GL_MAX_PROGRAM_ENV_PARAMETERS_ARB = 256
        GL_MAX_PROGRAM_ALU_INSTRUCTIONS_ARB = 16384
        GL_MAX_PROGRAM_TEX_INSTRUCTIONS_ARB = 16384
        GL_MAX_PROGRAM_TEX_INDIRECTIONS_ARB = 16384
        GL_MAX_PROGRAM_NATIVE_ALU_INSTRUCTIONS_ARB = 16384
        GL_MAX_PROGRAM_NATIVE_TEX_INSTRUCTIONS_ARB = 16384
        GL_MAX_PROGRAM_NATIVE_TEX_INDIRECTIONS_ARB = 16384
    GL_VERTEX_SHADER_ARB:
        GL_MAX_VERTEX_UNIFORM_COMPONENTS_ARB = 4096
        GL_MAX_VARYING_FLOATS_ARB = 124
        GL_MAX_VERTEX_ATTRIBS_ARB = 16
        GL_MAX_TEXTURE_IMAGE_UNITS_ARB = 32
        GL_MAX_VERTEX_TEXTURE_IMAGE_UNITS_ARB = 32
        GL_MAX_COMBINED_TEXTURE_IMAGE_UNITS_ARB = 192
        GL_MAX_TEXTURE_COORDS_ARB = 8
    GL_FRAGMENT_SHADER_ARB:
        GL_MAX_FRAGMENT_UNIFORM_COMPONENTS_ARB = 2048
        GL_MAX_TEXTURE_COORDS_ARB = 8
        GL_MAX_TEXTURE_IMAGE_UNITS_ARB = 32

228 GLX Visuals
Vis   Vis   Visual Trans  buff lev render DB ste  r   g   b   a      s  aux dep ste  accum buffer   MS   MS         
 ID  Depth   Type  parent size el   type     reo sz  sz  sz  sz flt rgb buf th  ncl  r   g   b   a  num bufs caveats
--------------------------------------------------------------------------------------------------------------------
0x 5c 24 TrueColor    0     32  0  rgba   1   0   8   8   8   0  .   s   4   24  8  16  16  16  16   0   0   None
0x 5d 24 DirectColor  0     32  0  rgba   1   0   8   8   8   0  .   s   4   24  8  16  16  16  16   0   0   None
0x 5f 24 TrueColor    0     32  0  rgba   1   0   8   8   8   8  .   s   4   24  8  16  16  16  16   0   0   None
0x 60 24 TrueColor    0     32  0  rgba   0   0   8   8   8   0  .   s   4   24  8  16  16  16  16   0   0   None
0x 61 24 TrueColor    0     32  0  rgba   0   0   8   8   8   8  .   s   4   24  8  16  16  16  16   0   0   None
0x 62 24 TrueColor    0     32  0  rgba   1   0   8   8   8   0  .   s   4   24  0  16  16  16  16   0   0   None
0x 63 24 TrueColor    0     32  0  rgba   1   0   8   8   8   8  .   s   4   24  0  16  16  16  16   0   0   None
0x 64 24 TrueColor    0     32  0  rgba   0   0   8   8   8   0  .   s   4   24  0  16  16  16  16   0   0   None
0x 65 24 TrueColor    0     32  0  rgba   0   0   8   8   8   8  .   s   4   24  0  16  16  16  16   0   0   None
0x 66 24 TrueColor    0     32  0  rgba   1   0   8   8   8   0  .   s   4    0  0  16  16  16  16   0   0   None
0x 67 24 TrueColor    0     32  0  rgba   1   0   8   8   8   8  .   s   4    0  0  16  16  16  16   0   0   None
0x 68 24 TrueColor    0     32  0  rgba   0   0   8   8   8   0  .   s   4    0  0  16  16  16  16   0   0   None
0x 69 24 TrueColor    0     32  0  rgba   0   0   8   8   8   8  .   s   4    0  0  16  16  16  16   0   0   None
0x 6a 24 TrueColor    0     32  0  rgba   1   0   8   8   8   0  .   s   4   24  0  16  16  16  16   2   1   Ncon
0x 6b 24 TrueColor    0     32  0  rgba   1   0   8   8   8   8  .   s   4   24  0  16  16  16  16   2   1   Ncon
0x 6c 24 TrueColor    0     32  0  rgba   1   0   8   8   8   0  .   s   4   24  0  16  16  16  16   4   1   Ncon
0x 6d 24 TrueColor    0     32  0  rgba   1   0   8   8   8   8  .   s   4   24  0  16  16  16  16   4   1   Ncon
0x 6e 24 TrueColor    0     32  0  rgba   0   0   8   8   8   0  .   s   4   24  0  16  16  16  16   2   1   Ncon
0x 6f 24 TrueColor    0     32  0  rgba   0   0   8   8   8   8  .   s   4   24  0  16  16  16  16   2   1   Ncon
0x 70 24 TrueColor    0     32  0  rgba   0   0   8   8   8   0  .   s   4   24  0  16  16  16  16   4   1   Ncon
0x 71 24 TrueColor    0     32  0  rgba   0   0   8   8   8   8  .   s   4   24  0  16  16  16  16   4   1   Ncon
0x 72 24 TrueColor    0     32  0  rgba   1   0   8   8   8   0  .   s   4   24  8  16  16  16  16   2   1   Ncon
0x 73 24 TrueColor    0     32  0  rgba   1   0   8   8   8   8  .   s   4   24  8  16  16  16  16   2   1   Ncon
0x 74 24 TrueColor    0     32  0  rgba   1   0   8   8   8   0  .   s   4   24  8  16  16  16  16   4   1   Ncon
0x 75 24 TrueColor    0     32  0  rgba   1   0   8   8   8   8  .   s   4   24  8  16  16  16  16   4   1   Ncon
0x 76 24 TrueColor    0     32  0  rgba   0   0   8   8   8   0  .   s   4   24  8  16  16  16  16   2   1   Ncon
0x 77 24 TrueColor    0     32  0  rgba   0   0   8   8   8   8  .   s   4   24  8  16  16  16  16   2   1   Ncon
0x 78 24 TrueColor    0     32  0  rgba   0   0   8   8   8   0  .   s   4   24  8  16  16  16  16   4   1   Ncon
0x 79 24 TrueColor    0     32  0  rgba   0   0   8   8   8   8  .   s   4   24  8  16  16  16  16   4   1   Ncon
0x 7a 24 TrueColor    0     32  0  rgba   1   0   8   8   8   0  .   s   4   24  0  16  16  16  16   8   1   Ncon
0x 7b 24 TrueColor    0     32  0  rgba   1   0   8   8   8   8  .   s   4   24  0  16  16  16  16   8   1   Ncon
0x 7c 24 TrueColor    0     32  0  rgba   1   0   8   8   8   0  .   s   4   24  0  16  16  16  16  16   1   Ncon
0x 7d 24 TrueColor    0     32  0  rgba   1   0   8   8   8   8  .   s   4   24  0  16  16  16  16  16   1   Ncon
0x 7e 24 TrueColor    0     32  0  rgba   0   0   8   8   8   0  .   s   4   24  0  16  16  16  16   8   1   Ncon
0x 7f 24 TrueColor    0     32  0  rgba   0   0   8   8   8   8  .   s   4   24  0  16  16  16  16   8   1   Ncon
0x 80 24 TrueColor    0     32  0  rgba   0   0   8   8   8   0  .   s   4   24  0  16  16  16  16  16   1   Ncon
0x 81 24 TrueColor    0     32  0  rgba   0   0   8   8   8   8  .   s   4   24  0  16  16  16  16  16   1   Ncon
0x 82 24 TrueColor    0     32  0  rgba   1   0   8   8   8   0  .   s   4   24  8  16  16  16  16   8   1   Ncon
0x 83 24 TrueColor    0     32  0  rgba   1   0   8   8   8   8  .   s   4   24  8  16  16  16  16   8   1   Ncon
0x 84 24 TrueColor    0     32  0  rgba   1   0   8   8   8   0  .   s   4   24  8  16  16  16  16  16   1   Ncon
0x 85 24 TrueColor    0     32  0  rgba   1   0   8   8   8   8  .   s   4   24  8  16  16  16  16  16   1   Ncon
0x 86 24 TrueColor    0     32  0  rgba   0   0   8   8   8   0  .   s   4   24  8  16  16  16  16   8   1   Ncon
0x 87 24 TrueColor    0     32  0  rgba   0   0   8   8   8   8  .   s   4   24  8  16  16  16  16   8   1   Ncon
0x 88 24 TrueColor    0     32  0  rgba   0   0   8   8   8   0  .   s   4   24  8  16  16  16  16  16   1   Ncon
0x 89 24 TrueColor    0     32  0  rgba   0   0   8   8   8   8  .   s   4   24  8  16  16  16  16  16   1   Ncon
0x 8a 24 TrueColor    0     32  0  rgba   1   0   8   8   8   0  .   s   4   24  0  16  16  16  16   8   1   Ncon
0x 8b 24 TrueColor    0     32  0  rgba   1   0   8   8   8   8  .   s   4   24  0  16  16  16  16   8   1   Ncon
0x 8c 24 TrueColor    0     32  0  rgba   1   0   8   8   8   0  .   s   4   24  0  16  16  16  16  16   1   Ncon
0x 8d 24 TrueColor    0     32  0  rgba   1   0   8   8   8   0  .   s   4   24  0  16  16  16  16  16   1   Ncon
0x 8e 24 TrueColor    0     32  0  rgba   1   0   8   8   8   8  .   s   4   24  0  16  16  16  16  16   1   Ncon
0x 8f 24 TrueColor    0     32  0  rgba   1   0   8   8   8   8  .   s   4   24  0  16  16  16  16  16   1   Ncon
0x 90 24 TrueColor    0     32  0  rgba   0   0   8   8   8   0  .   s   4   24  0  16  16  16  16   8   1   Ncon
0x 91 24 TrueColor    0     32  0  rgba   0   0   8   8   8   8  .   s   4   24  0  16  16  16  16   8   1   Ncon
0x 92 24 TrueColor    0     32  0  rgba   0   0   8   8   8   0  .   s   4   24  0  16  16  16  16  16   1   Ncon
0x 93 24 TrueColor    0     32  0  rgba   0   0   8   8   8   0  .   s   4   24  0  16  16  16  16  16   1   Ncon
0x 94 24 TrueColor    0     32  0  rgba   0   0   8   8   8   8  .   s   4   24  0  16  16  16  16  16   1   Ncon
0x 95 24 TrueColor    0     32  0  rgba   0   0   8   8   8   8  .   s   4   24  0  16  16  16  16  16   1   Ncon
0x 96 24 TrueColor    0     32  0  rgba   1   0   8   8   8   0  .   s   4   24  8  16  16  16  16   8   1   Ncon
0x 97 24 TrueColor    0     32  0  rgba   1   0   8   8   8   8  .   s   4   24  8  16  16  16  16   8   1   Ncon
0x 98 24 TrueColor    0     32  0  rgba   1   0   8   8   8   0  .   s   4   24  8  16  16  16  16  16   1   Ncon
0x 99 24 TrueColor    0     32  0  rgba   1   0   8   8   8   0  .   s   4   24  8  16  16  16  16  16   1   Ncon
0x 9a 24 TrueColor    0     32  0  rgba   1   0   8   8   8   8  .   s   4   24  8  16  16  16  16  16   1   Ncon
0x 9b 24 TrueColor    0     32  0  rgba   1   0   8   8   8   8  .   s   4   24  8  16  16  16  16  16   1   Ncon
0x 9c 24 TrueColor    0     32  0  rgba   0   0   8   8   8   0  .   s   4   24  8  16  16  16  16   8   1   Ncon
0x 9d 24 TrueColor    0     32  0  rgba   0   0   8   8   8   8  .   s   4   24  8  16  16  16  16   8   1   Ncon
0x 9e 24 TrueColor    0     32  0  rgba   0   0   8   8   8   0  .   s   4   24  8  16  16  16  16  16   1   Ncon
0x 9f 24 TrueColor    0     32  0  rgba   0   0   8   8   8   0  .   s   4   24  8  16  16  16  16  16   1   Ncon
0x a0 24 TrueColor    0     32  0  rgba   0   0   8   8   8   8  .   s   4   24  8  16  16  16  16  16   1   Ncon
0x a1 24 TrueColor    0     32  0  rgba   0   0   8   8   8   8  .   s   4   24  8  16  16  16  16  16   1   Ncon
0x a2 24 TrueColor    0     32  0  rgba   1   0   8   8   8   0  .   s   4   24  0  16  16  16  16  32   1   Ncon
0x a3 24 TrueColor    0     32  0  rgba   1   0   8   8   8   8  .   s   4   24  0  16  16  16  16  32   1   Ncon
0x a4 24 TrueColor    0     32  0  rgba   0   0   8   8   8   0  .   s   4   24  0  16  16  16  16  32   1   Ncon
0x a5 24 TrueColor    0     32  0  rgba   0   0   8   8   8   8  .   s   4   24  0  16  16  16  16  32   1   Ncon
0x a6 24 TrueColor    0     32  0  rgba   1   0   8   8   8   0  .   s   4   24  8  16  16  16  16  32   1   Ncon
0x a7 24 TrueColor    0     32  0  rgba   1   0   8   8   8   8  .   s   4   24  8  16  16  16  16  32   1   Ncon
0x a8 24 TrueColor    0     32  0  rgba   0   0   8   8   8   0  .   s   4   24  8  16  16  16  16  32   1   Ncon
0x a9 24 TrueColor    0     32  0  rgba   0   0   8   8   8   8  .   s   4   24  8  16  16  16  16  32   1   Ncon
0x aa 24 DirectColor  0     32  0  rgba   1   0   8   8   8   8  .   s   4   24  8  16  16  16  16   0   0   None
0x ab 24 DirectColor  0     32  0  rgba   0   0   8   8   8   0  .   s   4   24  8  16  16  16  16   0   0   None
0x ac 24 DirectColor  0     32  0  rgba   0   0   8   8   8   8  .   s   4   24  8  16  16  16  16   0   0   None
0x ad 24 DirectColor  0     32  0  rgba   1   0   8   8   8   0  .   s   4   24  0  16  16  16  16   0   0   None
0x ae 24 DirectColor  0     32  0  rgba   1   0   8   8   8   8  .   s   4   24  0  16  16  16  16   0   0   None
0x af 24 DirectColor  0     32  0  rgba   0   0   8   8   8   0  .   s   4   24  0  16  16  16  16   0   0   None
0x b0 24 DirectColor  0     32  0  rgba   0   0   8   8   8   8  .   s   4   24  0  16  16  16  16   0   0   None
0x b1 24 DirectColor  0     32  0  rgba   1   0   8   8   8   0  .   s   4    0  0  16  16  16  16   0   0   None
0x b2 24 DirectColor  0     32  0  rgba   1   0   8   8   8   8  .   s   4    0  0  16  16  16  16   0   0   None
0x b3 24 DirectColor  0     32  0  rgba   0   0   8   8   8   0  .   s   4    0  0  16  16  16  16   0   0   None
0x b4 24 DirectColor  0     32  0  rgba   0   0   8   8   8   8  .   s   4    0  0  16  16  16  16   0   0   None
0x b5 24 DirectColor  0     32  0  rgba   1   0   8   8   8   0  .   s   4   24  0  16  16  16  16   2   1   Ncon
0x b6 24 DirectColor  0     32  0  rgba   1   0   8   8   8   8  .   s   4   24  0  16  16  16  16   2   1   Ncon
0x b7 24 DirectColor  0     32  0  rgba   1   0   8   8   8   0  .   s   4   24  0  16  16  16  16   4   1   Ncon
0x b8 24 DirectColor  0     32  0  rgba   1   0   8   8   8   8  .   s   4   24  0  16  16  16  16   4   1   Ncon
0x b9 24 DirectColor  0     32  0  rgba   0   0   8   8   8   0  .   s   4   24  0  16  16  16  16   2   1   Ncon
0x ba 24 DirectColor  0     32  0  rgba   0   0   8   8   8   8  .   s   4   24  0  16  16  16  16   2   1   Ncon
0x bb 24 DirectColor  0     32  0  rgba   0   0   8   8   8   0  .   s   4   24  0  16  16  16  16   4   1   Ncon
0x bc 24 DirectColor  0     32  0  rgba   0   0   8   8   8   8  .   s   4   24  0  16  16  16  16   4   1   Ncon
0x bd 24 DirectColor  0     32  0  rgba   1   0   8   8   8   0  .   s   4   24  8  16  16  16  16   2   1   Ncon
0x be 24 DirectColor  0     32  0  rgba   1   0   8   8   8   8  .   s   4   24  8  16  16  16  16   2   1   Ncon
0x bf 24 DirectColor  0     32  0  rgba   1   0   8   8   8   0  .   s   4   24  8  16  16  16  16   4   1   Ncon
0x c0 24 DirectColor  0     32  0  rgba   1   0   8   8   8   8  .   s   4   24  8  16  16  16  16   4   1   Ncon
0x c1 24 DirectColor  0     32  0  rgba   0   0   8   8   8   0  .   s   4   24  8  16  16  16  16   2   1   Ncon
0x c2 24 DirectColor  0     32  0  rgba   0   0   8   8   8   8  .   s   4   24  8  16  16  16  16   2   1   Ncon
0x c3 24 DirectColor  0     32  0  rgba   0   0   8   8   8   0  .   s   4   24  8  16  16  16  16   4   1   Ncon
0x c4 24 DirectColor  0     32  0  rgba   0   0   8   8   8   8  .   s   4   24  8  16  16  16  16   4   1   Ncon
0x c5 24 DirectColor  0     32  0  rgba   1   0   8   8   8   0  .   s   4   24  0  16  16  16  16   8   1   Ncon
0x c6 24 DirectColor  0     32  0  rgba   1   0   8   8   8   8  .   s   4   24  0  16  16  16  16   8   1   Ncon
0x c7 24 DirectColor  0     32  0  rgba   1   0   8   8   8   0  .   s   4   24  0  16  16  16  16  16   1   Ncon
0x c8 24 DirectColor  0     32  0  rgba   1   0   8   8   8   8  .   s   4   24  0  16  16  16  16  16   1   Ncon
0x c9 24 DirectColor  0     32  0  rgba   0   0   8   8   8   0  .   s   4   24  0  16  16  16  16   8   1   Ncon
0x ca 24 DirectColor  0     32  0  rgba   0   0   8   8   8   8  .   s   4   24  0  16  16  16  16   8   1   Ncon
0x cb 24 DirectColor  0     32  0  rgba   0   0   8   8   8   0  .   s   4   24  0  16  16  16  16  16   1   Ncon
0x cc 24 DirectColor  0     32  0  rgba   0   0   8   8   8   8  .   s   4   24  0  16  16  16  16  16   1   Ncon
0x cd 24 DirectColor  0     32  0  rgba   1   0   8   8   8   0  .   s   4   24  8  16  16  16  16   8   1   Ncon
0x ce 24 DirectColor  0     32  0  rgba   1   0   8   8   8   8  .   s   4   24  8  16  16  16  16   8   1   Ncon
0x cf 24 DirectColor  0     32  0  rgba   1   0   8   8   8   0  .   s   4   24  8  16  16  16  16  16   1   Ncon
0x d0 24 DirectColor  0     32  0  rgba   1   0   8   8   8   8  .   s   4   24  8  16  16  16  16  16   1   Ncon
0x d1 24 DirectColor  0     32  0  rgba   0   0   8   8   8   0  .   s   4   24  8  16  16  16  16   8   1   Ncon
0x d2 24 DirectColor  0     32  0  rgba   0   0   8   8   8   8  .   s   4   24  8  16  16  16  16   8   1   Ncon
0x d3 24 DirectColor  0     32  0  rgba   0   0   8   8   8   0  .   s   4   24  8  16  16  16  16  16   1   Ncon
0x d4 24 DirectColor  0     32  0  rgba   0   0   8   8   8   8  .   s   4   24  8  16  16  16  16  16   1   Ncon
0x d5 24 DirectColor  0     32  0  rgba   1   0   8   8   8   0  .   s   4   24  0  16  16  16  16   8   1   Ncon
0x d6 24 DirectColor  0     32  0  rgba   1   0   8   8   8   8  .   s   4   24  0  16  16  16  16   8   1   Ncon
0x d7 24 DirectColor  0     32  0  rgba   1   0   8   8   8   0  .   s   4   24  0  16  16  16  16  16   1   Ncon
0x d8 24 DirectColor  0     32  0  rgba   1   0   8   8   8   0  .   s   4   24  0  16  16  16  16  16   1   Ncon
0x d9 24 DirectColor  0     32  0  rgba   1   0   8   8   8   8  .   s   4   24  0  16  16  16  16  16   1   Ncon
0x da 24 DirectColor  0     32  0  rgba   1   0   8   8   8   8  .   s   4   24  0  16  16  16  16  16   1   Ncon
0x db 24 DirectColor  0     32  0  rgba   0   0   8   8   8   0  .   s   4   24  0  16  16  16  16   8   1   Ncon
0x dc 24 DirectColor  0     32  0  rgba   0   0   8   8   8   8  .   s   4   24  0  16  16  16  16   8   1   Ncon
0x dd 24 DirectColor  0     32  0  rgba   0   0   8   8   8   0  .   s   4   24  0  16  16  16  16  16   1   Ncon
0x de 24 DirectColor  0     32  0  rgba   0   0   8   8   8   0  .   s   4   24  0  16  16  16  16  16   1   Ncon
0x df 24 DirectColor  0     32  0  rgba   0   0   8   8   8   8  .   s   4   24  0  16  16  16  16  16   1   Ncon
0x e0 24 DirectColor  0     32  0  rgba   0   0   8   8   8   8  .   s   4   24  0  16  16  16  16  16   1   Ncon
0x e1 24 DirectColor  0     32  0  rgba   1   0   8   8   8   0  .   s   4   24  8  16  16  16  16   8   1   Ncon
0x e2 24 DirectColor  0     32  0  rgba   1   0   8   8   8   8  .   s   4   24  8  16  16  16  16   8   1   Ncon
0x e3 24 DirectColor  0     32  0  rgba   1   0   8   8   8   0  .   s   4   24  8  16  16  16  16  16   1   Ncon
0x e4 24 DirectColor  0     32  0  rgba   1   0   8   8   8   0  .   s   4   24  8  16  16  16  16  16   1   Ncon
0x e5 24 DirectColor  0     32  0  rgba   1   0   8   8   8   8  .   s   4   24  8  16  16  16  16  16   1   Ncon
0x e6 24 DirectColor  0     32  0  rgba   1   0   8   8   8   8  .   s   4   24  8  16  16  16  16  16   1   Ncon
0x e7 24 DirectColor  0     32  0  rgba   0   0   8   8   8   0  .   s   4   24  8  16  16  16  16   8   1   Ncon
0x e8 24 DirectColor  0     32  0  rgba   0   0   8   8   8   8  .   s   4   24  8  16  16  16  16   8   1   Ncon
0x e9 24 DirectColor  0     32  0  rgba   0   0   8   8   8   0  .   s   4   24  8  16  16  16  16  16   1   Ncon
0x ea 24 DirectColor  0     32  0  rgba   0   0   8   8   8   0  .   s   4   24  8  16  16  16  16  16   1   Ncon
0x eb 24 DirectColor  0     32  0  rgba   0   0   8   8   8   8  .   s   4   24  8  16  16  16  16  16   1   Ncon
0x ec 24 DirectColor  0     32  0  rgba   0   0   8   8   8   8  .   s   4   24  8  16  16  16  16  16   1   Ncon
0x ed 24 DirectColor  0     32  0  rgba   1   0   8   8   8   0  .   s   4   24  0  16  16  16  16  32   1   Ncon
0x ee 24 DirectColor  0     32  0  rgba   1   0   8   8   8   8  .   s   4   24  0  16  16  16  16  32   1   Ncon
0x ef 24 DirectColor  0     32  0  rgba   0   0   8   8   8   0  .   s   4   24  0  16  16  16  16  32   1   Ncon
0x f0 24 DirectColor  0     32  0  rgba   0   0   8   8   8   8  .   s   4   24  0  16  16  16  16  32   1   Ncon
0x f1 24 DirectColor  0     32  0  rgba   1   0   8   8   8   0  .   s   4   24  8  16  16  16  16  32   1   Ncon
0x f2 24 DirectColor  0     32  0  rgba   1   0   8   8   8   8  .   s   4   24  8  16  16  16  16  32   1   Ncon
0x f3 24 DirectColor  0     32  0  rgba   0   0   8   8   8   0  .   s   4   24  8  16  16  16  16  32   1   Ncon
0x f4 24 DirectColor  0     32  0  rgba   0   0   8   8   8   8  .   s   4   24  8  16  16  16  16  32   1   Ncon
0x 5e 32 TrueColor    0     32  0  rgba   1   0   8   8   8   0  .   s   4   24  8  16  16  16  16   0   0   None
0x f5 32 TrueColor    0     32  0  rgba   1   0   8   8   8   8  .   s   4   24  8  16  16  16  16   0   0   None
0x f6 32 TrueColor    0     32  0  rgba   0   0   8   8   8   0  .   s   4   24  8  16  16  16  16   0   0   None
0x f7 32 TrueColor    0     32  0  rgba   0   0   8   8   8   8  .   s   4   24  8  16  16  16  16   0   0   None
0x f8 32 TrueColor    0     32  0  rgba   1   0   8   8   8   0  .   s   4   24  0  16  16  16  16   0   0   None
0x f9 32 TrueColor    0     32  0  rgba   1   0   8   8   8   8  .   s   4   24  0  16  16  16  16   0   0   None
0x fa 32 TrueColor    0     32  0  rgba   0   0   8   8   8   0  .   s   4   24  0  16  16  16  16   0   0   None
0x fb 32 TrueColor    0     32  0  rgba   0   0   8   8   8   8  .   s   4   24  0  16  16  16  16   0   0   None
0x fc 32 TrueColor    0     32  0  rgba   1   0   8   8   8   0  .   s   4    0  0  16  16  16  16   0   0   None
0x fd 32 TrueColor    0     32  0  rgba   1   0   8   8   8   8  .   s   4    0  0  16  16  16  16   0   0   None
0x fe 32 TrueColor    0     32  0  rgba   0   0   8   8   8   0  .   s   4    0  0  16  16  16  16   0   0   None
0x ff 32 TrueColor    0     32  0  rgba   0   0   8   8   8   8  .   s   4    0  0  16  16  16  16   0   0   None
0x100 32 TrueColor    0     32  0  rgba   1   0   8   8   8   0  .   s   4   24  0  16  16  16  16   2   1   Ncon
0x101 32 TrueColor    0     32  0  rgba   1   0   8   8   8   8  .   s   4   24  0  16  16  16  16   2   1   Ncon
0x102 32 TrueColor    0     32  0  rgba   1   0   8   8   8   0  .   s   4   24  0  16  16  16  16   4   1   Ncon
0x103 32 TrueColor    0     32  0  rgba   1   0   8   8   8   8  .   s   4   24  0  16  16  16  16   4   1   Ncon
0x104 32 TrueColor    0     32  0  rgba   0   0   8   8   8   0  .   s   4   24  0  16  16  16  16   2   1   Ncon
0x105 32 TrueColor    0     32  0  rgba   0   0   8   8   8   8  .   s   4   24  0  16  16  16  16   2   1   Ncon
0x106 32 TrueColor    0     32  0  rgba   0   0   8   8   8   0  .   s   4   24  0  16  16  16  16   4   1   Ncon
0x107 32 TrueColor    0     32  0  rgba   0   0   8   8   8   8  .   s   4   24  0  16  16  16  16   4   1   Ncon
0x108 32 TrueColor    0     32  0  rgba   1   0   8   8   8   0  .   s   4   24  8  16  16  16  16   2   1   Ncon
0x109 32 TrueColor    0     32  0  rgba   1   0   8   8   8   8  .   s   4   24  8  16  16  16  16   2   1   Ncon
0x10a 32 TrueColor    0     32  0  rgba   1   0   8   8   8   0  .   s   4   24  8  16  16  16  16   4   1   Ncon
0x10b 32 TrueColor    0     32  0  rgba   1   0   8   8   8   8  .   s   4   24  8  16  16  16  16   4   1   Ncon
0x10c 32 TrueColor    0     32  0  rgba   0   0   8   8   8   0  .   s   4   24  8  16  16  16  16   2   1   Ncon
0x10d 32 TrueColor    0     32  0  rgba   0   0   8   8   8   8  .   s   4   24  8  16  16  16  16   2   1   Ncon
0x10e 32 TrueColor    0     32  0  rgba   0   0   8   8   8   0  .   s   4   24  8  16  16  16  16   4   1   Ncon
0x10f 32 TrueColor    0     32  0  rgba   0   0   8   8   8   8  .   s   4   24  8  16  16  16  16   4   1   Ncon
0x110 32 TrueColor    0     32  0  rgba   1   0   8   8   8   0  .   s   4   24  0  16  16  16  16   8   1   Ncon
0x111 32 TrueColor    0     32  0  rgba   1   0   8   8   8   8  .   s   4   24  0  16  16  16  16   8   1   Ncon
0x112 32 TrueColor    0     32  0  rgba   1   0   8   8   8   0  .   s   4   24  0  16  16  16  16  16   1   Ncon
0x113 32 TrueColor    0     32  0  rgba   1   0   8   8   8   8  .   s   4   24  0  16  16  16  16  16   1   Ncon
0x114 32 TrueColor    0     32  0  rgba   0   0   8   8   8   0  .   s   4   24  0  16  16  16  16   8   1   Ncon
0x115 32 TrueColor    0     32  0  rgba   0   0   8   8   8   8  .   s   4   24  0  16  16  16  16   8   1   Ncon
0x116 32 TrueColor    0     32  0  rgba   0   0   8   8   8   0  .   s   4   24  0  16  16  16  16  16   1   Ncon
0x117 32 TrueColor    0     32  0  rgba   0   0   8   8   8   8  .   s   4   24  0  16  16  16  16  16   1   Ncon
0x118 32 TrueColor    0     32  0  rgba   1   0   8   8   8   0  .   s   4   24  8  16  16  16  16   8   1   Ncon
0x119 32 TrueColor    0     32  0  rgba   1   0   8   8   8   8  .   s   4   24  8  16  16  16  16   8   1   Ncon
0x11a 32 TrueColor    0     32  0  rgba   1   0   8   8   8   0  .   s   4   24  8  16  16  16  16  16   1   Ncon
0x11b 32 TrueColor    0     32  0  rgba   1   0   8   8   8   8  .   s   4   24  8  16  16  16  16  16   1   Ncon
0x11c 32 TrueColor    0     32  0  rgba   0   0   8   8   8   0  .   s   4   24  8  16  16  16  16   8   1   Ncon
0x11d 32 TrueColor    0     32  0  rgba   0   0   8   8   8   8  .   s   4   24  8  16  16  16  16   8   1   Ncon
0x11e 32 TrueColor    0     32  0  rgba   0   0   8   8   8   0  .   s   4   24  8  16  16  16  16  16   1   Ncon
0x11f 32 TrueColor    0     32  0  rgba   0   0   8   8   8   8  .   s   4   24  8  16  16  16  16  16   1   Ncon
0x120 32 TrueColor    0     32  0  rgba   1   0   8   8   8   0  .   s   4   24  0  16  16  16  16   8   1   Ncon
0x121 32 TrueColor    0     32  0  rgba   1   0   8   8   8   8  .   s   4   24  0  16  16  16  16   8   1   Ncon
0x122 32 TrueColor    0     32  0  rgba   1   0   8   8   8   0  .   s   4   24  0  16  16  16  16  16   1   Ncon
0x123 32 TrueColor    0     32  0  rgba   1   0   8   8   8   0  .   s   4   24  0  16  16  16  16  16   1   Ncon
0x124 32 TrueColor    0     32  0  rgba   1   0   8   8   8   8  .   s   4   24  0  16  16  16  16  16   1   Ncon
0x125 32 TrueColor    0     32  0  rgba   1   0   8   8   8   8  .   s   4   24  0  16  16  16  16  16   1   Ncon
0x126 32 TrueColor    0     32  0  rgba   0   0   8   8   8   0  .   s   4   24  0  16  16  16  16   8   1   Ncon
0x127 32 TrueColor    0     32  0  rgba   0   0   8   8   8   8  .   s   4   24  0  16  16  16  16   8   1   Ncon
0x128 32 TrueColor    0     32  0  rgba   0   0   8   8   8   0  .   s   4   24  0  16  16  16  16  16   1   Ncon
0x129 32 TrueColor    0     32  0  rgba   0   0   8   8   8   0  .   s   4   24  0  16  16  16  16  16   1   Ncon
0x12a 32 TrueColor    0     32  0  rgba   0   0   8   8   8   8  .   s   4   24  0  16  16  16  16  16   1   Ncon
0x12b 32 TrueColor    0     32  0  rgba   0   0   8   8   8   8  .   s   4   24  0  16  16  16  16  16   1   Ncon
0x12c 32 TrueColor    0     32  0  rgba   1   0   8   8   8   0  .   s   4   24  8  16  16  16  16   8   1   Ncon
0x12d 32 TrueColor    0     32  0  rgba   1   0   8   8   8   8  .   s   4   24  8  16  16  16  16   8   1   Ncon
0x12e 32 TrueColor    0     32  0  rgba   1   0   8   8   8   0  .   s   4   24  8  16  16  16  16  16   1   Ncon
0x12f 32 TrueColor    0     32  0  rgba   1   0   8   8   8   0  .   s   4   24  8  16  16  16  16  16   1   Ncon
0x130 32 TrueColor    0     32  0  rgba   1   0   8   8   8   8  .   s   4   24  8  16  16  16  16  16   1   Ncon
0x131 32 TrueColor    0     32  0  rgba   1   0   8   8   8   8  .   s   4   24  8  16  16  16  16  16   1   Ncon
0x132 32 TrueColor    0     32  0  rgba   0   0   8   8   8   0  .   s   4   24  8  16  16  16  16   8   1   Ncon
0x133 32 TrueColor    0     32  0  rgba   0   0   8   8   8   8  .   s   4   24  8  16  16  16  16   8   1   Ncon
0x134 32 TrueColor    0     32  0  rgba   0   0   8   8   8   0  .   s   4   24  8  16  16  16  16  16   1   Ncon
0x135 32 TrueColor    0     32  0  rgba   0   0   8   8   8   0  .   s   4   24  8  16  16  16  16  16   1   Ncon
0x136 32 TrueColor    0     32  0  rgba   0   0   8   8   8   8  .   s   4   24  8  16  16  16  16  16   1   Ncon
0x137 32 TrueColor    0     32  0  rgba   0   0   8   8   8   8  .   s   4   24  8  16  16  16  16  16   1   Ncon
0x138 32 TrueColor    0     32  0  rgba   1   0   8   8   8   0  .   s   4   24  0  16  16  16  16  32   1   Ncon
0x139 32 TrueColor    0     32  0  rgba   1   0   8   8   8   8  .   s   4   24  0  16  16  16  16  32   1   Ncon
0x13a 32 TrueColor    0     32  0  rgba   0   0   8   8   8   0  .   s   4   24  0  16  16  16  16  32   1   Ncon
0x13b 32 TrueColor    0     32  0  rgba   0   0   8   8   8   8  .   s   4   24  0  16  16  16  16  32   1   Ncon
0x13c 32 TrueColor    0     32  0  rgba   1   0   8   8   8   0  .   s   4   24  8  16  16  16  16  32   1   Ncon
0x13d 32 TrueColor    0     32  0  rgba   1   0   8   8   8   8  .   s   4   24  8  16  16  16  16  32   1   Ncon
0x13e 32 TrueColor    0     32  0  rgba   0   0   8   8   8   0  .   s   4   24  8  16  16  16  16  32   1   Ncon
0x13f 32 TrueColor    0     32  0  rgba   0   0   8   8   8   8  .   s   4   24  8  16  16  16  16  32   1   Ncon

311 GLXFBConfigs:
Vis   Vis   Visual Trans  buff lev render DB ste  r   g   b   a      s  aux dep ste  accum buffer   MS   MS         
 ID  Depth   Type  parent size el   type     reo sz  sz  sz  sz flt rgb buf th  ncl  r   g   b   a  num bufs caveats
--------------------------------------------------------------------------------------------------------------------
0x140 24 TrueColor    0     32  0  rgba   1   0   8   8   8   0  .   s   4   24  8  16  16  16  16   0   0   None
0x141 24 DirectColor  0     32  0  rgba   1   0   8   8   8   0  .   s   4   24  8  16  16  16  16   0   0   None
0x142 24 TrueColor    0     32  0  rgba   1   0   8   8   8   8  .   s   4   24  8  16  16  16  16   0   0   None
0x143 24 DirectColor  0     32  0  rgba   1   0   8   8   8   8  .   s   4   24  8  16  16  16  16   0   0   None
0x144 24 TrueColor    0     32  0  rgba   0   0   8   8   8   0  .   s   4   24  8  16  16  16  16   0   0   None
0x145 24 DirectColor  0     32  0  rgba   0   0   8   8   8   0  .   s   4   24  8  16  16  16  16   0   0   None
0x146 24 TrueColor    0     32  0  rgba   0   0   8   8   8   8  .   s   4   24  8  16  16  16  16   0   0   None
0x147 24 DirectColor  0     32  0  rgba   0   0   8   8   8   8  .   s   4   24  8  16  16  16  16   0   0   None
0x148 24 TrueColor    0     32  0  rgba   1   0   8   8   8   0  .   s   4   24  0  16  16  16  16   0   0   None
0x149 24 DirectColor  0     32  0  rgba   1   0   8   8   8   0  .   s   4   24  0  16  16  16  16   0   0   None
0x14a 24 TrueColor    0     32  0  rgba   1   0   8   8   8   8  .   s   4   24  0  16  16  16  16   0   0   None
0x14b 24 DirectColor  0     32  0  rgba   1   0   8   8   8   8  .   s   4   24  0  16  16  16  16   0   0   None
0x14c 24 TrueColor    0     32  0  rgba   0   0   8   8   8   0  .   s   4   24  0  16  16  16  16   0   0   None
0x14d 24 DirectColor  0     32  0  rgba   0   0   8   8   8   0  .   s   4   24  0  16  16  16  16   0   0   None
0x14e 24 TrueColor    0     32  0  rgba   0   0   8   8   8   8  .   s   4   24  0  16  16  16  16   0   0   None
0x14f 24 DirectColor  0     32  0  rgba   0   0   8   8   8   8  .   s   4   24  0  16  16  16  16   0   0   None
0x150 24 TrueColor    0     32  0  rgba   1   0   8   8   8   0  .   s   4    0  0  16  16  16  16   0   0   None
0x151 24 DirectColor  0     32  0  rgba   1   0   8   8   8   0  .   s   4    0  0  16  16  16  16   0   0   None
0x152 24 TrueColor    0     32  0  rgba   1   0   8   8   8   8  .   s   4    0  0  16  16  16  16   0   0   None
0x153 24 DirectColor  0     32  0  rgba   1   0   8   8   8   8  .   s   4    0  0  16  16  16  16   0   0   None
0x154 24 TrueColor    0     32  0  rgba   0   0   8   8   8   0  .   s   4    0  0  16  16  16  16   0   0   None
0x155 24 DirectColor  0     32  0  rgba   0   0   8   8   8   0  .   s   4    0  0  16  16  16  16   0   0   None
0x156 24 TrueColor    0     32  0  rgba   0   0   8   8   8   8  .   s   4    0  0  16  16  16  16   0   0   None
0x157 24 DirectColor  0     32  0  rgba   0   0   8   8   8   8  .   s   4    0  0  16  16  16  16   0   0   None
0x158 24 TrueColor    0     32  0  rgba   1   0   8   8   8   0  .   s   4   24  0  16  16  16  16   2   1   Ncon
0x159 24 DirectColor  0     32  0  rgba   1   0   8   8   8   0  .   s   4   24  0  16  16  16  16   2   1   Ncon
0x15a 24 TrueColor    0     32  0  rgba   1   0   8   8   8   8  .   s   4   24  0  16  16  16  16   2   1   Ncon
0x15b 24 DirectColor  0     32  0  rgba   1   0   8   8   8   8  .   s   4   24  0  16  16  16  16   2   1   Ncon
0x15c 24 TrueColor    0     32  0  rgba   1   0   8   8   8   0  .   s   4   24  0  16  16  16  16   4   1   Ncon
0x15d 24 DirectColor  0     32  0  rgba   1   0   8   8   8   0  .   s   4   24  0  16  16  16  16   4   1   Ncon
0x15e 24 TrueColor    0     32  0  rgba   1   0   8   8   8   8  .   s   4   24  0  16  16  16  16   4   1   Ncon
0x15f 24 DirectColor  0     32  0  rgba   1   0   8   8   8   8  .   s   4   24  0  16  16  16  16   4   1   Ncon
0x160 24 TrueColor    0     32  0  rgba   0   0   8   8   8   0  .   s   4   24  0  16  16  16  16   2   1   Ncon
0x161 24 DirectColor  0     32  0  rgba   0   0   8   8   8   0  .   s   4   24  0  16  16  16  16   2   1   Ncon
0x162 24 TrueColor    0     32  0  rgba   0   0   8   8   8   8  .   s   4   24  0  16  16  16  16   2   1   Ncon
0x163 24 DirectColor  0     32  0  rgba   0   0   8   8   8   8  .   s   4   24  0  16  16  16  16   2   1   Ncon
0x164 24 TrueColor    0     32  0  rgba   0   0   8   8   8   0  .   s   4   24  0  16  16  16  16   4   1   Ncon
0x165 24 DirectColor  0     32  0  rgba   0   0   8   8   8   0  .   s   4   24  0  16  16  16  16   4   1   Ncon
0x166 24 TrueColor    0     32  0  rgba   0   0   8   8   8   8  .   s   4   24  0  16  16  16  16   4   1   Ncon
0x167 24 DirectColor  0     32  0  rgba   0   0   8   8   8   8  .   s   4   24  0  16  16  16  16   4   1   Ncon
0x168 24 TrueColor    0     32  0  rgba   1   0   8   8   8   0  .   s   4   24  8  16  16  16  16   2   1   Ncon
0x169 24 DirectColor  0     32  0  rgba   1   0   8   8   8   0  .   s   4   24  8  16  16  16  16   2   1   Ncon
0x16a 24 TrueColor    0     32  0  rgba   1   0   8   8   8   8  .   s   4   24  8  16  16  16  16   2   1   Ncon
0x16b 24 DirectColor  0     32  0  rgba   1   0   8   8   8   8  .   s   4   24  8  16  16  16  16   2   1   Ncon
0x16c 24 TrueColor    0     32  0  rgba   1   0   8   8   8   0  .   s   4   24  8  16  16  16  16   4   1   Ncon
0x16d 24 DirectColor  0     32  0  rgba   1   0   8   8   8   0  .   s   4   24  8  16  16  16  16   4   1   Ncon
0x16e 24 TrueColor    0     32  0  rgba   1   0   8   8   8   8  .   s   4   24  8  16  16  16  16   4   1   Ncon
0x16f 24 DirectColor  0     32  0  rgba   1   0   8   8   8   8  .   s   4   24  8  16  16  16  16   4   1   Ncon
0x170 24 TrueColor    0     32  0  rgba   0   0   8   8   8   0  .   s   4   24  8  16  16  16  16   2   1   Ncon
0x171 24 DirectColor  0     32  0  rgba   0   0   8   8   8   0  .   s   4   24  8  16  16  16  16   2   1   Ncon
0x172 24 TrueColor    0     32  0  rgba   0   0   8   8   8   8  .   s   4   24  8  16  16  16  16   2   1   Ncon
0x173 24 DirectColor  0     32  0  rgba   0   0   8   8   8   8  .   s   4   24  8  16  16  16  16   2   1   Ncon
0x174 24 TrueColor    0     32  0  rgba   0   0   8   8   8   0  .   s   4   24  8  16  16  16  16   4   1   Ncon
0x175 24 DirectColor  0     32  0  rgba   0   0   8   8   8   0  .   s   4   24  8  16  16  16  16   4   1   Ncon
0x176 24 TrueColor    0     32  0  rgba   0   0   8   8   8   8  .   s   4   24  8  16  16  16  16   4   1   Ncon
0x177 24 DirectColor  0     32  0  rgba   0   0   8   8   8   8  .   s   4   24  8  16  16  16  16   4   1   Ncon
0x178 24 TrueColor    0     32  0  rgba   1   0   8   8   8   0  .   s   4   24  0  16  16  16  16   8   1   Ncon
0x179 24 DirectColor  0     32  0  rgba   1   0   8   8   8   0  .   s   4   24  0  16  16  16  16   8   1   Ncon
0x17a 24 TrueColor    0     32  0  rgba   1   0   8   8   8   8  .   s   4   24  0  16  16  16  16   8   1   Ncon
0x17b 24 DirectColor  0     32  0  rgba   1   0   8   8   8   8  .   s   4   24  0  16  16  16  16   8   1   Ncon
0x17c 24 TrueColor    0     32  0  rgba   1   0   8   8   8   0  .   s   4   24  0  16  16  16  16  16   1   Ncon
0x17d 24 DirectColor  0     32  0  rgba   1   0   8   8   8   0  .   s   4   24  0  16  16  16  16  16   1   Ncon
0x17e 24 TrueColor    0     32  0  rgba   1   0   8   8   8   8  .   s   4   24  0  16  16  16  16  16   1   Ncon
0x17f 24 DirectColor  0     32  0  rgba   1   0   8   8   8   8  .   s   4   24  0  16  16  16  16  16   1   Ncon
0x180 24 TrueColor    0     32  0  rgba   0   0   8   8   8   0  .   s   4   24  0  16  16  16  16   8   1   Ncon
0x181 24 DirectColor  0     32  0  rgba   0   0   8   8   8   0  .   s   4   24  0  16  16  16  16   8   1   Ncon
0x182 24 TrueColor    0     32  0  rgba   0   0   8   8   8   8  .   s   4   24  0  16  16  16  16   8   1   Ncon
0x183 24 DirectColor  0     32  0  rgba   0   0   8   8   8   8  .   s   4   24  0  16  16  16  16   8   1   Ncon
0x184 24 TrueColor    0     32  0  rgba   0   0   8   8   8   0  .   s   4   24  0  16  16  16  16  16   1   Ncon
0x185 24 DirectColor  0     32  0  rgba   0   0   8   8   8   0  .   s   4   24  0  16  16  16  16  16   1   Ncon
0x186 24 TrueColor    0     32  0  rgba   0   0   8   8   8   8  .   s   4   24  0  16  16  16  16  16   1   Ncon
0x187 24 DirectColor  0     32  0  rgba   0   0   8   8   8   8  .   s   4   24  0  16  16  16  16  16   1   Ncon
0x188 24 TrueColor    0     32  0  rgba   1   0   8   8   8   0  .   s   4   24  8  16  16  16  16   8   1   Ncon
0x189 24 DirectColor  0     32  0  rgba   1   0   8   8   8   0  .   s   4   24  8  16  16  16  16   8   1   Ncon
0x18a 24 TrueColor    0     32  0  rgba   1   0   8   8   8   8  .   s   4   24  8  16  16  16  16   8   1   Ncon
0x18b 24 DirectColor  0     32  0  rgba   1   0   8   8   8   8  .   s   4   24  8  16  16  16  16   8   1   Ncon
0x18c 24 TrueColor    0     32  0  rgba   1   0   8   8   8   0  .   s   4   24  8  16  16  16  16  16   1   Ncon
0x18d 24 DirectColor  0     32  0  rgba   1   0   8   8   8   0  .   s   4   24  8  16  16  16  16  16   1   Ncon
0x18e 24 TrueColor    0     32  0  rgba   1   0   8   8   8   8  .   s   4   24  8  16  16  16  16  16   1   Ncon
0x18f 24 DirectColor  0     32  0  rgba   1   0   8   8   8   8  .   s   4   24  8  16  16  16  16  16   1   Ncon
0x190 24 TrueColor    0     32  0  rgba   0   0   8   8   8   0  .   s   4   24  8  16  16  16  16   8   1   Ncon
0x191 24 DirectColor  0     32  0  rgba   0   0   8   8   8   0  .   s   4   24  8  16  16  16  16   8   1   Ncon
0x192 24 TrueColor    0     32  0  rgba   0   0   8   8   8   8  .   s   4   24  8  16  16  16  16   8   1   Ncon
0x193 24 DirectColor  0     32  0  rgba   0   0   8   8   8   8  .   s   4   24  8  16  16  16  16   8   1   Ncon
0x194 24 TrueColor    0     32  0  rgba   0   0   8   8   8   0  .   s   4   24  8  16  16  16  16  16   1   Ncon
0x195 24 DirectColor  0     32  0  rgba   0   0   8   8   8   0  .   s   4   24  8  16  16  16  16  16   1   Ncon
0x196 24 TrueColor    0     32  0  rgba   0   0   8   8   8   8  .   s   4   24  8  16  16  16  16  16   1   Ncon
0x197 24 DirectColor  0     32  0  rgba   0   0   8   8   8   8  .   s   4   24  8  16  16  16  16  16   1   Ncon
0x198 24 TrueColor    0     32  0  rgba   1   0   8   8   8   0  .   s   4   24  0  16  16  16  16   8   1   Ncon
0x199 24 DirectColor  0     32  0  rgba   1   0   8   8   8   0  .   s   4   24  0  16  16  16  16   8   1   Ncon
0x19a 24 TrueColor    0     32  0  rgba   1   0   8   8   8   8  .   s   4   24  0  16  16  16  16   8   1   Ncon
0x19b 24 DirectColor  0     32  0  rgba   1   0   8   8   8   8  .   s   4   24  0  16  16  16  16   8   1   Ncon
0x19c 24 TrueColor    0     32  0  rgba   1   0   8   8   8   0  .   s   4   24  0  16  16  16  16  16   1   Ncon
0x19d 24 DirectColor  0     32  0  rgba   1   0   8   8   8   0  .   s   4   24  0  16  16  16  16  16   1   Ncon
0x19e 24 TrueColor    0     32  0  rgba   1   0   8   8   8   0  .   s   4   24  0  16  16  16  16  16   1   Ncon
0x19f 24 DirectColor  0     32  0  rgba   1   0   8   8   8   0  .   s   4   24  0  16  16  16  16  16   1   Ncon
0x1a0 24 TrueColor    0     32  0  rgba   1   0   8   8   8   8  .   s   4   24  0  16  16  16  16  16   1   Ncon
0x1a1 24 DirectColor  0     32  0  rgba   1   0   8   8   8   8  .   s   4   24  0  16  16  16  16  16   1   Ncon
0x1a2 24 TrueColor    0     32  0  rgba   1   0   8   8   8   8  .   s   4   24  0  16  16  16  16  16   1   Ncon
0x1a3 24 DirectColor  0     32  0  rgba   1   0   8   8   8   8  .   s   4   24  0  16  16  16  16  16   1   Ncon
0x1a4 24 TrueColor    0     32  0  rgba   0   0   8   8   8   0  .   s   4   24  0  16  16  16  16   8   1   Ncon
0x1a5 24 DirectColor  0     32  0  rgba   0   0   8   8   8   0  .   s   4   24  0  16  16  16  16   8   1   Ncon
0x1a6 24 TrueColor    0     32  0  rgba   0   0   8   8   8   8  .   s   4   24  0  16  16  16  16   8   1   Ncon
0x1a7 24 DirectColor  0     32  0  rgba   0   0   8   8   8   8  .   s   4   24  0  16  16  16  16   8   1   Ncon
0x1a8 24 TrueColor    0     32  0  rgba   0   0   8   8   8   0  .   s   4   24  0  16  16  16  16  16   1   Ncon
0x1a9 24 DirectColor  0     32  0  rgba   0   0   8   8   8   0  .   s   4   24  0  16  16  16  16  16   1   Ncon
0x1aa 24 TrueColor    0     32  0  rgba   0   0   8   8   8   0  .   s   4   24  0  16  16  16  16  16   1   Ncon
0x1ab 24 DirectColor  0     32  0  rgba   0   0   8   8   8   0  .   s   4   24  0  16  16  16  16  16   1   Ncon
0x1ac 24 TrueColor    0     32  0  rgba   0   0   8   8   8   8  .   s   4   24  0  16  16  16  16  16   1   Ncon
0x1ad 24 DirectColor  0     32  0  rgba   0   0   8   8   8   8  .   s   4   24  0  16  16  16  16  16   1   Ncon
0x1ae 24 TrueColor    0     32  0  rgba   0   0   8   8   8   8  .   s   4   24  0  16  16  16  16  16   1   Ncon
0x1af 24 DirectColor  0     32  0  rgba   0   0   8   8   8   8  .   s   4   24  0  16  16  16  16  16   1   Ncon
0x1b0 24 TrueColor    0     32  0  rgba   1   0   8   8   8   0  .   s   4   24  8  16  16  16  16   8   1   Ncon
0x1b1 24 DirectColor  0     32  0  rgba   1   0   8   8   8   0  .   s   4   24  8  16  16  16  16   8   1   Ncon
0x1b2 24 TrueColor    0     32  0  rgba   1   0   8   8   8   8  .   s   4   24  8  16  16  16  16   8   1   Ncon
0x1b3 24 DirectColor  0     32  0  rgba   1   0   8   8   8   8  .   s   4   24  8  16  16  16  16   8   1   Ncon
0x1b4 24 TrueColor    0     32  0  rgba   1   0   8   8   8   0  .   s   4   24  8  16  16  16  16  16   1   Ncon
0x1b5 24 DirectColor  0     32  0  rgba   1   0   8   8   8   0  .   s   4   24  8  16  16  16  16  16   1   Ncon
0x1b6 24 TrueColor    0     32  0  rgba   1   0   8   8   8   0  .   s   4   24  8  16  16  16  16  16   1   Ncon
0x1b7 24 DirectColor  0     32  0  rgba   1   0   8   8   8   0  .   s   4   24  8  16  16  16  16  16   1   Ncon
0x1b8 24 TrueColor    0     32  0  rgba   1   0   8   8   8   8  .   s   4   24  8  16  16  16  16  16   1   Ncon
0x1b9 24 DirectColor  0     32  0  rgba   1   0   8   8   8   8  .   s   4   24  8  16  16  16  16  16   1   Ncon
0x1ba 24 TrueColor    0     32  0  rgba   1   0   8   8   8   8  .   s   4   24  8  16  16  16  16  16   1   Ncon
0x1bb 24 DirectColor  0     32  0  rgba   1   0   8   8   8   8  .   s   4   24  8  16  16  16  16  16   1   Ncon
0x1bc 24 TrueColor    0     32  0  rgba   0   0   8   8   8   0  .   s   4   24  8  16  16  16  16   8   1   Ncon
0x1bd 24 DirectColor  0     32  0  rgba   0   0   8   8   8   0  .   s   4   24  8  16  16  16  16   8   1   Ncon
0x1be 24 TrueColor    0     32  0  rgba   0   0   8   8   8   8  .   s   4   24  8  16  16  16  16   8   1   Ncon
0x1bf 24 DirectColor  0     32  0  rgba   0   0   8   8   8   8  .   s   4   24  8  16  16  16  16   8   1   Ncon
0x1c0 24 TrueColor    0     32  0  rgba   0   0   8   8   8   0  .   s   4   24  8  16  16  16  16  16   1   Ncon
0x1c1 24 DirectColor  0     32  0  rgba   0   0   8   8   8   0  .   s   4   24  8  16  16  16  16  16   1   Ncon
0x1c2 24 TrueColor    0     32  0  rgba   0   0   8   8   8   0  .   s   4   24  8  16  16  16  16  16   1   Ncon
0x1c3 24 DirectColor  0     32  0  rgba   0   0   8   8   8   0  .   s   4   24  8  16  16  16  16  16   1   Ncon
0x1c4 24 TrueColor    0     32  0  rgba   0   0   8   8   8   8  .   s   4   24  8  16  16  16  16  16   1   Ncon
0x1c5 24 DirectColor  0     32  0  rgba   0   0   8   8   8   8  .   s   4   24  8  16  16  16  16  16   1   Ncon
0x1c6 24 TrueColor    0     32  0  rgba   0   0   8   8   8   8  .   s   4   24  8  16  16  16  16  16   1   Ncon
0x1c7 24 DirectColor  0     32  0  rgba   0   0   8   8   8   8  .   s   4   24  8  16  16  16  16  16   1   Ncon
0x1c8 24 TrueColor    0     32  0  rgba   1   0   8   8   8   0  .   s   4   24  0  16  16  16  16  32   1   Ncon
0x1c9 24 DirectColor  0     32  0  rgba   1   0   8   8   8   0  .   s   4   24  0  16  16  16  16  32   1   Ncon
0x1ca 24 TrueColor    0     32  0  rgba   1   0   8   8   8   8  .   s   4   24  0  16  16  16  16  32   1   Ncon
0x1cb 24 DirectColor  0     32  0  rgba   1   0   8   8   8   8  .   s   4   24  0  16  16  16  16  32   1   Ncon
0x1cc 24 TrueColor    0     32  0  rgba   0   0   8   8   8   0  .   s   4   24  0  16  16  16  16  32   1   Ncon
0x1cd 24 DirectColor  0     32  0  rgba   0   0   8   8   8   0  .   s   4   24  0  16  16  16  16  32   1   Ncon
0x1ce 24 TrueColor    0     32  0  rgba   0   0   8   8   8   8  .   s   4   24  0  16  16  16  16  32   1   Ncon
0x1cf 24 DirectColor  0     32  0  rgba   0   0   8   8   8   8  .   s   4   24  0  16  16  16  16  32   1   Ncon
0x1d0 24 TrueColor    0     32  0  rgba   1   0   8   8   8   0  .   s   4   24  8  16  16  16  16  32   1   Ncon
0x1d1 24 DirectColor  0     32  0  rgba   1   0   8   8   8   0  .   s   4   24  8  16  16  16  16  32   1   Ncon
0x1d2 24 TrueColor    0     32  0  rgba   1   0   8   8   8   8  .   s   4   24  8  16  16  16  16  32   1   Ncon
0x1d3 24 DirectColor  0     32  0  rgba   1   0   8   8   8   8  .   s   4   24  8  16  16  16  16  32   1   Ncon
0x1d4 24 TrueColor    0     32  0  rgba   0   0   8   8   8   0  .   s   4   24  8  16  16  16  16  32   1   Ncon
0x1d5 24 DirectColor  0     32  0  rgba   0   0   8   8   8   0  .   s   4   24  8  16  16  16  16  32   1   Ncon
0x1d6 24 TrueColor    0     32  0  rgba   0   0   8   8   8   8  .   s   4   24  8  16  16  16  16  32   1   Ncon
0x1d7 24 DirectColor  0     32  0  rgba   0   0   8   8   8   8  .   s   4   24  8  16  16  16  16  32   1   Ncon
0x1d8 32 TrueColor    0     32  0  rgba   1   0   8   8   8   0  .   s   4   24  8  16  16  16  16   0   0   None
0x1d9 32 TrueColor    0     32  0  rgba   1   0   8   8   8   8  .   s   4   24  8  16  16  16  16   0   0   None
0x1da 32 TrueColor    0     32  0  rgba   0   0   8   8   8   0  .   s   4   24  8  16  16  16  16   0   0   None
0x1db 32 TrueColor    0     32  0  rgba   0   0   8   8   8   8  .   s   4   24  8  16  16  16  16   0   0   None
0x1dc 32 TrueColor    0     32  0  rgba   1   0   8   8   8   0  .   s   4   24  0  16  16  16  16   0   0   None
0x1dd 32 TrueColor    0     32  0  rgba   1   0   8   8   8   8  .   s   4   24  0  16  16  16  16   0   0   None
0x1de 32 TrueColor    0     32  0  rgba   0   0   8   8   8   0  .   s   4   24  0  16  16  16  16   0   0   None
0x1df 32 TrueColor    0     32  0  rgba   0   0   8   8   8   8  .   s   4   24  0  16  16  16  16   0   0   None
0x1e0 32 TrueColor    0     32  0  rgba   1   0   8   8   8   0  .   s   4    0  0  16  16  16  16   0   0   None
0x1e1 32 TrueColor    0     32  0  rgba   1   0   8   8   8   8  .   s   4    0  0  16  16  16  16   0   0   None
0x1e2 32 TrueColor    0     32  0  rgba   0   0   8   8   8   0  .   s   4    0  0  16  16  16  16   0   0   None
0x1e3 32 TrueColor    0     32  0  rgba   0   0   8   8   8   8  .   s   4    0  0  16  16  16  16   0   0   None
0x1e4 32 TrueColor    0     32  0  rgba   1   0   8   8   8   0  .   s   4   24  0  16  16  16  16   2   1   Ncon
0x1e5 32 TrueColor    0     32  0  rgba   1   0   8   8   8   8  .   s   4   24  0  16  16  16  16   2   1   Ncon
0x1e6 32 TrueColor    0     32  0  rgba   1   0   8   8   8   0  .   s   4   24  0  16  16  16  16   4   1   Ncon
0x1e7 32 TrueColor    0     32  0  rgba   1   0   8   8   8   8  .   s   4   24  0  16  16  16  16   4   1   Ncon
0x1e8 32 TrueColor    0     32  0  rgba   0   0   8   8   8   0  .   s   4   24  0  16  16  16  16   2   1   Ncon
0x1e9 32 TrueColor    0     32  0  rgba   0   0   8   8   8   8  .   s   4   24  0  16  16  16  16   2   1   Ncon
0x1ea 32 TrueColor    0     32  0  rgba   0   0   8   8   8   0  .   s   4   24  0  16  16  16  16   4   1   Ncon
0x1eb 32 TrueColor    0     32  0  rgba   0   0   8   8   8   8  .   s   4   24  0  16  16  16  16   4   1   Ncon
0x1ec 32 TrueColor    0     32  0  rgba   1   0   8   8   8   0  .   s   4   24  8  16  16  16  16   2   1   Ncon
0x1ed 32 TrueColor    0     32  0  rgba   1   0   8   8   8   8  .   s   4   24  8  16  16  16  16   2   1   Ncon
0x1ee 32 TrueColor    0     32  0  rgba   1   0   8   8   8   0  .   s   4   24  8  16  16  16  16   4   1   Ncon
0x1ef 32 TrueColor    0     32  0  rgba   1   0   8   8   8   8  .   s   4   24  8  16  16  16  16   4   1   Ncon
0x1f0 32 TrueColor    0     32  0  rgba   0   0   8   8   8   0  .   s   4   24  8  16  16  16  16   2   1   Ncon
0x1f1 32 TrueColor    0     32  0  rgba   0   0   8   8   8   8  .   s   4   24  8  16  16  16  16   2   1   Ncon
0x1f2 32 TrueColor    0     32  0  rgba   0   0   8   8   8   0  .   s   4   24  8  16  16  16  16   4   1   Ncon
0x1f3 32 TrueColor    0     32  0  rgba   0   0   8   8   8   8  .   s   4   24  8  16  16  16  16   4   1   Ncon
0x1f4 32 TrueColor    0     32  0  rgba   1   0   8   8   8   0  .   s   4   24  0  16  16  16  16   8   1   Ncon
0x1f5 32 TrueColor    0     32  0  rgba   1   0   8   8   8   8  .   s   4   24  0  16  16  16  16   8   1   Ncon
0x1f6 32 TrueColor    0     32  0  rgba   1   0   8   8   8   0  .   s   4   24  0  16  16  16  16  16   1   Ncon
0x1f7 32 TrueColor    0     32  0  rgba   1   0   8   8   8   8  .   s   4   24  0  16  16  16  16  16   1   Ncon
0x1f8 32 TrueColor    0     32  0  rgba   0   0   8   8   8   0  .   s   4   24  0  16  16  16  16   8   1   Ncon
0x1f9 32 TrueColor    0     32  0  rgba   0   0   8   8   8   8  .   s   4   24  0  16  16  16  16   8   1   Ncon
0x1fa 32 TrueColor    0     32  0  rgba   0   0   8   8   8   0  .   s   4   24  0  16  16  16  16  16   1   Ncon
0x1fb 32 TrueColor    0     32  0  rgba   0   0   8   8   8   8  .   s   4   24  0  16  16  16  16  16   1   Ncon
0x1fc 32 TrueColor    0     32  0  rgba   1   0   8   8   8   0  .   s   4   24  8  16  16  16  16   8   1   Ncon
0x1fd 32 TrueColor    0     32  0  rgba   1   0   8   8   8   8  .   s   4   24  8  16  16  16  16   8   1   Ncon
0x1fe 32 TrueColor    0     32  0  rgba   1   0   8   8   8   0  .   s   4   24  8  16  16  16  16  16   1   Ncon
0x1ff 32 TrueColor    0     32  0  rgba   1   0   8   8   8   8  .   s   4   24  8  16  16  16  16  16   1   Ncon
0x200 32 TrueColor    0     32  0  rgba   0   0   8   8   8   0  .   s   4   24  8  16  16  16  16   8   1   Ncon
0x201 32 TrueColor    0     32  0  rgba   0   0   8   8   8   8  .   s   4   24  8  16  16  16  16   8   1   Ncon
0x202 32 TrueColor    0     32  0  rgba   0   0   8   8   8   0  .   s   4   24  8  16  16  16  16  16   1   Ncon
0x203 32 TrueColor    0     32  0  rgba   0   0   8   8   8   8  .   s   4   24  8  16  16  16  16  16   1   Ncon
0x204 32 TrueColor    0     32  0  rgba   1   0   8   8   8   0  .   s   4   24  0  16  16  16  16   8   1   Ncon
0x205 32 TrueColor    0     32  0  rgba   1   0   8   8   8   8  .   s   4   24  0  16  16  16  16   8   1   Ncon
0x206 32 TrueColor    0     32  0  rgba   1   0   8   8   8   0  .   s   4   24  0  16  16  16  16  16   1   Ncon
0x207 32 TrueColor    0     32  0  rgba   1   0   8   8   8   0  .   s   4   24  0  16  16  16  16  16   1   Ncon
0x208 32 TrueColor    0     32  0  rgba   1   0   8   8   8   8  .   s   4   24  0  16  16  16  16  16   1   Ncon
0x209 32 TrueColor    0     32  0  rgba   1   0   8   8   8   8  .   s   4   24  0  16  16  16  16  16   1   Ncon
0x20a 32 TrueColor    0     32  0  rgba   0   0   8   8   8   0  .   s   4   24  0  16  16  16  16   8   1   Ncon
0x20b 32 TrueColor    0     32  0  rgba   0   0   8   8   8   8  .   s   4   24  0  16  16  16  16   8   1   Ncon
0x20c 32 TrueColor    0     32  0  rgba   0   0   8   8   8   0  .   s   4   24  0  16  16  16  16  16   1   Ncon
0x20d 32 TrueColor    0     32  0  rgba   0   0   8   8   8   0  .   s   4   24  0  16  16  16  16  16   1   Ncon
0x20e 32 TrueColor    0     32  0  rgba   0   0   8   8   8   8  .   s   4   24  0  16  16  16  16  16   1   Ncon
0x20f 32 TrueColor    0     32  0  rgba   0   0   8   8   8   8  .   s   4   24  0  16  16  16  16  16   1   Ncon
0x210 32 TrueColor    0     32  0  rgba   1   0   8   8   8   0  .   s   4   24  8  16  16  16  16   8   1   Ncon
0x211 32 TrueColor    0     32  0  rgba   1   0   8   8   8   8  .   s   4   24  8  16  16  16  16   8   1   Ncon
0x212 32 TrueColor    0     32  0  rgba   1   0   8   8   8   0  .   s   4   24  8  16  16  16  16  16   1   Ncon
0x213 32 TrueColor    0     32  0  rgba   1   0   8   8   8   0  .   s   4   24  8  16  16  16  16  16   1   Ncon
0x214 32 TrueColor    0     32  0  rgba   1   0   8   8   8   8  .   s   4   24  8  16  16  16  16  16   1   Ncon
0x215 32 TrueColor    0     32  0  rgba   1   0   8   8   8   8  .   s   4   24  8  16  16  16  16  16   1   Ncon
0x216 32 TrueColor    0     32  0  rgba   0   0   8   8   8   0  .   s   4   24  8  16  16  16  16   8   1   Ncon
0x217 32 TrueColor    0     32  0  rgba   0   0   8   8   8   8  .   s   4   24  8  16  16  16  16   8   1   Ncon
0x218 32 TrueColor    0     32  0  rgba   0   0   8   8   8   0  .   s   4   24  8  16  16  16  16  16   1   Ncon
0x219 32 TrueColor    0     32  0  rgba   0   0   8   8   8   0  .   s   4   24  8  16  16  16  16  16   1   Ncon
0x21a 32 TrueColor    0     32  0  rgba   0   0   8   8   8   8  .   s   4   24  8  16  16  16  16  16   1   Ncon
0x21b 32 TrueColor    0     32  0  rgba   0   0   8   8   8   8  .   s   4   24  8  16  16  16  16  16   1   Ncon
0x21c 32 TrueColor    0     32  0  rgba   1   0   8   8   8   0  .   s   4   24  0  16  16  16  16  32   1   Ncon
0x21d 32 TrueColor    0     32  0  rgba   1   0   8   8   8   8  .   s   4   24  0  16  16  16  16  32   1   Ncon
0x21e 32 TrueColor    0     32  0  rgba   0   0   8   8   8   0  .   s   4   24  0  16  16  16  16  32   1   Ncon
0x21f 32 TrueColor    0     32  0  rgba   0   0   8   8   8   8  .   s   4   24  0  16  16  16  16  32   1   Ncon
0x220 32 TrueColor    0     32  0  rgba   1   0   8   8   8   0  .   s   4   24  8  16  16  16  16  32   1   Ncon
0x221 32 TrueColor    0     32  0  rgba   1   0   8   8   8   8  .   s   4   24  8  16  16  16  16  32   1   Ncon
0x222 32 TrueColor    0     32  0  rgba   0   0   8   8   8   0  .   s   4   24  8  16  16  16  16  32   1   Ncon
0x223 32 TrueColor    0     32  0  rgba   0   0   8   8   8   8  .   s   4   24  8  16  16  16  16  32   1   Ncon
0x224  0 StaticGray   0     16  0  rgba   1   0   5   6   5   0  .   .   4   16  0  16  16  16  16   0   0   None
0x225  0 StaticGray   0     16  0  rgba   0   0   5   6   5   0  .   .   4   16  0  16  16  16  16   0   0   None
0x226  0 StaticGray   0     16  0  rgba   1   0   5   6   5   0  .   .   4   24  0  16  16  16  16   0   0   None
0x227  0 StaticGray   0     16  0  rgba   0   0   5   6   5   0  .   .   4   24  0  16  16  16  16   0   0   None
0x228  0 StaticGray   0     16  0  rgba   1   0   5   6   5   0  .   .   4   24  8  16  16  16  16   0   0   None
0x229  0 StaticGray   0     16  0  rgba   0   0   5   6   5   0  .   .   4   24  8  16  16  16  16   0   0   None
0x22a  0 StaticGray   0     16  0  rgba   1   0   5   6   5   0  .   .   4    0  0  16  16  16  16   0   0   None
0x22b  0 StaticGray   0     16  0  rgba   0   0   5   6   5   0  .   .   4    0  0  16  16  16  16   0   0   None
0x22c  0 StaticGray   0      0  0  rgba   0   0   0   0   0   0  .   .   4   16  0  16  16  16  16   0   0   None
0x22d  0 StaticGray   0      0  0  rgba   0   0   0   0   0   0  .   .   4   24  0  16  16  16  16   0   0   None
0x22e  0 StaticGray   0      0  0  rgba   0   0   0   0   0   0  .   .   4   24  8  16  16  16  16   0   0   None
0x22f  0 StaticGray   0     32  0  rgba   0   0  16  16   0   0  f   .   4    0  0  16  16  16  16   0   0   None
0x230  0 StaticGray   0     32  0  float   0   0  16  16   0   0  f   .   4    0  0  16  16  16  16   0   0   None
0x231  0 StaticGray   0     32  0  rgba   1   0  16  16   0   0  f   .   4    0  0  16  16  16  16   0   0   None
0x232  0 StaticGray   0     32  0  float   1   0  16  16   0   0  f   .   4    0  0  16  16  16  16   0   0   None
0x233  0 StaticGray   0     32  0  rgba   0   0  32   0   0   0  f   .   4    0  0  16  16  16  16   0   0   None
0x234  0 StaticGray   0     32  0  float   0   0  32   0   0   0  f   .   4    0  0  16  16  16  16   0   0   None
0x235  0 StaticGray   0     32  0  rgba   1   0  32   0   0   0  f   .   4    0  0  16  16  16  16   0   0   None
0x236  0 StaticGray   0     32  0  float   1   0  32   0   0   0  f   .   4    0  0  16  16  16  16   0   0   None
0x237  0 StaticGray   0     64  0  rgba   0   0  16  16  16  16  f   .   4    0  0  16  16  16  16   0   0   None
0x238  0 StaticGray   0     64  0  float   0   0  16  16  16  16  f   .   4    0  0  16  16  16  16   0   0   None
0x239  0 StaticGray   0     64  0  rgba   1   0  16  16  16  16  f   .   4    0  0  16  16  16  16   0   0   None
0x23a  0 StaticGray   0     64  0  float   1   0  16  16  16  16  f   .   4    0  0  16  16  16  16   0   0   None
0x23b  0 StaticGray   0    128  0  rgba   0   0  32  32  32  32  f   .   4    0  0  16  16  16  16   0   0   None
0x23c  0 StaticGray   0    128  0  float   0   0  32  32  32  32  f   .   4    0  0  16  16  16  16   0   0   None
0x23d  0 StaticGray   0    128  0  rgba   1   0  32  32  32  32  f   .   4    0  0  16  16  16  16   0   0   None
0x23e  0 StaticGray   0    128  0  float   1   0  32  32  32  32  f   .   4    0  0  16  16  16  16   0   0   None
0x23f  0 StaticGray   0     32  0  rgba   0   0  16  16   0   0  f   .   4   24  0  16  16  16  16   0   0   None
0x240  0 StaticGray   0     32  0  float   0   0  16  16   0   0  f   .   4   24  0  16  16  16  16   0   0   None
0x241  0 StaticGray   0     32  0  rgba   1   0  16  16   0   0  f   .   4   24  0  16  16  16  16   0   0   None
0x242  0 StaticGray   0     32  0  float   1   0  16  16   0   0  f   .   4   24  0  16  16  16  16   0   0   None
0x243  0 StaticGray   0     32  0  rgba   0   0  16  16   0   0  f   .   4   24  8  16  16  16  16   0   0   None
0x244  0 StaticGray   0     32  0  float   0   0  16  16   0   0  f   .   4   24  8  16  16  16  16   0   0   None
0x245  0 StaticGray   0     32  0  rgba   1   0  16  16   0   0  f   .   4   24  8  16  16  16  16   0   0   None
0x246  0 StaticGray   0     32  0  float   1   0  16  16   0   0  f   .   4   24  8  16  16  16  16   0   0   None
0x247  0 StaticGray   0     32  0  rgba   0   0  32   0   0   0  f   .   4   24  0  16  16  16  16   0   0   None
0x248  0 StaticGray   0     32  0  float   0   0  32   0   0   0  f   .   4   24  0  16  16  16  16   0   0   None
0x249  0 StaticGray   0     32  0  rgba   1   0  32   0   0   0  f   .   4   24  0  16  16  16  16   0   0   None
0x24a  0 StaticGray   0     32  0  float   1   0  32   0   0   0  f   .   4   24  0  16  16  16  16   0   0   None
0x24b  0 StaticGray   0     32  0  rgba   0   0  32   0   0   0  f   .   4   24  8  16  16  16  16   0   0   None
0x24c  0 StaticGray   0     32  0  float   0   0  32   0   0   0  f   .   4   24  8  16  16  16  16   0   0   None
0x24d  0 StaticGray   0     32  0  rgba   1   0  32   0   0   0  f   .   4   24  8  16  16  16  16   0   0   None
0x24e  0 StaticGray   0     32  0  float   1   0  32   0   0   0  f   .   4   24  8  16  16  16  16   0   0   None
0x24f  0 StaticGray   0     64  0  rgba   0   0  16  16  16  16  f   .   4   24  0  16  16  16  16   0   0   None
0x250  0 StaticGray   0     64  0  float   0   0  16  16  16  16  f   .   4   24  0  16  16  16  16   0   0   None
0x251  0 StaticGray   0     64  0  rgba   1   0  16  16  16  16  f   .   4   24  0  16  16  16  16   0   0   None
0x252  0 StaticGray   0     64  0  float   1   0  16  16  16  16  f   .   4   24  0  16  16  16  16   0   0   None
0x253  0 StaticGray   0     64  0  rgba   0   0  16  16  16  16  f   .   4   24  8  16  16  16  16   0   0   None
0x254  0 StaticGray   0     64  0  float   0   0  16  16  16  16  f   .   4   24  8  16  16  16  16   0   0   None
0x255  0 StaticGray   0     64  0  rgba   1   0  16  16  16  16  f   .   4   24  8  16  16  16  16   0   0   None
0x256  0 StaticGray   0     64  0  float   1   0  16  16  16  16  f   .   4   24  8  16  16  16  16   0   0   None
0x257  0 StaticGray   0    128  0  rgba   0   0  32  32  32  32  f   .   4   24  0  16  16  16  16   0   0   None
0x258  0 StaticGray   0    128  0  float   0   0  32  32  32  32  f   .   4   24  0  16  16  16  16   0   0   None
0x259  0 StaticGray   0    128  0  rgba   1   0  32  32  32  32  f   .   4   24  0  16  16  16  16   0   0   None
0x25a  0 StaticGray   0    128  0  float   1   0  32  32  32  32  f   .   4   24  0  16  16  16  16   0   0   None
0x25b  0 StaticGray   0    128  0  rgba   0   0  32  32  32  32  f   .   4   24  8  16  16  16  16   0   0   None
0x25c  0 StaticGray   0    128  0  float   0   0  32  32  32  32  f   .   4   24  8  16  16  16  16   0   0   None
0x25d  0 StaticGray   0    128  0  rgba   1   0  32  32  32  32  f   .   4   24  8  16  16  16  16   0   0   None
0x25e  0 StaticGray   0    128  0  float   1   0  32  32  32  32  f   .   4   24  8  16  16  16  16   0   0   None
0x25f  0 StaticGray   0     16  0  rgba   0   0  16   0   0   0  f   .   4    0  0  16  16  16  16   0   0   None
0x260  0 StaticGray   0     16  0  float   0   0  16   0   0   0  f   .   4    0  0  16  16  16  16   0   0   None
0x261  0 StaticGray   0     16  0  rgba   1   0  16   0   0   0  f   .   4    0  0  16  16  16  16   0   0   None
0x262  0 StaticGray   0     16  0  float   1   0  16   0   0   0  f   .   4    0  0  16  16  16  16   0   0   None
0x263  0 StaticGray   0     64  0  rgba   0   0  32  32   0   0  f   .   4    0  0  16  16  16  16   0   0   None
0x264  0 StaticGray   0     64  0  float   0   0  32  32   0   0  f   .   4    0  0  16  16  16  16   0   0   None
0x265  0 StaticGray   0     64  0  rgba   1   0  32  32   0   0  f   .   4    0  0  16  16  16  16   0   0   None
0x266  0 StaticGray   0     64  0  float   1   0  32  32   0   0  f   .   4    0  0  16  16  16  16   0   0   None
0x267  0 StaticGray   0     16  0  rgba   0   0  16   0   0   0  f   .   4   24  0  16  16  16  16   0   0   None
0x268  0 StaticGray   0     16  0  float   0   0  16   0   0   0  f   .   4   24  0  16  16  16  16   0   0   None
0x269  0 StaticGray   0     16  0  rgba   1   0  16   0   0   0  f   .   4   24  0  16  16  16  16   0   0   None
0x26a  0 StaticGray   0     16  0  float   1   0  16   0   0   0  f   .   4   24  0  16  16  16  16   0   0   None
0x26b  0 StaticGray   0     16  0  rgba   0   0  16   0   0   0  f   .   4   24  8  16  16  16  16   0   0   None
0x26c  0 StaticGray   0     16  0  float   0   0  16   0   0   0  f   .   4   24  8  16  16  16  16   0   0   None
0x26d  0 StaticGray   0     16  0  rgba   1   0  16   0   0   0  f   .   4   24  8  16  16  16  16   0   0   None
0x26e  0 StaticGray   0     16  0  float   1   0  16   0   0   0  f   .   4   24  8  16  16  16  16   0   0   None
0x26f  0 StaticGray   0     64  0  rgba   0   0  32  32   0   0  f   .   4   24  0  16  16  16  16   0   0   None
0x270  0 StaticGray   0     64  0  float   0   0  32  32   0   0  f   .   4   24  0  16  16  16  16   0   0   None
0x271  0 StaticGray   0     64  0  rgba   1   0  32  32   0   0  f   .   4   24  0  16  16  16  16   0   0   None
0x272  0 StaticGray   0     64  0  float   1   0  32  32   0   0  f   .   4   24  0  16  16  16  16   0   0   None
0x273  0 StaticGray   0     64  0  rgba   0   0  32  32   0   0  f   .   4   24  8  16  16  16  16   0   0   None
0x274  0 StaticGray   0     64  0  float   0   0  32  32   0   0  f   .   4   24  8  16  16  16  16   0   0   None
0x275  0 StaticGray   0     64  0  rgba   1   0  32  32   0   0  f   .   4   24  8  16  16  16  16   0   0   None
0x276  0 StaticGray   0     64  0  float   1   0  32  32   0   0  f   .   4   24  8  16  16  16  16   0   0   None

