name of display: :0
display: :0  screen: 0
direct rendering: Yes
server glx vendor string: SGI
server glx version string: 1.4
server glx extensions:
    GLX_ARB_context_flush_control
    GLX_ARB_create_context
    GLX_ARB_create_context_no_error
    GLX_ARB_create_context_profile
    GLX_ARB_create_context_robustness
    GLX_ARB_fbconfig_float
    GLX_ARB_framebuffer_sRGB
    GLX_ARB_multisample
    GLX_EXT_create_context_es2_profile
    GLX_EXT_create_context_es_profile
    GLX_EXT_fbconfig_packed_float
    GLX_EXT_framebuffer_sRGB
    GLX_EXT_get_drawable_type
    GLX_EXT_libglvnd
    GLX_EXT_no_config_context
    GLX_EXT_texture_from_pixmap
    GLX_EXT_visual_info
    GLX_EXT_visual_rating
    GLX_MESA_copy_sub_buffer
    GLX_OML_swap_method
    GLX_SGIS_multisample
    GLX_SGIX_fbconfig
    GLX_SGIX_pbuffer
    GLX_SGIX_visual_select_group
    GLX_SGI_make_current_read
    
client glx vendor string: Mesa Project and SGI
client glx version string: 1.4
client glx extensions:
    GLX_ARB_context_flush_control
    GLX_ARB_create_context
    GLX_ARB_create_context_no_error
    GLX_ARB_create_context_profile
    GLX_ARB_create_context_robustness
    GLX_ARB_fbconfig_float
    GLX_ARB_framebuffer_sRGB
    GLX_ARB_get_proc_address
    GLX_ARB_multisample
    GLX_ATI_pixel_format_float
    GLX_EXT_buffer_age
    GLX_EXT_create_context_es2_profile
    GLX_EXT_create_context_es_profile
    GLX_EXT_fbconfig_packed_float
    GLX_EXT_framebuffer_sRGB
    GLX_EXT_import_context
    GLX_EXT_no_config_context
    GLX_EXT_swap_control
    GLX_EXT_swap_control_tear
    GLX_EXT_texture_from_pixmap
    GLX_EXT_visual_info
    GLX_EXT_visual_rating
    GLX_INTEL_swap_event
    GLX_MESA_copy_sub_buffer
    GLX_MESA_query_renderer
    GLX_MESA_swap_control
    GLX_NV_float_buffer
    GLX_OML_swap_method
    GLX_OML_sync_control
    GLX_SGIS_multisample
    GLX_SGIX_fbconfig
    GLX_SGIX_pbuffer
    GLX_SGIX_visual_select_group
    GLX_SGI_make_current_read
    GLX_SGI_swap_control
    GLX_SGI_video_sync
    
GLX version: 1.4
GLX extensions:
    GLX_ARB_context_flush_control
    GLX_ARB_create_context
    GLX_ARB_create_context_no_error
    GLX_ARB_create_context_profile
    GLX_ARB_fbconfig_float
    GLX_ARB_framebuffer_sRGB
    GLX_ARB_get_proc_address
    GLX_ARB_multisample
    GLX_EXT_buffer_age
    GLX_EXT_create_context_es2_profile
    GLX_EXT_create_context_es_profile
    GLX_EXT_fbconfig_packed_float
    GLX_EXT_framebuffer_sRGB
    GLX_EXT_no_config_context
    GLX_EXT_swap_control
    GLX_EXT_swap_control_tear
    GLX_EXT_texture_from_pixmap
    GLX_EXT_visual_info
    GLX_EXT_visual_rating
    GLX_MESA_copy_sub_buffer
    GLX_MESA_query_renderer
    GLX_MESA_swap_control
    GLX_OML_swap_method
    GLX_OML_sync_control
    GLX_SGIS_multisample
    GLX_SGIX_fbconfig
    GLX_SGIX_pbuffer
    GLX_SGIX_visual_select_group
    GLX_SGI_make_current_read
    GLX_SGI_video_sync
    
Extended renderer info (GLX_MESA_query_renderer):
    Vendor: VMware, Inc. (0x15ad)
    Device: SVGA3D; build: RELEASE;  LLVM; (0x405)
    Version: 22.2.1
    Accelerated: no
    Video memory: 1MB
    Unified memory: no
    Preferred profile: core (0x1)
    Max core profile version: 3.3
    Max compat profile version: 3.3
    Max GLES1 profile version: 1.1
    Max GLES[23] profile version: 3.0
OpenGL vendor string: VMware, Inc.
OpenGL renderer string: SVGA3D; build: RELEASE;  LLVM;
OpenGL core profile version string: 3.3 (Core Profile) Mesa 22.2.1
OpenGL core profile shading language version string: 3.30
OpenGL core profile context flags: (none)
OpenGL core profile profile mask: core profile
OpenGL core profile extensions:
    GL_AMD_conservative_depth
    GL_AMD_shader_trinary_minmax
    GL_ANGLE_texture_compression_dxt3
    GL_ANGLE_texture_compression_dxt5
    GL_ARB_ES2_compatibility
    GL_ARB_ES3_compatibility
    GL_ARB_arrays_of_arrays
    GL_ARB_blend_func_extended
    GL_ARB_buffer_storage
    GL_ARB_clear_buffer_object
    GL_ARB_clear_texture
    GL_ARB_compressed_texture_pixel_storage
    GL_ARB_conservative_depth
    GL_ARB_copy_buffer
    GL_ARB_copy_image
    GL_ARB_debug_output
    GL_ARB_depth_buffer_float
    GL_ARB_depth_clamp
    GL_ARB_direct_state_access
    GL_ARB_draw_buffers
    GL_ARB_draw_elements_base_vertex
    GL_ARB_draw_instanced
    GL_ARB_explicit_attrib_location
    GL_ARB_explicit_uniform_location
    GL_ARB_fragment_coord_conventions
    GL_ARB_fragment_layer_viewport
    GL_ARB_fragment_shader
    GL_ARB_framebuffer_object
    GL_ARB_framebuffer_sRGB
    GL_ARB_get_program_binary
    GL_ARB_get_texture_sub_image
    GL_ARB_half_float_pixel
    GL_ARB_half_float_vertex
    GL_ARB_instanced_arrays
    GL_ARB_internalformat_query
    GL_ARB_internalformat_query2
    GL_ARB_invalidate_subdata
    GL_ARB_map_buffer_alignment
    GL_ARB_map_buffer_range
    GL_ARB_multi_bind
    GL_ARB_occlusion_query2
    GL_ARB_parallel_shader_compile
    GL_ARB_pixel_buffer_object
    GL_ARB_point_sprite
    GL_ARB_program_interface_query
    GL_ARB_provoking_vertex
    GL_ARB_robustness
    GL_ARB_sampler_objects
    GL_ARB_seamless_cube_map
    GL_ARB_separate_shader_objects
    GL_ARB_shader_bit_encoding
    GL_ARB_shader_objects
    GL_ARB_shader_subroutine
    GL_ARB_shader_texture_lod
    GL_ARB_shading_language_420pack
    GL_ARB_shading_language_include
    GL_ARB_shading_language_packing
    GL_ARB_stencil_texturing
    GL_ARB_sync
    GL_ARB_texture_buffer_object
    GL_ARB_texture_buffer_object_rgb32
    GL_ARB_texture_buffer_range
    GL_ARB_texture_compression_rgtc
    GL_ARB_texture_filter_anisotropic
    GL_ARB_texture_float
    GL_ARB_texture_multisample
    GL_ARB_texture_non_power_of_two
    GL_ARB_texture_query_levels
    GL_ARB_texture_rectangle
    GL_ARB_texture_rg
    GL_ARB_texture_rgb10_a2ui
    GL_ARB_texture_stencil8
    GL_ARB_texture_storage
    GL_ARB_texture_storage_multisample
    GL_ARB_texture_swizzle
    GL_ARB_timer_query
    GL_ARB_uniform_buffer_object
    GL_ARB_vertex_array_bgra
    GL_ARB_vertex_array_object
    GL_ARB_vertex_attrib_binding
    GL_ARB_vertex_buffer_object
    GL_ARB_vertex_shader
    GL_ARB_vertex_type_2_10_10_10_rev
    GL_ARB_viewport_array
    GL_ATI_blend_equation_separate
    GL_ATI_texture_float
    GL_EXT_EGL_image_storage
    GL_EXT_EGL_sync
    GL_EXT_abgr
    GL_EXT_blend_equation_separate
    GL_EXT_draw_buffers2
    GL_EXT_draw_instanced
    GL_EXT_framebuffer_blit
    GL_EXT_framebuffer_multisample
    GL_EXT_framebuffer_multisample_blit_scaled
    GL_EXT_framebuffer_object
    GL_EXT_framebuffer_sRGB
    GL_EXT_packed_depth_stencil
    GL_EXT_packed_float
    GL_EXT_pixel_buffer_object
    GL_EXT_provoking_vertex
    GL_EXT_shader_integer_mix
    GL_EXT_texture_array
    GL_EXT_texture_compression_dxt1
    GL_EXT_texture_compression_rgtc
    GL_EXT_texture_compression_s3tc
    GL_EXT_texture_filter_anisotropic
    GL_EXT_texture_integer
    GL_EXT_texture_sRGB
    GL_EXT_texture_sRGB_decode
    GL_EXT_texture_shared_exponent
    GL_EXT_texture_snorm
    GL_EXT_texture_swizzle
    GL_EXT_timer_query
    GL_EXT_transform_feedback
    GL_EXT_vertex_array_bgra
    GL_IBM_multimode_draw_arrays
    GL_KHR_context_flush_control
    GL_KHR_debug
    GL_KHR_no_error
    GL_KHR_parallel_shader_compile
    GL_KHR_texture_compression_astc_ldr
    GL_KHR_texture_compression_astc_sliced_3d
    GL_MESA_pack_invert
    GL_MESA_shader_integer_functions
    GL_MESA_texture_signed_rgba
    GL_NV_conditional_render
    GL_NV_copy_image
    GL_NV_depth_clamp
    GL_NV_packed_depth_stencil
    GL_OES_EGL_image
    GL_S3_s3tc
    
OpenGL core profile limits:
    GL_MAX_ATTRIB_STACK_DEPTH = 16
    GL_MAX_CLIENT_ATTRIB_STACK_DEPTH = 16
    GL_MAX_CLIP_PLANES = 8
    GL_MAX_ELEMENTS_VERTICES = 3000
    GL_MAX_ELEMENTS_INDICES = 3000
    GL_MAX_EVAL_ORDER = 30
    GL_MAX_LIGHTS = 8
    GL_MAX_LIST_NESTING = 64
    GL_MAX_MODELVIEW_STACK_DEPTH = 32
    GL_MAX_NAME_STACK_DEPTH = 64
    GL_MAX_PIXEL_MAP_TABLE = 256
    GL_MAX_PROJECTION_STACK_DEPTH = 32
    GL_MAX_TEXTURE_STACK_DEPTH = 10
    GL_MAX_TEXTURE_SIZE = 16384
    GL_MAX_3D_TEXTURE_SIZE = 2048
  GL_EXT_texture_array:
    GL_MAX_ARRAY_TEXTURE_LAYERS = 512
    GL_MAX_VIEWPORT_DIMS = 16384, 16384
    GL_ALIASED_LINE_WIDTH_RANGE = 1, 1
    GL_SMOOTH_LINE_WIDTH_RANGE = 1, 1
    GL_ALIASED_POINT_SIZE_RANGE = 1, 80
    GL_SMOOTH_POINT_SIZE_RANGE = 1, 80
  GL_EXT_texture_filter_anisotropic:
    GL_MAX_TEXTURE_MAX_ANISOTROPY_EXT = 16
  GL_ARB_draw_buffers:
    GL_MAX_DRAW_BUFFERS_ARB = 8
  GL_ARB_blend_func_extended:
    GL_MAX_DUAL_SOURCE_DRAW_BUFFERS = 1
  GL_ARB_framebuffer_object:
    GL_MAX_RENDERBUFFER_SIZE = 16384
    GL_MAX_COLOR_ATTACHMENTS = 8
    GL_MAX_SAMPLES = 1
  GL_EXT_transform_feedback:
    GL_MAX_TRANSFORM_FEEDBACK_INTERLEAVED_COMPONENTS = 64
    GL_MAX_TRANSFORM_FEEDBACK_SEPARATE_ATTRIBS = 4
    GL_MAX_TRANSFORM_FEEDBACK_SEPARATE_COMPONENTS = 4
  GL_ARB_texture_buffer_object:
    GL_TEXTURE_BUFFER_OFFSET_ALIGNMENT = 16
    GL_MAX_TEXTURE_BUFFER_SIZE = 8388608
  GL_ARB_texture_multisample:
    GL_MAX_COLOR_TEXTURE_SAMPLES = 1
    GL_MAX_DEPTH_TEXTURE_SAMPLES = 1
    GL_MAX_INTEGER_SAMPLES = 1
  GL_ARB_uniform_buffer_object:
    GL_MAX_VERTEX_UNIFORM_BLOCKS = 14
    GL_MAX_FRAGMENT_UNIFORM_BLOCKS = 14
    GL_MAX_GEOMETRY_UNIFORM_BLOCKS = 14
    GL_MAX_COMBINED_UNIFORM_BLOCKS = 54
    GL_MAX_UNIFORM_BUFFER_BINDINGS = 54
    GL_MAX_UNIFORM_BLOCK_SIZE = 65536
    GL_MAX_COMBINED_VERTEX_UNIFORM_COMPONENTS = 245760
    GL_MAX_COMBINED_FRAGMENT_UNIFORM_COMPONENTS = 245760
    GL_MAX_COMBINED_GEOMETRY_UNIFORM_COMPONENTS = 245760
    GL_UNIFORM_BUFFER_OFFSET_ALIGNMENT = 256
  GL_ARB_vertex_attrib_binding:
    GL_MAX_VERTEX_ATTRIB_RELATIVE_OFFSET = 2047
    GL_MAX_VERTEX_ATTRIB_BINDINGS = 16
  2.0:
    GL_MAX_COMBINED_TEXTURE_IMAGE_UNITS = 48
    GL_MAX_DRAW_BUFFERS = 8
    GL_MAX_FRAGMENT_UNIFORM_COMPONENTS = 16384
    GL_MAX_TEXTURE_COORDS = 8
    GL_MAX_TEXTURE_IMAGE_UNITS = 16
    GL_MAX_VARYING_FLOATS = 124
    GL_MAX_VERTEX_ATTRIBS = 16
    GL_MAX_VERTEX_UNIFORM_COMPONENTS = 16384
    GL_MAX_VERTEX_TEXTURE_IMAGE_UNITS = 16
  3.0:
    GL_MAX_TRANSFORM_FEEDBACK_INTERLEAVED_COMPONENTS = 64
    GL_MAX_TRANSFORM_FEEDBACK_SEPARATE_ATTRIBS = 4
    GL_MAX_TRANSFORM_FEEDBACK_SEPARATE_COMPONENTS = 4
  3.1:
    GL_MAX_TEXTURE_BUFFER_SIZE = 8388608
    GL_MAX_RECTANGLE_TEXTURE_SIZE = 16384
  3.2:
    GL_MAX_GEOMETRY_TEXTURE_IMAGE_UNITS = 16
    GL_MAX_GEOMETRY_UNIFORM_COMPONENTS = 16384
    GL_MAX_GEOMETRY_OUTPUT_VERTICES = 256
    GL_MAX_GEOMETRY_TOTAL_OUTPUT_COMPONENTS = 1024
    GL_MAX_VERTEX_OUTPUT_COMPONENTS = 64
    GL_MAX_GEOMETRY_INPUT_COMPONENTS = 64
    GL_MAX_GEOMETRY_OUTPUT_COMPONENTS = 128
    GL_MAX_FRAGMENT_INPUT_COMPONENTS = 128
    GL_MAX_SERVER_WAIT_TIMEOUT = 2147483647
    GL_MAX_SAMPLE_MASK_WORDS = 1
    GL_MAX_COLOR_TEXTURE_SAMPLES = 1
    GL_MAX_DEPTH_TEXTURE_SAMPLES = 1
    GL_MAX_INTEGER_SAMPLES = 1
  3.3:
    GL_MAX_DUAL_SOURCE_DRAW_BUFFERS = 1

OpenGL version string: 3.3 (Compatibility Profile) Mesa 22.2.1
OpenGL shading language version string: 3.30
OpenGL context flags: (none)
OpenGL profile mask: compatibility profile
OpenGL extensions:
    GL_AMD_conservative_depth
    GL_AMD_shader_trinary_minmax
    GL_ANGLE_texture_compression_dxt3
    GL_ANGLE_texture_compression_dxt5
    GL_APPLE_packed_pixels
    GL_ARB_ES2_compatibility
    GL_ARB_ES3_compatibility
    GL_ARB_arrays_of_arrays
    GL_ARB_blend_func_extended
    GL_ARB_buffer_storage
    GL_ARB_clear_buffer_object
    GL_ARB_clear_texture
    GL_ARB_color_buffer_float
    GL_ARB_compatibility
    GL_ARB_compressed_texture_pixel_storage
    GL_ARB_conservative_depth
    GL_ARB_copy_buffer
    GL_ARB_copy_image
    GL_ARB_debug_output
    GL_ARB_depth_buffer_float
    GL_ARB_depth_clamp
    GL_ARB_depth_texture
    GL_ARB_direct_state_access
    GL_ARB_draw_buffers
    GL_ARB_draw_elements_base_vertex
    GL_ARB_draw_instanced
    GL_ARB_explicit_attrib_location
    GL_ARB_explicit_uniform_location
    GL_ARB_fragment_coord_conventions
    GL_ARB_fragment_layer_viewport
    GL_ARB_fragment_program
    GL_ARB_fragment_program_shadow
    GL_ARB_fragment_shader
    GL_ARB_framebuffer_object
    GL_ARB_framebuffer_sRGB
    GL_ARB_get_program_binary
    GL_ARB_get_texture_sub_image
    GL_ARB_half_float_pixel
    GL_ARB_half_float_vertex
    GL_ARB_instanced_arrays
    GL_ARB_internalformat_query
    GL_ARB_internalformat_query2
    GL_ARB_invalidate_subdata
    GL_ARB_map_buffer_alignment
    GL_ARB_map_buffer_range
    GL_ARB_multi_bind
    GL_ARB_multisample
    GL_ARB_multitexture
    GL_ARB_occlusion_query
    GL_ARB_occlusion_query2
    GL_ARB_parallel_shader_compile
    GL_ARB_pixel_buffer_object
    GL_ARB_point_parameters
    GL_ARB_point_sprite
    GL_ARB_program_interface_query
    GL_ARB_provoking_vertex
    GL_ARB_robustness
    GL_ARB_sampler_objects
    GL_ARB_seamless_cube_map
    GL_ARB_separate_shader_objects
    GL_ARB_shader_bit_encoding
    GL_ARB_shader_objects
    GL_ARB_shader_subroutine
    GL_ARB_shader_texture_lod
    GL_ARB_shading_language_100
    GL_ARB_shading_language_420pack
    GL_ARB_shading_language_include
    GL_ARB_shading_language_packing
    GL_ARB_shadow
    GL_ARB_stencil_texturing
    GL_ARB_sync
    GL_ARB_texture_border_clamp
    GL_ARB_texture_buffer_object
    GL_ARB_texture_buffer_object_rgb32
    GL_ARB_texture_buffer_range
    GL_ARB_texture_compression
    GL_ARB_texture_compression_rgtc
    GL_ARB_texture_cube_map
    GL_ARB_texture_env_add
    GL_ARB_texture_env_combine
    GL_ARB_texture_env_crossbar
    GL_ARB_texture_env_dot3
    GL_ARB_texture_filter_anisotropic
    GL_ARB_texture_float
    GL_ARB_texture_mirrored_repeat
    GL_ARB_texture_multisample
    GL_ARB_texture_non_power_of_two
    GL_ARB_texture_query_levels
    GL_ARB_texture_rectangle
    GL_ARB_texture_rg
    GL_ARB_texture_rgb10_a2ui
    GL_ARB_texture_stencil8
    GL_ARB_texture_storage
    GL_ARB_texture_storage_multisample
    GL_ARB_texture_swizzle
    GL_ARB_timer_query
    GL_ARB_transpose_matrix
    GL_ARB_uniform_buffer_object
    GL_ARB_vertex_array_bgra
    GL_ARB_vertex_array_object
    GL_ARB_vertex_attrib_binding
    GL_ARB_vertex_buffer_object
    GL_ARB_vertex_program
    GL_ARB_vertex_shader
    GL_ARB_vertex_type_2_10_10_10_rev
    GL_ARB_viewport_array
    GL_ARB_window_pos
    GL_ATI_blend_equation_separate
    GL_ATI_draw_buffers
    GL_ATI_fragment_shader
    GL_ATI_separate_stencil
    GL_ATI_texture_env_combine3
    GL_ATI_texture_float
    GL_EXT_EGL_image_storage
    GL_EXT_EGL_sync
    GL_EXT_abgr
    GL_EXT_bgra
    GL_EXT_blend_color
    GL_EXT_blend_equation_separate
    GL_EXT_blend_func_separate
    GL_EXT_blend_minmax
    GL_EXT_blend_subtract
    GL_EXT_compiled_vertex_array
    GL_EXT_copy_texture
    GL_EXT_direct_state_access
    GL_EXT_draw_buffers2
    GL_EXT_draw_instanced
    GL_EXT_draw_range_elements
    GL_EXT_fog_coord
    GL_EXT_framebuffer_blit
    GL_EXT_framebuffer_multisample
    GL_EXT_framebuffer_multisample_blit_scaled
    GL_EXT_framebuffer_object
    GL_EXT_framebuffer_sRGB
    GL_EXT_gpu_program_parameters
    GL_EXT_gpu_shader4
    GL_EXT_multi_draw_arrays
    GL_EXT_packed_depth_stencil
    GL_EXT_packed_float
    GL_EXT_packed_pixels
    GL_EXT_pixel_buffer_object
    GL_EXT_point_parameters
    GL_EXT_provoking_vertex
    GL_EXT_rescale_normal
    GL_EXT_secondary_color
    GL_EXT_separate_specular_color
    GL_EXT_shader_integer_mix
    GL_EXT_shadow_funcs
    GL_EXT_stencil_two_side
    GL_EXT_stencil_wrap
    GL_EXT_subtexture
    GL_EXT_texture
    GL_EXT_texture3D
    GL_EXT_texture_array
    GL_EXT_texture_buffer_object
    GL_EXT_texture_compression_dxt1
    GL_EXT_texture_compression_rgtc
    GL_EXT_texture_compression_s3tc
    GL_EXT_texture_cube_map
    GL_EXT_texture_edge_clamp
    GL_EXT_texture_env_add
    GL_EXT_texture_env_combine
    GL_EXT_texture_env_dot3
    GL_EXT_texture_filter_anisotropic
    GL_EXT_texture_integer
    GL_EXT_texture_lod_bias
    GL_EXT_texture_object
    GL_EXT_texture_rectangle
    GL_EXT_texture_sRGB
    GL_EXT_texture_sRGB_decode
    GL_EXT_texture_shared_exponent
    GL_EXT_texture_snorm
    GL_EXT_texture_swizzle
    GL_EXT_timer_query
    GL_EXT_transform_feedback
    GL_EXT_vertex_array
    GL_EXT_vertex_array_bgra
    GL_IBM_multimode_draw_arrays
    GL_IBM_rasterpos_clip
    GL_IBM_texture_mirrored_repeat
    GL_INGR_blend_func_separate
    GL_KHR_context_flush_control
    GL_KHR_debug
    GL_KHR_no_error
    GL_KHR_parallel_shader_compile
    GL_KHR_texture_compression_astc_ldr
    GL_KHR_texture_compression_astc_sliced_3d
    GL_MESA_pack_invert
    GL_MESA_shader_integer_functions
    GL_MESA_texture_signed_rgba
    GL_MESA_window_pos
    GL_NV_blend_square
    GL_NV_conditional_render
    GL_NV_copy_image
    GL_NV_depth_clamp
    GL_NV_fog_distance
    GL_NV_half_float
    GL_NV_light_max_exponent
    GL_NV_packed_depth_stencil
    GL_NV_primitive_restart
    GL_NV_texgen_reflection
    GL_NV_texture_env_combine4
    GL_NV_texture_rectangle
    GL_OES_EGL_image
    GL_OES_read_format
    GL_S3_s3tc
    GL_SGIS_generate_mipmap
    GL_SGIS_texture_border_clamp
    GL_SGIS_texture_edge_clamp
    GL_SGIS_texture_lod
    GL_SUN_multi_draw_arrays
    
OpenGL limits:
    GL_MAX_ATTRIB_STACK_DEPTH = 16
    GL_MAX_CLIENT_ATTRIB_STACK_DEPTH = 16
    GL_MAX_CLIP_PLANES = 8
    GL_MAX_ELEMENTS_VERTICES = 3000
    GL_MAX_ELEMENTS_INDICES = 3000
    GL_MAX_EVAL_ORDER = 30
    GL_MAX_LIGHTS = 8
    GL_MAX_LIST_NESTING = 64
    GL_MAX_MODELVIEW_STACK_DEPTH = 32
    GL_MAX_NAME_STACK_DEPTH = 64
    GL_MAX_PIXEL_MAP_TABLE = 256
    GL_MAX_PROJECTION_STACK_DEPTH = 32
    GL_MAX_TEXTURE_STACK_DEPTH = 10
    GL_MAX_TEXTURE_SIZE = 16384
    GL_MAX_3D_TEXTURE_SIZE = 2048
  GL_EXT_texture_array:
    GL_MAX_ARRAY_TEXTURE_LAYERS = 512
    GL_MAX_VIEWPORT_DIMS = 16384, 16384
    GL_ALIASED_LINE_WIDTH_RANGE = 1, 1
    GL_SMOOTH_LINE_WIDTH_RANGE = 1, 1
    GL_ALIASED_POINT_SIZE_RANGE = 1, 80
    GL_SMOOTH_POINT_SIZE_RANGE = 1, 80
  GL_ARB_texture_cube_map:
    GL_MAX_CUBE_MAP_TEXTURE_SIZE_ARB = 2048
  GL_NV_texture_rectangle:
    GL_MAX_RECTANGLE_TEXTURE_SIZE_NV = 16384
  GL_ARB_multitexture:
    GL_MAX_TEXTURE_UNITS_ARB = 8
  GL_EXT_texture_lod_bias:
    GL_MAX_TEXTURE_LOD_BIAS_EXT = 15
  GL_EXT_texture_filter_anisotropic:
    GL_MAX_TEXTURE_MAX_ANISOTROPY_EXT = 16
  GL_ARB_draw_buffers:
    GL_MAX_DRAW_BUFFERS_ARB = 8
  GL_ARB_blend_func_extended:
    GL_MAX_DUAL_SOURCE_DRAW_BUFFERS = 1
  GL_ARB_framebuffer_object:
    GL_MAX_RENDERBUFFER_SIZE = 16384
    GL_MAX_COLOR_ATTACHMENTS = 8
    GL_MAX_SAMPLES = 1
  GL_EXT_transform_feedback:
    GL_MAX_TRANSFORM_FEEDBACK_INTERLEAVED_COMPONENTS = 64
    GL_MAX_TRANSFORM_FEEDBACK_SEPARATE_ATTRIBS = 4
    GL_MAX_TRANSFORM_FEEDBACK_SEPARATE_COMPONENTS = 4
  GL_ARB_texture_buffer_object:
    GL_TEXTURE_BUFFER_OFFSET_ALIGNMENT = 16
    GL_MAX_TEXTURE_BUFFER_SIZE = 8388608
  GL_ARB_texture_multisample:
    GL_MAX_COLOR_TEXTURE_SAMPLES = 1
    GL_MAX_DEPTH_TEXTURE_SAMPLES = 1
    GL_MAX_INTEGER_SAMPLES = 1
  GL_ARB_uniform_buffer_object:
    GL_MAX_VERTEX_UNIFORM_BLOCKS = 14
    GL_MAX_FRAGMENT_UNIFORM_BLOCKS = 14
    GL_MAX_GEOMETRY_UNIFORM_BLOCKS = 14
    GL_MAX_COMBINED_UNIFORM_BLOCKS = 54
    GL_MAX_UNIFORM_BUFFER_BINDINGS = 54
    GL_MAX_UNIFORM_BLOCK_SIZE = 65536
    GL_MAX_COMBINED_VERTEX_UNIFORM_COMPONENTS = 245760
    GL_MAX_COMBINED_FRAGMENT_UNIFORM_COMPONENTS = 245760
    GL_MAX_COMBINED_GEOMETRY_UNIFORM_COMPONENTS = 245760
    GL_UNIFORM_BUFFER_OFFSET_ALIGNMENT = 256
  GL_ARB_vertex_attrib_binding:
    GL_MAX_VERTEX_ATTRIB_RELATIVE_OFFSET = 2047
    GL_MAX_VERTEX_ATTRIB_BINDINGS = 16
  2.0:
    GL_MAX_COMBINED_TEXTURE_IMAGE_UNITS = 48
    GL_MAX_DRAW_BUFFERS = 8
    GL_MAX_FRAGMENT_UNIFORM_COMPONENTS = 16384
    GL_MAX_TEXTURE_COORDS = 8
    GL_MAX_TEXTURE_IMAGE_UNITS = 16
    GL_MAX_VARYING_FLOATS = 124
    GL_MAX_VERTEX_ATTRIBS = 16
    GL_MAX_VERTEX_UNIFORM_COMPONENTS = 16384
    GL_MAX_VERTEX_TEXTURE_IMAGE_UNITS = 16
  3.0:
    GL_MAX_TRANSFORM_FEEDBACK_INTERLEAVED_COMPONENTS = 64
    GL_MAX_TRANSFORM_FEEDBACK_SEPARATE_ATTRIBS = 4
    GL_MAX_TRANSFORM_FEEDBACK_SEPARATE_COMPONENTS = 4
  3.1:
    GL_MAX_TEXTURE_BUFFER_SIZE = 8388608
    GL_MAX_RECTANGLE_TEXTURE_SIZE = 16384
  3.2:
    GL_MAX_GEOMETRY_TEXTURE_IMAGE_UNITS = 16
    GL_MAX_GEOMETRY_UNIFORM_COMPONENTS = 16384
    GL_MAX_GEOMETRY_OUTPUT_VERTICES = 256
    GL_MAX_GEOMETRY_TOTAL_OUTPUT_COMPONENTS = 1024
    GL_MAX_VERTEX_OUTPUT_COMPONENTS = 64
    GL_MAX_GEOMETRY_INPUT_COMPONENTS = 64
    GL_MAX_GEOMETRY_OUTPUT_COMPONENTS = 128
    GL_MAX_FRAGMENT_INPUT_COMPONENTS = 128
    GL_MAX_SERVER_WAIT_TIMEOUT = 2147483647
    GL_MAX_SAMPLE_MASK_WORDS = 1
    GL_MAX_COLOR_TEXTURE_SAMPLES = 1
    GL_MAX_DEPTH_TEXTURE_SAMPLES = 1
    GL_MAX_INTEGER_SAMPLES = 1
  3.3:
    GL_MAX_DUAL_SOURCE_DRAW_BUFFERS = 1
  GL_ARB_texture_compression:
    GL_NUM_COMPRESSED_TEXTURE_FORMATS = 10
      GL_COMPRESSED_RGB_S3TC_DXT1_EXT
      GL_COMPRESSED_RGBA_S3TC_DXT3_EXT
      GL_COMPRESSED_RGBA_S3TC_DXT5_EXT
      GL_COMPRESSED_RGB8_ETC2
      GL_COMPRESSED_RGBA8_ETC2_EAC
      GL_COMPRESSED_R11_EAC
      GL_COMPRESSED_RG11_EAC
      GL_COMPRESSED_SIGNED_R11_EAC
      GL_COMPRESSED_SIGNED_RG11_EAC
      GL_COMPRESSED_RGB8_PUNCHTHROUGH_ALPHA1_ETC2
  GL_ARB_vertex_program:
    GL_MAX_PROGRAM_INSTRUCTIONS_ARB = 65536
    GL_MAX_PROGRAM_NATIVE_INSTRUCTIONS_ARB = 65536
    GL_MAX_PROGRAM_TEMPORARIES_ARB = 4096
    GL_MAX_PROGRAM_NATIVE_TEMPORARIES_ARB = 4096
    GL_MAX_PROGRAM_PARAMETERS_ARB = 2048
    GL_MAX_PROGRAM_NATIVE_PARAMETERS_ARB = 2048
    GL_MAX_PROGRAM_ATTRIBS_ARB = 16
    GL_MAX_PROGRAM_NATIVE_ATTRIBS_ARB = 16
    GL_MAX_PROGRAM_ADDRESS_REGISTERS_ARB = 1
    GL_MAX_PROGRAM_NATIVE_ADDRESS_REGISTERS_ARB = 1
    GL_MAX_PROGRAM_LOCAL_PARAMETERS_ARB = 2048
    GL_MAX_PROGRAM_ENV_PARAMETERS_ARB = 256
  GL_ARB_fragment_program:
    GL_MAX_PROGRAM_INSTRUCTIONS_ARB = 65536
    GL_MAX_PROGRAM_NATIVE_INSTRUCTIONS_ARB = 65536
    GL_MAX_PROGRAM_TEMPORARIES_ARB = 4096
    GL_MAX_PROGRAM_NATIVE_TEMPORARIES_ARB = 4096
    GL_MAX_PROGRAM_PARAMETERS_ARB = 2048
    GL_MAX_PROGRAM_NATIVE_PARAMETERS_ARB = 2048
    GL_MAX_PROGRAM_ATTRIBS_ARB = 32
    GL_MAX_PROGRAM_NATIVE_ATTRIBS_ARB = 32
    GL_MAX_PROGRAM_ADDRESS_REGISTERS_ARB = 0
    GL_MAX_PROGRAM_NATIVE_ADDRESS_REGISTERS_ARB = 0
    GL_MAX_PROGRAM_LOCAL_PARAMETERS_ARB = 2048
    GL_MAX_PROGRAM_ENV_PARAMETERS_ARB = 256
    GL_MAX_PROGRAM_ALU_INSTRUCTIONS_ARB = 65536
    GL_MAX_PROGRAM_TEX_INSTRUCTIONS_ARB = 65536
    GL_MAX_PROGRAM_TEX_INDIRECTIONS_ARB = 65536
    GL_MAX_PROGRAM_NATIVE_ALU_INSTRUCTIONS_ARB = 65536
    GL_MAX_PROGRAM_NATIVE_TEX_INSTRUCTIONS_ARB = 65536
    GL_MAX_PROGRAM_NATIVE_TEX_INDIRECTIONS_ARB = 65536

OpenGL ES profile version string: OpenGL ES 3.0 Mesa 22.2.1
OpenGL ES profile shading language version string: OpenGL ES GLSL ES 3.00
OpenGL ES profile extensions:
    GL_ANGLE_pack_reverse_row_order
    GL_ANGLE_texture_compression_dxt3
    GL_ANGLE_texture_compression_dxt5
    GL_APPLE_texture_max_level
    GL_EXT_EGL_image_storage
    GL_EXT_blend_func_extended
    GL_EXT_blend_minmax
    GL_EXT_color_buffer_float
    GL_EXT_compressed_ETC1_RGB8_sub_texture
    GL_EXT_copy_image
    GL_EXT_depth_clamp
    GL_EXT_discard_framebuffer
    GL_EXT_disjoint_timer_query
    GL_EXT_draw_buffers
    GL_EXT_draw_elements_base_vertex
    GL_EXT_draw_instanced
    GL_EXT_float_blend
    GL_EXT_frag_depth
    GL_EXT_map_buffer_range
    GL_EXT_multi_draw_arrays
    GL_EXT_occlusion_query_boolean
    GL_EXT_read_format_bgra
    GL_EXT_sRGB_write_control
    GL_EXT_separate_shader_objects
    GL_EXT_shader_integer_mix
    GL_EXT_texture_border_clamp
    GL_EXT_texture_compression_dxt1
    GL_EXT_texture_compression_rgtc
    GL_EXT_texture_compression_s3tc
    GL_EXT_texture_compression_s3tc_srgb
    GL_EXT_texture_filter_anisotropic
    GL_EXT_texture_format_BGRA8888
    GL_EXT_texture_rg
    GL_EXT_texture_sRGB_decode
    GL_EXT_texture_type_2_10_10_10_REV
    GL_EXT_unpack_subimage
    GL_KHR_context_flush_control
    GL_KHR_debug
    GL_KHR_no_error
    GL_KHR_parallel_shader_compile
    GL_KHR_texture_compression_astc_ldr
    GL_KHR_texture_compression_astc_sliced_3d
    GL_MESA_bgra
    GL_MESA_framebuffer_flip_y
    GL_MESA_shader_integer_functions
    GL_NV_conditional_render
    GL_NV_draw_buffers
    GL_NV_fbo_color_attachments
    GL_NV_pack_subimage
    GL_NV_pixel_buffer_object
    GL_NV_read_buffer
    GL_NV_read_depth
    GL_NV_read_depth_stencil
    GL_NV_read_stencil
    GL_OES_EGL_image
    GL_OES_EGL_image_external
    GL_OES_EGL_image_external_essl3
    GL_OES_EGL_sync
    GL_OES_compressed_ETC1_RGB8_texture
    GL_OES_copy_image
    GL_OES_depth24
    GL_OES_depth_texture
    GL_OES_depth_texture_cube_map
    GL_OES_draw_elements_base_vertex
    GL_OES_element_index_uint
    GL_OES_fbo_render_mipmap
    GL_OES_get_program_binary
    GL_OES_mapbuffer
    GL_OES_packed_depth_stencil
    GL_OES_required_internalformat
    GL_OES_rgb8_rgba8
    GL_OES_standard_derivatives
    GL_OES_stencil8
    GL_OES_surfaceless_context
    GL_OES_texture_3D
    GL_OES_texture_border_clamp
    GL_OES_texture_float
    GL_OES_texture_float_linear
    GL_OES_texture_half_float
    GL_OES_texture_half_float_linear
    GL_OES_texture_npot
    GL_OES_texture_stencil8
    GL_OES_vertex_array_object
    GL_OES_vertex_half_float
    

68 GLX Visuals
Vis   Vis   Visual Trans  buff lev render DB ste  r   g   b   a      s  aux dep ste  accum buffer   MS   MS  swap        
 ID  Depth   Type  parent size el   type     reo sz  sz  sz  sz flt rgb buf th  ncl  r   g   b   a  num bufs mthd caveats
-------------------------------------------------------------------------------------------------------------------------
0x 3f 24 TrueColor    0     32  0  rgba   1   0   8   8   8   8  .   .   0   24  8   0   0   0   0   0   0    u   None
0x 40 24 DirectColor  0     32  0  rgba   1   0   8   8   8   8  .   .   0   24  8   0   0   0   0   0   0    u   None
0x c4 24 TrueColor    0     32  0  rgba   1   0   8   8   8   8  .   .   0   16  0   0   0   0   0   0   0    u   None
0x c5 24 TrueColor    0     32  0  rgba   1   0   8   8   8   8  .   s   0   16  0   0   0   0   0   0   0    u   None
0x c6 24 TrueColor    0     32  0  rgba   0   0   8   8   8   8  .   .   0   16  0   0   0   0   0   0   0    u   None
0x c7 24 TrueColor    0     32  0  rgba   0   0   8   8   8   8  .   s   0   16  0   0   0   0   0   0   0    u   None
0x c8 24 DirectColor  0     32  0  rgba   1   0   8   8   8   8  .   .   0   16  0   0   0   0   0   0   0    u   None
0x c9 24 DirectColor  0     32  0  rgba   1   0   8   8   8   8  .   s   0   16  0   0   0   0   0   0   0    u   None
0x ca 24 DirectColor  0     32  0  rgba   0   0   8   8   8   8  .   .   0   16  0   0   0   0   0   0   0    u   None
0x cb 24 DirectColor  0     32  0  rgba   0   0   8   8   8   8  .   s   0   16  0   0   0   0   0   0   0    u   None
0x d0 24 TrueColor    0     32  0  rgba   1   0   8   8   8   8  .   .   0   24  0   0   0   0   0   0   0    u   None
0x d1 24 TrueColor    0     32  0  rgba   1   0   8   8   8   8  .   s   0   24  0   0   0   0   0   0   0    u   None
0x d2 24 TrueColor    0     32  0  rgba   0   0   8   8   8   8  .   .   0   24  0   0   0   0   0   0   0    u   None
0x d3 24 TrueColor    0     32  0  rgba   0   0   8   8   8   8  .   s   0   24  0   0   0   0   0   0   0    u   None
0x d4 24 DirectColor  0     32  0  rgba   1   0   8   8   8   8  .   .   0   24  0   0   0   0   0   0   0    u   None
0x d5 24 DirectColor  0     32  0  rgba   1   0   8   8   8   8  .   s   0   24  0   0   0   0   0   0   0    u   None
0x d6 24 DirectColor  0     32  0  rgba   0   0   8   8   8   8  .   .   0   24  0   0   0   0   0   0   0    u   None
0x d7 24 DirectColor  0     32  0  rgba   0   0   8   8   8   8  .   s   0   24  0   0   0   0   0   0   0    u   None
0x dc 24 TrueColor    0     32  0  rgba   1   0   8   8   8   8  .   s   0   24  8   0   0   0   0   0   0    u   None
0x dd 24 TrueColor    0     32  0  rgba   0   0   8   8   8   8  .   .   0   24  8   0   0   0   0   0   0    u   None
0x de 24 TrueColor    0     32  0  rgba   0   0   8   8   8   8  .   s   0   24  8   0   0   0   0   0   0    u   None
0x df 24 DirectColor  0     32  0  rgba   1   0   8   8   8   8  .   s   0   24  8   0   0   0   0   0   0    u   None
0x e0 24 DirectColor  0     32  0  rgba   0   0   8   8   8   8  .   .   0   24  8   0   0   0   0   0   0    u   None
0x e1 24 DirectColor  0     32  0  rgba   0   0   8   8   8   8  .   s   0   24  8   0   0   0   0   0   0    u   None
0x e5 24 TrueColor    0     24  0  rgba   1   0   8   8   8   0  .   .   0    0  0   0   0   0   0   0   0    u   None
0x e6 24 TrueColor    0     24  0  rgba   1   0   8   8   8   0  .   s   0    0  0   0   0   0   0   0   0    u   None
0x e7 24 TrueColor    0     24  0  rgba   0   0   8   8   8   0  .   .   0    0  0   0   0   0   0   0   0    u   None
0x e8 24 TrueColor    0     24  0  rgba   0   0   8   8   8   0  .   s   0    0  0   0   0   0   0   0   0    u   None
0x e9 24 DirectColor  0     24  0  rgba   1   0   8   8   8   0  .   .   0    0  0   0   0   0   0   0   0    u   None
0x ea 24 DirectColor  0     24  0  rgba   1   0   8   8   8   0  .   s   0    0  0   0   0   0   0   0   0    u   None
0x eb 24 DirectColor  0     24  0  rgba   0   0   8   8   8   0  .   .   0    0  0   0   0   0   0   0   0    u   None
0x ec 24 DirectColor  0     24  0  rgba   0   0   8   8   8   0  .   s   0    0  0   0   0   0   0   0   0    u   None
0x ed 24 TrueColor    0     24  0  rgba   1   0   8   8   8   0  .   .   0   16  0   0   0   0   0   0   0    u   None
0x ee 24 TrueColor    0     24  0  rgba   1   0   8   8   8   0  .   s   0   16  0   0   0   0   0   0   0    u   None
0x ef 24 TrueColor    0     24  0  rgba   0   0   8   8   8   0  .   .   0   16  0   0   0   0   0   0   0    u   None
0x f0 24 TrueColor    0     24  0  rgba   0   0   8   8   8   0  .   s   0   16  0   0   0   0   0   0   0    u   None
0x f1 24 DirectColor  0     24  0  rgba   1   0   8   8   8   0  .   .   0   16  0   0   0   0   0   0   0    u   None
0x f2 24 DirectColor  0     24  0  rgba   1   0   8   8   8   0  .   s   0   16  0   0   0   0   0   0   0    u   None
0x f3 24 DirectColor  0     24  0  rgba   0   0   8   8   8   0  .   .   0   16  0   0   0   0   0   0   0    u   None
0x f4 24 DirectColor  0     24  0  rgba   0   0   8   8   8   0  .   s   0   16  0   0   0   0   0   0   0    u   None
0x f5 24 TrueColor    0     24  0  rgba   1   0   8   8   8   0  .   .   0   24  0   0   0   0   0   0   0    u   None
0x f6 24 TrueColor    0     24  0  rgba   1   0   8   8   8   0  .   s   0   24  0   0   0   0   0   0   0    u   None
0x f7 24 TrueColor    0     24  0  rgba   0   0   8   8   8   0  .   .   0   24  0   0   0   0   0   0   0    u   None
0x f8 24 TrueColor    0     24  0  rgba   0   0   8   8   8   0  .   s   0   24  0   0   0   0   0   0   0    u   None
0x f9 24 DirectColor  0     24  0  rgba   1   0   8   8   8   0  .   .   0   24  0   0   0   0   0   0   0    u   None
0x fa 24 DirectColor  0     24  0  rgba   1   0   8   8   8   0  .   s   0   24  0   0   0   0   0   0   0    u   None
0x fb 24 DirectColor  0     24  0  rgba   0   0   8   8   8   0  .   .   0   24  0   0   0   0   0   0   0    u   None
0x fc 24 DirectColor  0     24  0  rgba   0   0   8   8   8   0  .   s   0   24  0   0   0   0   0   0   0    u   None
0x fd 24 TrueColor    0     24  0  rgba   1   0   8   8   8   0  .   .   0   24  8   0   0   0   0   0   0    u   None
0x fe 24 TrueColor    0     24  0  rgba   1   0   8   8   8   0  .   s   0   24  8   0   0   0   0   0   0    u   None
0x ff 24 TrueColor    0     24  0  rgba   0   0   8   8   8   0  .   .   0   24  8   0   0   0   0   0   0    u   None
0x100 24 TrueColor    0     24  0  rgba   0   0   8   8   8   0  .   s   0   24  8   0   0   0   0   0   0    u   None
0x101 24 DirectColor  0     24  0  rgba   1   0   8   8   8   0  .   .   0   24  8   0   0   0   0   0   0    u   None
0x102 24 DirectColor  0     24  0  rgba   1   0   8   8   8   0  .   s   0   24  8   0   0   0   0   0   0    u   None
0x103 24 DirectColor  0     24  0  rgba   0   0   8   8   8   0  .   .   0   24  8   0   0   0   0   0   0    u   None
0x104 24 DirectColor  0     24  0  rgba   0   0   8   8   8   0  .   s   0   24  8   0   0   0   0   0   0    u   None
0x 6f 32 TrueColor    0     32  0  rgba   1   0   8   8   8   8  .   .   0   24  8   0   0   0   0   0   0    u   None
0x cc 32 TrueColor    0     32  0  rgba   1   0   8   8   8   8  .   .   0   16  0   0   0   0   0   0   0    u   None
0x cd 32 TrueColor    0     32  0  rgba   1   0   8   8   8   8  .   s   0   16  0   0   0   0   0   0   0    u   None
0x ce 32 TrueColor    0     32  0  rgba   0   0   8   8   8   8  .   .   0   16  0   0   0   0   0   0   0    u   None
0x cf 32 TrueColor    0     32  0  rgba   0   0   8   8   8   8  .   s   0   16  0   0   0   0   0   0   0    u   None
0x d8 32 TrueColor    0     32  0  rgba   1   0   8   8   8   8  .   .   0   24  0   0   0   0   0   0   0    u   None
0x d9 32 TrueColor    0     32  0  rgba   1   0   8   8   8   8  .   s   0   24  0   0   0   0   0   0   0    u   None
0x da 32 TrueColor    0     32  0  rgba   0   0   8   8   8   8  .   .   0   24  0   0   0   0   0   0   0    u   None
0x db 32 TrueColor    0     32  0  rgba   0   0   8   8   8   8  .   s   0   24  0   0   0   0   0   0   0    u   None
0x e2 32 TrueColor    0     32  0  rgba   1   0   8   8   8   8  .   s   0   24  8   0   0   0   0   0   0    u   None
0x e3 32 TrueColor    0     32  0  rgba   0   0   8   8   8   8  .   .   0   24  8   0   0   0   0   0   0    u   None
0x e4 32 TrueColor    0     32  0  rgba   0   0   8   8   8   8  .   s   0   24  8   0   0   0   0   0   0    u   None

84 GLXFBConfigs:
Vis   Vis   Visual Trans  buff lev render DB ste  r   g   b   a      s  aux dep ste  accum buffer   MS   MS  swap        
 ID  Depth   Type  parent size el   type     reo sz  sz  sz  sz flt rgb buf th  ncl  r   g   b   a  num bufs mthd caveats
-------------------------------------------------------------------------------------------------------------------------
0x 70 24 TrueColor    0     32  0  rgba   1   0   8   8   8   8  .   .   0   16  0   0   0   0   0   0   0    u   None
0x 71 24 TrueColor    0     32  0  rgba   1   0   8   8   8   8  .   s   0   16  0   0   0   0   0   0   0    u   None
0x 72 24 TrueColor    0     32  0  rgba   0   0   8   8   8   8  .   .   0   16  0   0   0   0   0   0   0    u   None
0x 73 24 TrueColor    0     32  0  rgba   0   0   8   8   8   8  .   s   0   16  0   0   0   0   0   0   0    u   None
0x 74 24 DirectColor  0     32  0  rgba   1   0   8   8   8   8  .   .   0   16  0   0   0   0   0   0   0    u   None
0x 75 24 DirectColor  0     32  0  rgba   1   0   8   8   8   8  .   s   0   16  0   0   0   0   0   0   0    u   None
0x 76 24 DirectColor  0     32  0  rgba   0   0   8   8   8   8  .   .   0   16  0   0   0   0   0   0   0    u   None
0x 77 24 DirectColor  0     32  0  rgba   0   0   8   8   8   8  .   s   0   16  0   0   0   0   0   0   0    u   None
0x 78 32 TrueColor    0     32  0  rgba   1   0   8   8   8   8  .   .   0   16  0   0   0   0   0   0   0    u   None
0x 79 32 TrueColor    0     32  0  rgba   1   0   8   8   8   8  .   s   0   16  0   0   0   0   0   0   0    u   None
0x 7a 32 TrueColor    0     32  0  rgba   0   0   8   8   8   8  .   .   0   16  0   0   0   0   0   0   0    u   None
0x 7b 32 TrueColor    0     32  0  rgba   0   0   8   8   8   8  .   s   0   16  0   0   0   0   0   0   0    u   None
0x 7c 24 TrueColor    0     32  0  rgba   1   0   8   8   8   8  .   .   0   24  0   0   0   0   0   0   0    u   None
0x 7d 24 TrueColor    0     32  0  rgba   1   0   8   8   8   8  .   s   0   24  0   0   0   0   0   0   0    u   None
0x 7e 24 TrueColor    0     32  0  rgba   0   0   8   8   8   8  .   .   0   24  0   0   0   0   0   0   0    u   None
0x 7f 24 TrueColor    0     32  0  rgba   0   0   8   8   8   8  .   s   0   24  0   0   0   0   0   0   0    u   None
0x 80 24 DirectColor  0     32  0  rgba   1   0   8   8   8   8  .   .   0   24  0   0   0   0   0   0   0    u   None
0x 81 24 DirectColor  0     32  0  rgba   1   0   8   8   8   8  .   s   0   24  0   0   0   0   0   0   0    u   None
0x 82 24 DirectColor  0     32  0  rgba   0   0   8   8   8   8  .   .   0   24  0   0   0   0   0   0   0    u   None
0x 83 24 DirectColor  0     32  0  rgba   0   0   8   8   8   8  .   s   0   24  0   0   0   0   0   0   0    u   None
0x 84 32 TrueColor    0     32  0  rgba   1   0   8   8   8   8  .   .   0   24  0   0   0   0   0   0   0    u   None
0x 85 32 TrueColor    0     32  0  rgba   1   0   8   8   8   8  .   s   0   24  0   0   0   0   0   0   0    u   None
0x 86 32 TrueColor    0     32  0  rgba   0   0   8   8   8   8  .   .   0   24  0   0   0   0   0   0   0    u   None
0x 87 32 TrueColor    0     32  0  rgba   0   0   8   8   8   8  .   s   0   24  0   0   0   0   0   0   0    u   None
0x 88 24 TrueColor    0     32  0  rgba   1   0   8   8   8   8  .   .   0   24  8   0   0   0   0   0   0    u   None
0x 89 24 TrueColor    0     32  0  rgba   1   0   8   8   8   8  .   s   0   24  8   0   0   0   0   0   0    u   None
0x 8a 24 TrueColor    0     32  0  rgba   0   0   8   8   8   8  .   .   0   24  8   0   0   0   0   0   0    u   None
0x 8b 24 TrueColor    0     32  0  rgba   0   0   8   8   8   8  .   s   0   24  8   0   0   0   0   0   0    u   None
0x 8c 24 DirectColor  0     32  0  rgba   1   0   8   8   8   8  .   .   0   24  8   0   0   0   0   0   0    u   None
0x 8d 24 DirectColor  0     32  0  rgba   1   0   8   8   8   8  .   s   0   24  8   0   0   0   0   0   0    u   None
0x 8e 24 DirectColor  0     32  0  rgba   0   0   8   8   8   8  .   .   0   24  8   0   0   0   0   0   0    u   None
0x 8f 24 DirectColor  0     32  0  rgba   0   0   8   8   8   8  .   s   0   24  8   0   0   0   0   0   0    u   None
0x 90 32 TrueColor    0     32  0  rgba   1   0   8   8   8   8  .   .   0   24  8   0   0   0   0   0   0    u   None
0x 91 32 TrueColor    0     32  0  rgba   1   0   8   8   8   8  .   s   0   24  8   0   0   0   0   0   0    u   None
0x 92 32 TrueColor    0     32  0  rgba   0   0   8   8   8   8  .   .   0   24  8   0   0   0   0   0   0    u   None
0x 93 32 TrueColor    0     32  0  rgba   0   0   8   8   8   8  .   s   0   24  8   0   0   0   0   0   0    u   None
0x 94 24 TrueColor    0     24  0  rgba   1   0   8   8   8   0  .   .   0    0  0   0   0   0   0   0   0    u   None
0x 95 24 TrueColor    0     24  0  rgba   1   0   8   8   8   0  .   s   0    0  0   0   0   0   0   0   0    u   None
0x 96 24 TrueColor    0     24  0  rgba   0   0   8   8   8   0  .   .   0    0  0   0   0   0   0   0   0    u   None
0x 97 24 TrueColor    0     24  0  rgba   0   0   8   8   8   0  .   s   0    0  0   0   0   0   0   0   0    u   None
0x 98 24 DirectColor  0     24  0  rgba   1   0   8   8   8   0  .   .   0    0  0   0   0   0   0   0   0    u   None
0x 99 24 DirectColor  0     24  0  rgba   1   0   8   8   8   0  .   s   0    0  0   0   0   0   0   0   0    u   None
0x 9a 24 DirectColor  0     24  0  rgba   0   0   8   8   8   0  .   .   0    0  0   0   0   0   0   0   0    u   None
0x 9b 24 DirectColor  0     24  0  rgba   0   0   8   8   8   0  .   s   0    0  0   0   0   0   0   0   0    u   None
0x 9c 24 TrueColor    0     24  0  rgba   1   0   8   8   8   0  .   .   0   16  0   0   0   0   0   0   0    u   None
0x 9d 24 TrueColor    0     24  0  rgba   1   0   8   8   8   0  .   s   0   16  0   0   0   0   0   0   0    u   None
0x 9e 24 TrueColor    0     24  0  rgba   0   0   8   8   8   0  .   .   0   16  0   0   0   0   0   0   0    u   None
0x 9f 24 TrueColor    0     24  0  rgba   0   0   8   8   8   0  .   s   0   16  0   0   0   0   0   0   0    u   None
0x a0 24 DirectColor  0     24  0  rgba   1   0   8   8   8   0  .   .   0   16  0   0   0   0   0   0   0    u   None
0x a1 24 DirectColor  0     24  0  rgba   1   0   8   8   8   0  .   s   0   16  0   0   0   0   0   0   0    u   None
0x a2 24 DirectColor  0     24  0  rgba   0   0   8   8   8   0  .   .   0   16  0   0   0   0   0   0   0    u   None
0x a3 24 DirectColor  0     24  0  rgba   0   0   8   8   8   0  .   s   0   16  0   0   0   0   0   0   0    u   None
0x a4 24 TrueColor    0     24  0  rgba   1   0   8   8   8   0  .   .   0   24  0   0   0   0   0   0   0    u   None
0x a5 24 TrueColor    0     24  0  rgba   1   0   8   8   8   0  .   s   0   24  0   0   0   0   0   0   0    u   None
0x a6 24 TrueColor    0     24  0  rgba   0   0   8   8   8   0  .   .   0   24  0   0   0   0   0   0   0    u   None
0x a7 24 TrueColor    0     24  0  rgba   0   0   8   8   8   0  .   s   0   24  0   0   0   0   0   0   0    u   None
0x a8 24 DirectColor  0     24  0  rgba   1   0   8   8   8   0  .   .   0   24  0   0   0   0   0   0   0    u   None
0x a9 24 DirectColor  0     24  0  rgba   1   0   8   8   8   0  .   s   0   24  0   0   0   0   0   0   0    u   None
0x aa 24 DirectColor  0     24  0  rgba   0   0   8   8   8   0  .   .   0   24  0   0   0   0   0   0   0    u   None
0x ab 24 DirectColor  0     24  0  rgba   0   0   8   8   8   0  .   s   0   24  0   0   0   0   0   0   0    u   None
0x ac 24 TrueColor    0     24  0  rgba   1   0   8   8   8   0  .   .   0   24  8   0   0   0   0   0   0    u   None
0x ad 24 TrueColor    0     24  0  rgba   1   0   8   8   8   0  .   s   0   24  8   0   0   0   0   0   0    u   None
0x ae 24 TrueColor    0     24  0  rgba   0   0   8   8   8   0  .   .   0   24  8   0   0   0   0   0   0    u   None
0x af 24 TrueColor    0     24  0  rgba   0   0   8   8   8   0  .   s   0   24  8   0   0   0   0   0   0    u   None
0x b0 24 DirectColor  0     24  0  rgba   1   0   8   8   8   0  .   .   0   24  8   0   0   0   0   0   0    u   None
0x b1 24 DirectColor  0     24  0  rgba   1   0   8   8   8   0  .   s   0   24  8   0   0   0   0   0   0    u   None
0x b2 24 DirectColor  0     24  0  rgba   0   0   8   8   8   0  .   .   0   24  8   0   0   0   0   0   0    u   None
0x b3 24 DirectColor  0     24  0  rgba   0   0   8   8   8   0  .   s   0   24  8   0   0   0   0   0   0    u   None
0x b4  0 TrueColor    0     16  0  rgba   1   0   5   6   5   0  .   .   0    0  0   0   0   0   0   0   0    u   None
0x b5  0 TrueColor    0     16  0  rgba   0   0   5   6   5   0  .   .   0    0  0   0   0   0   0   0   0    u   None
0x b6  0 DirectColor  0     16  0  rgba   1   0   5   6   5   0  .   .   0    0  0   0   0   0   0   0   0    u   None
0x b7  0 DirectColor  0     16  0  rgba   0   0   5   6   5   0  .   .   0    0  0   0   0   0   0   0   0    u   None
0x b8  0 TrueColor    0     16  0  rgba   1   0   5   6   5   0  .   .   0   16  0   0   0   0   0   0   0    u   None
0x b9  0 TrueColor    0     16  0  rgba   0   0   5   6   5   0  .   .   0   16  0   0   0   0   0   0   0    u   None
0x ba  0 DirectColor  0     16  0  rgba   1   0   5   6   5   0  .   .   0   16  0   0   0   0   0   0   0    u   None
0x bb  0 DirectColor  0     16  0  rgba   0   0   5   6   5   0  .   .   0   16  0   0   0   0   0   0   0    u   None
0x bc  0 TrueColor    0     16  0  rgba   1   0   5   6   5   0  .   .   0   24  0   0   0   0   0   0   0    u   None
0x bd  0 TrueColor    0     16  0  rgba   0   0   5   6   5   0  .   .   0   24  0   0   0   0   0   0   0    u   None
0x be  0 DirectColor  0     16  0  rgba   1   0   5   6   5   0  .   .   0   24  0   0   0   0   0   0   0    u   None
0x bf  0 DirectColor  0     16  0  rgba   0   0   5   6   5   0  .   .   0   24  0   0   0   0   0   0   0    u   None
0x c0  0 TrueColor    0     16  0  rgba   1   0   5   6   5   0  .   .   0   24  8   0   0   0   0   0   0    u   None
0x c1  0 TrueColor    0     16  0  rgba   0   0   5   6   5   0  .   .   0   24  8   0   0   0   0   0   0    u   None
0x c2  0 DirectColor  0     16  0  rgba   1   0   5   6   5   0  .   .   0   24  8   0   0   0   0   0   0    u   None
0x c3  0 DirectColor  0     16  0  rgba   0   0   5   6   5   0  .   .   0   24  8   0   0   0   0   0   0    u   None

