name of display: :0
display: :0  screen: 0
direct rendering: Yes
server glx vendor string: Chromium
server glx version string: 1.3 Chromium
server glx extensions:
    GLX_ARB_get_proc_address
    GLX_ARB_multisample
    GLX_EXT_texture_from_pixmap
    GLX_SGIX_fbconfig
    
client glx vendor string: Chromium
client glx version string: 1.3 Chromium
client glx extensions:
    GLX_ARB_get_proc_address
    GLX_ARB_multisample
    GLX_EXT_texture_from_pixmap
    GLX_SGIX_fbconfig
    
GLX version: 1.3
GLX extensions:
    GLX_ARB_get_proc_address
    GLX_ARB_multisample
    GLX_EXT_texture_from_pixmap
    GLX_SGIX_fbconfig
    
OpenGL vendor string: Humper
OpenGL renderer string: Chromium
OpenGL version string: 2.1 Chromium 1.9
OpenGL shading language version string: 1.30
OpenGL extensions:
    GL_ARB_depth_texture
    GL_ARB_fragment_program
    GL_ARB_fragment_shader
    GL_ARB_multisample
    GL_ARB_multitexture
    GL_ARB_occlusion_query
    GL_ARB_pixel_buffer_object
    GL_ARB_point_parameters
    GL_ARB_point_sprite
    GL_ARB_shader_objects
    GL_ARB_shading_language_100
    GL_ARB_shadow
    GL_ARB_texture_border_clamp
    GL_ARB_texture_compression
    GL_ARB_texture_cube_map
    GL_ARB_texture_env_add
    GL_ARB_texture_env_combine
    GL_ARB_texture_env_crossbar
    GL_ARB_texture_env_dot3
    GL_ARB_texture_mirrored_repeat
    GL_ARB_texture_non_power_of_two
    GL_ARB_texture_rectangle
    GL_ARB_transpose_matrix
    GL_ARB_vertex_buffer_object
    GL_ARB_vertex_program
    GL_ARB_vertex_shader
    GL_ARB_window_pos
    GL_CR_bounding_box
    GL_CR_cursor_position
    GL_CR_head_spu_name
    GL_CR_performance_info
    GL_CR_print_string
    GL_CR_readback_barrier_size
    GL_CR_saveframe
    GL_CR_server_id_sharing
    GL_CR_server_matrix
    GL_CR_state_parameter
    GL_CR_synchronization
    GL_CR_tile_info
    GL_CR_tilesort_info
    GL_CR_window_size
    GL_EXT_blend_color
    GL_EXT_blend_equation_separate
    GL_EXT_blend_func_separate
    GL_EXT_blend_minmax
    GL_EXT_blend_subtract
    GL_EXT_compiled_vertex_array
    GL_EXT_draw_range_elements
    GL_EXT_fog_coord
    GL_EXT_framebuffer_blit
    GL_EXT_framebuffer_object
    GL_EXT_multi_draw_arrays
    GL_EXT_secondary_color
    GL_EXT_shadow_funcs
    GL_EXT_stencil_two_side
    GL_EXT_stencil_two_side
    GL_EXT_stencil_wrap
    GL_EXT_texture3D
    GL_EXT_texture_compression_s3tc
    GL_EXT_texture_cube_map
    GL_EXT_texture_edge_clamp
    GL_EXT_texture_env_add
    GL_EXT_texture_env_combine
    GL_EXT_texture_env_dot3
    GL_EXT_texture_filter_anisotropic
    GL_EXT_texture_lod_bias
    GL_EXT_texture_object
    GL_EXT_texture_rectangle
    GL_EXT_texture_sRGB
    GL_IBM_rasterpos_clip
    GL_IBM_texture_mirrored_repeat
    GL_NV_texgen_reflection
    GL_NV_texture_rectangle
    GL_SGIS_generate_mipmap
    GL_SGIS_texture_border_clamp
    GL_SGIS_texture_edge_clamp
    
OpenGL limits:
    GL_MAX_ATTRIB_STACK_DEPTH = 16
    GL_MAX_CLIENT_ATTRIB_STACK_DEPTH = 16
    GL_MAX_CLIP_PLANES = 8
    GL_MAX_ELEMENTS_VERTICES = 3000
    GL_MAX_ELEMENTS_INDICES = 3000
    GL_MAX_EVAL_ORDER = 30
    GL_MAX_LIGHTS = 8
    GL_MAX_LIST_NESTING = 64
    GL_MAX_MODELVIEW_STACK_DEPTH = 32
    GL_MAX_NAME_STACK_DEPTH = 64
    GL_MAX_PIXEL_MAP_TABLE = 256
    GL_MAX_PROJECTION_STACK_DEPTH = 32
    GL_MAX_TEXTURE_STACK_DEPTH = 10
    GL_MAX_TEXTURE_SIZE = 8192
    GL_MAX_3D_TEXTURE_SIZE = 2048
    GL_MAX_VIEWPORT_DIMS = 16384, 16384
    GL_ALIASED_LINE_WIDTH_RANGE = 1, 5
    GL_SMOOTH_LINE_WIDTH_RANGE = 1, 5
    GL_ALIASED_POINT_SIZE_RANGE = 1, 255
    GL_SMOOTH_POINT_SIZE_RANGE = 1, 255
    GL_MAX_CUBE_MAP_TEXTURE_SIZE_ARB = 8192
    GL_MAX_RECTANGLE_TEXTURE_SIZE_NV = 4096
    GL_NUM_COMPRESSED_TEXTURE_FORMATS_ARB = 5
    GL_MAX_TEXTURE_UNITS_ARB = 8
    GL_MAX_TEXTURE_LOD_BIAS_EXT = 14
    GL_MAX_TEXTURE_MAX_ANISOTROPY_EXT = 16
    GL_VERTEX_PROGRAM_ARB:
        GL_MAX_PROGRAM_INSTRUCTIONS_ARB = 16384
        GL_MAX_PROGRAM_NATIVE_INSTRUCTIONS_ARB = 16384
        GL_MAX_PROGRAM_TEMPORARIES_ARB = 256
        GL_MAX_PROGRAM_NATIVE_TEMPORARIES_ARB = 256
        GL_MAX_PROGRAM_PARAMETERS_ARB = 4096
        GL_MAX_PROGRAM_NATIVE_PARAMETERS_ARB = 1024
        GL_MAX_PROGRAM_ATTRIBS_ARB = 16
        GL_MAX_PROGRAM_NATIVE_ATTRIBS_ARB = 16
        GL_MAX_PROGRAM_ADDRESS_REGISTERS_ARB = 1
        GL_MAX_PROGRAM_NATIVE_ADDRESS_REGISTERS_ARB = 1
        GL_MAX_PROGRAM_LOCAL_PARAMETERS_ARB = 4096
        GL_MAX_PROGRAM_ENV_PARAMETERS_ARB = 256
    GL_FRAGMENT_PROGRAM_ARB:
        GL_MAX_PROGRAM_INSTRUCTIONS_ARB = 16384
        GL_MAX_PROGRAM_NATIVE_INSTRUCTIONS_ARB = 1024
        GL_MAX_PROGRAM_TEMPORARIES_ARB = 256
        GL_MAX_PROGRAM_NATIVE_TEMPORARIES_ARB = 256
        GL_MAX_PROGRAM_PARAMETERS_ARB = 64
        GL_MAX_PROGRAM_NATIVE_PARAMETERS_ARB = 1024
        GL_MAX_PROGRAM_ATTRIBS_ARB = 12
        GL_MAX_PROGRAM_NATIVE_ATTRIBS_ARB = 12
        GL_MAX_PROGRAM_ADDRESS_REGISTERS_ARB = 0
        GL_MAX_PROGRAM_NATIVE_ADDRESS_REGISTERS_ARB = 0
        GL_MAX_PROGRAM_LOCAL_PARAMETERS_ARB = 4096
        GL_MAX_PROGRAM_ENV_PARAMETERS_ARB = 256
        GL_MAX_PROGRAM_ALU_INSTRUCTIONS_ARB = 16384
        GL_MAX_PROGRAM_TEX_INSTRUCTIONS_ARB = 16384
        GL_MAX_PROGRAM_TEX_INDIRECTIONS_ARB = 16384
        GL_MAX_PROGRAM_NATIVE_ALU_INSTRUCTIONS_ARB = 1024
        GL_MAX_PROGRAM_NATIVE_TEX_INSTRUCTIONS_ARB = 1024
        GL_MAX_PROGRAM_NATIVE_TEX_INDIRECTIONS_ARB = 1024
    GL_VERTEX_SHADER_ARB:
        GL_MAX_VERTEX_UNIFORM_COMPONENTS_ARB = 16384
        GL_MAX_VARYING_FLOATS_ARB = 128
        GL_MAX_VERTEX_ATTRIBS_ARB = 16
        GL_MAX_TEXTURE_IMAGE_UNITS_ARB = 16
        GL_MAX_VERTEX_TEXTURE_IMAGE_UNITS_ARB = 16
        GL_MAX_COMBINED_TEXTURE_IMAGE_UNITS_ARB = 8
        GL_MAX_TEXTURE_COORDS_ARB = 8
    GL_FRAGMENT_SHADER_ARB:
        GL_MAX_FRAGMENT_UNIFORM_COMPONENTS_ARB = 16384
        GL_MAX_TEXTURE_COORDS_ARB = 8
        GL_MAX_TEXTURE_IMAGE_UNITS_ARB = 16

120 GLX Visuals
Vis   Vis   Visual Trans  buff lev render DB ste  r   g   b   a      s  aux dep ste  accum buffer   MS   MS         
 ID  Depth   Type  parent size el   type     reo sz  sz  sz  sz flt rgb buf th  ncl  r   g   b   a  num bufs caveats
--------------------------------------------------------------------------------------------------------------------
0x 21 24 TrueColor    0     32  0  rgba   1   1   8   8   8   8  .   .   0   24  8  16  16  16  16   0   0   None
0x f9 24 TrueColor    0     32  0  rgba   1   1   8   8   8   8  .   .   0   24  8  16  16  16  16   0   0   None
0x fa 24 TrueColor    0     32  0  rgba   1   1   8   8   8   8  .   .   0   24  8  16  16  16  16   0   0   None
0x fb 24 TrueColor    0     32  0  rgba   1   1   8   8   8   8  .   .   0   24  8  16  16  16  16   0   0   None
0x fc 24 TrueColor    0     32  0  rgba   1   1   8   8   8   8  .   .   0   24  8  16  16  16  16   0   0   None
0x fd 24 TrueColor    0     32  0  rgba   1   1   8   8   8   8  .   .   0   24  8  16  16  16  16   0   0   None
0x fe 24 TrueColor    0     32  0  rgba   1   1   8   8   8   8  .   .   0   24  8  16  16  16  16   0   0   None
0x ff 24 TrueColor    0     32  0  rgba   1   1   8   8   8   8  .   .   0   24  8  16  16  16  16   0   0   None
0x100 24 TrueColor    0     32  0  rgba   1   1   8   8   8   8  .   .   0   24  8  16  16  16  16   0   0   None
0x101 24 TrueColor    0     32  0  rgba   1   1   8   8   8   8  .   .   0   24  8  16  16  16  16   0   0   None
0x102 24 TrueColor    0     32  0  rgba   1   1   8   8   8   8  .   .   0   24  8  16  16  16  16   0   0   None
0x103 24 TrueColor    0     32  0  rgba   1   1   8   8   8   8  .   .   0   24  8  16  16  16  16   0   0   None
0x104 24 TrueColor    0     32  0  rgba   1   1   8   8   8   8  .   .   0   24  8  16  16  16  16   0   0   None
0x105 24 TrueColor    0     32  0  rgba   1   1   8   8   8   8  .   .   0   24  8  16  16  16  16   0   0   None
0x106 24 TrueColor    0     32  0  rgba   1   1   8   8   8   8  .   .   0   24  8  16  16  16  16   0   0   None
0x107 24 TrueColor    0     32  0  rgba   1   1   8   8   8   8  .   .   0   24  8  16  16  16  16   0   0   None
0x108 24 TrueColor    0     32  0  rgba   1   1   8   8   8   8  .   .   0   24  8  16  16  16  16   0   0   None
0x109 24 TrueColor    0     32  0  rgba   1   1   8   8   8   8  .   .   0   24  8  16  16  16  16   0   0   None
0x10a 24 TrueColor    0     32  0  rgba   1   1   8   8   8   8  .   .   0   24  8  16  16  16  16   0   0   None
0x10b 24 TrueColor    0     32  0  rgba   1   1   8   8   8   8  .   .   0   24  8  16  16  16  16   0   0   None
0x10c 24 TrueColor    0     32  0  rgba   1   1   8   8   8   8  .   .   0   24  8  16  16  16  16   0   0   None
0x10d 24 TrueColor    0     32  0  rgba   1   1   8   8   8   8  .   .   0   24  8  16  16  16  16   0   0   None
0x10e 24 TrueColor    0     32  0  rgba   1   1   8   8   8   8  .   .   0   24  8  16  16  16  16   0   0   None
0x10f 24 TrueColor    0     32  0  rgba   1   1   8   8   8   8  .   .   0   24  8  16  16  16  16   0   0   None
0x110 24 TrueColor    0     32  0  rgba   1   1   8   8   8   8  .   .   0   24  8  16  16  16  16   0   0   None
0x111 24 TrueColor    0     32  0  rgba   1   1   8   8   8   8  .   .   0   24  8  16  16  16  16   0   0   None
0x112 24 TrueColor    0     32  0  rgba   1   1   8   8   8   8  .   .   0   24  8  16  16  16  16   0   0   None
0x113 24 TrueColor    0     32  0  rgba   1   1   8   8   8   8  .   .   0   24  8  16  16  16  16   0   0   None
0x114 24 TrueColor    0     32  0  rgba   1   1   8   8   8   8  .   .   0   24  8  16  16  16  16   0   0   None
0x115 24 TrueColor    0     32  0  rgba   1   1   8   8   8   8  .   .   0   24  8  16  16  16  16   0   0   None
0x116 24 TrueColor    0     32  0  rgba   1   1   8   8   8   8  .   .   0   24  8  16  16  16  16   0   0   None
0x117 24 TrueColor    0     32  0  rgba   1   1   8   8   8   8  .   .   0   24  8  16  16  16  16   0   0   None
0x118 24 TrueColor    0     32  0  rgba   1   1   8   8   8   8  .   .   0   24  8  16  16  16  16   0   0   None
0x119 24 TrueColor    0     32  0  rgba   1   1   8   8   8   8  .   .   0   24  8  16  16  16  16   0   0   None
0x11a 24 TrueColor    0     32  0  rgba   1   1   8   8   8   8  .   .   0   24  8  16  16  16  16   0   0   None
0x11b 24 TrueColor    0     32  0  rgba   1   1   8   8   8   8  .   .   0   24  8  16  16  16  16   0   0   None
0x11c 24 TrueColor    0     32  0  rgba   1   1   8   8   8   8  .   .   0   24  8  16  16  16  16   0   0   None
0x11d 24 TrueColor    0     32  0  rgba   1   1   8   8   8   8  .   .   0   24  8  16  16  16  16   0   0   None
0x11e 24 TrueColor    0     32  0  rgba   1   1   8   8   8   8  .   .   0   24  8  16  16  16  16   0   0   None
0x11f 24 TrueColor    0     32  0  rgba   1   1   8   8   8   8  .   .   0   24  8  16  16  16  16   0   0   None
0x120 24 TrueColor    0     32  0  rgba   1   1   8   8   8   8  .   .   0   24  8  16  16  16  16   0   0   None
0x121 24 TrueColor    0     32  0  rgba   1   1   8   8   8   8  .   .   0   24  8  16  16  16  16   0   0   None
0x122 24 TrueColor    0     32  0  rgba   1   1   8   8   8   8  .   .   0   24  8  16  16  16  16   0   0   None
0x123 24 TrueColor    0     32  0  rgba   1   1   8   8   8   8  .   .   0   24  8  16  16  16  16   0   0   None
0x124 24 TrueColor    0     32  0  rgba   1   1   8   8   8   8  .   .   0   24  8  16  16  16  16   0   0   None
0x125 24 TrueColor    0     32  0  rgba   1   1   8   8   8   8  .   .   0   24  8  16  16  16  16   0   0   None
0x126 24 TrueColor    0     32  0  rgba   1   1   8   8   8   8  .   .   0   24  8  16  16  16  16   0   0   None
0x127 24 TrueColor    0     32  0  rgba   1   1   8   8   8   8  .   .   0   24  8  16  16  16  16   0   0   None
0x128 24 TrueColor    0     32  0  rgba   1   1   8   8   8   8  .   .   0   24  8  16  16  16  16   0   0   None
0x129 24 TrueColor    0     32  0  rgba   1   1   8   8   8   8  .   .   0   24  8  16  16  16  16   0   0   None
0x12a 24 TrueColor    0     32  0  rgba   1   1   8   8   8   8  .   .   0   24  8  16  16  16  16   0   0   None
0x12b 24 TrueColor    0     32  0  rgba   1   1   8   8   8   8  .   .   0   24  8  16  16  16  16   0   0   None
0x12c 24 TrueColor    0     32  0  rgba   1   1   8   8   8   8  .   .   0   24  8  16  16  16  16   0   0   None
0x12d 24 TrueColor    0     32  0  rgba   1   1   8   8   8   8  .   .   0   24  8  16  16  16  16   0   0   None
0x12e 24 TrueColor    0     32  0  rgba   1   1   8   8   8   8  .   .   0   24  8  16  16  16  16   0   0   None
0x12f 24 TrueColor    0     32  0  rgba   1   1   8   8   8   8  .   .   0   24  8  16  16  16  16   0   0   None
0x130 24 TrueColor    0     32  0  rgba   1   1   8   8   8   8  .   .   0   24  8  16  16  16  16   0   0   None
0x131 24 TrueColor    0     32  0  rgba   1   1   8   8   8   8  .   .   0   24  8  16  16  16  16   0   0   None
0x132 24 TrueColor    0     32  0  rgba   1   1   8   8   8   8  .   .   0   24  8  16  16  16  16   0   0   None
0x133 24 DirectColor  0     32  0  rgba   1   1   8   8   8   8  .   .   0   24  8  16  16  16  16   0   0   None
0x134 24 DirectColor  0     32  0  rgba   1   1   8   8   8   8  .   .   0   24  8  16  16  16  16   0   0   None
0x135 24 DirectColor  0     32  0  rgba   1   1   8   8   8   8  .   .   0   24  8  16  16  16  16   0   0   None
0x136 24 DirectColor  0     32  0  rgba   1   1   8   8   8   8  .   .   0   24  8  16  16  16  16   0   0   None
0x137 24 DirectColor  0     32  0  rgba   1   1   8   8   8   8  .   .   0   24  8  16  16  16  16   0   0   None
0x138 24 DirectColor  0     32  0  rgba   1   1   8   8   8   8  .   .   0   24  8  16  16  16  16   0   0   None
0x139 24 DirectColor  0     32  0  rgba   1   1   8   8   8   8  .   .   0   24  8  16  16  16  16   0   0   None
0x13a 24 DirectColor  0     32  0  rgba   1   1   8   8   8   8  .   .   0   24  8  16  16  16  16   0   0   None
0x13b 24 DirectColor  0     32  0  rgba   1   1   8   8   8   8  .   .   0   24  8  16  16  16  16   0   0   None
0x13c 24 DirectColor  0     32  0  rgba   1   1   8   8   8   8  .   .   0   24  8  16  16  16  16   0   0   None
0x13d 24 DirectColor  0     32  0  rgba   1   1   8   8   8   8  .   .   0   24  8  16  16  16  16   0   0   None
0x13e 24 DirectColor  0     32  0  rgba   1   1   8   8   8   8  .   .   0   24  8  16  16  16  16   0   0   None
0x13f 24 DirectColor  0     32  0  rgba   1   1   8   8   8   8  .   .   0   24  8  16  16  16  16   0   0   None
0x140 24 DirectColor  0     32  0  rgba   1   1   8   8   8   8  .   .   0   24  8  16  16  16  16   0   0   None
0x141 24 DirectColor  0     32  0  rgba   1   1   8   8   8   8  .   .   0   24  8  16  16  16  16   0   0   None
0x142 24 DirectColor  0     32  0  rgba   1   1   8   8   8   8  .   .   0   24  8  16  16  16  16   0   0   None
0x143 24 DirectColor  0     32  0  rgba   1   1   8   8   8   8  .   .   0   24  8  16  16  16  16   0   0   None
0x144 24 DirectColor  0     32  0  rgba   1   1   8   8   8   8  .   .   0   24  8  16  16  16  16   0   0   None
0x145 24 DirectColor  0     32  0  rgba   1   1   8   8   8   8  .   .   0   24  8  16  16  16  16   0   0   None
0x146 24 DirectColor  0     32  0  rgba   1   1   8   8   8   8  .   .   0   24  8  16  16  16  16   0   0   None
0x147 24 DirectColor  0     32  0  rgba   1   1   8   8   8   8  .   .   0   24  8  16  16  16  16   0   0   None
0x148 24 DirectColor  0     32  0  rgba   1   1   8   8   8   8  .   .   0   24  8  16  16  16  16   0   0   None
0x149 24 DirectColor  0     32  0  rgba   1   1   8   8   8   8  .   .   0   24  8  16  16  16  16   0   0   None
0x14a 24 DirectColor  0     32  0  rgba   1   1   8   8   8   8  .   .   0   24  8  16  16  16  16   0   0   None
0x14b 24 DirectColor  0     32  0  rgba   1   1   8   8   8   8  .   .   0   24  8  16  16  16  16   0   0   None
0x14c 24 DirectColor  0     32  0  rgba   1   1   8   8   8   8  .   .   0   24  8  16  16  16  16   0   0   None
0x14d 24 DirectColor  0     32  0  rgba   1   1   8   8   8   8  .   .   0   24  8  16  16  16  16   0   0   None
0x14e 24 DirectColor  0     32  0  rgba   1   1   8   8   8   8  .   .   0   24  8  16  16  16  16   0   0   None
0x14f 24 DirectColor  0     32  0  rgba   1   1   8   8   8   8  .   .   0   24  8  16  16  16  16   0   0   None
0x150 24 DirectColor  0     32  0  rgba   1   1   8   8   8   8  .   .   0   24  8  16  16  16  16   0   0   None
0x151 24 DirectColor  0     32  0  rgba   1   1   8   8   8   8  .   .   0   24  8  16  16  16  16   0   0   None
0x152 24 DirectColor  0     32  0  rgba   1   1   8   8   8   8  .   .   0   24  8  16  16  16  16   0   0   None
0x153 24 DirectColor  0     32  0  rgba   1   1   8   8   8   8  .   .   0   24  8  16  16  16  16   0   0   None
0x154 24 DirectColor  0     32  0  rgba   1   1   8   8   8   8  .   .   0   24  8  16  16  16  16   0   0   None
0x155 24 DirectColor  0     32  0  rgba   1   1   8   8   8   8  .   .   0   24  8  16  16  16  16   0   0   None
0x156 24 DirectColor  0     32  0  rgba   1   1   8   8   8   8  .   .   0   24  8  16  16  16  16   0   0   None
0x157 24 DirectColor  0     32  0  rgba   1   1   8   8   8   8  .   .   0   24  8  16  16  16  16   0   0   None
0x158 24 DirectColor  0     32  0  rgba   1   1   8   8   8   8  .   .   0   24  8  16  16  16  16   0   0   None
0x159 24 DirectColor  0     32  0  rgba   1   1   8   8   8   8  .   .   0   24  8  16  16  16  16   0   0   None
0x15a 24 DirectColor  0     32  0  rgba   1   1   8   8   8   8  .   .   0   24  8  16  16  16  16   0   0   None
0x15b 24 DirectColor  0     32  0  rgba   1   1   8   8   8   8  .   .   0   24  8  16  16  16  16   0   0   None
0x15c 24 DirectColor  0     32  0  rgba   1   1   8   8   8   8  .   .   0   24  8  16  16  16  16   0   0   None
0x15d 24 DirectColor  0     32  0  rgba   1   1   8   8   8   8  .   .   0   24  8  16  16  16  16   0   0   None
0x15e 24 DirectColor  0     32  0  rgba   1   1   8   8   8   8  .   .   0   24  8  16  16  16  16   0   0   None
0x15f 24 DirectColor  0     32  0  rgba   1   1   8   8   8   8  .   .   0   24  8  16  16  16  16   0   0   None
0x160 24 DirectColor  0     32  0  rgba   1   1   8   8   8   8  .   .   0   24  8  16  16  16  16   0   0   None
0x161 24 DirectColor  0     32  0  rgba   1   1   8   8   8   8  .   .   0   24  8  16  16  16  16   0   0   None
0x162 24 DirectColor  0     32  0  rgba   1   1   8   8   8   8  .   .   0   24  8  16  16  16  16   0   0   None
0x163 24 DirectColor  0     32  0  rgba   1   1   8   8   8   8  .   .   0   24  8  16  16  16  16   0   0   None
0x164 24 DirectColor  0     32  0  rgba   1   1   8   8   8   8  .   .   0   24  8  16  16  16  16   0   0   None
0x165 24 DirectColor  0     32  0  rgba   1   1   8   8   8   8  .   .   0   24  8  16  16  16  16   0   0   None
0x166 24 DirectColor  0     32  0  rgba   1   1   8   8   8   8  .   .   0   24  8  16  16  16  16   0   0   None
0x167 24 DirectColor  0     32  0  rgba   1   1   8   8   8   8  .   .   0   24  8  16  16  16  16   0   0   None
0x168 24 DirectColor  0     32  0  rgba   1   1   8   8   8   8  .   .   0   24  8  16  16  16  16   0   0   None
0x169 24 DirectColor  0     32  0  rgba   1   1   8   8   8   8  .   .   0   24  8  16  16  16  16   0   0   None
0x16a 24 DirectColor  0     32  0  rgba   1   1   8   8   8   8  .   .   0   24  8  16  16  16  16   0   0   None
0x16b 24 DirectColor  0     32  0  rgba   1   1   8   8   8   8  .   .   0   24  8  16  16  16  16   0   0   None
0x16c 24 DirectColor  0     32  0  rgba   1   1   8   8   8   8  .   .   0   24  8  16  16  16  16   0   0   None
0x16d 24 DirectColor  0     32  0  rgba   1   1   8   8   8   8  .   .   0   24  8  16  16  16  16   0   0   None
0x16e 24 DirectColor  0     32  0  rgba   1   1   8   8   8   8  .   .   0   24  8  16  16  16  16   0   0   None
0x 44 32 TrueColor    0     32  0  rgba   1   1   8   8   8   8  .   .   0   24  8  16  16  16  16   0   0   None

120 GLXFBConfigs:
Vis   Vis   Visual Trans  buff lev render DB ste  r   g   b   a      s  aux dep ste  accum buffer   MS   MS         
 ID  Depth   Type  parent size el   type     reo sz  sz  sz  sz flt rgb buf th  ncl  r   g   b   a  num bufs caveats
--------------------------------------------------------------------------------------------------------------------
0x 21 24 TrueColor    0     24  0  rgba   1   0   8   8   8   0  .   .   0   24  8   0   0   0   0   1   1   None
0x f9 24 TrueColor    0     24  0  rgba   1   0   8   8   8   0  .   .   0   24  8   0   0   0   0   1   1   None
0x fa 24 TrueColor    0     24  0  rgba   1   0   8   8   8   0  .   .   0   24  8   0   0   0   0   1   1   None
0x fb 24 TrueColor    0     24  0  rgba   1   0   8   8   8   0  .   .   0   24  8   0   0   0   0   1   1   None
0x fc 24 TrueColor    0     24  0  rgba   1   0   8   8   8   0  .   .   0   24  8   0   0   0   0   1   1   None
0x fd 24 TrueColor    0     24  0  rgba   1   0   8   8   8   0  .   .   0   24  8   0   0   0   0   1   1   None
0x fe 24 TrueColor    0     24  0  rgba   1   0   8   8   8   0  .   .   0   24  8   0   0   0   0   1   1   None
0x ff 24 TrueColor    0     24  0  rgba   1   0   8   8   8   0  .   .   0   24  8   0   0   0   0   1   1   None
0x100 24 TrueColor    0     24  0  rgba   1   0   8   8   8   0  .   .   0   24  8   0   0   0   0   1   1   None
0x101 24 TrueColor    0     24  0  rgba   1   0   8   8   8   0  .   .   0   24  8   0   0   0   0   1   1   None
0x102 24 TrueColor    0     24  0  rgba   1   0   8   8   8   0  .   .   0   24  8   0   0   0   0   1   1   None
0x103 24 TrueColor    0     24  0  rgba   1   0   8   8   8   0  .   .   0   24  8   0   0   0   0   1   1   None
0x104 24 TrueColor    0     24  0  rgba   1   0   8   8   8   0  .   .   0   24  8   0   0   0   0   1   1   None
0x105 24 TrueColor    0     24  0  rgba   1   0   8   8   8   0  .   .   0   24  8   0   0   0   0   1   1   None
0x106 24 TrueColor    0     24  0  rgba   1   0   8   8   8   0  .   .   0   24  8   0   0   0   0   1   1   None
0x107 24 TrueColor    0     24  0  rgba   1   0   8   8   8   0  .   .   0   24  8   0   0   0   0   1   1   None
0x108 24 TrueColor    0     24  0  rgba   1   0   8   8   8   0  .   .   0   24  8   0   0   0   0   1   1   None
0x109 24 TrueColor    0     24  0  rgba   1   0   8   8   8   0  .   .   0   24  8   0   0   0   0   1   1   None
0x10a 24 TrueColor    0     24  0  rgba   1   0   8   8   8   0  .   .   0   24  8   0   0   0   0   1   1   None
0x10b 24 TrueColor    0     24  0  rgba   1   0   8   8   8   0  .   .   0   24  8   0   0   0   0   1   1   None
0x10c 24 TrueColor    0     24  0  rgba   1   0   8   8   8   0  .   .   0   24  8   0   0   0   0   1   1   None
0x10d 24 TrueColor    0     24  0  rgba   1   0   8   8   8   0  .   .   0   24  8   0   0   0   0   1   1   None
0x10e 24 TrueColor    0     24  0  rgba   1   0   8   8   8   0  .   .   0   24  8   0   0   0   0   1   1   None
0x10f 24 TrueColor    0     24  0  rgba   1   0   8   8   8   0  .   .   0   24  8   0   0   0   0   1   1   None
0x110 24 TrueColor    0     24  0  rgba   1   0   8   8   8   0  .   .   0   24  8   0   0   0   0   1   1   None
0x111 24 TrueColor    0     24  0  rgba   1   0   8   8   8   0  .   .   0   24  8   0   0   0   0   1   1   None
0x112 24 TrueColor    0     24  0  rgba   1   0   8   8   8   0  .   .   0   24  8   0   0   0   0   1   1   None
0x113 24 TrueColor    0     24  0  rgba   1   0   8   8   8   0  .   .   0   24  8   0   0   0   0   1   1   None
0x114 24 TrueColor    0     24  0  rgba   1   0   8   8   8   0  .   .   0   24  8   0   0   0   0   1   1   None
0x115 24 TrueColor    0     24  0  rgba   1   0   8   8   8   0  .   .   0   24  8   0   0   0   0   1   1   None
0x116 24 TrueColor    0     24  0  rgba   1   0   8   8   8   0  .   .   0   24  8   0   0   0   0   1   1   None
0x117 24 TrueColor    0     24  0  rgba   1   0   8   8   8   0  .   .   0   24  8   0   0   0   0   1   1   None
0x118 24 TrueColor    0     24  0  rgba   1   0   8   8   8   0  .   .   0   24  8   0   0   0   0   1   1   None
0x119 24 TrueColor    0     24  0  rgba   1   0   8   8   8   0  .   .   0   24  8   0   0   0   0   1   1   None
0x11a 24 TrueColor    0     24  0  rgba   1   0   8   8   8   0  .   .   0   24  8   0   0   0   0   1   1   None
0x11b 24 TrueColor    0     24  0  rgba   1   0   8   8   8   0  .   .   0   24  8   0   0   0   0   1   1   None
0x11c 24 TrueColor    0     24  0  rgba   1   0   8   8   8   0  .   .   0   24  8   0   0   0   0   1   1   None
0x11d 24 TrueColor    0     24  0  rgba   1   0   8   8   8   0  .   .   0   24  8   0   0   0   0   1   1   None
0x11e 24 TrueColor    0     24  0  rgba   1   0   8   8   8   0  .   .   0   24  8   0   0   0   0   1   1   None
0x11f 24 TrueColor    0     24  0  rgba   1   0   8   8   8   0  .   .   0   24  8   0   0   0   0   1   1   None
0x120 24 TrueColor    0     24  0  rgba   1   0   8   8   8   0  .   .   0   24  8   0   0   0   0   1   1   None
0x121 24 TrueColor    0     24  0  rgba   1   0   8   8   8   0  .   .   0   24  8   0   0   0   0   1   1   None
0x122 24 TrueColor    0     24  0  rgba   1   0   8   8   8   0  .   .   0   24  8   0   0   0   0   1   1   None
0x123 24 TrueColor    0     24  0  rgba   1   0   8   8   8   0  .   .   0   24  8   0   0   0   0   1   1   None
0x124 24 TrueColor    0     24  0  rgba   1   0   8   8   8   0  .   .   0   24  8   0   0   0   0   1   1   None
0x125 24 TrueColor    0     24  0  rgba   1   0   8   8   8   0  .   .   0   24  8   0   0   0   0   1   1   None
0x126 24 TrueColor    0     24  0  rgba   1   0   8   8   8   0  .   .   0   24  8   0   0   0   0   1   1   None
0x127 24 TrueColor    0     24  0  rgba   1   0   8   8   8   0  .   .   0   24  8   0   0   0   0   1   1   None
0x128 24 TrueColor    0     24  0  rgba   1   0   8   8   8   0  .   .   0   24  8   0   0   0   0   1   1   None
0x129 24 TrueColor    0     24  0  rgba   1   0   8   8   8   0  .   .   0   24  8   0   0   0   0   1   1   None
0x12a 24 TrueColor    0     24  0  rgba   1   0   8   8   8   0  .   .   0   24  8   0   0   0   0   1   1   None
0x12b 24 TrueColor    0     24  0  rgba   1   0   8   8   8   0  .   .   0   24  8   0   0   0   0   1   1   None
0x12c 24 TrueColor    0     24  0  rgba   1   0   8   8   8   0  .   .   0   24  8   0   0   0   0   1   1   None
0x12d 24 TrueColor    0     24  0  rgba   1   0   8   8   8   0  .   .   0   24  8   0   0   0   0   1   1   None
0x12e 24 TrueColor    0     24  0  rgba   1   0   8   8   8   0  .   .   0   24  8   0   0   0   0   1   1   None
0x12f 24 TrueColor    0     24  0  rgba   1   0   8   8   8   0  .   .   0   24  8   0   0   0   0   1   1   None
0x130 24 TrueColor    0     24  0  rgba   1   0   8   8   8   0  .   .   0   24  8   0   0   0   0   1   1   None
0x131 24 TrueColor    0     24  0  rgba   1   0   8   8   8   0  .   .   0   24  8   0   0   0   0   1   1   None
0x132 24 TrueColor    0     24  0  rgba   1   0   8   8   8   0  .   .   0   24  8   0   0   0   0   1   1   None
0x133 24 TrueColor    0     24  0  rgba   1   0   8   8   8   0  .   .   0   24  8   0   0   0   0   1   1   None
0x134 24 TrueColor    0     24  0  rgba   1   0   8   8   8   0  .   .   0   24  8   0   0   0   0   1   1   None
0x135 24 TrueColor    0     24  0  rgba   1   0   8   8   8   0  .   .   0   24  8   0   0   0   0   1   1   None
0x136 24 TrueColor    0     24  0  rgba   1   0   8   8   8   0  .   .   0   24  8   0   0   0   0   1   1   None
0x137 24 TrueColor    0     24  0  rgba   1   0   8   8   8   0  .   .   0   24  8   0   0   0   0   1   1   None
0x138 24 TrueColor    0     24  0  rgba   1   0   8   8   8   0  .   .   0   24  8   0   0   0   0   1   1   None
0x139 24 TrueColor    0     24  0  rgba   1   0   8   8   8   0  .   .   0   24  8   0   0   0   0   1   1   None
0x13a 24 TrueColor    0     24  0  rgba   1   0   8   8   8   0  .   .   0   24  8   0   0   0   0   1   1   None
0x13b 24 TrueColor    0     24  0  rgba   1   0   8   8   8   0  .   .   0   24  8   0   0   0   0   1   1   None
0x13c 24 TrueColor    0     24  0  rgba   1   0   8   8   8   0  .   .   0   24  8   0   0   0   0   1   1   None
0x13d 24 TrueColor    0     24  0  rgba   1   0   8   8   8   0  .   .   0   24  8   0   0   0   0   1   1   None
0x13e 24 TrueColor    0     24  0  rgba   1   0   8   8   8   0  .   .   0   24  8   0   0   0   0   1   1   None
0x13f 24 TrueColor    0     24  0  rgba   1   0   8   8   8   0  .   .   0   24  8   0   0   0   0   1   1   None
0x140 24 TrueColor    0     24  0  rgba   1   0   8   8   8   0  .   .   0   24  8   0   0   0   0   1   1   None
0x141 24 TrueColor    0     24  0  rgba   1   0   8   8   8   0  .   .   0   24  8   0   0   0   0   1   1   None
0x142 24 TrueColor    0     24  0  rgba   1   0   8   8   8   0  .   .   0   24  8   0   0   0   0   1   1   None
0x143 24 TrueColor    0     24  0  rgba   1   0   8   8   8   0  .   .   0   24  8   0   0   0   0   1   1   None
0x144 24 TrueColor    0     24  0  rgba   1   0   8   8   8   0  .   .   0   24  8   0   0   0   0   1   1   None
0x145 24 TrueColor    0     24  0  rgba   1   0   8   8   8   0  .   .   0   24  8   0   0   0   0   1   1   None
0x146 24 TrueColor    0     24  0  rgba   1   0   8   8   8   0  .   .   0   24  8   0   0   0   0   1   1   None
0x147 24 TrueColor    0     24  0  rgba   1   0   8   8   8   0  .   .   0   24  8   0   0   0   0   1   1   None
0x148 24 TrueColor    0     24  0  rgba   1   0   8   8   8   0  .   .   0   24  8   0   0   0   0   1   1   None
0x149 24 TrueColor    0     24  0  rgba   1   0   8   8   8   0  .   .   0   24  8   0   0   0   0   1   1   None
0x14a 24 TrueColor    0     24  0  rgba   1   0   8   8   8   0  .   .   0   24  8   0   0   0   0   1   1   None
0x14b 24 TrueColor    0     24  0  rgba   1   0   8   8   8   0  .   .   0   24  8   0   0   0   0   1   1   None
0x14c 24 TrueColor    0     24  0  rgba   1   0   8   8   8   0  .   .   0   24  8   0   0   0   0   1   1   None
0x14d 24 TrueColor    0     24  0  rgba   1   0   8   8   8   0  .   .   0   24  8   0   0   0   0   1   1   None
0x14e 24 TrueColor    0     24  0  rgba   1   0   8   8   8   0  .   .   0   24  8   0   0   0   0   1   1   None
0x14f 24 TrueColor    0     24  0  rgba   1   0   8   8   8   0  .   .   0   24  8   0   0   0   0   1   1   None
0x150 24 TrueColor    0     24  0  rgba   1   0   8   8   8   0  .   .   0   24  8   0   0   0   0   1   1   None
0x151 24 TrueColor    0     24  0  rgba   1   0   8   8   8   0  .   .   0   24  8   0   0   0   0   1   1   None
0x152 24 TrueColor    0     24  0  rgba   1   0   8   8   8   0  .   .   0   24  8   0   0   0   0   1   1   None
0x153 24 TrueColor    0     24  0  rgba   1   0   8   8   8   0  .   .   0   24  8   0   0   0   0   1   1   None
0x154 24 TrueColor    0     24  0  rgba   1   0   8   8   8   0  .   .   0   24  8   0   0   0   0   1   1   None
0x155 24 TrueColor    0     24  0  rgba   1   0   8   8   8   0  .   .   0   24  8   0   0   0   0   1   1   None
0x156 24 TrueColor    0     24  0  rgba   1   0   8   8   8   0  .   .   0   24  8   0   0   0   0   1   1   None
0x157 24 TrueColor    0     24  0  rgba   1   0   8   8   8   0  .   .   0   24  8   0   0   0   0   1   1   None
0x158 24 TrueColor    0     24  0  rgba   1   0   8   8   8   0  .   .   0   24  8   0   0   0   0   1   1   None
0x159 24 TrueColor    0     24  0  rgba   1   0   8   8   8   0  .   .   0   24  8   0   0   0   0   1   1   None
0x15a 24 TrueColor    0     24  0  rgba   1   0   8   8   8   0  .   .   0   24  8   0   0   0   0   1   1   None
0x15b 24 TrueColor    0     24  0  rgba   1   0   8   8   8   0  .   .   0   24  8   0   0   0   0   1   1   None
0x15c 24 TrueColor    0     24  0  rgba   1   0   8   8   8   0  .   .   0   24  8   0   0   0   0   1   1   None
0x15d 24 TrueColor    0     24  0  rgba   1   0   8   8   8   0  .   .   0   24  8   0   0   0   0   1   1   None
0x15e 24 TrueColor    0     24  0  rgba   1   0   8   8   8   0  .   .   0   24  8   0   0   0   0   1   1   None
0x15f 24 TrueColor    0     24  0  rgba   1   0   8   8   8   0  .   .   0   24  8   0   0   0   0   1   1   None
0x160 24 TrueColor    0     24  0  rgba   1   0   8   8   8   0  .   .   0   24  8   0   0   0   0   1   1   None
0x161 24 TrueColor    0     24  0  rgba   1   0   8   8   8   0  .   .   0   24  8   0   0   0   0   1   1   None
0x162 24 TrueColor    0     24  0  rgba   1   0   8   8   8   0  .   .   0   24  8   0   0   0   0   1   1   None
0x163 24 TrueColor    0     24  0  rgba   1   0   8   8   8   0  .   .   0   24  8   0   0   0   0   1   1   None
0x164 24 TrueColor    0     24  0  rgba   1   0   8   8   8   0  .   .   0   24  8   0   0   0   0   1   1   None
0x165 24 TrueColor    0     24  0  rgba   1   0   8   8   8   0  .   .   0   24  8   0   0   0   0   1   1   None
0x166 24 TrueColor    0     24  0  rgba   1   0   8   8   8   0  .   .   0   24  8   0   0   0   0   1   1   None
0x167 24 TrueColor    0     24  0  rgba   1   0   8   8   8   0  .   .   0   24  8   0   0   0   0   1   1   None
0x168 24 TrueColor    0     24  0  rgba   1   0   8   8   8   0  .   .   0   24  8   0   0   0   0   1   1   None
0x169 24 TrueColor    0     24  0  rgba   1   0   8   8   8   0  .   .   0   24  8   0   0   0   0   1   1   None
0x16a 24 TrueColor    0     24  0  rgba   1   0   8   8   8   0  .   .   0   24  8   0   0   0   0   1   1   None
0x16b 24 TrueColor    0     24  0  rgba   1   0   8   8   8   0  .   .   0   24  8   0   0   0   0   1   1   None
0x16c 24 TrueColor    0     24  0  rgba   1   0   8   8   8   0  .   .   0   24  8   0   0   0   0   1   1   None
0x16d 24 TrueColor    0     24  0  rgba   1   0   8   8   8   0  .   .   0   24  8   0   0   0   0   1   1   None
0x16e 24 TrueColor    0     24  0  rgba   1   0   8   8   8   0  .   .   0   24  8   0   0   0   0   1   1   None
0x 44 32 TrueColor    0     32  0  rgba   1   0   8   8   8   8  .   .   0   24  8   0   0   0   0   1   1   None

