name of display: EGRAMM16.local:0
display: EGRAMM16.local:0  screen: 0
direct rendering: Yes
server glx vendor string: SGI
server glx version string: 1.4
server glx extensions:
    GLX_ARB_create_context
    GLX_ARB_create_context_profile
    GLX_ARB_create_context_robustness
    GLX_ARB_fbconfig_float
    GLX_ARB_framebuffer_sRGB
    GLX_ARB_multisample
    GLX_EXT_create_context_es2_profile
    GLX_EXT_fbconfig_packed_float
    GLX_EXT_framebuffer_sRGB
    GLX_EXT_get_drawable_type
    GLX_EXT_import_context
    GLX_EXT_visual_info
    GLX_EXT_visual_rating
    GLX_MESA_copy_sub_buffer
    GLX_OML_swap_method
    GLX_SGIS_multisample
    GLX_SGIX_fbconfig
    GLX_SGIX_pbuffer
    GLX_SGIX_visual_select_group
    GLX_SGI_make_current_read
    GLX_SGI_swap_control
    
client glx vendor string: Mesa Project and SGI
client glx version string: 1.4
client glx extensions:
    GLX_ARB_context_flush_control
    GLX_ARB_create_context
    GLX_ARB_create_context_no_error
    GLX_ARB_create_context_profile
    GLX_ARB_create_context_robustness
    GLX_ARB_fbconfig_float
    GLX_ARB_framebuffer_sRGB
    GLX_ARB_get_proc_address
    GLX_ARB_multisample
    GLX_ATI_pixel_format_float
    GLX_EXT_buffer_age
    GLX_EXT_create_context_es2_profile
    GLX_EXT_create_context_es_profile
    GLX_EXT_fbconfig_packed_float
    GLX_EXT_framebuffer_sRGB
    GLX_EXT_import_context
    GLX_EXT_no_config_context
    GLX_EXT_swap_control
    GLX_EXT_swap_control_tear
    GLX_EXT_texture_from_pixmap
    GLX_EXT_visual_info
    GLX_EXT_visual_rating
    GLX_INTEL_swap_event
    GLX_MESA_copy_sub_buffer
    GLX_MESA_query_renderer
    GLX_MESA_swap_control
    GLX_NV_float_buffer
    GLX_OML_swap_method
    GLX_OML_sync_control
    GLX_SGIS_multisample
    GLX_SGIX_fbconfig
    GLX_SGIX_pbuffer
    GLX_SGIX_visual_select_group
    GLX_SGI_make_current_read
    GLX_SGI_swap_control
    GLX_SGI_video_sync
    
GLX version: 1.4
GLX extensions:
    GLX_ARB_create_context
    GLX_ARB_create_context_profile
    GLX_ARB_create_context_robustness
    GLX_ARB_fbconfig_float
    GLX_ARB_framebuffer_sRGB
    GLX_ARB_get_proc_address
    GLX_ARB_multisample
    GLX_EXT_create_context_es2_profile
    GLX_EXT_fbconfig_packed_float
    GLX_EXT_framebuffer_sRGB
    GLX_EXT_import_context
    GLX_EXT_visual_info
    GLX_EXT_visual_rating
    GLX_MESA_copy_sub_buffer
    GLX_MESA_query_renderer
    GLX_OML_swap_method
    GLX_SGIS_multisample
    GLX_SGIX_fbconfig
    GLX_SGIX_pbuffer
    GLX_SGIX_visual_select_group
    GLX_SGI_make_current_read
    
Extended renderer info (GLX_MESA_query_renderer):
    Vendor: Microsoft Corporation (0xffffffff)
    Device: D3D12 (Intel(R) Iris(R) Xe Graphics) (0xffffffff)
    Version: 22.2.5
    Accelerated: yes
    Video memory: 16354MB
    Unified memory: yes
    Preferred profile: core (0x1)
    Max core profile version: 4.1
    Max compat profile version: 4.1
    Max GLES1 profile version: 1.1
    Max GLES[23] profile version: 3.0
OpenGL vendor string: Microsoft Corporation
OpenGL renderer string: D3D12 (Intel(R) Iris(R) Xe Graphics)
OpenGL core profile version string: 4.1 (Core Profile) Mesa 22.2.5
OpenGL core profile shading language version string: 4.10
OpenGL core profile context flags: (none)
OpenGL core profile profile mask: core profile
OpenGL core profile extensions:
    GL_AMD_conservative_depth
    GL_AMD_draw_buffers_blend
    GL_AMD_gpu_shader_int64
    GL_AMD_multi_draw_indirect
    GL_AMD_shader_stencil_export
    GL_AMD_shader_trinary_minmax
    GL_AMD_texture_texture4
    GL_ANGLE_texture_compression_dxt3
    GL_ANGLE_texture_compression_dxt5
    GL_ARB_ES2_compatibility
    GL_ARB_ES3_compatibility
    GL_ARB_arrays_of_arrays
    GL_ARB_base_instance
    GL_ARB_blend_func_extended
    GL_ARB_clear_buffer_object
    GL_ARB_clip_control
    GL_ARB_compressed_texture_pixel_storage
    GL_ARB_conditional_render_inverted
    GL_ARB_conservative_depth
    GL_ARB_copy_buffer
    GL_ARB_debug_output
    GL_ARB_depth_buffer_float
    GL_ARB_depth_clamp
    GL_ARB_direct_state_access
    GL_ARB_draw_buffers
    GL_ARB_draw_buffers_blend
    GL_ARB_draw_elements_base_vertex
    GL_ARB_draw_indirect
    GL_ARB_draw_instanced
    GL_ARB_explicit_attrib_location
    GL_ARB_explicit_uniform_location
    GL_ARB_fragment_coord_conventions
    GL_ARB_fragment_layer_viewport
    GL_ARB_fragment_shader
    GL_ARB_framebuffer_no_attachments
    GL_ARB_framebuffer_object
    GL_ARB_framebuffer_sRGB
    GL_ARB_get_program_binary
    GL_ARB_get_texture_sub_image
    GL_ARB_gpu_shader5
    GL_ARB_gpu_shader_fp64
    GL_ARB_gpu_shader_int64
    GL_ARB_half_float_pixel
    GL_ARB_half_float_vertex
    GL_ARB_indirect_parameters
    GL_ARB_instanced_arrays
    GL_ARB_internalformat_query
    GL_ARB_internalformat_query2
    GL_ARB_invalidate_subdata
    GL_ARB_map_buffer_alignment
    GL_ARB_map_buffer_range
    GL_ARB_multi_bind
    GL_ARB_multi_draw_indirect
    GL_ARB_occlusion_query2
    GL_ARB_parallel_shader_compile
    GL_ARB_pixel_buffer_object
    GL_ARB_point_sprite
    GL_ARB_program_interface_query
    GL_ARB_provoking_vertex
    GL_ARB_robust_buffer_access_behavior
    GL_ARB_robustness
    GL_ARB_sample_shading
    GL_ARB_sampler_objects
    GL_ARB_seamless_cube_map
    GL_ARB_separate_shader_objects
    GL_ARB_shader_atomic_counter_ops
    GL_ARB_shader_atomic_counters
    GL_ARB_shader_bit_encoding
    GL_ARB_shader_draw_parameters
    GL_ARB_shader_objects
    GL_ARB_shader_precision
    GL_ARB_shader_stencil_export
    GL_ARB_shader_storage_buffer_object
    GL_ARB_shader_subroutine
    GL_ARB_shader_texture_lod
    GL_ARB_shading_language_420pack
    GL_ARB_shading_language_include
    GL_ARB_shading_language_packing
    GL_ARB_stencil_texturing
    GL_ARB_sync
    GL_ARB_tessellation_shader
    GL_ARB_texture_buffer_object
    GL_ARB_texture_buffer_object_rgb32
    GL_ARB_texture_buffer_range
    GL_ARB_texture_compression_bptc
    GL_ARB_texture_compression_rgtc
    GL_ARB_texture_cube_map_array
    GL_ARB_texture_filter_anisotropic
    GL_ARB_texture_float
    GL_ARB_texture_gather
    GL_ARB_texture_multisample
    GL_ARB_texture_non_power_of_two
    GL_ARB_texture_query_levels
    GL_ARB_texture_query_lod
    GL_ARB_texture_rectangle
    GL_ARB_texture_rg
    GL_ARB_texture_rgb10_a2ui
    GL_ARB_texture_stencil8
    GL_ARB_texture_storage
    GL_ARB_texture_storage_multisample
    GL_ARB_texture_swizzle
    GL_ARB_timer_query
    GL_ARB_transform_feedback2
    GL_ARB_transform_feedback3
    GL_ARB_transform_feedback_instanced
    GL_ARB_uniform_buffer_object
    GL_ARB_vertex_array_bgra
    GL_ARB_vertex_array_object
    GL_ARB_vertex_attrib_64bit
    GL_ARB_vertex_attrib_binding
    GL_ARB_vertex_buffer_object
    GL_ARB_vertex_shader
    GL_ARB_vertex_type_10f_11f_11f_rev
    GL_ARB_vertex_type_2_10_10_10_rev
    GL_ARB_viewport_array
    GL_ATI_blend_equation_separate
    GL_ATI_texture_float
    GL_EXT_EGL_image_storage
    GL_EXT_EGL_sync
    GL_EXT_abgr
    GL_EXT_blend_equation_separate
    GL_EXT_draw_buffers2
    GL_EXT_draw_instanced
    GL_EXT_framebuffer_blit
    GL_EXT_framebuffer_multisample
    GL_EXT_framebuffer_multisample_blit_scaled
    GL_EXT_framebuffer_object
    GL_EXT_framebuffer_sRGB
    GL_EXT_memory_object
    GL_EXT_memory_object_fd
    GL_EXT_packed_depth_stencil
    GL_EXT_packed_float
    GL_EXT_pixel_buffer_object
    GL_EXT_provoking_vertex
    GL_EXT_semaphore
    GL_EXT_semaphore_fd
    GL_EXT_shader_integer_mix
    GL_EXT_texture_array
    GL_EXT_texture_compression_dxt1
    GL_EXT_texture_compression_rgtc
    GL_EXT_texture_compression_s3tc
    GL_EXT_texture_filter_anisotropic
    GL_EXT_texture_integer
    GL_EXT_texture_sRGB
    GL_EXT_texture_sRGB_decode
    GL_EXT_texture_shared_exponent
    GL_EXT_texture_snorm
    GL_EXT_texture_swizzle
    GL_EXT_timer_query
    GL_EXT_transform_feedback
    GL_EXT_vertex_array_bgra
    GL_EXT_vertex_attrib_64bit
    GL_IBM_multimode_draw_arrays
    GL_KHR_context_flush_control
    GL_KHR_debug
    GL_KHR_no_error
    GL_KHR_parallel_shader_compile
    GL_KHR_robust_buffer_access_behavior
    GL_KHR_robustness
    GL_KHR_texture_compression_astc_ldr
    GL_KHR_texture_compression_astc_sliced_3d
    GL_MESA_pack_invert
    GL_MESA_shader_integer_functions
    GL_MESA_texture_signed_rgba
    GL_NV_conditional_render
    GL_NV_copy_image
    GL_NV_depth_clamp
    GL_NV_packed_depth_stencil
    GL_NV_vdpau_interop
    GL_OES_EGL_image
    GL_S3_s3tc
    
OpenGL core profile limits:
    GL_MAX_ATTRIB_STACK_DEPTH = 16
    GL_MAX_CLIENT_ATTRIB_STACK_DEPTH = 16
    GL_MAX_CLIP_PLANES = 8
    GL_MAX_ELEMENTS_VERTICES = 3000
    GL_MAX_ELEMENTS_INDICES = 3000
    GL_MAX_EVAL_ORDER = 30
    GL_MAX_LIGHTS = 8
    GL_MAX_LIST_NESTING = 64
    GL_MAX_MODELVIEW_STACK_DEPTH = 32
    GL_MAX_NAME_STACK_DEPTH = 64
    GL_MAX_PIXEL_MAP_TABLE = 256
    GL_MAX_PROJECTION_STACK_DEPTH = 32
    GL_MAX_TEXTURE_STACK_DEPTH = 10
    GL_MAX_TEXTURE_SIZE = 16384
    GL_MAX_3D_TEXTURE_SIZE = 1024
  GL_EXT_texture_array:
    GL_MAX_ARRAY_TEXTURE_LAYERS = 341
    GL_MAX_VIEWPORT_DIMS = 16384, 16384
    GL_ALIASED_LINE_WIDTH_RANGE = 1, 1
    GL_SMOOTH_LINE_WIDTH_RANGE = 1, 1
    GL_ALIASED_POINT_SIZE_RANGE = 1, 255
    GL_SMOOTH_POINT_SIZE_RANGE = 1, 255
  GL_EXT_texture_filter_anisotropic:
    GL_MAX_TEXTURE_MAX_ANISOTROPY_EXT = 16
  GL_ARB_draw_buffers:
    GL_MAX_DRAW_BUFFERS_ARB = 8
  GL_ARB_blend_func_extended:
    GL_MAX_DUAL_SOURCE_DRAW_BUFFERS = 1
  GL_ARB_framebuffer_object:
    GL_MAX_RENDERBUFFER_SIZE = 16384
    GL_MAX_COLOR_ATTACHMENTS = 8
    GL_MAX_SAMPLES = 16
  GL_EXT_transform_feedback:
    GL_MAX_TRANSFORM_FEEDBACK_BUFFERS = 4
    GL_MAX_TRANSFORM_FEEDBACK_INTERLEAVED_COMPONENTS = 128
    GL_MAX_TRANSFORM_FEEDBACK_SEPARATE_ATTRIBS = 4
    GL_MAX_TRANSFORM_FEEDBACK_SEPARATE_COMPONENTS = 128
  GL_ARB_texture_buffer_object:
    GL_TEXTURE_BUFFER_OFFSET_ALIGNMENT = 256
    GL_MAX_TEXTURE_BUFFER_SIZE = 65536
  GL_ARB_texture_multisample:
    GL_MAX_COLOR_TEXTURE_SAMPLES = 16
    GL_MAX_DEPTH_TEXTURE_SAMPLES = 16
    GL_MAX_INTEGER_SAMPLES = 16
  GL_ARB_uniform_buffer_object:
    GL_MAX_VERTEX_UNIFORM_BLOCKS = 12
    GL_MAX_FRAGMENT_UNIFORM_BLOCKS = 12
    GL_MAX_GEOMETRY_UNIFORM_BLOCKS = 12
    GL_MAX_COMBINED_UNIFORM_BLOCKS = 72
    GL_MAX_UNIFORM_BUFFER_BINDINGS = 72
    GL_MAX_UNIFORM_BLOCK_SIZE = 65536
    GL_MAX_COMBINED_VERTEX_UNIFORM_COMPONENTS = 212960
    GL_MAX_COMBINED_FRAGMENT_UNIFORM_COMPONENTS = 212988
    GL_MAX_COMBINED_GEOMETRY_UNIFORM_COMPONENTS = 212960
    GL_UNIFORM_BUFFER_OFFSET_ALIGNMENT = 256
  GL_ARB_vertex_attrib_binding:
    GL_MAX_VERTEX_ATTRIB_RELATIVE_OFFSET = 2047
    GL_MAX_VERTEX_ATTRIB_BINDINGS = 16
  GL_ARB_tessellation_shader:
    GL_MAX_TESS_GEN_LEVEL = 64
    GL_MAX_TESS_PATCH_COMPONENTS = 120
    GL_MAX_TESS_CONTROL_UNIFORM_BLOCKS = 12
    GL_MAX_TESS_CONTROL_UNIFORM_COMPONENTS = 16384
    GL_MAX_TESS_CONTROL_TEXTURE_IMAGE_UNITS = 32
    GL_MAX_TESS_CONTROL_INPUT_COMPONENTS = 128
    GL_MAX_TESS_CONTROL_OUTPUT_COMPONENTS = 128
    GL_MAX_TESS_CONTROL_TOTAL_OUTPUT_COMPONENTS = 4096
    GL_MAX_COMBINED_TESS_CONTROL_UNIFORM_COMPONENTS = 212992
    GL_MAX_TESS_EVALUATION_UNIFORM_BLOCKS = 12
    GL_MAX_TESS_EVALUATION_UNIFORM_COMPONENTS = 16352
    GL_MAX_TESS_EVALUATION_TEXTURE_IMAGE_UNITS = 32
    GL_MAX_TESS_EVALUATION_INPUT_COMPONENTS = 128
    GL_MAX_TESS_EVALUATION_OUTPUT_COMPONENTS = 128
    GL_MAX_COMBINED_TESS_EVALUATION_UNIFORM_COMPONENTS = 212960
  3.0:
    GL_MAX_TRANSFORM_FEEDBACK_INTERLEAVED_COMPONENTS = 128
    GL_MAX_TRANSFORM_FEEDBACK_SEPARATE_ATTRIBS = 4
    GL_MAX_TRANSFORM_FEEDBACK_SEPARATE_COMPONENTS = 128
  3.1:
    GL_MAX_TEXTURE_BUFFER_SIZE = 65536
    GL_MAX_RECTANGLE_TEXTURE_SIZE = 16384
  3.2:
    GL_MAX_GEOMETRY_TEXTURE_IMAGE_UNITS = 32
    GL_MAX_GEOMETRY_UNIFORM_COMPONENTS = 16352
    GL_MAX_GEOMETRY_OUTPUT_VERTICES = 1024
    GL_MAX_GEOMETRY_TOTAL_OUTPUT_COMPONENTS = 1024
    GL_MAX_VERTEX_OUTPUT_COMPONENTS = 128
    GL_MAX_GEOMETRY_INPUT_COMPONENTS = 128
    GL_MAX_GEOMETRY_OUTPUT_COMPONENTS = 128
    GL_MAX_FRAGMENT_INPUT_COMPONENTS = 128
    GL_MAX_SERVER_WAIT_TIMEOUT = 2147483647
    GL_MAX_SAMPLE_MASK_WORDS = 1
    GL_MAX_COLOR_TEXTURE_SAMPLES = 16
    GL_MAX_DEPTH_TEXTURE_SAMPLES = 16
    GL_MAX_INTEGER_SAMPLES = 16
  3.3:
    GL_MAX_DUAL_SOURCE_DRAW_BUFFERS = 1
  4.0:
    GL_MAX_TRANSFORM_FEEDBACK_BUFFERS = 4
  4.1:
    GL_MAX_VERTEX_UNIFORM_VECTORS = 4088
    GL_MAX_VARYING_VECTORS = 31
    GL_MAX_FRAGMENT_UNIFORM_VECTORS = 4095
  GL_ARB_transform_feedback3:
    GL_MAX_TRANSFORM_FEEDBACK_BUFFERS = 4
    GL_MAX_VERTEX_STREAMS = 4
    GL_VERTEX_SHADER_ARB:
        GL_MAX_VERTEX_UNIFORM_COMPONENTS_ARB = 16352
        GL_MAX_VARYING_FLOATS_ARB = 124
        GL_MAX_VERTEX_ATTRIBS_ARB = 16
        GL_MAX_TEXTURE_IMAGE_UNITS_ARB = 32
        GL_MAX_VERTEX_TEXTURE_IMAGE_UNITS_ARB = 32
        GL_MAX_COMBINED_TEXTURE_IMAGE_UNITS_ARB = 192
        GL_MAX_TEXTURE_COORDS_ARB = 8
        GL_MAX_VERTEX_OUTPUT_COMPONENTS   = 128
    GL_FRAGMENT_SHADER_ARB:
        GL_MAX_FRAGMENT_UNIFORM_COMPONENTS_ARB = 16380
        GL_MAX_TEXTURE_COORDS_ARB = 8
        GL_MAX_TEXTURE_IMAGE_UNITS_ARB = 32
        GL_MAX_FRAGMENT_INPUT_COMPONENTS  = 128
    GL_GEOMETRY_SHADER:
        GL_MAX_GEOMETRY_UNIFORM_COMPONENTS = 16352
        GL_MAX_GEOMETRY_TEXTURE_IMAGE_UNITS = 32
        GL_MAX_GEOMETRY_OUTPUT_VERTICES   = 1024
        GL_MAX_GEOMETRY_TOTAL_OUTPUT_COMPONENTS = 1024
        GL_MAX_GEOMETRY_INPUT_COMPONENTS  = 128
        GL_MAX_GEOMETRY_OUTPUT_COMPONENTS = 128

OpenGL version string: 4.1 (Compatibility Profile) Mesa 22.2.5
OpenGL shading language version string: 4.10
OpenGL context flags: (none)
OpenGL profile mask: compatibility profile
OpenGL extensions:
    GL_AMD_conservative_depth
    GL_AMD_draw_buffers_blend
    GL_AMD_multi_draw_indirect
    GL_AMD_shader_stencil_export
    GL_AMD_shader_trinary_minmax
    GL_AMD_texture_texture4
    GL_ANGLE_texture_compression_dxt3
    GL_ANGLE_texture_compression_dxt5
    GL_APPLE_packed_pixels
    GL_ARB_ES2_compatibility
    GL_ARB_ES3_compatibility
    GL_ARB_arrays_of_arrays
    GL_ARB_base_instance
    GL_ARB_blend_func_extended
    GL_ARB_clear_buffer_object
    GL_ARB_clip_control
    GL_ARB_color_buffer_float
    GL_ARB_compatibility
    GL_ARB_compressed_texture_pixel_storage
    GL_ARB_conditional_render_inverted
    GL_ARB_conservative_depth
    GL_ARB_copy_buffer
    GL_ARB_debug_output
    GL_ARB_depth_buffer_float
    GL_ARB_depth_clamp
    GL_ARB_depth_texture
    GL_ARB_direct_state_access
    GL_ARB_draw_buffers
    GL_ARB_draw_buffers_blend
    GL_ARB_draw_elements_base_vertex
    GL_ARB_draw_indirect
    GL_ARB_draw_instanced
    GL_ARB_explicit_attrib_location
    GL_ARB_explicit_uniform_location
    GL_ARB_fragment_coord_conventions
    GL_ARB_fragment_layer_viewport
    GL_ARB_fragment_program
    GL_ARB_fragment_program_shadow
    GL_ARB_fragment_shader
    GL_ARB_framebuffer_no_attachments
    GL_ARB_framebuffer_object
    GL_ARB_framebuffer_sRGB
    GL_ARB_get_program_binary
    GL_ARB_get_texture_sub_image
    GL_ARB_gpu_shader5
    GL_ARB_gpu_shader_fp64
    GL_ARB_gpu_shader_int64
    GL_ARB_half_float_pixel
    GL_ARB_half_float_vertex
    GL_ARB_indirect_parameters
    GL_ARB_instanced_arrays
    GL_ARB_internalformat_query
    GL_ARB_internalformat_query2
    GL_ARB_invalidate_subdata
    GL_ARB_map_buffer_alignment
    GL_ARB_map_buffer_range
    GL_ARB_multi_bind
    GL_ARB_multi_draw_indirect
    GL_ARB_multisample
    GL_ARB_multitexture
    GL_ARB_occlusion_query
    GL_ARB_occlusion_query2
    GL_ARB_parallel_shader_compile
    GL_ARB_pixel_buffer_object
    GL_ARB_point_parameters
    GL_ARB_point_sprite
    GL_ARB_program_interface_query
    GL_ARB_provoking_vertex
    GL_ARB_robust_buffer_access_behavior
    GL_ARB_robustness
    GL_ARB_sample_shading
    GL_ARB_sampler_objects
    GL_ARB_seamless_cube_map
    GL_ARB_separate_shader_objects
    GL_ARB_shader_atomic_counter_ops
    GL_ARB_shader_atomic_counters
    GL_ARB_shader_bit_encoding
    GL_ARB_shader_draw_parameters
    GL_ARB_shader_objects
    GL_ARB_shader_precision
    GL_ARB_shader_stencil_export
    GL_ARB_shader_storage_buffer_object
    GL_ARB_shader_subroutine
    GL_ARB_shader_texture_lod
    GL_ARB_shading_language_100
    GL_ARB_shading_language_420pack
    GL_ARB_shading_language_include
    GL_ARB_shading_language_packing
    GL_ARB_shadow
    GL_ARB_stencil_texturing
    GL_ARB_sync
    GL_ARB_tessellation_shader
    GL_ARB_texture_border_clamp
    GL_ARB_texture_buffer_object
    GL_ARB_texture_buffer_object_rgb32
    GL_ARB_texture_buffer_range
    GL_ARB_texture_compression
    GL_ARB_texture_compression_bptc
    GL_ARB_texture_compression_rgtc
    GL_ARB_texture_cube_map
    GL_ARB_texture_cube_map_array
    GL_ARB_texture_env_add
    GL_ARB_texture_env_combine
    GL_ARB_texture_env_crossbar
    GL_ARB_texture_env_dot3
    GL_ARB_texture_filter_anisotropic
    GL_ARB_texture_float
    GL_ARB_texture_gather
    GL_ARB_texture_mirrored_repeat
    GL_ARB_texture_multisample
    GL_ARB_texture_non_power_of_two
    GL_ARB_texture_query_levels
    GL_ARB_texture_query_lod
    GL_ARB_texture_rectangle
    GL_ARB_texture_rg
    GL_ARB_texture_rgb10_a2ui
    GL_ARB_texture_stencil8
    GL_ARB_texture_storage
    GL_ARB_texture_storage_multisample
    GL_ARB_texture_swizzle
    GL_ARB_timer_query
    GL_ARB_transform_feedback2
    GL_ARB_transform_feedback3
    GL_ARB_transform_feedback_instanced
    GL_ARB_transpose_matrix
    GL_ARB_uniform_buffer_object
    GL_ARB_vertex_array_bgra
    GL_ARB_vertex_array_object
    GL_ARB_vertex_attrib_64bit
    GL_ARB_vertex_attrib_binding
    GL_ARB_vertex_buffer_object
    GL_ARB_vertex_program
    GL_ARB_vertex_shader
    GL_ARB_vertex_type_10f_11f_11f_rev
    GL_ARB_vertex_type_2_10_10_10_rev
    GL_ARB_viewport_array
    GL_ARB_window_pos
    GL_ATI_blend_equation_separate
    GL_ATI_draw_buffers
    GL_ATI_fragment_shader
    GL_ATI_separate_stencil
    GL_ATI_texture_env_combine3
    GL_ATI_texture_float
    GL_EXT_EGL_image_storage
    GL_EXT_EGL_sync
    GL_EXT_abgr
    GL_EXT_bgra
    GL_EXT_blend_color
    GL_EXT_blend_equation_separate
    GL_EXT_blend_func_separate
    GL_EXT_blend_minmax
    GL_EXT_blend_subtract
    GL_EXT_compiled_vertex_array
    GL_EXT_copy_texture
    GL_EXT_direct_state_access
    GL_EXT_draw_buffers2
    GL_EXT_draw_instanced
    GL_EXT_draw_range_elements
    GL_EXT_fog_coord
    GL_EXT_framebuffer_blit
    GL_EXT_framebuffer_multisample
    GL_EXT_framebuffer_multisample_blit_scaled
    GL_EXT_framebuffer_object
    GL_EXT_framebuffer_sRGB
    GL_EXT_gpu_program_parameters
    GL_EXT_gpu_shader4
    GL_EXT_memory_object
    GL_EXT_memory_object_fd
    GL_EXT_multi_draw_arrays
    GL_EXT_packed_depth_stencil
    GL_EXT_packed_float
    GL_EXT_packed_pixels
    GL_EXT_pixel_buffer_object
    GL_EXT_point_parameters
    GL_EXT_provoking_vertex
    GL_EXT_rescale_normal
    GL_EXT_secondary_color
    GL_EXT_semaphore
    GL_EXT_semaphore_fd
    GL_EXT_separate_specular_color
    GL_EXT_shader_integer_mix
    GL_EXT_shadow_funcs
    GL_EXT_stencil_two_side
    GL_EXT_stencil_wrap
    GL_EXT_subtexture
    GL_EXT_texture
    GL_EXT_texture3D
    GL_EXT_texture_array
    GL_EXT_texture_buffer_object
    GL_EXT_texture_compression_dxt1
    GL_EXT_texture_compression_rgtc
    GL_EXT_texture_compression_s3tc
    GL_EXT_texture_cube_map
    GL_EXT_texture_edge_clamp
    GL_EXT_texture_env_add
    GL_EXT_texture_env_combine
    GL_EXT_texture_env_dot3
    GL_EXT_texture_filter_anisotropic
    GL_EXT_texture_integer
    GL_EXT_texture_lod_bias
    GL_EXT_texture_object
    GL_EXT_texture_rectangle
    GL_EXT_texture_sRGB
    GL_EXT_texture_sRGB_decode
    GL_EXT_texture_shared_exponent
    GL_EXT_texture_snorm
    GL_EXT_texture_swizzle
    GL_EXT_timer_query
    GL_EXT_transform_feedback
    GL_EXT_vertex_array
    GL_EXT_vertex_array_bgra
    GL_EXT_vertex_attrib_64bit
    GL_IBM_multimode_draw_arrays
    GL_IBM_rasterpos_clip
    GL_IBM_texture_mirrored_repeat
    GL_INGR_blend_func_separate
    GL_KHR_context_flush_control
    GL_KHR_debug
    GL_KHR_no_error
    GL_KHR_parallel_shader_compile
    GL_KHR_robust_buffer_access_behavior
    GL_KHR_robustness
    GL_KHR_texture_compression_astc_ldr
    GL_KHR_texture_compression_astc_sliced_3d
    GL_MESA_pack_invert
    GL_MESA_shader_integer_functions
    GL_MESA_texture_signed_rgba
    GL_MESA_window_pos
    GL_NV_blend_square
    GL_NV_conditional_render
    GL_NV_copy_image
    GL_NV_depth_clamp
    GL_NV_fog_distance
    GL_NV_half_float
    GL_NV_light_max_exponent
    GL_NV_packed_depth_stencil
    GL_NV_primitive_restart
    GL_NV_texgen_reflection
    GL_NV_texture_env_combine4
    GL_NV_texture_rectangle
    GL_NV_vdpau_interop
    GL_OES_EGL_image
    GL_OES_read_format
    GL_S3_s3tc
    GL_SGIS_generate_mipmap
    GL_SGIS_texture_border_clamp
    GL_SGIS_texture_edge_clamp
    GL_SGIS_texture_lod
    GL_SUN_multi_draw_arrays
    
OpenGL limits:
    GL_MAX_ATTRIB_STACK_DEPTH = 16
    GL_MAX_CLIENT_ATTRIB_STACK_DEPTH = 16
    GL_MAX_CLIP_PLANES = 8
    GL_MAX_ELEMENTS_VERTICES = 3000
    GL_MAX_ELEMENTS_INDICES = 3000
    GL_MAX_EVAL_ORDER = 30
    GL_MAX_LIGHTS = 8
    GL_MAX_LIST_NESTING = 64
    GL_MAX_MODELVIEW_STACK_DEPTH = 32
    GL_MAX_NAME_STACK_DEPTH = 64
    GL_MAX_PIXEL_MAP_TABLE = 256
    GL_MAX_PROJECTION_STACK_DEPTH = 32
    GL_MAX_TEXTURE_STACK_DEPTH = 10
    GL_MAX_TEXTURE_SIZE = 16384
    GL_MAX_3D_TEXTURE_SIZE = 1024
  GL_EXT_texture_array:
    GL_MAX_ARRAY_TEXTURE_LAYERS = 341
    GL_MAX_VIEWPORT_DIMS = 16384, 16384
    GL_ALIASED_LINE_WIDTH_RANGE = 1, 1
    GL_SMOOTH_LINE_WIDTH_RANGE = 1, 1
    GL_ALIASED_POINT_SIZE_RANGE = 1, 255
    GL_SMOOTH_POINT_SIZE_RANGE = 1, 255
  GL_ARB_texture_cube_map:
    GL_MAX_CUBE_MAP_TEXTURE_SIZE_ARB = 16384
  GL_NV_texture_rectangle:
    GL_MAX_RECTANGLE_TEXTURE_SIZE_NV = 16384
  GL_ARB_multitexture:
    GL_MAX_TEXTURE_UNITS_ARB = 8
  GL_EXT_texture_lod_bias:
    GL_MAX_TEXTURE_LOD_BIAS_EXT = 16
  GL_EXT_texture_filter_anisotropic:
    GL_MAX_TEXTURE_MAX_ANISOTROPY_EXT = 16
  GL_ARB_draw_buffers:
    GL_MAX_DRAW_BUFFERS_ARB = 8
  GL_ARB_blend_func_extended:
    GL_MAX_DUAL_SOURCE_DRAW_BUFFERS = 1
  GL_ARB_framebuffer_object:
    GL_MAX_RENDERBUFFER_SIZE = 16384
    GL_MAX_COLOR_ATTACHMENTS = 8
    GL_MAX_SAMPLES = 16
  GL_EXT_transform_feedback:
    GL_MAX_TRANSFORM_FEEDBACK_BUFFERS = 4
    GL_MAX_TRANSFORM_FEEDBACK_INTERLEAVED_COMPONENTS = 128
    GL_MAX_TRANSFORM_FEEDBACK_SEPARATE_ATTRIBS = 4
    GL_MAX_TRANSFORM_FEEDBACK_SEPARATE_COMPONENTS = 128
  GL_ARB_texture_buffer_object:
    GL_TEXTURE_BUFFER_OFFSET_ALIGNMENT = 256
    GL_MAX_TEXTURE_BUFFER_SIZE = 65536
  GL_ARB_texture_multisample:
    GL_MAX_COLOR_TEXTURE_SAMPLES = 16
    GL_MAX_DEPTH_TEXTURE_SAMPLES = 16
    GL_MAX_INTEGER_SAMPLES = 16
  GL_ARB_uniform_buffer_object:
    GL_MAX_VERTEX_UNIFORM_BLOCKS = 12
    GL_MAX_FRAGMENT_UNIFORM_BLOCKS = 12
    GL_MAX_GEOMETRY_UNIFORM_BLOCKS = 12
    GL_MAX_COMBINED_UNIFORM_BLOCKS = 72
    GL_MAX_UNIFORM_BUFFER_BINDINGS = 72
    GL_MAX_UNIFORM_BLOCK_SIZE = 65536
    GL_MAX_COMBINED_VERTEX_UNIFORM_COMPONENTS = 212960
    GL_MAX_COMBINED_FRAGMENT_UNIFORM_COMPONENTS = 212988
    GL_MAX_COMBINED_GEOMETRY_UNIFORM_COMPONENTS = 212960
    GL_UNIFORM_BUFFER_OFFSET_ALIGNMENT = 256
  GL_ARB_vertex_attrib_binding:
    GL_MAX_VERTEX_ATTRIB_RELATIVE_OFFSET = 2047
    GL_MAX_VERTEX_ATTRIB_BINDINGS = 16
  GL_ARB_tessellation_shader:
    GL_MAX_TESS_GEN_LEVEL = 64
    GL_MAX_TESS_PATCH_COMPONENTS = 120
    GL_MAX_TESS_CONTROL_UNIFORM_BLOCKS = 12
    GL_MAX_TESS_CONTROL_UNIFORM_COMPONENTS = 16384
    GL_MAX_TESS_CONTROL_TEXTURE_IMAGE_UNITS = 32
    GL_MAX_TESS_CONTROL_INPUT_COMPONENTS = 128
    GL_MAX_TESS_CONTROL_OUTPUT_COMPONENTS = 128
    GL_MAX_TESS_CONTROL_TOTAL_OUTPUT_COMPONENTS = 4096
    GL_MAX_COMBINED_TESS_CONTROL_UNIFORM_COMPONENTS = 212992
    GL_MAX_TESS_EVALUATION_UNIFORM_BLOCKS = 12
    GL_MAX_TESS_EVALUATION_UNIFORM_COMPONENTS = 16352
    GL_MAX_TESS_EVALUATION_TEXTURE_IMAGE_UNITS = 32
    GL_MAX_TESS_EVALUATION_INPUT_COMPONENTS = 128
    GL_MAX_TESS_EVALUATION_OUTPUT_COMPONENTS = 128
    GL_MAX_COMBINED_TESS_EVALUATION_UNIFORM_COMPONENTS = 212960
  3.0:
    GL_MAX_TRANSFORM_FEEDBACK_INTERLEAVED_COMPONENTS = 128
    GL_MAX_TRANSFORM_FEEDBACK_SEPARATE_ATTRIBS = 4
    GL_MAX_TRANSFORM_FEEDBACK_SEPARATE_COMPONENTS = 128
  3.1:
    GL_MAX_TEXTURE_BUFFER_SIZE = 65536
    GL_MAX_RECTANGLE_TEXTURE_SIZE = 16384
  3.2:
    GL_MAX_GEOMETRY_TEXTURE_IMAGE_UNITS = 32
    GL_MAX_GEOMETRY_UNIFORM_COMPONENTS = 16352
    GL_MAX_GEOMETRY_OUTPUT_VERTICES = 1024
    GL_MAX_GEOMETRY_TOTAL_OUTPUT_COMPONENTS = 1024
    GL_MAX_VERTEX_OUTPUT_COMPONENTS = 128
    GL_MAX_GEOMETRY_INPUT_COMPONENTS = 128
    GL_MAX_GEOMETRY_OUTPUT_COMPONENTS = 128
    GL_MAX_FRAGMENT_INPUT_COMPONENTS = 128
    GL_MAX_SERVER_WAIT_TIMEOUT = 2147483647
    GL_MAX_SAMPLE_MASK_WORDS = 1
    GL_MAX_COLOR_TEXTURE_SAMPLES = 16
    GL_MAX_DEPTH_TEXTURE_SAMPLES = 16
    GL_MAX_INTEGER_SAMPLES = 16
  3.3:
    GL_MAX_DUAL_SOURCE_DRAW_BUFFERS = 1
  4.0:
    GL_MAX_TRANSFORM_FEEDBACK_BUFFERS = 4
  4.1:
    GL_MAX_VERTEX_UNIFORM_VECTORS = 4088
    GL_MAX_VARYING_VECTORS = 31
    GL_MAX_FRAGMENT_UNIFORM_VECTORS = 4095
  GL_ARB_transform_feedback3:
    GL_MAX_TRANSFORM_FEEDBACK_BUFFERS = 4
    GL_MAX_VERTEX_STREAMS = 4
  GL_ARB_texture_compression:
    GL_NUM_COMPRESSED_TEXTURE_FORMATS = 10
      GL_COMPRESSED_RGB_S3TC_DXT1_EXT
      GL_COMPRESSED_RGBA_S3TC_DXT3_EXT
      GL_COMPRESSED_RGBA_S3TC_DXT5_EXT
      GL_COMPRESSED_RGB8_ETC2
      GL_COMPRESSED_RGBA8_ETC2_EAC
      GL_COMPRESSED_R11_EAC
      GL_COMPRESSED_RG11_EAC
      GL_COMPRESSED_SIGNED_R11_EAC
      GL_COMPRESSED_SIGNED_RG11_EAC
      GL_COMPRESSED_RGB8_PUNCHTHROUGH_ALPHA1_ETC2
    GL_VERTEX_PROGRAM_ARB:
        GL_MAX_PROGRAM_INSTRUCTIONS_ARB = 2147483647
        GL_MAX_PROGRAM_NATIVE_INSTRUCTIONS_ARB = 2147483647
        GL_MAX_PROGRAM_TEMPORARIES_ARB = 2147483647
        GL_MAX_PROGRAM_NATIVE_TEMPORARIES_ARB = 2147483647
        GL_MAX_PROGRAM_PARAMETERS_ARB = 2048
        GL_MAX_PROGRAM_NATIVE_PARAMETERS_ARB = 2048
        GL_MAX_PROGRAM_ATTRIBS_ARB = 16
        GL_MAX_PROGRAM_NATIVE_ATTRIBS_ARB = 32
        GL_MAX_PROGRAM_ADDRESS_REGISTERS_ARB = 1
        GL_MAX_PROGRAM_NATIVE_ADDRESS_REGISTERS_ARB = 1
        GL_MAX_PROGRAM_LOCAL_PARAMETERS_ARB = 2048
        GL_MAX_PROGRAM_ENV_PARAMETERS_ARB = 256
    GL_FRAGMENT_PROGRAM_ARB:
        GL_MAX_PROGRAM_INSTRUCTIONS_ARB = 2147483647
        GL_MAX_PROGRAM_NATIVE_INSTRUCTIONS_ARB = 2147483647
        GL_MAX_PROGRAM_TEMPORARIES_ARB = 2147483647
        GL_MAX_PROGRAM_NATIVE_TEMPORARIES_ARB = 2147483647
        GL_MAX_PROGRAM_PARAMETERS_ARB = 2048
        GL_MAX_PROGRAM_NATIVE_PARAMETERS_ARB = 2048
        GL_MAX_PROGRAM_ATTRIBS_ARB = 32
        GL_MAX_PROGRAM_NATIVE_ATTRIBS_ARB = 32
        GL_MAX_PROGRAM_ADDRESS_REGISTERS_ARB = 0
        GL_MAX_PROGRAM_NATIVE_ADDRESS_REGISTERS_ARB = 0
        GL_MAX_PROGRAM_LOCAL_PARAMETERS_ARB = 2048
        GL_MAX_PROGRAM_ENV_PARAMETERS_ARB = 256
        GL_MAX_PROGRAM_ALU_INSTRUCTIONS_ARB = 2147483647
        GL_MAX_PROGRAM_TEX_INSTRUCTIONS_ARB = 2147483647
        GL_MAX_PROGRAM_TEX_INDIRECTIONS_ARB = 2147483647
        GL_MAX_PROGRAM_NATIVE_ALU_INSTRUCTIONS_ARB = 2147483647
        GL_MAX_PROGRAM_NATIVE_TEX_INSTRUCTIONS_ARB = 2147483647
        GL_MAX_PROGRAM_NATIVE_TEX_INDIRECTIONS_ARB = 2147483647
    GL_VERTEX_SHADER_ARB:
        GL_MAX_VERTEX_UNIFORM_COMPONENTS_ARB = 16352
        GL_MAX_VARYING_FLOATS_ARB = 124
        GL_MAX_VERTEX_ATTRIBS_ARB = 16
        GL_MAX_TEXTURE_IMAGE_UNITS_ARB = 32
        GL_MAX_VERTEX_TEXTURE_IMAGE_UNITS_ARB = 32
        GL_MAX_COMBINED_TEXTURE_IMAGE_UNITS_ARB = 192
        GL_MAX_TEXTURE_COORDS_ARB = 8
        GL_MAX_VERTEX_OUTPUT_COMPONENTS   = 128
    GL_FRAGMENT_SHADER_ARB:
        GL_MAX_FRAGMENT_UNIFORM_COMPONENTS_ARB = 16380
        GL_MAX_TEXTURE_COORDS_ARB = 8
        GL_MAX_TEXTURE_IMAGE_UNITS_ARB = 32
        GL_MAX_FRAGMENT_INPUT_COMPONENTS  = 128
    GL_GEOMETRY_SHADER:
        GL_MAX_GEOMETRY_UNIFORM_COMPONENTS = 16352
        GL_MAX_GEOMETRY_TEXTURE_IMAGE_UNITS = 32
        GL_MAX_GEOMETRY_OUTPUT_VERTICES   = 1024
        GL_MAX_GEOMETRY_TOTAL_OUTPUT_COMPONENTS = 1024
        GL_MAX_GEOMETRY_INPUT_COMPONENTS  = 128
        GL_MAX_GEOMETRY_OUTPUT_COMPONENTS = 128

OpenGL ES profile version string: OpenGL ES 3.0 Mesa 22.2.5
OpenGL ES profile shading language version string: OpenGL ES GLSL ES 3.00
OpenGL ES profile extensions:
    GL_ANGLE_pack_reverse_row_order
    GL_ANGLE_texture_compression_dxt3
    GL_ANGLE_texture_compression_dxt5
    GL_APPLE_texture_max_level
    GL_EXT_EGL_image_storage
    GL_EXT_base_instance
    GL_EXT_blend_func_extended
    GL_EXT_blend_minmax
    GL_EXT_clip_control
    GL_EXT_color_buffer_float
    GL_EXT_compressed_ETC1_RGB8_sub_texture
    GL_EXT_depth_clamp
    GL_EXT_discard_framebuffer
    GL_EXT_disjoint_timer_query
    GL_EXT_draw_buffers
    GL_EXT_draw_buffers_indexed
    GL_EXT_draw_elements_base_vertex
    GL_EXT_draw_instanced
    GL_EXT_float_blend
    GL_EXT_frag_depth
    GL_EXT_map_buffer_range
    GL_EXT_memory_object
    GL_EXT_memory_object_fd
    GL_EXT_multi_draw_arrays
    GL_EXT_occlusion_query_boolean
    GL_EXT_read_format_bgra
    GL_EXT_robustness
    GL_EXT_sRGB_write_control
    GL_EXT_semaphore
    GL_EXT_semaphore_fd
    GL_EXT_separate_shader_objects
    GL_EXT_shader_integer_mix
    GL_EXT_texture_border_clamp
    GL_EXT_texture_compression_bptc
    GL_EXT_texture_compression_dxt1
    GL_EXT_texture_compression_rgtc
    GL_EXT_texture_compression_s3tc
    GL_EXT_texture_compression_s3tc_srgb
    GL_EXT_texture_filter_anisotropic
    GL_EXT_texture_format_BGRA8888
    GL_EXT_texture_query_lod
    GL_EXT_texture_rg
    GL_EXT_texture_sRGB_decode
    GL_EXT_texture_type_2_10_10_10_REV
    GL_EXT_unpack_subimage
    GL_KHR_context_flush_control
    GL_KHR_debug
    GL_KHR_no_error
    GL_KHR_parallel_shader_compile
    GL_KHR_robust_buffer_access_behavior
    GL_KHR_robustness
    GL_KHR_texture_compression_astc_ldr
    GL_KHR_texture_compression_astc_sliced_3d
    GL_MESA_bgra
    GL_MESA_framebuffer_flip_y
    GL_MESA_shader_integer_functions
    GL_NV_conditional_render
    GL_NV_draw_buffers
    GL_NV_fbo_color_attachments
    GL_NV_pack_subimage
    GL_NV_pixel_buffer_object
    GL_NV_read_buffer
    GL_NV_read_depth
    GL_NV_read_depth_stencil
    GL_NV_read_stencil
    GL_OES_EGL_image
    GL_OES_EGL_image_external
    GL_OES_EGL_image_external_essl3
    GL_OES_EGL_sync
    GL_OES_compressed_ETC1_RGB8_texture
    GL_OES_depth24
    GL_OES_depth_texture
    GL_OES_depth_texture_cube_map
    GL_OES_draw_buffers_indexed
    GL_OES_draw_elements_base_vertex
    GL_OES_element_index_uint
    GL_OES_fbo_render_mipmap
    GL_OES_get_program_binary
    GL_OES_mapbuffer
    GL_OES_packed_depth_stencil
    GL_OES_required_internalformat
    GL_OES_rgb8_rgba8
    GL_OES_sample_shading
    GL_OES_sample_variables
    GL_OES_shader_multisample_interpolation
    GL_OES_standard_derivatives
    GL_OES_stencil8
    GL_OES_surfaceless_context
    GL_OES_texture_3D
    GL_OES_texture_border_clamp
    GL_OES_texture_float
    GL_OES_texture_float_linear
    GL_OES_texture_half_float
    GL_OES_texture_half_float_linear
    GL_OES_texture_npot
    GL_OES_texture_stencil8
    GL_OES_vertex_array_object
    GL_OES_vertex_half_float
    

37 GLX Visuals
Vis   Vis   Visual Trans  buff lev render DB ste  r   g   b   a      s  aux dep ste  accum buffer   MS   MS         
 ID  Depth   Type  parent size el   type     reo sz  sz  sz  sz flt rgb buf th  ncl  r   g   b   a  num bufs caveats
--------------------------------------------------------------------------------------------------------------------
0x 21 24 TrueColor    0     32  0  rgba   1   0   8   8   8   8  .   s   0   24  8  16  16  16  16   0   0   None
0x 8e 24 TrueColor    0     32  0  rgba   0   0   8   8   8   8  .   s   0    0  0   0   0   0   0   0   0   None
0x 8f 24 TrueColor    0     32  0  rgba   1   0   8   8   8   8  .   s   0    0  0  16  16  16  16   0   0   None
0x 90 24 TrueColor    0     32  0  rgba   0   0   8   8   8   8  .   s   0   24  8  16  16  16  16   0   0   None
0x 91 24 TrueColor    0     32  0  rgba   0   0   8   8   8   8  .   s   0   24  8   0   0   0   0   0   0   None
0x 92 24 TrueColor    0     32  0  rgba   0   0   8   8   8   8  .   s   0   16  0   0   0   0   0   0   0   None
0x 93 24 TrueColor    0     32  0  rgba   1   0   8   8   8   8  .   s   0   16  0  16  16  16  16   0   0   None
0x 94 24 TrueColor    0     32  0  rgba   1   0   8   8   8   8  .   s   0    0  0  16  16  16  16   0   0   None
0x 95 24 TrueColor    0     32  0  rgba   1   0   8   8   8   8  .   s   0   24  8  16  16  16  16   0   0   None
0x 96 24 TrueColor    0     32  0  rgba   1   0   8   8   8   8  .   s   0   16  0  16  16  16  16   0   0   None
0x 97 24 TrueColor    0     32  0  rgba   1   0   8   8   8   8  .   s   0    0  0  16  16  16  16   0   0   None
0x 98 24 TrueColor    0     32  0  rgba   1   0   8   8   8   8  .   s   0   16  0  16  16  16  16   0   0   None
0x 99 24 TrueColor    0     32  0  rgba   1   0   8   8   8   8  .   s   0   24  8  16  16  16  16   0   0   None
0x 9a 24 TrueColor    0     32  0  rgba   0   0   8   8   8   8  .   .   0    0  0   0   0   0   0   2   1   None
0x 9c 24 TrueColor    0     32  0  rgba   0   0   8   8   8   8  .   .   0   16  0   0   0   0   0   2   1   None
0x 9e 24 TrueColor    0     32  0  rgba   0   0   8   8   8   8  .   .   0   24  8   0   0   0   0   2   1   None
0x a0 24 TrueColor    0     32  0  rgba   0   0   8   8   8   8  .   s   0    0  0   0   0   0   0   2   1   None
0x a2 24 TrueColor    0     32  0  rgba   0   0   8   8   8   8  .   s   0   16  0   0   0   0   0   2   1   None
0x a4 24 TrueColor    0     32  0  rgba   0   0   8   8   8   8  .   s   0   24  8   0   0   0   0   2   1   None
0x a6 24 TrueColor    0     32  0  rgba   0   0   8   8   8   8  .   .   0    0  0   0   0   0   0   4   1   None
0x a8 24 TrueColor    0     32  0  rgba   0   0   8   8   8   8  .   .   0   16  0   0   0   0   0   4   1   None
0x aa 24 TrueColor    0     32  0  rgba   0   0   8   8   8   8  .   .   0   24  8   0   0   0   0   4   1   None
0x ac 24 TrueColor    0     32  0  rgba   0   0   8   8   8   8  .   s   0    0  0   0   0   0   0   4   1   None
0x ae 24 TrueColor    0     32  0  rgba   0   0   8   8   8   8  .   s   0   16  0   0   0   0   0   4   1   None
0x b0 24 TrueColor    0     32  0  rgba   0   0   8   8   8   8  .   s   0   24  8   0   0   0   0   4   1   None
0x b3 24 TrueColor    0     32  0  rgba   0   0   8   8   8   8  .   .   0    0  0   0   0   0   0   8   1   None
0x b5 24 TrueColor    0     32  0  rgba   0   0   8   8   8   8  .   .   0   16  0   0   0   0   0   8   1   None
0x b7 24 TrueColor    0     32  0  rgba   0   0   8   8   8   8  .   .   0   24  8   0   0   0   0   8   1   None
0x b9 24 TrueColor    0     32  0  rgba   0   0   8   8   8   8  .   s   0    0  0   0   0   0   0   8   1   None
0x bb 24 TrueColor    0     32  0  rgba   0   0   8   8   8   8  .   s   0   16  0   0   0   0   0   8   1   None
0x bd 24 TrueColor    0     32  0  rgba   0   0   8   8   8   8  .   s   0   24  8   0   0   0   0   8   1   None
0x c0 24 TrueColor    0     32  0  rgba   0   0   8   8   8   8  .   .   0    0  0   0   0   0   0  16   1   None
0x c2 24 TrueColor    0     32  0  rgba   0   0   8   8   8   8  .   .   0   16  0   0   0   0   0  16   1   None
0x c5 24 TrueColor    0     32  0  rgba   0   0   8   8   8   8  .   .   0   24  8   0   0   0   0  16   1   None
0x c7 24 TrueColor    0     32  0  rgba   0   0   8   8   8   8  .   s   0    0  0   0   0   0   0  16   1   None
0x c9 24 TrueColor    0     32  0  rgba   0   0   8   8   8   8  .   s   0   16  0   0   0   0   0  16   1   None
0x cb 24 TrueColor    0     32  0  rgba   0   0   8   8   8   8  .   s   0   24  8   0   0   0   0  16   1   None

35 GLXFBConfigs:
Vis   Vis   Visual Trans  buff lev render DB ste  r   g   b   a      s  aux dep ste  accum buffer   MS   MS         
 ID  Depth   Type  parent size el   type     reo sz  sz  sz  sz flt rgb buf th  ncl  r   g   b   a  num bufs caveats
--------------------------------------------------------------------------------------------------------------------
0x 44 24 TrueColor    0     32  0  rgba   0   0   8   8   8   8  .   s   0    0  0   0   0   0   0   0   0   None
0x 45 24 TrueColor    0     32  0  rgba   1   0   8   8   8   8  .   s   0    0  0  16  16  16  16   0   0   None
0x 46 24 TrueColor    0     32  0  rgba   0   0   8   8   8   8  .   s   0   24  8  16  16  16  16   0   0   None
0x 47 24 TrueColor    0     32  0  rgba   0   0   8   8   8   8  .   s   0   24  8   0   0   0   0   0   0   None
0x 48 24 TrueColor    0     32  0  rgba   1   0   8   8   8   8  .   s   0   24  8  16  16  16  16   0   0   None
0x 49 24 TrueColor    0     32  0  rgba   0   0   8   8   8   8  .   s   0   16  0   0   0   0   0   0   0   None
0x 4a 24 TrueColor    0     32  0  rgba   1   0   8   8   8   8  .   s   0   16  0  16  16  16  16   0   0   None
0x 4b  0 TrueColor    0     32  0  rgba   1   0  10  10  10   2  .   .   0   24  8   0   0   0   0   0   0   None
0x 50 24 TrueColor    0     32  0  rgba   1   0   8   8   8   8  .   s   0    0  0  16  16  16  16   0   0   None
0x 51 24 TrueColor    0     32  0  rgba   1   0   8   8   8   8  .   s   0   16  0  16  16  16  16   0   0   None
0x 52 24 TrueColor    0     32  0  rgba   1   0   8   8   8   8  .   s   0   24  8  16  16  16  16   0   0   None
0x 53 24 TrueColor    0     32  0  rgba   0   0   8   8   8   8  .   .   0    0  0   0   0   0   0   2   1   None
0x 55 24 TrueColor    0     32  0  rgba   0   0   8   8   8   8  .   .   0   16  0   0   0   0   0   2   1   None
0x 57 24 TrueColor    0     32  0  rgba   0   0   8   8   8   8  .   .   0   24  8   0   0   0   0   2   1   None
0x 59 24 TrueColor    0     32  0  rgba   0   0   8   8   8   8  .   s   0    0  0   0   0   0   0   2   1   None
0x 5b 24 TrueColor    0     32  0  rgba   0   0   8   8   8   8  .   s   0   16  0   0   0   0   0   2   1   None
0x 5d 24 TrueColor    0     32  0  rgba   0   0   8   8   8   8  .   s   0   24  8   0   0   0   0   2   1   None
0x 5f 24 TrueColor    0     32  0  rgba   0   0   8   8   8   8  .   .   0    0  0   0   0   0   0   4   1   None
0x 61 24 TrueColor    0     32  0  rgba   0   0   8   8   8   8  .   .   0   16  0   0   0   0   0   4   1   None
0x 63 24 TrueColor    0     32  0  rgba   0   0   8   8   8   8  .   .   0   24  8   0   0   0   0   4   1   None
0x 65 24 TrueColor    0     32  0  rgba   0   0   8   8   8   8  .   s   0    0  0   0   0   0   0   4   1   None
0x 67 24 TrueColor    0     32  0  rgba   0   0   8   8   8   8  .   s   0   16  0   0   0   0   0   4   1   None
0x 69 24 TrueColor    0     32  0  rgba   0   0   8   8   8   8  .   s   0   24  8   0   0   0   0   4   1   None
0x 6c 24 TrueColor    0     32  0  rgba   0   0   8   8   8   8  .   .   0    0  0   0   0   0   0   8   1   None
0x 6e 24 TrueColor    0     32  0  rgba   0   0   8   8   8   8  .   .   0   16  0   0   0   0   0   8   1   None
0x 70 24 TrueColor    0     32  0  rgba   0   0   8   8   8   8  .   .   0   24  8   0   0   0   0   8   1   None
0x 72 24 TrueColor    0     32  0  rgba   0   0   8   8   8   8  .   s   0    0  0   0   0   0   0   8   1   None
0x 74 24 TrueColor    0     32  0  rgba   0   0   8   8   8   8  .   s   0   16  0   0   0   0   0   8   1   None
0x 76 24 TrueColor    0     32  0  rgba   0   0   8   8   8   8  .   s   0   24  8   0   0   0   0   8   1   None
0x 79 24 TrueColor    0     32  0  rgba   0   0   8   8   8   8  .   .   0    0  0   0   0   0   0  16   1   None
0x 7b 24 TrueColor    0     32  0  rgba   0   0   8   8   8   8  .   .   0   16  0   0   0   0   0  16   1   None
0x 7e 24 TrueColor    0     32  0  rgba   0   0   8   8   8   8  .   .   0   24  8   0   0   0   0  16   1   None
0x 80 24 TrueColor    0     32  0  rgba   0   0   8   8   8   8  .   s   0    0  0   0   0   0   0  16   1   None
0x 82 24 TrueColor    0     32  0  rgba   0   0   8   8   8   8  .   s   0   16  0   0   0   0   0  16   1   None
0x 84 24 TrueColor    0     32  0  rgba   0   0   8   8   8   8  .   s   0   24  8   0   0   0   0  16   1   None

